CRITICAL - 2023-08-22 01:08:43 --> Undefined index: docs_category_name
in APPPATH\Views\document_view.php on line 41.
 1 APPPATH\Views\document_view.php(41): CodeIgniter\Debug\Exceptions->errorHandler(8, 'Undefined index: docs_category_name', 'D:\\Codeigniter\\lppmi-unusia\\app\\Views\\document_view.php', 41, [...])
 2 SYSTEMPATH\View\View.php(224): include('D:\\Codeigniter\\lppmi-unusia\\app\\Views\\document_view.php')
 3 SYSTEMPATH\View\View.php(227): CodeIgniter\View\View->CodeIgniter\View\{closure}()
 4 SYSTEMPATH\Common.php(1180): CodeIgniter\View\View->render('document_view', [], true)
 5 APPPATH\Controllers\DocumentController.php(31): view('document_view', [...])
 6 SYSTEMPATH\CodeIgniter.php(932): App\Controllers\DocumentController->index()
 7 SYSTEMPATH\CodeIgniter.php(497): CodeIgniter\CodeIgniter->runController(Object(App\Controllers\DocumentController))
 8 SYSTEMPATH\CodeIgniter.php(366): CodeIgniter\CodeIgniter->handleRequest(null, Object(Config\Cache), false)
 9 FCPATH\index.php(67): CodeIgniter\CodeIgniter->run()
10 SYSTEMPATH\Commands\Server\rewrite.php(47): require_once('D:\\Codeigniter\\lppmi-unusia\\public\\index.php')
CRITICAL - 2023-08-22 01:23:34 --> Undefined index: docs_category_name
in APPPATH\Views\document_view.php on line 41.
 1 APPPATH\Views\document_view.php(41): CodeIgniter\Debug\Exceptions->errorHandler(8, 'Undefined index: docs_category_name', 'D:\\Codeigniter\\lppmi-unusia\\app\\Views\\document_view.php', 41, [...])
 2 SYSTEMPATH\View\View.php(224): include('D:\\Codeigniter\\lppmi-unusia\\app\\Views\\document_view.php')
 3 SYSTEMPATH\View\View.php(227): CodeIgniter\View\View->CodeIgniter\View\{closure}()
 4 SYSTEMPATH\Common.php(1180): CodeIgniter\View\View->render('document_view', [], true)
 5 APPPATH\Controllers\DocumentController.php(32): view('document_view', [...])
 6 SYSTEMPATH\CodeIgniter.php(932): App\Controllers\DocumentController->index()
 7 SYSTEMPATH\CodeIgniter.php(497): CodeIgniter\CodeIgniter->runController(Object(App\Controllers\DocumentController))
 8 SYSTEMPATH\CodeIgniter.php(366): CodeIgniter\CodeIgniter->handleRequest(null, Object(Config\Cache), false)
 9 FCPATH\index.php(67): CodeIgniter\CodeIgniter->run()
10 SYSTEMPATH\Commands\Server\rewrite.php(47): require_once('D:\\Codeigniter\\lppmi-unusia\\public\\index.php')
CRITICAL - 2023-08-22 01:24:10 --> Undefined index: docs_category_name
in APPPATH\Views\document_view.php on line 41.
 1 APPPATH\Views\document_view.php(41): CodeIgniter\Debug\Exceptions->errorHandler(8, 'Undefined index: docs_category_name', 'D:\\Codeigniter\\lppmi-unusia\\app\\Views\\document_view.php', 41, [...])
 2 SYSTEMPATH\View\View.php(224): include('D:\\Codeigniter\\lppmi-unusia\\app\\Views\\document_view.php')
 3 SYSTEMPATH\View\View.php(227): CodeIgniter\View\View->CodeIgniter\View\{closure}()
 4 SYSTEMPATH\Common.php(1180): CodeIgniter\View\View->render('document_view', [], true)
 5 APPPATH\Controllers\DocumentController.php(32): view('document_view', [...])
 6 SYSTEMPATH\CodeIgniter.php(932): App\Controllers\DocumentController->index()
 7 SYSTEMPATH\CodeIgniter.php(497): CodeIgniter\CodeIgniter->runController(Object(App\Controllers\DocumentController))
 8 SYSTEMPATH\CodeIgniter.php(366): CodeIgniter\CodeIgniter->handleRequest(null, Object(Config\Cache), false)
 9 FCPATH\index.php(67): CodeIgniter\CodeIgniter->run()
10 SYSTEMPATH\Commands\Server\rewrite.php(47): require_once('D:\\Codeigniter\\lppmi-unusia\\public\\index.php')
CRITICAL - 2023-08-22 01:25:46 --> Undefined index: docs_category_name
in APPPATH\Views\document_view.php on line 41.
 1 APPPATH\Views\document_view.php(41): CodeIgniter\Debug\Exceptions->errorHandler(8, 'Undefined index: docs_category_name', 'D:\\Codeigniter\\lppmi-unusia\\app\\Views\\document_view.php', 41, [...])
 2 SYSTEMPATH\View\View.php(224): include('D:\\Codeigniter\\lppmi-unusia\\app\\Views\\document_view.php')
 3 SYSTEMPATH\View\View.php(227): CodeIgniter\View\View->CodeIgniter\View\{closure}()
 4 SYSTEMPATH\Common.php(1180): CodeIgniter\View\View->render('document_view', [], true)
 5 APPPATH\Controllers\DocumentController.php(33): view('document_view', [...])
 6 SYSTEMPATH\CodeIgniter.php(932): App\Controllers\DocumentController->index()
 7 SYSTEMPATH\CodeIgniter.php(497): CodeIgniter\CodeIgniter->runController(Object(App\Controllers\DocumentController))
 8 SYSTEMPATH\CodeIgniter.php(366): CodeIgniter\CodeIgniter->handleRequest(null, Object(Config\Cache), false)
 9 FCPATH\index.php(67): CodeIgniter\CodeIgniter->run()
10 SYSTEMPATH\Commands\Server\rewrite.php(47): require_once('D:\\Codeigniter\\lppmi-unusia\\public\\index.php')
CRITICAL - 2023-08-22 01:25:48 --> Undefined index: docs_category_name
in APPPATH\Views\document_view.php on line 41.
 1 APPPATH\Views\document_view.php(41): CodeIgniter\Debug\Exceptions->errorHandler(8, 'Undefined index: docs_category_name', 'D:\\Codeigniter\\lppmi-unusia\\app\\Views\\document_view.php', 41, [...])
 2 SYSTEMPATH\View\View.php(224): include('D:\\Codeigniter\\lppmi-unusia\\app\\Views\\document_view.php')
 3 SYSTEMPATH\View\View.php(227): CodeIgniter\View\View->CodeIgniter\View\{closure}()
 4 SYSTEMPATH\Common.php(1180): CodeIgniter\View\View->render('document_view', [], true)
 5 APPPATH\Controllers\DocumentController.php(33): view('document_view', [...])
 6 SYSTEMPATH\CodeIgniter.php(932): App\Controllers\DocumentController->index()
 7 SYSTEMPATH\CodeIgniter.php(497): CodeIgniter\CodeIgniter->runController(Object(App\Controllers\DocumentController))
 8 SYSTEMPATH\CodeIgniter.php(366): CodeIgniter\CodeIgniter->handleRequest(null, Object(Config\Cache), false)
 9 FCPATH\index.php(67): CodeIgniter\CodeIgniter->run()
10 SYSTEMPATH\Commands\Server\rewrite.php(47): require_once('D:\\Codeigniter\\lppmi-unusia\\public\\index.php')
CRITICAL - 2023-08-22 01:27:03 --> Undefined variable: docs
in APPPATH\Views\document_view.php on line 34.
 1 APPPATH\Views\document_view.php(34): CodeIgniter\Debug\Exceptions->errorHandler(8, 'Undefined variable: docs', 'D:\\Codeigniter\\lppmi-unusia\\app\\Views\\document_view.php', 34, [...])
 2 SYSTEMPATH\View\View.php(224): include('D:\\Codeigniter\\lppmi-unusia\\app\\Views\\document_view.php')
 3 SYSTEMPATH\View\View.php(227): CodeIgniter\View\View->CodeIgniter\View\{closure}()
 4 SYSTEMPATH\Common.php(1180): CodeIgniter\View\View->render('document_view', [], true)
 5 APPPATH\Controllers\DocumentController.php(35): view('document_view', [...])
 6 SYSTEMPATH\CodeIgniter.php(932): App\Controllers\DocumentController->index()
 7 SYSTEMPATH\CodeIgniter.php(497): CodeIgniter\CodeIgniter->runController(Object(App\Controllers\DocumentController))
 8 SYSTEMPATH\CodeIgniter.php(366): CodeIgniter\CodeIgniter->handleRequest(null, Object(Config\Cache), false)
 9 FCPATH\index.php(67): CodeIgniter\CodeIgniter->run()
10 SYSTEMPATH\Commands\Server\rewrite.php(47): require_once('D:\\Codeigniter\\lppmi-unusia\\public\\index.php')
CRITICAL - 2023-08-22 01:27:19 --> Undefined index: docs_category_name
in APPPATH\Views\document_view.php on line 41.
 1 APPPATH\Views\document_view.php(41): CodeIgniter\Debug\Exceptions->errorHandler(8, 'Undefined index: docs_category_name', 'D:\\Codeigniter\\lppmi-unusia\\app\\Views\\document_view.php', 41, [...])
 2 SYSTEMPATH\View\View.php(224): include('D:\\Codeigniter\\lppmi-unusia\\app\\Views\\document_view.php')
 3 SYSTEMPATH\View\View.php(227): CodeIgniter\View\View->CodeIgniter\View\{closure}()
 4 SYSTEMPATH\Common.php(1180): CodeIgniter\View\View->render('document_view', [], true)
 5 APPPATH\Controllers\DocumentController.php(35): view('document_view', [...])
 6 SYSTEMPATH\CodeIgniter.php(932): App\Controllers\DocumentController->index()
 7 SYSTEMPATH\CodeIgniter.php(497): CodeIgniter\CodeIgniter->runController(Object(App\Controllers\DocumentController))
 8 SYSTEMPATH\CodeIgniter.php(366): CodeIgniter\CodeIgniter->handleRequest(null, Object(Config\Cache), false)
 9 FCPATH\index.php(67): CodeIgniter\CodeIgniter->run()
10 SYSTEMPATH\Commands\Server\rewrite.php(47): require_once('D:\\Codeigniter\\lppmi-unusia\\public\\index.php')
ERROR - 2023-08-22 02:12:46 --> mysqli_sql_exception: Unknown column 'docs_year' in 'field list' in D:\Codeigniter\lppmi-unusia\vendor\codeigniter4\framework\system\Database\MySQLi\Connection.php:295
Stack trace:
#0 D:\Codeigniter\lppmi-unusia\vendor\codeigniter4\framework\system\Database\MySQLi\Connection.php(295): mysqli->query('INSERT INTO `v_...', 0)
#1 D:\Codeigniter\lppmi-unusia\vendor\codeigniter4\framework\system\Database\BaseConnection.php(692): CodeIgniter\Database\MySQLi\Connection->execute('INSERT INTO `v_...')
#2 D:\Codeigniter\lppmi-unusia\vendor\codeigniter4\framework\system\Database\BaseConnection.php(606): CodeIgniter\Database\BaseConnection->simpleQuery('INSERT INTO `v_...')
#3 D:\Codeigniter\lppmi-unusia\vendor\codeigniter4\framework\system\Database\BaseBuilder.php(2309): CodeIgniter\Database\BaseConnection->query('INSERT INTO `v_...', Array, false)
#4 D:\Codeigniter\lppmi-unusia\vendor\codeigniter4\framework\system\Model.php(330): CodeIgniter\Database\BaseBuilder->insert()
#5 D:\Codeigniter\lppmi-unusia\vendor\codeigniter4\framework\system\BaseModel.php(782): CodeIgniter\Model->doInsert(Array)
#6 D:\Codeigniter\lppmi-unusia\vendor\codeigniter4\framework\system\Model.php(730): CodeIgniter\BaseModel->insert(Array, false)
#7 D:\Codeigniter\lppmi-unusia\vendor\codeigniter4\framework\system\BaseModel.php(692): CodeIgniter\Model->insert(Array, false)
#8 D:\Codeigniter\lppmi-unusia\app\Controllers\Admin\DocsAdminController.php(89): CodeIgniter\BaseModel->save(Array)
#9 D:\Codeigniter\lppmi-unusia\vendor\codeigniter4\framework\system\CodeIgniter.php(932): App\Controllers\Admin\DocsAdminController->insert()
#10 D:\Codeigniter\lppmi-unusia\vendor\codeigniter4\framework\system\CodeIgniter.php(497): CodeIgniter\CodeIgniter->runController(Object(App\Controllers\Admin\DocsAdminController))
#11 D:\Codeigniter\lppmi-unusia\vendor\codeigniter4\framework\system\CodeIgniter.php(366): CodeIgniter\CodeIgniter->handleRequest(NULL, Object(Config\Cache), false)
#12 D:\Codeigniter\lppmi-unusia\public\index.php(67): CodeIgniter\CodeIgniter->run()
#13 D:\Codeigniter\lppmi-unusia\vendor\codeigniter4\framework\system\Commands\Server\rewrite.php(47): require_once('D:\\Codeigniter\\...')
#14 {main}
CRITICAL - 2023-08-22 02:12:46 --> Unknown column 'docs_year' in 'field list'
in SYSTEMPATH\Database\MySQLi\Connection.php on line 295.
 1 SYSTEMPATH\Database\MySQLi\Connection.php(295): mysqli->query('INSERT INTO `v_docs` (`docs_name`, `docs_unit`, `docs_year`, `docs_link`, `docs_category_id`, `docs_created_at`, `docs_updated_at`) VALUES (\'Laporan Monev UPM FKIP (Juni 2023)\', \'LPPMI\', \'2023\', \'https://drive.google.com/file/d/1_O-u4jgopixGyeULsAw9ezV6ATSTTiwZ/view?usp=drive_link\', \'1\', \'2023-08-22 02:12:46\', \'2023-08-22 02:12:46\')', 0)
 2 SYSTEMPATH\Database\BaseConnection.php(692): CodeIgniter\Database\MySQLi\Connection->execute('INSERT INTO `v_docs` (`docs_name`, `docs_unit`, `docs_year`, `docs_link`, `docs_category_id`, `docs_created_at`, `docs_updated_at`) VALUES (\'Laporan Monev UPM FKIP (Juni 2023)\', \'LPPMI\', \'2023\', \'https://drive.google.com/file/d/1_O-u4jgopixGyeULsAw9ezV6ATSTTiwZ/view?usp=drive_link\', \'1\', \'2023-08-22 02:12:46\', \'2023-08-22 02:12:46\')')
 3 SYSTEMPATH\Database\BaseConnection.php(606): CodeIgniter\Database\BaseConnection->simpleQuery('INSERT INTO `v_docs` (`docs_name`, `docs_unit`, `docs_year`, `docs_link`, `docs_category_id`, `docs_created_at`, `docs_updated_at`) VALUES (\'Laporan Monev UPM FKIP (Juni 2023)\', \'LPPMI\', \'2023\', \'https://drive.google.com/file/d/1_O-u4jgopixGyeULsAw9ezV6ATSTTiwZ/view?usp=drive_link\', \'1\', \'2023-08-22 02:12:46\', \'2023-08-22 02:12:46\')')
 4 SYSTEMPATH\Database\BaseBuilder.php(2309): CodeIgniter\Database\BaseConnection->query('INSERT INTO `v_docs` (`docs_name`, `docs_unit`, `docs_year`, `docs_link`, `docs_category_id`, `docs_created_at`, `docs_updated_at`) VALUES (:docs_name:, :docs_unit:, :docs_year:, :docs_link:, :docs_category_id:, :docs_created_at:, :docs_updated_at:)', [...], false)
 5 SYSTEMPATH\Model.php(330): CodeIgniter\Database\BaseBuilder->insert()
 6 SYSTEMPATH\BaseModel.php(782): CodeIgniter\Model->doInsert([...])
 7 SYSTEMPATH\Model.php(730): CodeIgniter\BaseModel->insert([...], false)
 8 SYSTEMPATH\BaseModel.php(692): CodeIgniter\Model->insert([...], false)
 9 APPPATH\Controllers\Admin\DocsAdminController.php(89): CodeIgniter\BaseModel->save([...])
10 SYSTEMPATH\CodeIgniter.php(932): App\Controllers\Admin\DocsAdminController->insert()
11 SYSTEMPATH\CodeIgniter.php(497): CodeIgniter\CodeIgniter->runController(Object(App\Controllers\Admin\DocsAdminController))
12 SYSTEMPATH\CodeIgniter.php(366): CodeIgniter\CodeIgniter->handleRequest(null, Object(Config\Cache), false)
13 FCPATH\index.php(67): CodeIgniter\CodeIgniter->run()
14 SYSTEMPATH\Commands\Server\rewrite.php(47): require_once('D:\\Codeigniter\\lppmi-unusia\\public\\index.php')
ERROR - 2023-08-22 02:16:26 --> mysqli_sql_exception: Unknown column 'docs_year' in 'field list' in D:\Codeigniter\lppmi-unusia\vendor\codeigniter4\framework\system\Database\MySQLi\Connection.php:295
Stack trace:
#0 D:\Codeigniter\lppmi-unusia\vendor\codeigniter4\framework\system\Database\MySQLi\Connection.php(295): mysqli->query('INSERT INTO `v_...', 0)
#1 D:\Codeigniter\lppmi-unusia\vendor\codeigniter4\framework\system\Database\BaseConnection.php(692): CodeIgniter\Database\MySQLi\Connection->execute('INSERT INTO `v_...')
#2 D:\Codeigniter\lppmi-unusia\vendor\codeigniter4\framework\system\Database\BaseConnection.php(606): CodeIgniter\Database\BaseConnection->simpleQuery('INSERT INTO `v_...')
#3 D:\Codeigniter\lppmi-unusia\vendor\codeigniter4\framework\system\Database\BaseBuilder.php(2309): CodeIgniter\Database\BaseConnection->query('INSERT INTO `v_...', Array, false)
#4 D:\Codeigniter\lppmi-unusia\vendor\codeigniter4\framework\system\Model.php(330): CodeIgniter\Database\BaseBuilder->insert()
#5 D:\Codeigniter\lppmi-unusia\vendor\codeigniter4\framework\system\BaseModel.php(782): CodeIgniter\Model->doInsert(Array)
#6 D:\Codeigniter\lppmi-unusia\vendor\codeigniter4\framework\system\Model.php(730): CodeIgniter\BaseModel->insert(Array, false)
#7 D:\Codeigniter\lppmi-unusia\vendor\codeigniter4\framework\system\BaseModel.php(692): CodeIgniter\Model->insert(Array, false)
#8 D:\Codeigniter\lppmi-unusia\app\Controllers\Admin\DocsAdminController.php(89): CodeIgniter\BaseModel->save(Array)
#9 D:\Codeigniter\lppmi-unusia\vendor\codeigniter4\framework\system\CodeIgniter.php(932): App\Controllers\Admin\DocsAdminController->insert()
#10 D:\Codeigniter\lppmi-unusia\vendor\codeigniter4\framework\system\CodeIgniter.php(497): CodeIgniter\CodeIgniter->runController(Object(App\Controllers\Admin\DocsAdminController))
#11 D:\Codeigniter\lppmi-unusia\vendor\codeigniter4\framework\system\CodeIgniter.php(366): CodeIgniter\CodeIgniter->handleRequest(NULL, Object(Config\Cache), false)
#12 D:\Codeigniter\lppmi-unusia\public\index.php(67): CodeIgniter\CodeIgniter->run()
#13 D:\Codeigniter\lppmi-unusia\vendor\codeigniter4\framework\system\Commands\Server\rewrite.php(47): require_once('D:\\Codeigniter\\...')
#14 {main}
CRITICAL - 2023-08-22 02:16:26 --> Unknown column 'docs_year' in 'field list'
in SYSTEMPATH\Database\MySQLi\Connection.php on line 295.
 1 SYSTEMPATH\Database\MySQLi\Connection.php(295): mysqli->query('INSERT INTO `v_docs` (`docs_name`, `docs_unit`, `docs_year`, `docs_link`, `docs_category_id`, `docs_created_at`, `docs_updated_at`) VALUES (\'Laporan Monev UPM FKIP (Juni 2023)\', \'LPPMI\', \'2023\', \'https://drive.google.com/file/d/1_O-u4jgopixGyeULsAw9ezV6ATSTTiwZ/view?usp=drive_link\', \'1\', \'2023-08-22 02:16:26\', \'2023-08-22 02:16:26\')', 0)
 2 SYSTEMPATH\Database\BaseConnection.php(692): CodeIgniter\Database\MySQLi\Connection->execute('INSERT INTO `v_docs` (`docs_name`, `docs_unit`, `docs_year`, `docs_link`, `docs_category_id`, `docs_created_at`, `docs_updated_at`) VALUES (\'Laporan Monev UPM FKIP (Juni 2023)\', \'LPPMI\', \'2023\', \'https://drive.google.com/file/d/1_O-u4jgopixGyeULsAw9ezV6ATSTTiwZ/view?usp=drive_link\', \'1\', \'2023-08-22 02:16:26\', \'2023-08-22 02:16:26\')')
 3 SYSTEMPATH\Database\BaseConnection.php(606): CodeIgniter\Database\BaseConnection->simpleQuery('INSERT INTO `v_docs` (`docs_name`, `docs_unit`, `docs_year`, `docs_link`, `docs_category_id`, `docs_created_at`, `docs_updated_at`) VALUES (\'Laporan Monev UPM FKIP (Juni 2023)\', \'LPPMI\', \'2023\', \'https://drive.google.com/file/d/1_O-u4jgopixGyeULsAw9ezV6ATSTTiwZ/view?usp=drive_link\', \'1\', \'2023-08-22 02:16:26\', \'2023-08-22 02:16:26\')')
 4 SYSTEMPATH\Database\BaseBuilder.php(2309): CodeIgniter\Database\BaseConnection->query('INSERT INTO `v_docs` (`docs_name`, `docs_unit`, `docs_year`, `docs_link`, `docs_category_id`, `docs_created_at`, `docs_updated_at`) VALUES (:docs_name:, :docs_unit:, :docs_year:, :docs_link:, :docs_category_id:, :docs_created_at:, :docs_updated_at:)', [...], false)
 5 SYSTEMPATH\Model.php(330): CodeIgniter\Database\BaseBuilder->insert()
 6 SYSTEMPATH\BaseModel.php(782): CodeIgniter\Model->doInsert([...])
 7 SYSTEMPATH\Model.php(730): CodeIgniter\BaseModel->insert([...], false)
 8 SYSTEMPATH\BaseModel.php(692): CodeIgniter\Model->insert([...], false)
 9 APPPATH\Controllers\Admin\DocsAdminController.php(89): CodeIgniter\BaseModel->save([...])
10 SYSTEMPATH\CodeIgniter.php(932): App\Controllers\Admin\DocsAdminController->insert()
11 SYSTEMPATH\CodeIgniter.php(497): CodeIgniter\CodeIgniter->runController(Object(App\Controllers\Admin\DocsAdminController))
12 SYSTEMPATH\CodeIgniter.php(366): CodeIgniter\CodeIgniter->handleRequest(null, Object(Config\Cache), false)
13 FCPATH\index.php(67): CodeIgniter\CodeIgniter->run()
14 SYSTEMPATH\Commands\Server\rewrite.php(47): require_once('D:\\Codeigniter\\lppmi-unusia\\public\\index.php')
ERROR - 2023-08-22 02:17:01 --> mysqli_sql_exception: Unknown column 'docs_year' in 'field list' in D:\Codeigniter\lppmi-unusia\vendor\codeigniter4\framework\system\Database\MySQLi\Connection.php:295
Stack trace:
#0 D:\Codeigniter\lppmi-unusia\vendor\codeigniter4\framework\system\Database\MySQLi\Connection.php(295): mysqli->query('INSERT INTO `v_...', 0)
#1 D:\Codeigniter\lppmi-unusia\vendor\codeigniter4\framework\system\Database\BaseConnection.php(692): CodeIgniter\Database\MySQLi\Connection->execute('INSERT INTO `v_...')
#2 D:\Codeigniter\lppmi-unusia\vendor\codeigniter4\framework\system\Database\BaseConnection.php(606): CodeIgniter\Database\BaseConnection->simpleQuery('INSERT INTO `v_...')
#3 D:\Codeigniter\lppmi-unusia\vendor\codeigniter4\framework\system\Database\BaseBuilder.php(2309): CodeIgniter\Database\BaseConnection->query('INSERT INTO `v_...', Array, false)
#4 D:\Codeigniter\lppmi-unusia\vendor\codeigniter4\framework\system\Model.php(330): CodeIgniter\Database\BaseBuilder->insert()
#5 D:\Codeigniter\lppmi-unusia\vendor\codeigniter4\framework\system\BaseModel.php(782): CodeIgniter\Model->doInsert(Array)
#6 D:\Codeigniter\lppmi-unusia\vendor\codeigniter4\framework\system\Model.php(730): CodeIgniter\BaseModel->insert(Array, false)
#7 D:\Codeigniter\lppmi-unusia\vendor\codeigniter4\framework\system\BaseModel.php(692): CodeIgniter\Model->insert(Array, false)
#8 D:\Codeigniter\lppmi-unusia\app\Controllers\Admin\DocsAdminController.php(89): CodeIgniter\BaseModel->save(Array)
#9 D:\Codeigniter\lppmi-unusia\vendor\codeigniter4\framework\system\CodeIgniter.php(932): App\Controllers\Admin\DocsAdminController->insert()
#10 D:\Codeigniter\lppmi-unusia\vendor\codeigniter4\framework\system\CodeIgniter.php(497): CodeIgniter\CodeIgniter->runController(Object(App\Controllers\Admin\DocsAdminController))
#11 D:\Codeigniter\lppmi-unusia\vendor\codeigniter4\framework\system\CodeIgniter.php(366): CodeIgniter\CodeIgniter->handleRequest(NULL, Object(Config\Cache), false)
#12 D:\Codeigniter\lppmi-unusia\public\index.php(67): CodeIgniter\CodeIgniter->run()
#13 D:\Codeigniter\lppmi-unusia\vendor\codeigniter4\framework\system\Commands\Server\rewrite.php(47): require_once('D:\\Codeigniter\\...')
#14 {main}
CRITICAL - 2023-08-22 02:17:01 --> Unknown column 'docs_year' in 'field list'
in SYSTEMPATH\Database\MySQLi\Connection.php on line 295.
 1 SYSTEMPATH\Database\MySQLi\Connection.php(295): mysqli->query('INSERT INTO `v_docs` (`docs_name`, `docs_unit`, `docs_year`, `docs_link`, `docs_category_id`, `docs_created_at`, `docs_updated_at`) VALUES (\'Laporan Monev UPM FKIP (Juni 2023)\', \'LPPMI\', \'2023\', \'https://drive.google.com/file/d/1_O-u4jgopixGyeULsAw9ezV6ATSTTiwZ/view?usp=drive_link\', \'1\', \'2023-08-22 02:17:01\', \'2023-08-22 02:17:01\')', 0)
 2 SYSTEMPATH\Database\BaseConnection.php(692): CodeIgniter\Database\MySQLi\Connection->execute('INSERT INTO `v_docs` (`docs_name`, `docs_unit`, `docs_year`, `docs_link`, `docs_category_id`, `docs_created_at`, `docs_updated_at`) VALUES (\'Laporan Monev UPM FKIP (Juni 2023)\', \'LPPMI\', \'2023\', \'https://drive.google.com/file/d/1_O-u4jgopixGyeULsAw9ezV6ATSTTiwZ/view?usp=drive_link\', \'1\', \'2023-08-22 02:17:01\', \'2023-08-22 02:17:01\')')
 3 SYSTEMPATH\Database\BaseConnection.php(606): CodeIgniter\Database\BaseConnection->simpleQuery('INSERT INTO `v_docs` (`docs_name`, `docs_unit`, `docs_year`, `docs_link`, `docs_category_id`, `docs_created_at`, `docs_updated_at`) VALUES (\'Laporan Monev UPM FKIP (Juni 2023)\', \'LPPMI\', \'2023\', \'https://drive.google.com/file/d/1_O-u4jgopixGyeULsAw9ezV6ATSTTiwZ/view?usp=drive_link\', \'1\', \'2023-08-22 02:17:01\', \'2023-08-22 02:17:01\')')
 4 SYSTEMPATH\Database\BaseBuilder.php(2309): CodeIgniter\Database\BaseConnection->query('INSERT INTO `v_docs` (`docs_name`, `docs_unit`, `docs_year`, `docs_link`, `docs_category_id`, `docs_created_at`, `docs_updated_at`) VALUES (:docs_name:, :docs_unit:, :docs_year:, :docs_link:, :docs_category_id:, :docs_created_at:, :docs_updated_at:)', [...], false)
 5 SYSTEMPATH\Model.php(330): CodeIgniter\Database\BaseBuilder->insert()
 6 SYSTEMPATH\BaseModel.php(782): CodeIgniter\Model->doInsert([...])
 7 SYSTEMPATH\Model.php(730): CodeIgniter\BaseModel->insert([...], false)
 8 SYSTEMPATH\BaseModel.php(692): CodeIgniter\Model->insert([...], false)
 9 APPPATH\Controllers\Admin\DocsAdminController.php(89): CodeIgniter\BaseModel->save([...])
10 SYSTEMPATH\CodeIgniter.php(932): App\Controllers\Admin\DocsAdminController->insert()
11 SYSTEMPATH\CodeIgniter.php(497): CodeIgniter\CodeIgniter->runController(Object(App\Controllers\Admin\DocsAdminController))
12 SYSTEMPATH\CodeIgniter.php(366): CodeIgniter\CodeIgniter->handleRequest(null, Object(Config\Cache), false)
13 FCPATH\index.php(67): CodeIgniter\CodeIgniter->run()
14 SYSTEMPATH\Commands\Server\rewrite.php(47): require_once('D:\\Codeigniter\\lppmi-unusia\\public\\index.php')
ERROR - 2023-08-22 02:20:51 --> mysqli_sql_exception: Unknown column 'docs_year' in 'field list' in D:\Codeigniter\lppmi-unusia\vendor\codeigniter4\framework\system\Database\MySQLi\Connection.php:295
Stack trace:
#0 D:\Codeigniter\lppmi-unusia\vendor\codeigniter4\framework\system\Database\MySQLi\Connection.php(295): mysqli->query('INSERT INTO `v_...', 0)
#1 D:\Codeigniter\lppmi-unusia\vendor\codeigniter4\framework\system\Database\BaseConnection.php(692): CodeIgniter\Database\MySQLi\Connection->execute('INSERT INTO `v_...')
#2 D:\Codeigniter\lppmi-unusia\vendor\codeigniter4\framework\system\Database\BaseConnection.php(606): CodeIgniter\Database\BaseConnection->simpleQuery('INSERT INTO `v_...')
#3 D:\Codeigniter\lppmi-unusia\vendor\codeigniter4\framework\system\Database\BaseBuilder.php(2309): CodeIgniter\Database\BaseConnection->query('INSERT INTO `v_...', Array, false)
#4 D:\Codeigniter\lppmi-unusia\vendor\codeigniter4\framework\system\Model.php(330): CodeIgniter\Database\BaseBuilder->insert()
#5 D:\Codeigniter\lppmi-unusia\vendor\codeigniter4\framework\system\BaseModel.php(782): CodeIgniter\Model->doInsert(Array)
#6 D:\Codeigniter\lppmi-unusia\vendor\codeigniter4\framework\system\Model.php(730): CodeIgniter\BaseModel->insert(Array, false)
#7 D:\Codeigniter\lppmi-unusia\vendor\codeigniter4\framework\system\BaseModel.php(692): CodeIgniter\Model->insert(Array, false)
#8 D:\Codeigniter\lppmi-unusia\app\Controllers\Admin\DocsAdminController.php(89): CodeIgniter\BaseModel->save(Array)
#9 D:\Codeigniter\lppmi-unusia\vendor\codeigniter4\framework\system\CodeIgniter.php(932): App\Controllers\Admin\DocsAdminController->insert()
#10 D:\Codeigniter\lppmi-unusia\vendor\codeigniter4\framework\system\CodeIgniter.php(497): CodeIgniter\CodeIgniter->runController(Object(App\Controllers\Admin\DocsAdminController))
#11 D:\Codeigniter\lppmi-unusia\vendor\codeigniter4\framework\system\CodeIgniter.php(366): CodeIgniter\CodeIgniter->handleRequest(NULL, Object(Config\Cache), false)
#12 D:\Codeigniter\lppmi-unusia\public\index.php(67): CodeIgniter\CodeIgniter->run()
#13 D:\Codeigniter\lppmi-unusia\vendor\codeigniter4\framework\system\Commands\Server\rewrite.php(47): require_once('D:\\Codeigniter\\...')
#14 {main}
CRITICAL - 2023-08-22 02:20:51 --> Unknown column 'docs_year' in 'field list'
in SYSTEMPATH\Database\MySQLi\Connection.php on line 295.
 1 SYSTEMPATH\Database\MySQLi\Connection.php(295): mysqli->query('INSERT INTO `v_docs` (`docs_name`, `docs_unit`, `docs_year`, `docs_link`, `docs_category_id`, `docs_created_at`, `docs_updated_at`) VALUES (\'Laporan Monev UPM FKIP (Juni 2023)\', \'LPPMI\', \'2023\', \'https://drive.google.com/file/d/1_O-u4jgopixGyeULsAw9ezV6ATSTTiwZ/view?usp=drive_link\', \'1\', \'2023-08-22 02:20:51\', \'2023-08-22 02:20:51\')', 0)
 2 SYSTEMPATH\Database\BaseConnection.php(692): CodeIgniter\Database\MySQLi\Connection->execute('INSERT INTO `v_docs` (`docs_name`, `docs_unit`, `docs_year`, `docs_link`, `docs_category_id`, `docs_created_at`, `docs_updated_at`) VALUES (\'Laporan Monev UPM FKIP (Juni 2023)\', \'LPPMI\', \'2023\', \'https://drive.google.com/file/d/1_O-u4jgopixGyeULsAw9ezV6ATSTTiwZ/view?usp=drive_link\', \'1\', \'2023-08-22 02:20:51\', \'2023-08-22 02:20:51\')')
 3 SYSTEMPATH\Database\BaseConnection.php(606): CodeIgniter\Database\BaseConnection->simpleQuery('INSERT INTO `v_docs` (`docs_name`, `docs_unit`, `docs_year`, `docs_link`, `docs_category_id`, `docs_created_at`, `docs_updated_at`) VALUES (\'Laporan Monev UPM FKIP (Juni 2023)\', \'LPPMI\', \'2023\', \'https://drive.google.com/file/d/1_O-u4jgopixGyeULsAw9ezV6ATSTTiwZ/view?usp=drive_link\', \'1\', \'2023-08-22 02:20:51\', \'2023-08-22 02:20:51\')')
 4 SYSTEMPATH\Database\BaseBuilder.php(2309): CodeIgniter\Database\BaseConnection->query('INSERT INTO `v_docs` (`docs_name`, `docs_unit`, `docs_year`, `docs_link`, `docs_category_id`, `docs_created_at`, `docs_updated_at`) VALUES (:docs_name:, :docs_unit:, :docs_year:, :docs_link:, :docs_category_id:, :docs_created_at:, :docs_updated_at:)', [...], false)
 5 SYSTEMPATH\Model.php(330): CodeIgniter\Database\BaseBuilder->insert()
 6 SYSTEMPATH\BaseModel.php(782): CodeIgniter\Model->doInsert([...])
 7 SYSTEMPATH\Model.php(730): CodeIgniter\BaseModel->insert([...], false)
 8 SYSTEMPATH\BaseModel.php(692): CodeIgniter\Model->insert([...], false)
 9 APPPATH\Controllers\Admin\DocsAdminController.php(89): CodeIgniter\BaseModel->save([...])
10 SYSTEMPATH\CodeIgniter.php(932): App\Controllers\Admin\DocsAdminController->insert()
11 SYSTEMPATH\CodeIgniter.php(497): CodeIgniter\CodeIgniter->runController(Object(App\Controllers\Admin\DocsAdminController))
12 SYSTEMPATH\CodeIgniter.php(366): CodeIgniter\CodeIgniter->handleRequest(null, Object(Config\Cache), false)
13 FCPATH\index.php(67): CodeIgniter\CodeIgniter->run()
14 SYSTEMPATH\Commands\Server\rewrite.php(47): require_once('D:\\Codeigniter\\lppmi-unusia\\public\\index.php')
ERROR - 2023-08-22 02:22:07 --> mysqli_sql_exception: Unknown column 'docs_year' in 'field list' in D:\Codeigniter\lppmi-unusia\vendor\codeigniter4\framework\system\Database\MySQLi\Connection.php:295
Stack trace:
#0 D:\Codeigniter\lppmi-unusia\vendor\codeigniter4\framework\system\Database\MySQLi\Connection.php(295): mysqli->query('INSERT INTO `v_...', 0)
#1 D:\Codeigniter\lppmi-unusia\vendor\codeigniter4\framework\system\Database\BaseConnection.php(692): CodeIgniter\Database\MySQLi\Connection->execute('INSERT INTO `v_...')
#2 D:\Codeigniter\lppmi-unusia\vendor\codeigniter4\framework\system\Database\BaseConnection.php(606): CodeIgniter\Database\BaseConnection->simpleQuery('INSERT INTO `v_...')
#3 D:\Codeigniter\lppmi-unusia\vendor\codeigniter4\framework\system\Database\BaseBuilder.php(2309): CodeIgniter\Database\BaseConnection->query('INSERT INTO `v_...', Array, false)
#4 D:\Codeigniter\lppmi-unusia\vendor\codeigniter4\framework\system\Model.php(330): CodeIgniter\Database\BaseBuilder->insert()
#5 D:\Codeigniter\lppmi-unusia\vendor\codeigniter4\framework\system\BaseModel.php(782): CodeIgniter\Model->doInsert(Array)
#6 D:\Codeigniter\lppmi-unusia\vendor\codeigniter4\framework\system\Model.php(730): CodeIgniter\BaseModel->insert(Array, false)
#7 D:\Codeigniter\lppmi-unusia\vendor\codeigniter4\framework\system\BaseModel.php(692): CodeIgniter\Model->insert(Array, false)
#8 D:\Codeigniter\lppmi-unusia\app\Controllers\Admin\DocsAdminController.php(89): CodeIgniter\BaseModel->save(Array)
#9 D:\Codeigniter\lppmi-unusia\vendor\codeigniter4\framework\system\CodeIgniter.php(932): App\Controllers\Admin\DocsAdminController->insert()
#10 D:\Codeigniter\lppmi-unusia\vendor\codeigniter4\framework\system\CodeIgniter.php(497): CodeIgniter\CodeIgniter->runController(Object(App\Controllers\Admin\DocsAdminController))
#11 D:\Codeigniter\lppmi-unusia\vendor\codeigniter4\framework\system\CodeIgniter.php(366): CodeIgniter\CodeIgniter->handleRequest(NULL, Object(Config\Cache), false)
#12 D:\Codeigniter\lppmi-unusia\public\index.php(67): CodeIgniter\CodeIgniter->run()
#13 D:\Codeigniter\lppmi-unusia\vendor\codeigniter4\framework\system\Commands\Server\rewrite.php(47): require_once('D:\\Codeigniter\\...')
#14 {main}
CRITICAL - 2023-08-22 02:22:07 --> Unknown column 'docs_year' in 'field list'
in SYSTEMPATH\Database\MySQLi\Connection.php on line 295.
 1 SYSTEMPATH\Database\MySQLi\Connection.php(295): mysqli->query('INSERT INTO `v_docs` (`docs_name`, `docs_unit`, `docs_year`, `docs_link`, `docs_category_id`, `docs_created_at`, `docs_updated_at`) VALUES (\'ya kita ok\', \'lppm\', \'2023\', \'https://github.com/irchamali\', \'1\', \'2023-08-22 02:22:07\', \'2023-08-22 02:22:07\')', 0)
 2 SYSTEMPATH\Database\BaseConnection.php(692): CodeIgniter\Database\MySQLi\Connection->execute('INSERT INTO `v_docs` (`docs_name`, `docs_unit`, `docs_year`, `docs_link`, `docs_category_id`, `docs_created_at`, `docs_updated_at`) VALUES (\'ya kita ok\', \'lppm\', \'2023\', \'https://github.com/irchamali\', \'1\', \'2023-08-22 02:22:07\', \'2023-08-22 02:22:07\')')
 3 SYSTEMPATH\Database\BaseConnection.php(606): CodeIgniter\Database\BaseConnection->simpleQuery('INSERT INTO `v_docs` (`docs_name`, `docs_unit`, `docs_year`, `docs_link`, `docs_category_id`, `docs_created_at`, `docs_updated_at`) VALUES (\'ya kita ok\', \'lppm\', \'2023\', \'https://github.com/irchamali\', \'1\', \'2023-08-22 02:22:07\', \'2023-08-22 02:22:07\')')
 4 SYSTEMPATH\Database\BaseBuilder.php(2309): CodeIgniter\Database\BaseConnection->query('INSERT INTO `v_docs` (`docs_name`, `docs_unit`, `docs_year`, `docs_link`, `docs_category_id`, `docs_created_at`, `docs_updated_at`) VALUES (:docs_name:, :docs_unit:, :docs_year:, :docs_link:, :docs_category_id:, :docs_created_at:, :docs_updated_at:)', [...], false)
 5 SYSTEMPATH\Model.php(330): CodeIgniter\Database\BaseBuilder->insert()
 6 SYSTEMPATH\BaseModel.php(782): CodeIgniter\Model->doInsert([...])
 7 SYSTEMPATH\Model.php(730): CodeIgniter\BaseModel->insert([...], false)
 8 SYSTEMPATH\BaseModel.php(692): CodeIgniter\Model->insert([...], false)
 9 APPPATH\Controllers\Admin\DocsAdminController.php(89): CodeIgniter\BaseModel->save([...])
10 SYSTEMPATH\CodeIgniter.php(932): App\Controllers\Admin\DocsAdminController->insert()
11 SYSTEMPATH\CodeIgniter.php(497): CodeIgniter\CodeIgniter->runController(Object(App\Controllers\Admin\DocsAdminController))
12 SYSTEMPATH\CodeIgniter.php(366): CodeIgniter\CodeIgniter->handleRequest(null, Object(Config\Cache), false)
13 FCPATH\index.php(67): CodeIgniter\CodeIgniter->run()
14 SYSTEMPATH\Commands\Server\rewrite.php(47): require_once('D:\\Codeigniter\\lppmi-unusia\\public\\index.php')
CRITICAL - 2023-08-22 02:29:59 --> Undefined index: docs_year
in APPPATH\Views\document_view.php on line 40.
 1 APPPATH\Views\document_view.php(40): CodeIgniter\Debug\Exceptions->errorHandler(8, 'Undefined index: docs_year', 'D:\\Codeigniter\\lppmi-unusia\\app\\Views\\document_view.php', 40, [...])
 2 SYSTEMPATH\View\View.php(224): include('D:\\Codeigniter\\lppmi-unusia\\app\\Views\\document_view.php')
 3 SYSTEMPATH\View\View.php(227): CodeIgniter\View\View->CodeIgniter\View\{closure}()
 4 SYSTEMPATH\Common.php(1180): CodeIgniter\View\View->render('document_view', [], true)
 5 APPPATH\Controllers\DocumentController.php(35): view('document_view', [...])
 6 SYSTEMPATH\CodeIgniter.php(932): App\Controllers\DocumentController->index()
 7 SYSTEMPATH\CodeIgniter.php(497): CodeIgniter\CodeIgniter->runController(Object(App\Controllers\DocumentController))
 8 SYSTEMPATH\CodeIgniter.php(366): CodeIgniter\CodeIgniter->handleRequest(null, Object(Config\Cache), false)
 9 FCPATH\index.php(67): CodeIgniter\CodeIgniter->run()
10 SYSTEMPATH\Commands\Server\rewrite.php(47): require_once('D:\\Codeigniter\\lppmi-unusia\\public\\index.php')
