CRITICAL - 2023-08-27 08:03:26 --> Class 'App\Models\LapCategoryModel' not found
in APPPATH\Controllers\Admin\LapCategoryAdminController.php on line 17.
 1 SYSTEMPATH\CodeIgniter.php(904): App\Controllers\Admin\LapCategoryAdminController->__construct()
 2 SYSTEMPATH\CodeIgniter.php(488): CodeIgniter\CodeIgniter->createController()
 3 SYSTEMPATH\CodeIgniter.php(366): CodeIgniter\CodeIgniter->handleRequest(null, Object(Config\Cache), false)
 4 FCPATH\index.php(67): CodeIgniter\CodeIgniter->run()
 5 SYSTEMPATH\Commands\Server\rewrite.php(47): require_once('D:\\Codeigniter\\lppmi-unusia\\public\\index.php')
ERROR - 2023-08-27 11:04:24 --> mysqli_sql_exception: Unknown column 'prodi_slug' in 'field list' in D:\Codeigniter\lppmi-unusia\vendor\codeigniter4\framework\system\Database\MySQLi\Connection.php:295
Stack trace:
#0 D:\Codeigniter\lppmi-unusia\vendor\codeigniter4\framework\system\Database\MySQLi\Connection.php(295): mysqli->query('INSERT INTO `tb...', 0)
#1 D:\Codeigniter\lppmi-unusia\vendor\codeigniter4\framework\system\Database\BaseConnection.php(692): CodeIgniter\Database\MySQLi\Connection->execute('INSERT INTO `tb...')
#2 D:\Codeigniter\lppmi-unusia\vendor\codeigniter4\framework\system\Database\BaseConnection.php(606): CodeIgniter\Database\BaseConnection->simpleQuery('INSERT INTO `tb...')
#3 D:\Codeigniter\lppmi-unusia\vendor\codeigniter4\framework\system\Database\BaseBuilder.php(2309): CodeIgniter\Database\BaseConnection->query('INSERT INTO `tb...', Array, false)
#4 D:\Codeigniter\lppmi-unusia\vendor\codeigniter4\framework\system\Model.php(330): CodeIgniter\Database\BaseBuilder->insert()
#5 D:\Codeigniter\lppmi-unusia\vendor\codeigniter4\framework\system\BaseModel.php(782): CodeIgniter\Model->doInsert(Array)
#6 D:\Codeigniter\lppmi-unusia\vendor\codeigniter4\framework\system\Model.php(730): CodeIgniter\BaseModel->insert(Array, false)
#7 D:\Codeigniter\lppmi-unusia\vendor\codeigniter4\framework\system\BaseModel.php(692): CodeIgniter\Model->insert(Array, false)
#8 D:\Codeigniter\lppmi-unusia\app\Controllers\Admin\ProdiAdminController.php(73): CodeIgniter\BaseModel->save(Array)
#9 D:\Codeigniter\lppmi-unusia\vendor\codeigniter4\framework\system\CodeIgniter.php(932): App\Controllers\Admin\ProdiAdminController->insert()
#10 D:\Codeigniter\lppmi-unusia\vendor\codeigniter4\framework\system\CodeIgniter.php(497): CodeIgniter\CodeIgniter->runController(Object(App\Controllers\Admin\ProdiAdminController))
#11 D:\Codeigniter\lppmi-unusia\vendor\codeigniter4\framework\system\CodeIgniter.php(366): CodeIgniter\CodeIgniter->handleRequest(NULL, Object(Config\Cache), false)
#12 D:\Codeigniter\lppmi-unusia\public\index.php(67): CodeIgniter\CodeIgniter->run()
#13 D:\Codeigniter\lppmi-unusia\vendor\codeigniter4\framework\system\Commands\Server\rewrite.php(47): require_once('D:\\Codeigniter\\...')
#14 {main}
ERROR - 2023-08-27 11:07:21 --> mysqli_sql_exception: Unknown column 'prodi_slug' in 'field list' in D:\Codeigniter\lppmi-unusia\vendor\codeigniter4\framework\system\Database\MySQLi\Connection.php:295
Stack trace:
#0 D:\Codeigniter\lppmi-unusia\vendor\codeigniter4\framework\system\Database\MySQLi\Connection.php(295): mysqli->query('INSERT INTO `tb...', 0)
#1 D:\Codeigniter\lppmi-unusia\vendor\codeigniter4\framework\system\Database\BaseConnection.php(692): CodeIgniter\Database\MySQLi\Connection->execute('INSERT INTO `tb...')
#2 D:\Codeigniter\lppmi-unusia\vendor\codeigniter4\framework\system\Database\BaseConnection.php(606): CodeIgniter\Database\BaseConnection->simpleQuery('INSERT INTO `tb...')
#3 D:\Codeigniter\lppmi-unusia\vendor\codeigniter4\framework\system\Database\BaseBuilder.php(2309): CodeIgniter\Database\BaseConnection->query('INSERT INTO `tb...', Array, false)
#4 D:\Codeigniter\lppmi-unusia\vendor\codeigniter4\framework\system\Model.php(330): CodeIgniter\Database\BaseBuilder->insert()
#5 D:\Codeigniter\lppmi-unusia\vendor\codeigniter4\framework\system\BaseModel.php(782): CodeIgniter\Model->doInsert(Array)
#6 D:\Codeigniter\lppmi-unusia\vendor\codeigniter4\framework\system\Model.php(730): CodeIgniter\BaseModel->insert(Array, false)
#7 D:\Codeigniter\lppmi-unusia\vendor\codeigniter4\framework\system\BaseModel.php(692): CodeIgniter\Model->insert(Array, false)
#8 D:\Codeigniter\lppmi-unusia\app\Controllers\Admin\ProdiAdminController.php(69): CodeIgniter\BaseModel->save(Array)
#9 D:\Codeigniter\lppmi-unusia\vendor\codeigniter4\framework\system\CodeIgniter.php(932): App\Controllers\Admin\ProdiAdminController->insert()
#10 D:\Codeigniter\lppmi-unusia\vendor\codeigniter4\framework\system\CodeIgniter.php(497): CodeIgniter\CodeIgniter->runController(Object(App\Controllers\Admin\ProdiAdminController))
#11 D:\Codeigniter\lppmi-unusia\vendor\codeigniter4\framework\system\CodeIgniter.php(366): CodeIgniter\CodeIgniter->handleRequest(NULL, Object(Config\Cache), false)
#12 D:\Codeigniter\lppmi-unusia\public\index.php(67): CodeIgniter\CodeIgniter->run()
#13 D:\Codeigniter\lppmi-unusia\vendor\codeigniter4\framework\system\Commands\Server\rewrite.php(47): require_once('D:\\Codeigniter\\...')
#14 {main}
ERROR - 2023-08-27 11:09:22 --> mysqli_sql_exception: Unknown column 'prodi_slug' in 'field list' in D:\Codeigniter\lppmi-unusia\vendor\codeigniter4\framework\system\Database\MySQLi\Connection.php:295
Stack trace:
#0 D:\Codeigniter\lppmi-unusia\vendor\codeigniter4\framework\system\Database\MySQLi\Connection.php(295): mysqli->query('INSERT INTO `tb...', 0)
#1 D:\Codeigniter\lppmi-unusia\vendor\codeigniter4\framework\system\Database\BaseConnection.php(692): CodeIgniter\Database\MySQLi\Connection->execute('INSERT INTO `tb...')
#2 D:\Codeigniter\lppmi-unusia\vendor\codeigniter4\framework\system\Database\BaseConnection.php(606): CodeIgniter\Database\BaseConnection->simpleQuery('INSERT INTO `tb...')
#3 D:\Codeigniter\lppmi-unusia\vendor\codeigniter4\framework\system\Database\BaseBuilder.php(2309): CodeIgniter\Database\BaseConnection->query('INSERT INTO `tb...', Array, false)
#4 D:\Codeigniter\lppmi-unusia\vendor\codeigniter4\framework\system\Model.php(330): CodeIgniter\Database\BaseBuilder->insert()
#5 D:\Codeigniter\lppmi-unusia\vendor\codeigniter4\framework\system\BaseModel.php(782): CodeIgniter\Model->doInsert(Array)
#6 D:\Codeigniter\lppmi-unusia\vendor\codeigniter4\framework\system\Model.php(730): CodeIgniter\BaseModel->insert(Array, false)
#7 D:\Codeigniter\lppmi-unusia\vendor\codeigniter4\framework\system\BaseModel.php(692): CodeIgniter\Model->insert(Array, false)
#8 D:\Codeigniter\lppmi-unusia\app\Controllers\Admin\ProdiAdminController.php(69): CodeIgniter\BaseModel->save(Array)
#9 D:\Codeigniter\lppmi-unusia\vendor\codeigniter4\framework\system\CodeIgniter.php(932): App\Controllers\Admin\ProdiAdminController->insert()
#10 D:\Codeigniter\lppmi-unusia\vendor\codeigniter4\framework\system\CodeIgniter.php(497): CodeIgniter\CodeIgniter->runController(Object(App\Controllers\Admin\ProdiAdminController))
#11 D:\Codeigniter\lppmi-unusia\vendor\codeigniter4\framework\system\CodeIgniter.php(366): CodeIgniter\CodeIgniter->handleRequest(NULL, Object(Config\Cache), false)
#12 D:\Codeigniter\lppmi-unusia\public\index.php(67): CodeIgniter\CodeIgniter->run()
#13 D:\Codeigniter\lppmi-unusia\vendor\codeigniter4\framework\system\Commands\Server\rewrite.php(47): require_once('D:\\Codeigniter\\...')
#14 {main}
CRITICAL - 2023-08-27 11:09:22 --> Unknown column 'prodi_slug' in 'field list'
in SYSTEMPATH\Database\MySQLi\Connection.php on line 295.
 1 SYSTEMPATH\Database\MySQLi\Connection.php(295): mysqli->query('INSERT INTO `tbl_prodi` (`prodi_nama`, `prodi_slug`) VALUES (\'coba\', \'coba\')', 0)
 2 SYSTEMPATH\Database\BaseConnection.php(692): CodeIgniter\Database\MySQLi\Connection->execute('INSERT INTO `tbl_prodi` (`prodi_nama`, `prodi_slug`) VALUES (\'coba\', \'coba\')')
 3 SYSTEMPATH\Database\BaseConnection.php(606): CodeIgniter\Database\BaseConnection->simpleQuery('INSERT INTO `tbl_prodi` (`prodi_nama`, `prodi_slug`) VALUES (\'coba\', \'coba\')')
 4 SYSTEMPATH\Database\BaseBuilder.php(2309): CodeIgniter\Database\BaseConnection->query('INSERT INTO `tbl_prodi` (`prodi_nama`, `prodi_slug`) VALUES (:prodi_nama:, :prodi_slug:)', [...], false)
 5 SYSTEMPATH\Model.php(330): CodeIgniter\Database\BaseBuilder->insert()
 6 SYSTEMPATH\BaseModel.php(782): CodeIgniter\Model->doInsert([...])
 7 SYSTEMPATH\Model.php(730): CodeIgniter\BaseModel->insert([...], false)
 8 SYSTEMPATH\BaseModel.php(692): CodeIgniter\Model->insert([...], false)
 9 APPPATH\Controllers\Admin\ProdiAdminController.php(69): CodeIgniter\BaseModel->save([...])
10 SYSTEMPATH\CodeIgniter.php(932): App\Controllers\Admin\ProdiAdminController->insert()
11 SYSTEMPATH\CodeIgniter.php(497): CodeIgniter\CodeIgniter->runController(Object(App\Controllers\Admin\ProdiAdminController))
12 SYSTEMPATH\CodeIgniter.php(366): CodeIgniter\CodeIgniter->handleRequest(null, Object(Config\Cache), false)
13 FCPATH\index.php(67): CodeIgniter\CodeIgniter->run()
14 SYSTEMPATH\Commands\Server\rewrite.php(47): require_once('D:\\Codeigniter\\lppmi-unusia\\public\\index.php')
CRITICAL - 2023-08-27 11:10:52 --> Undefined index: prodi_name
in APPPATH\Views\admin\v_prodi.php on line 74.
 1 APPPATH\Views\admin\v_prodi.php(74): CodeIgniter\Debug\Exceptions->errorHandler(8, 'Undefined index: prodi_name', 'D:\\Codeigniter\\lppmi-unusia\\app\\Views\\admin\\v_prodi.php', 74, [...])
 2 SYSTEMPATH\View\View.php(224): include('D:\\Codeigniter\\lppmi-unusia\\app\\Views\\admin\\v_prodi.php')
 3 SYSTEMPATH\View\View.php(227): CodeIgniter\View\View->CodeIgniter\View\{closure}()
 4 SYSTEMPATH\Common.php(1180): CodeIgniter\View\View->render('admin/v_prodi', [], true)
 5 APPPATH\Controllers\Admin\ProdiAdminController.php(35): view('admin/v_prodi', [...])
 6 SYSTEMPATH\CodeIgniter.php(932): App\Controllers\Admin\ProdiAdminController->index()
 7 SYSTEMPATH\CodeIgniter.php(497): CodeIgniter\CodeIgniter->runController(Object(App\Controllers\Admin\ProdiAdminController))
 8 SYSTEMPATH\CodeIgniter.php(366): CodeIgniter\CodeIgniter->handleRequest(null, Object(Config\Cache), false)
 9 FCPATH\index.php(67): CodeIgniter\CodeIgniter->run()
10 SYSTEMPATH\Commands\Server\rewrite.php(47): require_once('D:\\Codeigniter\\lppmi-unusia\\public\\index.php')
