ERROR - 2025-02-19 21:13:50 --> mysqli_sql_exception: MySQL server has gone away in D:\Codeigniter\yayasan\vendor\codeigniter4\framework\system\Database\MySQLi\Connection.php:295
Stack trace:
#0 D:\Codeigniter\yayasan\vendor\codeigniter4\framework\system\Database\MySQLi\Connection.php(295): mysqli->query('SELECT * FROM t...', 0)
#1 D:\Codeigniter\yayasan\vendor\codeigniter4\framework\system\Database\BaseConnection.php(692): CodeIgniter\Database\MySQLi\Connection->execute('SELECT * FROM t...')
#2 D:\Codeigniter\yayasan\vendor\codeigniter4\framework\system\Database\BaseConnection.php(606): CodeIgniter\Database\BaseConnection->simpleQuery('SELECT * FROM t...')
#3 D:\Codeigniter\yayasan\app\Models\VisitorModel.php(15): CodeIgniter\Database\BaseConnection->query('SELECT * FROM t...')
#4 D:\Codeigniter\yayasan\app\Controllers\BaseController.php(67): App\Models\VisitorModel->count_visitor('::1', 'Chrome 132.0.0....')
#5 D:\Codeigniter\yayasan\vendor\codeigniter4\framework\system\CodeIgniter.php(905): App\Controllers\BaseController->initController(Object(CodeIgniter\HTTP\IncomingRequest), Object(CodeIgniter\HTTP\Response), Object(CodeIgniter\Log\Logger))
#6 D:\Codeigniter\yayasan\vendor\codeigniter4\framework\system\CodeIgniter.php(488): CodeIgniter\CodeIgniter->createController()
#7 D:\Codeigniter\yayasan\vendor\codeigniter4\framework\system\CodeIgniter.php(366): CodeIgniter\CodeIgniter->handleRequest(NULL, Object(Config\Cache), false)
#8 D:\Codeigniter\yayasan\public\index.php(67): CodeIgniter\CodeIgniter->run()
#9 D:\Codeigniter\yayasan\vendor\codeigniter4\framework\system\Commands\Server\rewrite.php(47): require_once('D:\\Codeigniter\\...')
#10 {main}
CRITICAL - 2025-02-19 21:13:50 --> MySQL server has gone away
in SYSTEMPATH\Database\MySQLi\Connection.php on line 295.
 1 SYSTEMPATH\Database\MySQLi\Connection.php(295): mysqli->query('SELECT * FROM tbl_visitors WHERE visit_ip=\'::1\' AND DATE(visit_date)=CURDATE()', 0)
 2 SYSTEMPATH\Database\BaseConnection.php(692): CodeIgniter\Database\MySQLi\Connection->execute('SELECT * FROM tbl_visitors WHERE visit_ip=\'::1\' AND DATE(visit_date)=CURDATE()')
 3 SYSTEMPATH\Database\BaseConnection.php(606): CodeIgniter\Database\BaseConnection->simpleQuery('SELECT * FROM tbl_visitors WHERE visit_ip=\'::1\' AND DATE(visit_date)=CURDATE()')
 4 APPPATH\Models\VisitorModel.php(15): CodeIgniter\Database\BaseConnection->query('SELECT * FROM tbl_visitors WHERE visit_ip=\'::1\' AND DATE(visit_date)=CURDATE()')
 5 APPPATH\Controllers\BaseController.php(67): App\Models\VisitorModel->count_visitor('::1', 'Chrome 132.0.0.0')
 6 SYSTEMPATH\CodeIgniter.php(905): App\Controllers\BaseController->initController(Object(CodeIgniter\HTTP\IncomingRequest), Object(CodeIgniter\HTTP\Response), Object(CodeIgniter\Log\Logger))
 7 SYSTEMPATH\CodeIgniter.php(488): CodeIgniter\CodeIgniter->createController()
 8 SYSTEMPATH\CodeIgniter.php(366): CodeIgniter\CodeIgniter->handleRequest(null, Object(Config\Cache), false)
 9 FCPATH\index.php(67): CodeIgniter\CodeIgniter->run()
10 SYSTEMPATH\Commands\Server\rewrite.php(47): require_once('D:\\Codeigniter\\yayasan\\public\\index.php')
