CRITICAL - 2025-02-21 08:52:41 --> Illegal string offset 'category_name'
in APPPATH\Views\posts\post_detail.php on line 100.
 1 APPPATH\Views\posts\post_detail.php(100): CodeIgniter\Debug\Exceptions->errorHandler(2, 'Illegal string offset \'category_name\'', 'D:\\Codeigniter\\yayasan\\app\\Views\\posts\\post_detail.php', 100, [...])
 2 SYSTEMPATH\View\View.php(224): include('D:\\Codeigniter\\yayasan\\app\\Views\\posts\\post_detail.php')
 3 SYSTEMPATH\View\View.php(227): CodeIgniter\View\View->CodeIgniter\View\{closure}()
 4 SYSTEMPATH\Common.php(1180): CodeIgniter\View\View->render('posts/post_detail', [], true)
 5 APPPATH\Controllers\PostController.php(67): view('posts/post_detail', [...])
 6 SYSTEMPATH\CodeIgniter.php(932): App\Controllers\PostController->index('ketahanan-keluarga-di-era-pandemi')
 7 SYSTEMPATH\CodeIgniter.php(497): CodeIgniter\CodeIgniter->runController(Object(App\Controllers\PostController))
 8 SYSTEMPATH\CodeIgniter.php(366): CodeIgniter\CodeIgniter->handleRequest(null, Object(Config\Cache), false)
 9 FCPATH\index.php(67): CodeIgniter\CodeIgniter->run()
10 SYSTEMPATH\Commands\Server\rewrite.php(47): require_once('D:\\Codeigniter\\yayasan\\public\\index.php')
CRITICAL - 2025-02-21 10:17:37 --> Undefined index: category_name
in APPPATH\Views\posts\post_search.php on line 19.
 1 APPPATH\Views\posts\post_search.php(19): CodeIgniter\Debug\Exceptions->errorHandler(8, 'Undefined index: category_name', 'D:\\Codeigniter\\yayasan\\app\\Views\\posts\\post_search.php', 19, [...])
 2 SYSTEMPATH\View\View.php(224): include('D:\\Codeigniter\\yayasan\\app\\Views\\posts\\post_search.php')
 3 SYSTEMPATH\View\View.php(227): CodeIgniter\View\View->CodeIgniter\View\{closure}()
 4 SYSTEMPATH\Common.php(1180): CodeIgniter\View\View->render('posts/post_search', [], true)
 5 APPPATH\Controllers\PostController.php(92): view('posts/post_search', [...])
 6 SYSTEMPATH\CodeIgniter.php(932): App\Controllers\PostController->search()
 7 SYSTEMPATH\CodeIgniter.php(497): CodeIgniter\CodeIgniter->runController(Object(App\Controllers\PostController))
 8 SYSTEMPATH\CodeIgniter.php(366): CodeIgniter\CodeIgniter->handleRequest(null, Object(Config\Cache), false)
 9 FCPATH\index.php(67): CodeIgniter\CodeIgniter->run()
10 SYSTEMPATH\Commands\Server\rewrite.php(47): require_once('D:\\Codeigniter\\yayasan\\public\\index.php')
CRITICAL - 2025-02-21 10:20:18 --> Undefined index: category_name
in APPPATH\Views\posts\post_search.php on line 19.
 1 APPPATH\Views\posts\post_search.php(19): CodeIgniter\Debug\Exceptions->errorHandler(8, 'Undefined index: category_name', 'D:\\Codeigniter\\yayasan\\app\\Views\\posts\\post_search.php', 19, [...])
 2 SYSTEMPATH\View\View.php(224): include('D:\\Codeigniter\\yayasan\\app\\Views\\posts\\post_search.php')
 3 SYSTEMPATH\View\View.php(227): CodeIgniter\View\View->CodeIgniter\View\{closure}()
 4 SYSTEMPATH\Common.php(1180): CodeIgniter\View\View->render('posts/post_search', [], true)
 5 APPPATH\Controllers\PostController.php(93): view('posts/post_search', [...])
 6 SYSTEMPATH\CodeIgniter.php(932): App\Controllers\PostController->search()
 7 SYSTEMPATH\CodeIgniter.php(497): CodeIgniter\CodeIgniter->runController(Object(App\Controllers\PostController))
 8 SYSTEMPATH\CodeIgniter.php(366): CodeIgniter\CodeIgniter->handleRequest(null, Object(Config\Cache), false)
 9 FCPATH\index.php(67): CodeIgniter\CodeIgniter->run()
10 SYSTEMPATH\Commands\Server\rewrite.php(47): require_once('D:\\Codeigniter\\yayasan\\public\\index.php')
CRITICAL - 2025-02-21 10:21:39 --> Undefined variable: pager
in APPPATH\Views\posts\post_search.php on line 31.
 1 APPPATH\Views\posts\post_search.php(31): CodeIgniter\Debug\Exceptions->errorHandler(8, 'Undefined variable: pager', 'D:\\Codeigniter\\yayasan\\app\\Views\\posts\\post_search.php', 31, [...])
 2 SYSTEMPATH\View\View.php(224): include('D:\\Codeigniter\\yayasan\\app\\Views\\posts\\post_search.php')
 3 SYSTEMPATH\View\View.php(227): CodeIgniter\View\View->CodeIgniter\View\{closure}()
 4 SYSTEMPATH\Common.php(1180): CodeIgniter\View\View->render('posts/post_search', [], true)
 5 APPPATH\Controllers\PostController.php(92): view('posts/post_search', [...])
 6 SYSTEMPATH\CodeIgniter.php(932): App\Controllers\PostController->search()
 7 SYSTEMPATH\CodeIgniter.php(497): CodeIgniter\CodeIgniter->runController(Object(App\Controllers\PostController))
 8 SYSTEMPATH\CodeIgniter.php(366): CodeIgniter\CodeIgniter->handleRequest(null, Object(Config\Cache), false)
 9 FCPATH\index.php(67): CodeIgniter\CodeIgniter->run()
10 SYSTEMPATH\Commands\Server\rewrite.php(47): require_once('D:\\Codeigniter\\yayasan\\public\\index.php')
CRITICAL - 2025-02-21 10:22:04 --> Undefined variable: pager
in APPPATH\Views\posts\post_search.php on line 31.
 1 APPPATH\Views\posts\post_search.php(31): CodeIgniter\Debug\Exceptions->errorHandler(8, 'Undefined variable: pager', 'D:\\Codeigniter\\yayasan\\app\\Views\\posts\\post_search.php', 31, [...])
 2 SYSTEMPATH\View\View.php(224): include('D:\\Codeigniter\\yayasan\\app\\Views\\posts\\post_search.php')
 3 SYSTEMPATH\View\View.php(227): CodeIgniter\View\View->CodeIgniter\View\{closure}()
 4 SYSTEMPATH\Common.php(1180): CodeIgniter\View\View->render('posts/post_search', [], true)
 5 APPPATH\Controllers\PostController.php(92): view('posts/post_search', [...])
 6 SYSTEMPATH\CodeIgniter.php(932): App\Controllers\PostController->search()
 7 SYSTEMPATH\CodeIgniter.php(497): CodeIgniter\CodeIgniter->runController(Object(App\Controllers\PostController))
 8 SYSTEMPATH\CodeIgniter.php(366): CodeIgniter\CodeIgniter->handleRequest(null, Object(Config\Cache), false)
 9 FCPATH\index.php(67): CodeIgniter\CodeIgniter->run()
10 SYSTEMPATH\Commands\Server\rewrite.php(47): require_once('D:\\Codeigniter\\yayasan\\public\\index.php')
CRITICAL - 2025-02-21 10:23:48 --> Undefined index: category_name
in APPPATH\Views\posts\post_search.php on line 19.
 1 APPPATH\Views\posts\post_search.php(19): CodeIgniter\Debug\Exceptions->errorHandler(8, 'Undefined index: category_name', 'D:\\Codeigniter\\yayasan\\app\\Views\\posts\\post_search.php', 19, [...])
 2 SYSTEMPATH\View\View.php(224): include('D:\\Codeigniter\\yayasan\\app\\Views\\posts\\post_search.php')
 3 SYSTEMPATH\View\View.php(227): CodeIgniter\View\View->CodeIgniter\View\{closure}()
 4 SYSTEMPATH\Common.php(1180): CodeIgniter\View\View->render('posts/post_search', [], true)
 5 APPPATH\Controllers\PostController.php(92): view('posts/post_search', [...])
 6 SYSTEMPATH\CodeIgniter.php(932): App\Controllers\PostController->search()
 7 SYSTEMPATH\CodeIgniter.php(497): CodeIgniter\CodeIgniter->runController(Object(App\Controllers\PostController))
 8 SYSTEMPATH\CodeIgniter.php(366): CodeIgniter\CodeIgniter->handleRequest(null, Object(Config\Cache), false)
 9 FCPATH\index.php(67): CodeIgniter\CodeIgniter->run()
10 SYSTEMPATH\Commands\Server\rewrite.php(47): require_once('D:\\Codeigniter\\yayasan\\public\\index.php')
