ERROR - 2025-02-26 07:34:46 --> Error connecting to the database: mysqli_sql_exception: Host 'localhost' is not allowed to connect to this MariaDB server in D:\Codeigniter\yayasan\vendor\codeigniter4\framework\system\Database\MySQLi\Connection.php:174
Stack trace:
#0 D:\Codeigniter\yayasan\vendor\codeigniter4\framework\system\Database\MySQLi\Connection.php(174): mysqli->real_connect('localhost', 'root', '', 'ysgj', 3306, '', 0)
#1 D:\Codeigniter\yayasan\vendor\codeigniter4\framework\system\Database\BaseConnection.php(391): CodeIgniter\Database\MySQLi\Connection->connect(false)
#2 D:\Codeigniter\yayasan\vendor\codeigniter4\framework\system\Database\BaseConnection.php(574): CodeIgniter\Database\BaseConnection->initialize()
#3 D:\Codeigniter\yayasan\app\Models\VisitorModel.php(15): CodeIgniter\Database\BaseConnection->query('SELECT * FROM t...')
#4 D:\Codeigniter\yayasan\app\Controllers\BaseController.php(67): App\Models\VisitorModel->count_visitor('::1', 'Chrome 133.0.0....')
#5 D:\Codeigniter\yayasan\vendor\codeigniter4\framework\system\CodeIgniter.php(905): App\Controllers\BaseController->initController(Object(CodeIgniter\HTTP\IncomingRequest), Object(CodeIgniter\HTTP\Response), Object(CodeIgniter\Log\Logger))
#6 D:\Codeigniter\yayasan\vendor\codeigniter4\framework\system\CodeIgniter.php(488): CodeIgniter\CodeIgniter->createController()
#7 D:\Codeigniter\yayasan\vendor\codeigniter4\framework\system\CodeIgniter.php(366): CodeIgniter\CodeIgniter->handleRequest(NULL, Object(Config\Cache), false)
#8 D:\Codeigniter\yayasan\public\index.php(67): CodeIgniter\CodeIgniter->run()
#9 D:\Codeigniter\yayasan\vendor\codeigniter4\framework\system\Commands\Server\rewrite.php(47): require_once('D:\\Codeigniter\\...')
#10 {main}

Next CodeIgniter\Database\Exceptions\DatabaseException: Host 'localhost' is not allowed to connect to this MariaDB server in D:\Codeigniter\yayasan\vendor\codeigniter4\framework\system\Database\MySQLi\Connection.php:218
Stack trace:
#0 D:\Codeigniter\yayasan\vendor\codeigniter4\framework\system\Database\BaseConnection.php(391): CodeIgniter\Database\MySQLi\Connection->connect(false)
#1 D:\Codeigniter\yayasan\vendor\codeigniter4\framework\system\Database\BaseConnection.php(574): CodeIgniter\Database\BaseConnection->initialize()
#2 D:\Codeigniter\yayasan\app\Models\VisitorModel.php(15): CodeIgniter\Database\BaseConnection->query('SELECT * FROM t...')
#3 D:\Codeigniter\yayasan\app\Controllers\BaseController.php(67): App\Models\VisitorModel->count_visitor('::1', 'Chrome 133.0.0....')
#4 D:\Codeigniter\yayasan\vendor\codeigniter4\framework\system\CodeIgniter.php(905): App\Controllers\BaseController->initController(Object(CodeIgniter\HTTP\IncomingRequest), Object(CodeIgniter\HTTP\Response), Object(CodeIgniter\Log\Logger))
#5 D:\Codeigniter\yayasan\vendor\codeigniter4\framework\system\CodeIgniter.php(488): CodeIgniter\CodeIgniter->createController()
#6 D:\Codeigniter\yayasan\vendor\codeigniter4\framework\system\CodeIgniter.php(366): CodeIgniter\CodeIgniter->handleRequest(NULL, Object(Config\Cache), false)
#7 D:\Codeigniter\yayasan\public\index.php(67): CodeIgniter\CodeIgniter->run()
#8 D:\Codeigniter\yayasan\vendor\codeigniter4\framework\system\Commands\Server\rewrite.php(47): require_once('D:\\Codeigniter\\...')
#9 {main}
CRITICAL - 2025-02-26 07:34:46 --> Unable to connect to the database.
Main connection [MySQLi]: Host 'localhost' is not allowed to connect to this MariaDB server
in SYSTEMPATH\Database\BaseConnection.php on line 427.
 1 SYSTEMPATH\Database\BaseConnection.php(574): CodeIgniter\Database\BaseConnection->initialize()
 2 APPPATH\Models\VisitorModel.php(15): CodeIgniter\Database\BaseConnection->query('SELECT * FROM tbl_visitors WHERE visit_ip=\'::1\' AND DATE(visit_date)=CURDATE()')
 3 APPPATH\Controllers\BaseController.php(67): App\Models\VisitorModel->count_visitor('::1', 'Chrome 133.0.0.0')
 4 SYSTEMPATH\CodeIgniter.php(905): App\Controllers\BaseController->initController(Object(CodeIgniter\HTTP\IncomingRequest), Object(CodeIgniter\HTTP\Response), Object(CodeIgniter\Log\Logger))
 5 SYSTEMPATH\CodeIgniter.php(488): CodeIgniter\CodeIgniter->createController()
 6 SYSTEMPATH\CodeIgniter.php(366): CodeIgniter\CodeIgniter->handleRequest(null, Object(Config\Cache), false)
 7 FCPATH\index.php(67): CodeIgniter\CodeIgniter->run()
 8 SYSTEMPATH\Commands\Server\rewrite.php(47): require_once('D:\\Codeigniter\\yayasan\\public\\index.php')
ERROR - 2025-02-26 07:34:46 --> Error connecting to the database: mysqli_sql_exception: Host 'localhost' is not allowed to connect to this MariaDB server in D:\Codeigniter\yayasan\vendor\codeigniter4\framework\system\Database\MySQLi\Connection.php:174
Stack trace:
#0 D:\Codeigniter\yayasan\vendor\codeigniter4\framework\system\Database\MySQLi\Connection.php(174): mysqli->real_connect('localhost', 'root', '', 'ysgj', 3306, '', 0)
#1 D:\Codeigniter\yayasan\vendor\codeigniter4\framework\system\Database\BaseConnection.php(391): CodeIgniter\Database\MySQLi\Connection->connect(false)
#2 D:\Codeigniter\yayasan\vendor\codeigniter4\framework\system\Database\BaseConnection.php(574): CodeIgniter\Database\BaseConnection->initialize()
#3 D:\Codeigniter\yayasan\app\Models\VisitorModel.php(15): CodeIgniter\Database\BaseConnection->query('SELECT * FROM t...')
#4 D:\Codeigniter\yayasan\app\Controllers\BaseController.php(67): App\Models\VisitorModel->count_visitor('::1', 'Chrome 133.0.0....')
#5 D:\Codeigniter\yayasan\vendor\codeigniter4\framework\system\CodeIgniter.php(905): App\Controllers\BaseController->initController(Object(CodeIgniter\HTTP\IncomingRequest), Object(CodeIgniter\HTTP\Response), Object(CodeIgniter\Log\Logger))
#6 D:\Codeigniter\yayasan\vendor\codeigniter4\framework\system\CodeIgniter.php(488): CodeIgniter\CodeIgniter->createController()
#7 D:\Codeigniter\yayasan\vendor\codeigniter4\framework\system\CodeIgniter.php(366): CodeIgniter\CodeIgniter->handleRequest(NULL, Object(Config\Cache), false)
#8 D:\Codeigniter\yayasan\public\index.php(67): CodeIgniter\CodeIgniter->run()
#9 D:\Codeigniter\yayasan\vendor\codeigniter4\framework\system\Commands\Server\rewrite.php(47): require_once('D:\\Codeigniter\\...')
#10 {main}

Next CodeIgniter\Database\Exceptions\DatabaseException: Host 'localhost' is not allowed to connect to this MariaDB server in D:\Codeigniter\yayasan\vendor\codeigniter4\framework\system\Database\MySQLi\Connection.php:218
Stack trace:
#0 D:\Codeigniter\yayasan\vendor\codeigniter4\framework\system\Database\BaseConnection.php(391): CodeIgniter\Database\MySQLi\Connection->connect(false)
#1 D:\Codeigniter\yayasan\vendor\codeigniter4\framework\system\Database\BaseConnection.php(574): CodeIgniter\Database\BaseConnection->initialize()
#2 D:\Codeigniter\yayasan\app\Models\VisitorModel.php(15): CodeIgniter\Database\BaseConnection->query('SELECT * FROM t...')
#3 D:\Codeigniter\yayasan\app\Controllers\BaseController.php(67): App\Models\VisitorModel->count_visitor('::1', 'Chrome 133.0.0....')
#4 D:\Codeigniter\yayasan\vendor\codeigniter4\framework\system\CodeIgniter.php(905): App\Controllers\BaseController->initController(Object(CodeIgniter\HTTP\IncomingRequest), Object(CodeIgniter\HTTP\Response), Object(CodeIgniter\Log\Logger))
#5 D:\Codeigniter\yayasan\vendor\codeigniter4\framework\system\CodeIgniter.php(488): CodeIgniter\CodeIgniter->createController()
#6 D:\Codeigniter\yayasan\vendor\codeigniter4\framework\system\CodeIgniter.php(366): CodeIgniter\CodeIgniter->handleRequest(NULL, Object(Config\Cache), false)
#7 D:\Codeigniter\yayasan\public\index.php(67): CodeIgniter\CodeIgniter->run()
#8 D:\Codeigniter\yayasan\vendor\codeigniter4\framework\system\Commands\Server\rewrite.php(47): require_once('D:\\Codeigniter\\...')
#9 {main}
CRITICAL - 2025-02-26 07:34:46 --> Unable to connect to the database.
Main connection [MySQLi]: Host 'localhost' is not allowed to connect to this MariaDB server
in SYSTEMPATH\Database\BaseConnection.php on line 427.
 1 SYSTEMPATH\Database\BaseConnection.php(574): CodeIgniter\Database\BaseConnection->initialize()
 2 APPPATH\Models\VisitorModel.php(15): CodeIgniter\Database\BaseConnection->query('SELECT * FROM tbl_visitors WHERE visit_ip=\'::1\' AND DATE(visit_date)=CURDATE()')
 3 APPPATH\Controllers\BaseController.php(67): App\Models\VisitorModel->count_visitor('::1', 'Chrome 133.0.0.0')
 4 SYSTEMPATH\CodeIgniter.php(905): App\Controllers\BaseController->initController(Object(CodeIgniter\HTTP\IncomingRequest), Object(CodeIgniter\HTTP\Response), Object(CodeIgniter\Log\Logger))
 5 SYSTEMPATH\CodeIgniter.php(488): CodeIgniter\CodeIgniter->createController()
 6 SYSTEMPATH\CodeIgniter.php(366): CodeIgniter\CodeIgniter->handleRequest(null, Object(Config\Cache), false)
 7 FCPATH\index.php(67): CodeIgniter\CodeIgniter->run()
 8 SYSTEMPATH\Commands\Server\rewrite.php(47): require_once('D:\\Codeigniter\\yayasan\\public\\index.php')
CRITICAL - 2025-02-26 07:39:24 --> Maximum execution time of 200 seconds exceeded
in SYSTEMPATH\Debug\Exceptions.php on line 170.
 1 [internal function]: CodeIgniter\Debug\Exceptions->shutdownHandler()
ERROR - 2025-02-26 07:39:29 --> Error connecting to the database: mysqli_sql_exception: No connection could be made because the target machine actively refused it.
 in D:\Codeigniter\yayasan\vendor\codeigniter4\framework\system\Database\MySQLi\Connection.php:174
Stack trace:
#0 D:\Codeigniter\yayasan\vendor\codeigniter4\framework\system\Database\MySQLi\Connection.php(174): mysqli->real_connect('localhost', 'root', '', 'ysgj', 3306, '', 0)
#1 D:\Codeigniter\yayasan\vendor\codeigniter4\framework\system\Database\BaseConnection.php(391): CodeIgniter\Database\MySQLi\Connection->connect(false)
#2 D:\Codeigniter\yayasan\vendor\codeigniter4\framework\system\Database\BaseConnection.php(574): CodeIgniter\Database\BaseConnection->initialize()
#3 D:\Codeigniter\yayasan\app\Models\VisitorModel.php(15): CodeIgniter\Database\BaseConnection->query('SELECT * FROM t...')
#4 D:\Codeigniter\yayasan\app\Controllers\BaseController.php(67): App\Models\VisitorModel->count_visitor('::1', 'Chrome 133.0.0....')
#5 D:\Codeigniter\yayasan\vendor\codeigniter4\framework\system\CodeIgniter.php(905): App\Controllers\BaseController->initController(Object(CodeIgniter\HTTP\IncomingRequest), Object(CodeIgniter\HTTP\Response), Object(CodeIgniter\Log\Logger))
#6 D:\Codeigniter\yayasan\vendor\codeigniter4\framework\system\CodeIgniter.php(488): CodeIgniter\CodeIgniter->createController()
#7 D:\Codeigniter\yayasan\vendor\codeigniter4\framework\system\CodeIgniter.php(366): CodeIgniter\CodeIgniter->handleRequest(NULL, Object(Config\Cache), false)
#8 D:\Codeigniter\yayasan\public\index.php(67): CodeIgniter\CodeIgniter->run()
#9 D:\Codeigniter\yayasan\vendor\codeigniter4\framework\system\Commands\Server\rewrite.php(47): require_once('D:\\Codeigniter\\...')
#10 {main}

Next CodeIgniter\Database\Exceptions\DatabaseException: No connection could be made because the target machine actively refused it.
 in D:\Codeigniter\yayasan\vendor\codeigniter4\framework\system\Database\MySQLi\Connection.php:218
Stack trace:
#0 D:\Codeigniter\yayasan\vendor\codeigniter4\framework\system\Database\BaseConnection.php(391): CodeIgniter\Database\MySQLi\Connection->connect(false)
#1 D:\Codeigniter\yayasan\vendor\codeigniter4\framework\system\Database\BaseConnection.php(574): CodeIgniter\Database\BaseConnection->initialize()
#2 D:\Codeigniter\yayasan\app\Models\VisitorModel.php(15): CodeIgniter\Database\BaseConnection->query('SELECT * FROM t...')
#3 D:\Codeigniter\yayasan\app\Controllers\BaseController.php(67): App\Models\VisitorModel->count_visitor('::1', 'Chrome 133.0.0....')
#4 D:\Codeigniter\yayasan\vendor\codeigniter4\framework\system\CodeIgniter.php(905): App\Controllers\BaseController->initController(Object(CodeIgniter\HTTP\IncomingRequest), Object(CodeIgniter\HTTP\Response), Object(CodeIgniter\Log\Logger))
#5 D:\Codeigniter\yayasan\vendor\codeigniter4\framework\system\CodeIgniter.php(488): CodeIgniter\CodeIgniter->createController()
#6 D:\Codeigniter\yayasan\vendor\codeigniter4\framework\system\CodeIgniter.php(366): CodeIgniter\CodeIgniter->handleRequest(NULL, Object(Config\Cache), false)
#7 D:\Codeigniter\yayasan\public\index.php(67): CodeIgniter\CodeIgniter->run()
#8 D:\Codeigniter\yayasan\vendor\codeigniter4\framework\system\Commands\Server\rewrite.php(47): require_once('D:\\Codeigniter\\...')
#9 {main}
CRITICAL - 2025-02-26 07:39:29 --> Unable to connect to the database.
Main connection [MySQLi]: No connection could be made because the target machine actively refused it.

in SYSTEMPATH\Database\BaseConnection.php on line 427.
 1 SYSTEMPATH\Database\BaseConnection.php(574): CodeIgniter\Database\BaseConnection->initialize()
 2 APPPATH\Models\VisitorModel.php(15): CodeIgniter\Database\BaseConnection->query('SELECT * FROM tbl_visitors WHERE visit_ip=\'::1\' AND DATE(visit_date)=CURDATE()')
 3 APPPATH\Controllers\BaseController.php(67): App\Models\VisitorModel->count_visitor('::1', 'Chrome 133.0.0.0')
 4 SYSTEMPATH\CodeIgniter.php(905): App\Controllers\BaseController->initController(Object(CodeIgniter\HTTP\IncomingRequest), Object(CodeIgniter\HTTP\Response), Object(CodeIgniter\Log\Logger))
 5 SYSTEMPATH\CodeIgniter.php(488): CodeIgniter\CodeIgniter->createController()
 6 SYSTEMPATH\CodeIgniter.php(366): CodeIgniter\CodeIgniter->handleRequest(null, Object(Config\Cache), false)
 7 FCPATH\index.php(67): CodeIgniter\CodeIgniter->run()
 8 SYSTEMPATH\Commands\Server\rewrite.php(47): require_once('D:\\Codeigniter\\yayasan\\public\\index.php')
ERROR - 2025-02-26 07:39:33 --> Error connecting to the database: mysqli_sql_exception: No connection could be made because the target machine actively refused it.
 in D:\Codeigniter\yayasan\vendor\codeigniter4\framework\system\Database\MySQLi\Connection.php:174
Stack trace:
#0 D:\Codeigniter\yayasan\vendor\codeigniter4\framework\system\Database\MySQLi\Connection.php(174): mysqli->real_connect('localhost', 'root', '', 'ysgj', 3306, '', 0)
#1 D:\Codeigniter\yayasan\vendor\codeigniter4\framework\system\Database\BaseConnection.php(391): CodeIgniter\Database\MySQLi\Connection->connect(false)
#2 D:\Codeigniter\yayasan\vendor\codeigniter4\framework\system\Database\BaseConnection.php(574): CodeIgniter\Database\BaseConnection->initialize()
#3 D:\Codeigniter\yayasan\app\Models\VisitorModel.php(15): CodeIgniter\Database\BaseConnection->query('SELECT * FROM t...')
#4 D:\Codeigniter\yayasan\app\Controllers\BaseController.php(67): App\Models\VisitorModel->count_visitor('::1', 'Chrome 133.0.0....')
#5 D:\Codeigniter\yayasan\vendor\codeigniter4\framework\system\CodeIgniter.php(905): App\Controllers\BaseController->initController(Object(CodeIgniter\HTTP\IncomingRequest), Object(CodeIgniter\HTTP\Response), Object(CodeIgniter\Log\Logger))
#6 D:\Codeigniter\yayasan\vendor\codeigniter4\framework\system\CodeIgniter.php(488): CodeIgniter\CodeIgniter->createController()
#7 D:\Codeigniter\yayasan\vendor\codeigniter4\framework\system\CodeIgniter.php(366): CodeIgniter\CodeIgniter->handleRequest(NULL, Object(Config\Cache), false)
#8 D:\Codeigniter\yayasan\public\index.php(67): CodeIgniter\CodeIgniter->run()
#9 D:\Codeigniter\yayasan\vendor\codeigniter4\framework\system\Commands\Server\rewrite.php(47): require_once('D:\\Codeigniter\\...')
#10 {main}

Next CodeIgniter\Database\Exceptions\DatabaseException: No connection could be made because the target machine actively refused it.
 in D:\Codeigniter\yayasan\vendor\codeigniter4\framework\system\Database\MySQLi\Connection.php:218
Stack trace:
#0 D:\Codeigniter\yayasan\vendor\codeigniter4\framework\system\Database\BaseConnection.php(391): CodeIgniter\Database\MySQLi\Connection->connect(false)
#1 D:\Codeigniter\yayasan\vendor\codeigniter4\framework\system\Database\BaseConnection.php(574): CodeIgniter\Database\BaseConnection->initialize()
#2 D:\Codeigniter\yayasan\app\Models\VisitorModel.php(15): CodeIgniter\Database\BaseConnection->query('SELECT * FROM t...')
#3 D:\Codeigniter\yayasan\app\Controllers\BaseController.php(67): App\Models\VisitorModel->count_visitor('::1', 'Chrome 133.0.0....')
#4 D:\Codeigniter\yayasan\vendor\codeigniter4\framework\system\CodeIgniter.php(905): App\Controllers\BaseController->initController(Object(CodeIgniter\HTTP\IncomingRequest), Object(CodeIgniter\HTTP\Response), Object(CodeIgniter\Log\Logger))
#5 D:\Codeigniter\yayasan\vendor\codeigniter4\framework\system\CodeIgniter.php(488): CodeIgniter\CodeIgniter->createController()
#6 D:\Codeigniter\yayasan\vendor\codeigniter4\framework\system\CodeIgniter.php(366): CodeIgniter\CodeIgniter->handleRequest(NULL, Object(Config\Cache), false)
#7 D:\Codeigniter\yayasan\public\index.php(67): CodeIgniter\CodeIgniter->run()
#8 D:\Codeigniter\yayasan\vendor\codeigniter4\framework\system\Commands\Server\rewrite.php(47): require_once('D:\\Codeigniter\\...')
#9 {main}
CRITICAL - 2025-02-26 07:39:33 --> Unable to connect to the database.
Main connection [MySQLi]: No connection could be made because the target machine actively refused it.

in SYSTEMPATH\Database\BaseConnection.php on line 427.
 1 SYSTEMPATH\Database\BaseConnection.php(574): CodeIgniter\Database\BaseConnection->initialize()
 2 APPPATH\Models\VisitorModel.php(15): CodeIgniter\Database\BaseConnection->query('SELECT * FROM tbl_visitors WHERE visit_ip=\'::1\' AND DATE(visit_date)=CURDATE()')
 3 APPPATH\Controllers\BaseController.php(67): App\Models\VisitorModel->count_visitor('::1', 'Chrome 133.0.0.0')
 4 SYSTEMPATH\CodeIgniter.php(905): App\Controllers\BaseController->initController(Object(CodeIgniter\HTTP\IncomingRequest), Object(CodeIgniter\HTTP\Response), Object(CodeIgniter\Log\Logger))
 5 SYSTEMPATH\CodeIgniter.php(488): CodeIgniter\CodeIgniter->createController()
 6 SYSTEMPATH\CodeIgniter.php(366): CodeIgniter\CodeIgniter->handleRequest(null, Object(Config\Cache), false)
 7 FCPATH\index.php(67): CodeIgniter\CodeIgniter->run()
 8 SYSTEMPATH\Commands\Server\rewrite.php(47): require_once('D:\\Codeigniter\\yayasan\\public\\index.php')
ERROR - 2025-02-26 08:04:29 --> Error connecting to the database: mysqli_sql_exception: Unknown database 'ysgj' in D:\Codeigniter\yayasan\vendor\codeigniter4\framework\system\Database\MySQLi\Connection.php:174
Stack trace:
#0 D:\Codeigniter\yayasan\vendor\codeigniter4\framework\system\Database\MySQLi\Connection.php(174): mysqli->real_connect('localhost', 'root', '', 'ysgj', 3306, '', 0)
#1 D:\Codeigniter\yayasan\vendor\codeigniter4\framework\system\Database\BaseConnection.php(391): CodeIgniter\Database\MySQLi\Connection->connect(false)
#2 D:\Codeigniter\yayasan\vendor\codeigniter4\framework\system\Database\BaseConnection.php(574): CodeIgniter\Database\BaseConnection->initialize()
#3 D:\Codeigniter\yayasan\app\Models\VisitorModel.php(15): CodeIgniter\Database\BaseConnection->query('SELECT * FROM t...')
#4 D:\Codeigniter\yayasan\app\Controllers\BaseController.php(67): App\Models\VisitorModel->count_visitor('::1', 'Chrome 133.0.0....')
#5 D:\Codeigniter\yayasan\vendor\codeigniter4\framework\system\CodeIgniter.php(905): App\Controllers\BaseController->initController(Object(CodeIgniter\HTTP\IncomingRequest), Object(CodeIgniter\HTTP\Response), Object(CodeIgniter\Log\Logger))
#6 D:\Codeigniter\yayasan\vendor\codeigniter4\framework\system\CodeIgniter.php(488): CodeIgniter\CodeIgniter->createController()
#7 D:\Codeigniter\yayasan\vendor\codeigniter4\framework\system\CodeIgniter.php(366): CodeIgniter\CodeIgniter->handleRequest(NULL, Object(Config\Cache), false)
#8 D:\Codeigniter\yayasan\public\index.php(67): CodeIgniter\CodeIgniter->run()
#9 D:\Codeigniter\yayasan\vendor\codeigniter4\framework\system\Commands\Server\rewrite.php(47): require_once('D:\\Codeigniter\\...')
#10 {main}

Next CodeIgniter\Database\Exceptions\DatabaseException: Unknown database 'ysgj' in D:\Codeigniter\yayasan\vendor\codeigniter4\framework\system\Database\MySQLi\Connection.php:218
Stack trace:
#0 D:\Codeigniter\yayasan\vendor\codeigniter4\framework\system\Database\BaseConnection.php(391): CodeIgniter\Database\MySQLi\Connection->connect(false)
#1 D:\Codeigniter\yayasan\vendor\codeigniter4\framework\system\Database\BaseConnection.php(574): CodeIgniter\Database\BaseConnection->initialize()
#2 D:\Codeigniter\yayasan\app\Models\VisitorModel.php(15): CodeIgniter\Database\BaseConnection->query('SELECT * FROM t...')
#3 D:\Codeigniter\yayasan\app\Controllers\BaseController.php(67): App\Models\VisitorModel->count_visitor('::1', 'Chrome 133.0.0....')
#4 D:\Codeigniter\yayasan\vendor\codeigniter4\framework\system\CodeIgniter.php(905): App\Controllers\BaseController->initController(Object(CodeIgniter\HTTP\IncomingRequest), Object(CodeIgniter\HTTP\Response), Object(CodeIgniter\Log\Logger))
#5 D:\Codeigniter\yayasan\vendor\codeigniter4\framework\system\CodeIgniter.php(488): CodeIgniter\CodeIgniter->createController()
#6 D:\Codeigniter\yayasan\vendor\codeigniter4\framework\system\CodeIgniter.php(366): CodeIgniter\CodeIgniter->handleRequest(NULL, Object(Config\Cache), false)
#7 D:\Codeigniter\yayasan\public\index.php(67): CodeIgniter\CodeIgniter->run()
#8 D:\Codeigniter\yayasan\vendor\codeigniter4\framework\system\Commands\Server\rewrite.php(47): require_once('D:\\Codeigniter\\...')
#9 {main}
CRITICAL - 2025-02-26 08:04:29 --> Unable to connect to the database.
Main connection [MySQLi]: Unknown database 'ysgj'
in SYSTEMPATH\Database\BaseConnection.php on line 427.
 1 SYSTEMPATH\Database\BaseConnection.php(574): CodeIgniter\Database\BaseConnection->initialize()
 2 APPPATH\Models\VisitorModel.php(15): CodeIgniter\Database\BaseConnection->query('SELECT * FROM tbl_visitors WHERE visit_ip=\'::1\' AND DATE(visit_date)=CURDATE()')
 3 APPPATH\Controllers\BaseController.php(67): App\Models\VisitorModel->count_visitor('::1', 'Chrome 133.0.0.0')
 4 SYSTEMPATH\CodeIgniter.php(905): App\Controllers\BaseController->initController(Object(CodeIgniter\HTTP\IncomingRequest), Object(CodeIgniter\HTTP\Response), Object(CodeIgniter\Log\Logger))
 5 SYSTEMPATH\CodeIgniter.php(488): CodeIgniter\CodeIgniter->createController()
 6 SYSTEMPATH\CodeIgniter.php(366): CodeIgniter\CodeIgniter->handleRequest(null, Object(Config\Cache), false)
 7 FCPATH\index.php(67): CodeIgniter\CodeIgniter->run()
 8 SYSTEMPATH\Commands\Server\rewrite.php(47): require_once('D:\\Codeigniter\\yayasan\\public\\index.php')
ERROR - 2025-02-26 08:05:26 --> mysqli_sql_exception: Expression #16 of SELECT list is not in GROUP BY clause and contains nonaggregated column 'ysgj.tbl_comment.comment_id' which is not functionally dependent on columns in GROUP BY clause; this is incompatible with sql_mode=only_full_group_by in D:\Codeigniter\yayasan\vendor\codeigniter4\framework\system\Database\MySQLi\Connection.php:295
Stack trace:
#0 D:\Codeigniter\yayasan\vendor\codeigniter4\framework\system\Database\MySQLi\Connection.php(295): mysqli->query('SELECT tbl_post...', 0)
#1 D:\Codeigniter\yayasan\vendor\codeigniter4\framework\system\Database\BaseConnection.php(692): CodeIgniter\Database\MySQLi\Connection->execute('SELECT tbl_post...')
#2 D:\Codeigniter\yayasan\vendor\codeigniter4\framework\system\Database\BaseConnection.php(606): CodeIgniter\Database\BaseConnection->simpleQuery('SELECT tbl_post...')
#3 D:\Codeigniter\yayasan\app\Models\PostviewModel.php(22): CodeIgniter\Database\BaseConnection->query('SELECT tbl_post...')
#4 D:\Codeigniter\yayasan\app\Controllers\PostController.php(42): App\Models\PostviewModel->get_post_by_slug('postingan-kelim...')
#5 D:\Codeigniter\yayasan\vendor\codeigniter4\framework\system\CodeIgniter.php(932): App\Controllers\PostController->index('postingan-kelim...')
#6 D:\Codeigniter\yayasan\vendor\codeigniter4\framework\system\CodeIgniter.php(497): CodeIgniter\CodeIgniter->runController(Object(App\Controllers\PostController))
#7 D:\Codeigniter\yayasan\vendor\codeigniter4\framework\system\CodeIgniter.php(366): CodeIgniter\CodeIgniter->handleRequest(NULL, Object(Config\Cache), false)
#8 D:\Codeigniter\yayasan\public\index.php(67): CodeIgniter\CodeIgniter->run()
#9 D:\Codeigniter\yayasan\vendor\codeigniter4\framework\system\Commands\Server\rewrite.php(47): require_once('D:\\Codeigniter\\...')
#10 {main}
CRITICAL - 2025-02-26 08:05:26 --> Expression #16 of SELECT list is not in GROUP BY clause and contains nonaggregated column 'ysgj.tbl_comment.comment_id' which is not functionally dependent on columns in GROUP BY clause; this is incompatible with sql_mode=only_full_group_by
in SYSTEMPATH\Database\MySQLi\Connection.php on line 295.
 1 SYSTEMPATH\Database\MySQLi\Connection.php(295): mysqli->query('SELECT tbl_post.*,user_name,user_photo,tbl_comment.*,COUNT(comment_id) AS comment_total,tbl_category.* FROM tbl_post 
			LEFT JOIN tbl_user ON post_user_id=user_id
			LEFT JOIN tbl_comment ON post_id=comment_post_id
			LEFT JOIN tbl_category ON post_category_id=category_id
			WHERE post_slug=\'postingan-kelima-dengan-kategori-berita\' GROUP BY post_id LIMIT 1', 0)
 2 SYSTEMPATH\Database\BaseConnection.php(692): CodeIgniter\Database\MySQLi\Connection->execute('SELECT tbl_post.*,user_name,user_photo,tbl_comment.*,COUNT(comment_id) AS comment_total,tbl_category.* FROM tbl_post 
			LEFT JOIN tbl_user ON post_user_id=user_id
			LEFT JOIN tbl_comment ON post_id=comment_post_id
			LEFT JOIN tbl_category ON post_category_id=category_id
			WHERE post_slug=\'postingan-kelima-dengan-kategori-berita\' GROUP BY post_id LIMIT 1')
 3 SYSTEMPATH\Database\BaseConnection.php(606): CodeIgniter\Database\BaseConnection->simpleQuery('SELECT tbl_post.*,user_name,user_photo,tbl_comment.*,COUNT(comment_id) AS comment_total,tbl_category.* FROM tbl_post 
			LEFT JOIN tbl_user ON post_user_id=user_id
			LEFT JOIN tbl_comment ON post_id=comment_post_id
			LEFT JOIN tbl_category ON post_category_id=category_id
			WHERE post_slug=\'postingan-kelima-dengan-kategori-berita\' GROUP BY post_id LIMIT 1')
 4 APPPATH\Models\PostviewModel.php(22): CodeIgniter\Database\BaseConnection->query('SELECT tbl_post.*,user_name,user_photo,tbl_comment.*,COUNT(comment_id) AS comment_total,tbl_category.* FROM tbl_post 
			LEFT JOIN tbl_user ON post_user_id=user_id
			LEFT JOIN tbl_comment ON post_id=comment_post_id
			LEFT JOIN tbl_category ON post_category_id=category_id
			WHERE post_slug=\'postingan-kelima-dengan-kategori-berita\' GROUP BY post_id LIMIT 1')
 5 APPPATH\Controllers\PostController.php(42): App\Models\PostviewModel->get_post_by_slug('postingan-kelima-dengan-kategori-berita')
 6 SYSTEMPATH\CodeIgniter.php(932): App\Controllers\PostController->index('postingan-kelima-dengan-kategori-berita')
 7 SYSTEMPATH\CodeIgniter.php(497): CodeIgniter\CodeIgniter->runController(Object(App\Controllers\PostController))
 8 SYSTEMPATH\CodeIgniter.php(366): CodeIgniter\CodeIgniter->handleRequest(null, Object(Config\Cache), false)
 9 FCPATH\index.php(67): CodeIgniter\CodeIgniter->run()
10 SYSTEMPATH\Commands\Server\rewrite.php(47): require_once('D:\\Codeigniter\\yayasan\\public\\index.php')
ERROR - 2025-02-26 08:06:44 --> mysqli_sql_exception: Expression #16 of SELECT list is not in GROUP BY clause and contains nonaggregated column 'ysgj.tbl_comment.comment_id' which is not functionally dependent on columns in GROUP BY clause; this is incompatible with sql_mode=only_full_group_by in D:\Codeigniter\yayasan\vendor\codeigniter4\framework\system\Database\MySQLi\Connection.php:295
Stack trace:
#0 D:\Codeigniter\yayasan\vendor\codeigniter4\framework\system\Database\MySQLi\Connection.php(295): mysqli->query('SELECT tbl_post...', 0)
#1 D:\Codeigniter\yayasan\vendor\codeigniter4\framework\system\Database\BaseConnection.php(692): CodeIgniter\Database\MySQLi\Connection->execute('SELECT tbl_post...')
#2 D:\Codeigniter\yayasan\vendor\codeigniter4\framework\system\Database\BaseConnection.php(606): CodeIgniter\Database\BaseConnection->simpleQuery('SELECT tbl_post...')
#3 D:\Codeigniter\yayasan\app\Models\PostviewModel.php(22): CodeIgniter\Database\BaseConnection->query('SELECT tbl_post...')
#4 D:\Codeigniter\yayasan\app\Controllers\PostController.php(42): App\Models\PostviewModel->get_post_by_slug('postingan-kelim...')
#5 D:\Codeigniter\yayasan\vendor\codeigniter4\framework\system\CodeIgniter.php(932): App\Controllers\PostController->index('postingan-kelim...')
#6 D:\Codeigniter\yayasan\vendor\codeigniter4\framework\system\CodeIgniter.php(497): CodeIgniter\CodeIgniter->runController(Object(App\Controllers\PostController))
#7 D:\Codeigniter\yayasan\vendor\codeigniter4\framework\system\CodeIgniter.php(366): CodeIgniter\CodeIgniter->handleRequest(NULL, Object(Config\Cache), false)
#8 D:\Codeigniter\yayasan\public\index.php(67): CodeIgniter\CodeIgniter->run()
#9 D:\Codeigniter\yayasan\vendor\codeigniter4\framework\system\Commands\Server\rewrite.php(47): require_once('D:\\Codeigniter\\...')
#10 {main}
CRITICAL - 2025-02-26 08:06:44 --> Expression #16 of SELECT list is not in GROUP BY clause and contains nonaggregated column 'ysgj.tbl_comment.comment_id' which is not functionally dependent on columns in GROUP BY clause; this is incompatible with sql_mode=only_full_group_by
in SYSTEMPATH\Database\MySQLi\Connection.php on line 295.
 1 SYSTEMPATH\Database\MySQLi\Connection.php(295): mysqli->query('SELECT tbl_post.*,user_name,user_photo,tbl_comment.*,COUNT(comment_id) AS comment_total,tbl_category.* FROM tbl_post 
			LEFT JOIN tbl_user ON post_user_id=user_id
			LEFT JOIN tbl_comment ON post_id=comment_post_id
			LEFT JOIN tbl_category ON post_category_id=category_id
			WHERE post_slug=\'postingan-kelima-dengan-kategori-berita\' GROUP BY post_id LIMIT 1', 0)
 2 SYSTEMPATH\Database\BaseConnection.php(692): CodeIgniter\Database\MySQLi\Connection->execute('SELECT tbl_post.*,user_name,user_photo,tbl_comment.*,COUNT(comment_id) AS comment_total,tbl_category.* FROM tbl_post 
			LEFT JOIN tbl_user ON post_user_id=user_id
			LEFT JOIN tbl_comment ON post_id=comment_post_id
			LEFT JOIN tbl_category ON post_category_id=category_id
			WHERE post_slug=\'postingan-kelima-dengan-kategori-berita\' GROUP BY post_id LIMIT 1')
 3 SYSTEMPATH\Database\BaseConnection.php(606): CodeIgniter\Database\BaseConnection->simpleQuery('SELECT tbl_post.*,user_name,user_photo,tbl_comment.*,COUNT(comment_id) AS comment_total,tbl_category.* FROM tbl_post 
			LEFT JOIN tbl_user ON post_user_id=user_id
			LEFT JOIN tbl_comment ON post_id=comment_post_id
			LEFT JOIN tbl_category ON post_category_id=category_id
			WHERE post_slug=\'postingan-kelima-dengan-kategori-berita\' GROUP BY post_id LIMIT 1')
 4 APPPATH\Models\PostviewModel.php(22): CodeIgniter\Database\BaseConnection->query('SELECT tbl_post.*,user_name,user_photo,tbl_comment.*,COUNT(comment_id) AS comment_total,tbl_category.* FROM tbl_post 
			LEFT JOIN tbl_user ON post_user_id=user_id
			LEFT JOIN tbl_comment ON post_id=comment_post_id
			LEFT JOIN tbl_category ON post_category_id=category_id
			WHERE post_slug=\'postingan-kelima-dengan-kategori-berita\' GROUP BY post_id LIMIT 1')
 5 APPPATH\Controllers\PostController.php(42): App\Models\PostviewModel->get_post_by_slug('postingan-kelima-dengan-kategori-berita')
 6 SYSTEMPATH\CodeIgniter.php(932): App\Controllers\PostController->index('postingan-kelima-dengan-kategori-berita')
 7 SYSTEMPATH\CodeIgniter.php(497): CodeIgniter\CodeIgniter->runController(Object(App\Controllers\PostController))
 8 SYSTEMPATH\CodeIgniter.php(366): CodeIgniter\CodeIgniter->handleRequest(null, Object(Config\Cache), false)
 9 FCPATH\index.php(67): CodeIgniter\CodeIgniter->run()
10 SYSTEMPATH\Commands\Server\rewrite.php(47): require_once('D:\\Codeigniter\\yayasan\\public\\index.php')
ERROR - 2025-02-26 08:51:08 --> mysqli_sql_exception: Expression #16 of SELECT list is not in GROUP BY clause and contains nonaggregated column 'ysgj.tbl_comment.comment_id' which is not functionally dependent on columns in GROUP BY clause; this is incompatible with sql_mode=only_full_group_by in D:\Codeigniter\yayasan\vendor\codeigniter4\framework\system\Database\MySQLi\Connection.php:295
Stack trace:
#0 D:\Codeigniter\yayasan\vendor\codeigniter4\framework\system\Database\MySQLi\Connection.php(295): mysqli->query('SELECT tbl_post...', 0)
#1 D:\Codeigniter\yayasan\vendor\codeigniter4\framework\system\Database\BaseConnection.php(692): CodeIgniter\Database\MySQLi\Connection->execute('SELECT tbl_post...')
#2 D:\Codeigniter\yayasan\vendor\codeigniter4\framework\system\Database\BaseConnection.php(606): CodeIgniter\Database\BaseConnection->simpleQuery('SELECT tbl_post...')
#3 D:\Codeigniter\yayasan\app\Models\PostviewModel.php(22): CodeIgniter\Database\BaseConnection->query('SELECT tbl_post...')
#4 D:\Codeigniter\yayasan\app\Controllers\PostController.php(42): App\Models\PostviewModel->get_post_by_slug('postingan-kelim...')
#5 D:\Codeigniter\yayasan\vendor\codeigniter4\framework\system\CodeIgniter.php(932): App\Controllers\PostController->index('postingan-kelim...')
#6 D:\Codeigniter\yayasan\vendor\codeigniter4\framework\system\CodeIgniter.php(497): CodeIgniter\CodeIgniter->runController(Object(App\Controllers\PostController))
#7 D:\Codeigniter\yayasan\vendor\codeigniter4\framework\system\CodeIgniter.php(366): CodeIgniter\CodeIgniter->handleRequest(NULL, Object(Config\Cache), false)
#8 D:\Codeigniter\yayasan\public\index.php(67): CodeIgniter\CodeIgniter->run()
#9 D:\Codeigniter\yayasan\vendor\codeigniter4\framework\system\Commands\Server\rewrite.php(47): require_once('D:\\Codeigniter\\...')
#10 {main}
CRITICAL - 2025-02-26 08:51:08 --> Expression #16 of SELECT list is not in GROUP BY clause and contains nonaggregated column 'ysgj.tbl_comment.comment_id' which is not functionally dependent on columns in GROUP BY clause; this is incompatible with sql_mode=only_full_group_by
in SYSTEMPATH\Database\MySQLi\Connection.php on line 295.
 1 SYSTEMPATH\Database\MySQLi\Connection.php(295): mysqli->query('SELECT tbl_post.*,user_name,user_photo,tbl_comment.*,COUNT(comment_id) AS comment_total,tbl_category.* FROM tbl_post 
			LEFT JOIN tbl_user ON post_user_id=user_id
			LEFT JOIN tbl_comment ON post_id=comment_post_id
			LEFT JOIN tbl_category ON post_category_id=category_id
			WHERE post_slug=\'postingan-kelima-dengan-kategori-berita\' GROUP BY post_id LIMIT 1', 0)
 2 SYSTEMPATH\Database\BaseConnection.php(692): CodeIgniter\Database\MySQLi\Connection->execute('SELECT tbl_post.*,user_name,user_photo,tbl_comment.*,COUNT(comment_id) AS comment_total,tbl_category.* FROM tbl_post 
			LEFT JOIN tbl_user ON post_user_id=user_id
			LEFT JOIN tbl_comment ON post_id=comment_post_id
			LEFT JOIN tbl_category ON post_category_id=category_id
			WHERE post_slug=\'postingan-kelima-dengan-kategori-berita\' GROUP BY post_id LIMIT 1')
 3 SYSTEMPATH\Database\BaseConnection.php(606): CodeIgniter\Database\BaseConnection->simpleQuery('SELECT tbl_post.*,user_name,user_photo,tbl_comment.*,COUNT(comment_id) AS comment_total,tbl_category.* FROM tbl_post 
			LEFT JOIN tbl_user ON post_user_id=user_id
			LEFT JOIN tbl_comment ON post_id=comment_post_id
			LEFT JOIN tbl_category ON post_category_id=category_id
			WHERE post_slug=\'postingan-kelima-dengan-kategori-berita\' GROUP BY post_id LIMIT 1')
 4 APPPATH\Models\PostviewModel.php(22): CodeIgniter\Database\BaseConnection->query('SELECT tbl_post.*,user_name,user_photo,tbl_comment.*,COUNT(comment_id) AS comment_total,tbl_category.* FROM tbl_post 
			LEFT JOIN tbl_user ON post_user_id=user_id
			LEFT JOIN tbl_comment ON post_id=comment_post_id
			LEFT JOIN tbl_category ON post_category_id=category_id
			WHERE post_slug=\'postingan-kelima-dengan-kategori-berita\' GROUP BY post_id LIMIT 1')
 5 APPPATH\Controllers\PostController.php(42): App\Models\PostviewModel->get_post_by_slug('postingan-kelima-dengan-kategori-berita')
 6 SYSTEMPATH\CodeIgniter.php(932): App\Controllers\PostController->index('postingan-kelima-dengan-kategori-berita')
 7 SYSTEMPATH\CodeIgniter.php(497): CodeIgniter\CodeIgniter->runController(Object(App\Controllers\PostController))
 8 SYSTEMPATH\CodeIgniter.php(366): CodeIgniter\CodeIgniter->handleRequest(null, Object(Config\Cache), false)
 9 FCPATH\index.php(67): CodeIgniter\CodeIgniter->run()
10 SYSTEMPATH\Commands\Server\rewrite.php(47): require_once('D:\\Codeigniter\\yayasan\\public\\index.php')
ERROR - 2025-02-26 21:47:45 --> mysqli_sql_exception: Expression #16 of SELECT list is not in GROUP BY clause and contains nonaggregated column 'project_ysgj.tbl_comment.comment_id' which is not functionally dependent on columns in GROUP BY clause; this is incompatible with sql_mode=only_full_group_by in /Users/irchamali/Projects/ci/yayasan/vendor/codeigniter4/framework/system/Database/MySQLi/Connection.php:295
Stack trace:
#0 /Users/irchamali/Projects/ci/yayasan/vendor/codeigniter4/framework/system/Database/MySQLi/Connection.php(295): mysqli->query('SELECT tbl_post...', 0)
#1 /Users/irchamali/Projects/ci/yayasan/vendor/codeigniter4/framework/system/Database/BaseConnection.php(692): CodeIgniter\Database\MySQLi\Connection->execute('SELECT tbl_post...')
#2 /Users/irchamali/Projects/ci/yayasan/vendor/codeigniter4/framework/system/Database/BaseConnection.php(606): CodeIgniter\Database\BaseConnection->simpleQuery('SELECT tbl_post...')
#3 /Users/irchamali/Projects/ci/yayasan/app/Models/PostviewModel.php(22): CodeIgniter\Database\BaseConnection->query('SELECT tbl_post...')
#4 /Users/irchamali/Projects/ci/yayasan/app/Controllers/PostController.php(42): App\Models\PostviewModel->get_post_by_slug('pengumuman-yudi...')
#5 /Users/irchamali/Projects/ci/yayasan/vendor/codeigniter4/framework/system/CodeIgniter.php(932): App\Controllers\PostController->index('pengumuman-yudi...')
#6 /Users/irchamali/Projects/ci/yayasan/vendor/codeigniter4/framework/system/CodeIgniter.php(497): CodeIgniter\CodeIgniter->runController(Object(App\Controllers\PostController))
#7 /Users/irchamali/Projects/ci/yayasan/vendor/codeigniter4/framework/system/CodeIgniter.php(366): CodeIgniter\CodeIgniter->handleRequest(NULL, Object(Config\Cache), false)
#8 /Users/irchamali/Projects/ci/yayasan/public/index.php(67): CodeIgniter\CodeIgniter->run()
#9 /Users/irchamali/Projects/ci/yayasan/vendor/codeigniter4/framework/system/Commands/Server/rewrite.php(47): require_once('/Users/irchamal...')
#10 {main}
CRITICAL - 2025-02-26 21:47:45 --> Expression #16 of SELECT list is not in GROUP BY clause and contains nonaggregated column 'project_ysgj.tbl_comment.comment_id' which is not functionally dependent on columns in GROUP BY clause; this is incompatible with sql_mode=only_full_group_by
in SYSTEMPATH/Database/MySQLi/Connection.php on line 295.
 1 SYSTEMPATH/Database/MySQLi/Connection.php(295): mysqli->query('SELECT tbl_post.*,user_name,user_photo,tbl_comment.*,COUNT(comment_id) AS comment_total,tbl_category.* FROM tbl_post 
			LEFT JOIN tbl_user ON post_user_id=user_id
			LEFT JOIN tbl_comment ON post_id=comment_post_id
			LEFT JOIN tbl_category ON post_category_id=category_id
			WHERE post_slug=\'pengumuman-yudisium-unusia-tahun-2024\' GROUP BY post_id LIMIT 1', 0)
 2 SYSTEMPATH/Database/BaseConnection.php(692): CodeIgniter\Database\MySQLi\Connection->execute('SELECT tbl_post.*,user_name,user_photo,tbl_comment.*,COUNT(comment_id) AS comment_total,tbl_category.* FROM tbl_post 
			LEFT JOIN tbl_user ON post_user_id=user_id
			LEFT JOIN tbl_comment ON post_id=comment_post_id
			LEFT JOIN tbl_category ON post_category_id=category_id
			WHERE post_slug=\'pengumuman-yudisium-unusia-tahun-2024\' GROUP BY post_id LIMIT 1')
 3 SYSTEMPATH/Database/BaseConnection.php(606): CodeIgniter\Database\BaseConnection->simpleQuery('SELECT tbl_post.*,user_name,user_photo,tbl_comment.*,COUNT(comment_id) AS comment_total,tbl_category.* FROM tbl_post 
			LEFT JOIN tbl_user ON post_user_id=user_id
			LEFT JOIN tbl_comment ON post_id=comment_post_id
			LEFT JOIN tbl_category ON post_category_id=category_id
			WHERE post_slug=\'pengumuman-yudisium-unusia-tahun-2024\' GROUP BY post_id LIMIT 1')
 4 APPPATH/Models/PostviewModel.php(22): CodeIgniter\Database\BaseConnection->query('SELECT tbl_post.*,user_name,user_photo,tbl_comment.*,COUNT(comment_id) AS comment_total,tbl_category.* FROM tbl_post 
			LEFT JOIN tbl_user ON post_user_id=user_id
			LEFT JOIN tbl_comment ON post_id=comment_post_id
			LEFT JOIN tbl_category ON post_category_id=category_id
			WHERE post_slug=\'pengumuman-yudisium-unusia-tahun-2024\' GROUP BY post_id LIMIT 1')
 5 APPPATH/Controllers/PostController.php(42): App\Models\PostviewModel->get_post_by_slug('pengumuman-yudisium-unusia-tahun-2024')
 6 SYSTEMPATH/CodeIgniter.php(932): App\Controllers\PostController->index('pengumuman-yudisium-unusia-tahun-2024')
 7 SYSTEMPATH/CodeIgniter.php(497): CodeIgniter\CodeIgniter->runController(Object(App\Controllers\PostController))
 8 SYSTEMPATH/CodeIgniter.php(366): CodeIgniter\CodeIgniter->handleRequest(null, Object(Config\Cache), false)
 9 FCPATH/index.php(67): CodeIgniter\CodeIgniter->run()
10 SYSTEMPATH/Commands/Server/rewrite.php(47): require_once('/Users/irchamali/Projects/ci/yayasan/public/index.php')
ERROR - 2025-02-26 21:48:46 --> mysqli_sql_exception: Table 'project_ysgj.tbl_comment' doesn't exist in /Users/irchamali/Projects/ci/yayasan/vendor/codeigniter4/framework/system/Database/MySQLi/Connection.php:295
Stack trace:
#0 /Users/irchamali/Projects/ci/yayasan/vendor/codeigniter4/framework/system/Database/MySQLi/Connection.php(295): mysqli->query('SELECT tbl_post...', 0)
#1 /Users/irchamali/Projects/ci/yayasan/vendor/codeigniter4/framework/system/Database/BaseConnection.php(692): CodeIgniter\Database\MySQLi\Connection->execute('SELECT tbl_post...')
#2 /Users/irchamali/Projects/ci/yayasan/vendor/codeigniter4/framework/system/Database/BaseConnection.php(606): CodeIgniter\Database\BaseConnection->simpleQuery('SELECT tbl_post...')
#3 /Users/irchamali/Projects/ci/yayasan/app/Models/PostviewModel.php(22): CodeIgniter\Database\BaseConnection->query('SELECT tbl_post...')
#4 /Users/irchamali/Projects/ci/yayasan/app/Controllers/PostController.php(42): App\Models\PostviewModel->get_post_by_slug('pengumuman-yudi...')
#5 /Users/irchamali/Projects/ci/yayasan/vendor/codeigniter4/framework/system/CodeIgniter.php(932): App\Controllers\PostController->index('pengumuman-yudi...')
#6 /Users/irchamali/Projects/ci/yayasan/vendor/codeigniter4/framework/system/CodeIgniter.php(497): CodeIgniter\CodeIgniter->runController(Object(App\Controllers\PostController))
#7 /Users/irchamali/Projects/ci/yayasan/vendor/codeigniter4/framework/system/CodeIgniter.php(366): CodeIgniter\CodeIgniter->handleRequest(NULL, Object(Config\Cache), false)
#8 /Users/irchamali/Projects/ci/yayasan/public/index.php(67): CodeIgniter\CodeIgniter->run()
#9 /Users/irchamali/Projects/ci/yayasan/vendor/codeigniter4/framework/system/Commands/Server/rewrite.php(47): require_once('/Users/irchamal...')
#10 {main}
CRITICAL - 2025-02-26 21:48:46 --> Table 'project_ysgj.tbl_comment' doesn't exist
in SYSTEMPATH/Database/MySQLi/Connection.php on line 295.
 1 SYSTEMPATH/Database/MySQLi/Connection.php(295): mysqli->query('SELECT tbl_post.*,user_name,user_photo,tbl_comment.*,COUNT(comment_id) AS comment_total,tbl_category.* FROM tbl_post 
			LEFT JOIN tbl_user ON post_user_id=user_id
			LEFT JOIN tbl_comment ON post_id=comment_post_id
			LEFT JOIN tbl_category ON post_category_id=category_id
			WHERE post_slug=\'pengumuman-yudisium-unusia-tahun-2024\' GROUP BY post_id LIMIT 1', 0)
 2 SYSTEMPATH/Database/BaseConnection.php(692): CodeIgniter\Database\MySQLi\Connection->execute('SELECT tbl_post.*,user_name,user_photo,tbl_comment.*,COUNT(comment_id) AS comment_total,tbl_category.* FROM tbl_post 
			LEFT JOIN tbl_user ON post_user_id=user_id
			LEFT JOIN tbl_comment ON post_id=comment_post_id
			LEFT JOIN tbl_category ON post_category_id=category_id
			WHERE post_slug=\'pengumuman-yudisium-unusia-tahun-2024\' GROUP BY post_id LIMIT 1')
 3 SYSTEMPATH/Database/BaseConnection.php(606): CodeIgniter\Database\BaseConnection->simpleQuery('SELECT tbl_post.*,user_name,user_photo,tbl_comment.*,COUNT(comment_id) AS comment_total,tbl_category.* FROM tbl_post 
			LEFT JOIN tbl_user ON post_user_id=user_id
			LEFT JOIN tbl_comment ON post_id=comment_post_id
			LEFT JOIN tbl_category ON post_category_id=category_id
			WHERE post_slug=\'pengumuman-yudisium-unusia-tahun-2024\' GROUP BY post_id LIMIT 1')
 4 APPPATH/Models/PostviewModel.php(22): CodeIgniter\Database\BaseConnection->query('SELECT tbl_post.*,user_name,user_photo,tbl_comment.*,COUNT(comment_id) AS comment_total,tbl_category.* FROM tbl_post 
			LEFT JOIN tbl_user ON post_user_id=user_id
			LEFT JOIN tbl_comment ON post_id=comment_post_id
			LEFT JOIN tbl_category ON post_category_id=category_id
			WHERE post_slug=\'pengumuman-yudisium-unusia-tahun-2024\' GROUP BY post_id LIMIT 1')
 5 APPPATH/Controllers/PostController.php(42): App\Models\PostviewModel->get_post_by_slug('pengumuman-yudisium-unusia-tahun-2024')
 6 SYSTEMPATH/CodeIgniter.php(932): App\Controllers\PostController->index('pengumuman-yudisium-unusia-tahun-2024')
 7 SYSTEMPATH/CodeIgniter.php(497): CodeIgniter\CodeIgniter->runController(Object(App\Controllers\PostController))
 8 SYSTEMPATH/CodeIgniter.php(366): CodeIgniter\CodeIgniter->handleRequest(null, Object(Config\Cache), false)
 9 FCPATH/index.php(67): CodeIgniter\CodeIgniter->run()
10 SYSTEMPATH/Commands/Server/rewrite.php(47): require_once('/Users/irchamali/Projects/ci/yayasan/public/index.php')
ERROR - 2025-02-26 21:50:30 --> mysqli_sql_exception: Table 'project_ysgj.tbl_comment' doesn't exist in /Users/irchamali/Projects/ci/yayasan/vendor/codeigniter4/framework/system/Database/MySQLi/Connection.php:295
Stack trace:
#0 /Users/irchamali/Projects/ci/yayasan/vendor/codeigniter4/framework/system/Database/MySQLi/Connection.php(295): mysqli->query('SELECT tbl_post...', 0)
#1 /Users/irchamali/Projects/ci/yayasan/vendor/codeigniter4/framework/system/Database/BaseConnection.php(692): CodeIgniter\Database\MySQLi\Connection->execute('SELECT tbl_post...')
#2 /Users/irchamali/Projects/ci/yayasan/vendor/codeigniter4/framework/system/Database/BaseConnection.php(606): CodeIgniter\Database\BaseConnection->simpleQuery('SELECT tbl_post...')
#3 /Users/irchamali/Projects/ci/yayasan/app/Models/PostviewModel.php(22): CodeIgniter\Database\BaseConnection->query('SELECT tbl_post...')
#4 /Users/irchamali/Projects/ci/yayasan/app/Controllers/PostController.php(42): App\Models\PostviewModel->get_post_by_slug('pengumuman-yudi...')
#5 /Users/irchamali/Projects/ci/yayasan/vendor/codeigniter4/framework/system/CodeIgniter.php(932): App\Controllers\PostController->index('pengumuman-yudi...')
#6 /Users/irchamali/Projects/ci/yayasan/vendor/codeigniter4/framework/system/CodeIgniter.php(497): CodeIgniter\CodeIgniter->runController(Object(App\Controllers\PostController))
#7 /Users/irchamali/Projects/ci/yayasan/vendor/codeigniter4/framework/system/CodeIgniter.php(366): CodeIgniter\CodeIgniter->handleRequest(NULL, Object(Config\Cache), false)
#8 /Users/irchamali/Projects/ci/yayasan/public/index.php(67): CodeIgniter\CodeIgniter->run()
#9 /Users/irchamali/Projects/ci/yayasan/vendor/codeigniter4/framework/system/Commands/Server/rewrite.php(47): require_once('/Users/irchamal...')
#10 {main}
CRITICAL - 2025-02-26 21:50:30 --> Table 'project_ysgj.tbl_comment' doesn't exist
in SYSTEMPATH/Database/MySQLi/Connection.php on line 295.
 1 SYSTEMPATH/Database/MySQLi/Connection.php(295): mysqli->query('SELECT tbl_post.*,user_name,user_photo,tbl_comment.*,COUNT(comment_id) AS comment_total,tbl_category.* FROM tbl_post 
			LEFT JOIN tbl_user ON post_user_id=user_id
			LEFT JOIN tbl_comment ON post_id=comment_post_id
			LEFT JOIN tbl_category ON post_category_id=category_id
			WHERE post_slug=\'pengumuman-yudisium-unusia-tahun-2024\' GROUP BY post_id LIMIT 1', 0)
 2 SYSTEMPATH/Database/BaseConnection.php(692): CodeIgniter\Database\MySQLi\Connection->execute('SELECT tbl_post.*,user_name,user_photo,tbl_comment.*,COUNT(comment_id) AS comment_total,tbl_category.* FROM tbl_post 
			LEFT JOIN tbl_user ON post_user_id=user_id
			LEFT JOIN tbl_comment ON post_id=comment_post_id
			LEFT JOIN tbl_category ON post_category_id=category_id
			WHERE post_slug=\'pengumuman-yudisium-unusia-tahun-2024\' GROUP BY post_id LIMIT 1')
 3 SYSTEMPATH/Database/BaseConnection.php(606): CodeIgniter\Database\BaseConnection->simpleQuery('SELECT tbl_post.*,user_name,user_photo,tbl_comment.*,COUNT(comment_id) AS comment_total,tbl_category.* FROM tbl_post 
			LEFT JOIN tbl_user ON post_user_id=user_id
			LEFT JOIN tbl_comment ON post_id=comment_post_id
			LEFT JOIN tbl_category ON post_category_id=category_id
			WHERE post_slug=\'pengumuman-yudisium-unusia-tahun-2024\' GROUP BY post_id LIMIT 1')
 4 APPPATH/Models/PostviewModel.php(22): CodeIgniter\Database\BaseConnection->query('SELECT tbl_post.*,user_name,user_photo,tbl_comment.*,COUNT(comment_id) AS comment_total,tbl_category.* FROM tbl_post 
			LEFT JOIN tbl_user ON post_user_id=user_id
			LEFT JOIN tbl_comment ON post_id=comment_post_id
			LEFT JOIN tbl_category ON post_category_id=category_id
			WHERE post_slug=\'pengumuman-yudisium-unusia-tahun-2024\' GROUP BY post_id LIMIT 1')
 5 APPPATH/Controllers/PostController.php(42): App\Models\PostviewModel->get_post_by_slug('pengumuman-yudisium-unusia-tahun-2024')
 6 SYSTEMPATH/CodeIgniter.php(932): App\Controllers\PostController->index('pengumuman-yudisium-unusia-tahun-2024')
 7 SYSTEMPATH/CodeIgniter.php(497): CodeIgniter\CodeIgniter->runController(Object(App\Controllers\PostController))
 8 SYSTEMPATH/CodeIgniter.php(366): CodeIgniter\CodeIgniter->handleRequest(null, Object(Config\Cache), false)
 9 FCPATH/index.php(67): CodeIgniter\CodeIgniter->run()
10 SYSTEMPATH/Commands/Server/rewrite.php(47): require_once('/Users/irchamali/Projects/ci/yayasan/public/index.php')
ERROR - 2025-02-26 21:52:42 --> mysqli_sql_exception: Unknown table 'user_photo' in /Users/irchamali/Projects/ci/yayasan/vendor/codeigniter4/framework/system/Database/MySQLi/Connection.php:295
Stack trace:
#0 /Users/irchamali/Projects/ci/yayasan/vendor/codeigniter4/framework/system/Database/MySQLi/Connection.php(295): mysqli->query('SELECT tbl_post...', 0)
#1 /Users/irchamali/Projects/ci/yayasan/vendor/codeigniter4/framework/system/Database/BaseConnection.php(692): CodeIgniter\Database\MySQLi\Connection->execute('SELECT tbl_post...')
#2 /Users/irchamali/Projects/ci/yayasan/vendor/codeigniter4/framework/system/Database/BaseConnection.php(606): CodeIgniter\Database\BaseConnection->simpleQuery('SELECT tbl_post...')
#3 /Users/irchamali/Projects/ci/yayasan/app/Models/PostviewModel.php(22): CodeIgniter\Database\BaseConnection->query('SELECT tbl_post...')
#4 /Users/irchamali/Projects/ci/yayasan/app/Controllers/PostController.php(42): App\Models\PostviewModel->get_post_by_slug('pengumuman-yudi...')
#5 /Users/irchamali/Projects/ci/yayasan/vendor/codeigniter4/framework/system/CodeIgniter.php(932): App\Controllers\PostController->index('pengumuman-yudi...')
#6 /Users/irchamali/Projects/ci/yayasan/vendor/codeigniter4/framework/system/CodeIgniter.php(497): CodeIgniter\CodeIgniter->runController(Object(App\Controllers\PostController))
#7 /Users/irchamali/Projects/ci/yayasan/vendor/codeigniter4/framework/system/CodeIgniter.php(366): CodeIgniter\CodeIgniter->handleRequest(NULL, Object(Config\Cache), false)
#8 /Users/irchamali/Projects/ci/yayasan/public/index.php(67): CodeIgniter\CodeIgniter->run()
#9 /Users/irchamali/Projects/ci/yayasan/vendor/codeigniter4/framework/system/Commands/Server/rewrite.php(47): require_once('/Users/irchamal...')
#10 {main}
CRITICAL - 2025-02-26 21:52:42 --> Unknown table 'user_photo'
in SYSTEMPATH/Database/MySQLi/Connection.php on line 295.
 1 SYSTEMPATH/Database/MySQLi/Connection.php(295): mysqli->query('SELECT tbl_post.*,user_name,user_photo.*,tbl_category.* FROM tbl_post 
			LEFT JOIN tbl_user ON post_user_id=user_id
			-- LEFT JOIN tbl_comment ON post_id=comment_post_id
			LEFT JOIN tbl_category ON post_category_id=category_id
			WHERE post_slug=\'pengumuman-yudisium-unusia-tahun-2024\' GROUP BY post_id LIMIT 1', 0)
 2 SYSTEMPATH/Database/BaseConnection.php(692): CodeIgniter\Database\MySQLi\Connection->execute('SELECT tbl_post.*,user_name,user_photo.*,tbl_category.* FROM tbl_post 
			LEFT JOIN tbl_user ON post_user_id=user_id
			-- LEFT JOIN tbl_comment ON post_id=comment_post_id
			LEFT JOIN tbl_category ON post_category_id=category_id
			WHERE post_slug=\'pengumuman-yudisium-unusia-tahun-2024\' GROUP BY post_id LIMIT 1')
 3 SYSTEMPATH/Database/BaseConnection.php(606): CodeIgniter\Database\BaseConnection->simpleQuery('SELECT tbl_post.*,user_name,user_photo.*,tbl_category.* FROM tbl_post 
			LEFT JOIN tbl_user ON post_user_id=user_id
			-- LEFT JOIN tbl_comment ON post_id=comment_post_id
			LEFT JOIN tbl_category ON post_category_id=category_id
			WHERE post_slug=\'pengumuman-yudisium-unusia-tahun-2024\' GROUP BY post_id LIMIT 1')
 4 APPPATH/Models/PostviewModel.php(22): CodeIgniter\Database\BaseConnection->query('SELECT tbl_post.*,user_name,user_photo.*,tbl_category.* FROM tbl_post 
			LEFT JOIN tbl_user ON post_user_id=user_id
			-- LEFT JOIN tbl_comment ON post_id=comment_post_id
			LEFT JOIN tbl_category ON post_category_id=category_id
			WHERE post_slug=\'pengumuman-yudisium-unusia-tahun-2024\' GROUP BY post_id LIMIT 1')
 5 APPPATH/Controllers/PostController.php(42): App\Models\PostviewModel->get_post_by_slug('pengumuman-yudisium-unusia-tahun-2024')
 6 SYSTEMPATH/CodeIgniter.php(932): App\Controllers\PostController->index('pengumuman-yudisium-unusia-tahun-2024')
 7 SYSTEMPATH/CodeIgniter.php(497): CodeIgniter\CodeIgniter->runController(Object(App\Controllers\PostController))
 8 SYSTEMPATH/CodeIgniter.php(366): CodeIgniter\CodeIgniter->handleRequest(null, Object(Config\Cache), false)
 9 FCPATH/index.php(67): CodeIgniter\CodeIgniter->run()
10 SYSTEMPATH/Commands/Server/rewrite.php(47): require_once('/Users/irchamali/Projects/ci/yayasan/public/index.php')
ERROR - 2025-02-26 21:53:36 --> mysqli_sql_exception: Unknown table 'user_name' in /Users/irchamali/Projects/ci/yayasan/vendor/codeigniter4/framework/system/Database/MySQLi/Connection.php:295
Stack trace:
#0 /Users/irchamali/Projects/ci/yayasan/vendor/codeigniter4/framework/system/Database/MySQLi/Connection.php(295): mysqli->query('SELECT tbl_post...', 0)
#1 /Users/irchamali/Projects/ci/yayasan/vendor/codeigniter4/framework/system/Database/BaseConnection.php(692): CodeIgniter\Database\MySQLi\Connection->execute('SELECT tbl_post...')
#2 /Users/irchamali/Projects/ci/yayasan/vendor/codeigniter4/framework/system/Database/BaseConnection.php(606): CodeIgniter\Database\BaseConnection->simpleQuery('SELECT tbl_post...')
#3 /Users/irchamali/Projects/ci/yayasan/app/Models/PostviewModel.php(22): CodeIgniter\Database\BaseConnection->query('SELECT tbl_post...')
#4 /Users/irchamali/Projects/ci/yayasan/app/Controllers/PostController.php(42): App\Models\PostviewModel->get_post_by_slug('pengumuman-yudi...')
#5 /Users/irchamali/Projects/ci/yayasan/vendor/codeigniter4/framework/system/CodeIgniter.php(932): App\Controllers\PostController->index('pengumuman-yudi...')
#6 /Users/irchamali/Projects/ci/yayasan/vendor/codeigniter4/framework/system/CodeIgniter.php(497): CodeIgniter\CodeIgniter->runController(Object(App\Controllers\PostController))
#7 /Users/irchamali/Projects/ci/yayasan/vendor/codeigniter4/framework/system/CodeIgniter.php(366): CodeIgniter\CodeIgniter->handleRequest(NULL, Object(Config\Cache), false)
#8 /Users/irchamali/Projects/ci/yayasan/public/index.php(67): CodeIgniter\CodeIgniter->run()
#9 /Users/irchamali/Projects/ci/yayasan/vendor/codeigniter4/framework/system/Commands/Server/rewrite.php(47): require_once('/Users/irchamal...')
#10 {main}
CRITICAL - 2025-02-26 21:53:36 --> Unknown table 'user_name'
in SYSTEMPATH/Database/MySQLi/Connection.php on line 295.
 1 SYSTEMPATH/Database/MySQLi/Connection.php(295): mysqli->query('SELECT tbl_post.*,user_name.*,tbl_category.* FROM tbl_post 
			LEFT JOIN tbl_user ON post_user_id=user_id
			-- LEFT JOIN tbl_comment ON post_id=comment_post_id
			LEFT JOIN tbl_category ON post_category_id=category_id
			WHERE post_slug=\'pengumuman-yudisium-unusia-tahun-2024\' GROUP BY post_id LIMIT 1', 0)
 2 SYSTEMPATH/Database/BaseConnection.php(692): CodeIgniter\Database\MySQLi\Connection->execute('SELECT tbl_post.*,user_name.*,tbl_category.* FROM tbl_post 
			LEFT JOIN tbl_user ON post_user_id=user_id
			-- LEFT JOIN tbl_comment ON post_id=comment_post_id
			LEFT JOIN tbl_category ON post_category_id=category_id
			WHERE post_slug=\'pengumuman-yudisium-unusia-tahun-2024\' GROUP BY post_id LIMIT 1')
 3 SYSTEMPATH/Database/BaseConnection.php(606): CodeIgniter\Database\BaseConnection->simpleQuery('SELECT tbl_post.*,user_name.*,tbl_category.* FROM tbl_post 
			LEFT JOIN tbl_user ON post_user_id=user_id
			-- LEFT JOIN tbl_comment ON post_id=comment_post_id
			LEFT JOIN tbl_category ON post_category_id=category_id
			WHERE post_slug=\'pengumuman-yudisium-unusia-tahun-2024\' GROUP BY post_id LIMIT 1')
 4 APPPATH/Models/PostviewModel.php(22): CodeIgniter\Database\BaseConnection->query('SELECT tbl_post.*,user_name.*,tbl_category.* FROM tbl_post 
			LEFT JOIN tbl_user ON post_user_id=user_id
			-- LEFT JOIN tbl_comment ON post_id=comment_post_id
			LEFT JOIN tbl_category ON post_category_id=category_id
			WHERE post_slug=\'pengumuman-yudisium-unusia-tahun-2024\' GROUP BY post_id LIMIT 1')
 5 APPPATH/Controllers/PostController.php(42): App\Models\PostviewModel->get_post_by_slug('pengumuman-yudisium-unusia-tahun-2024')
 6 SYSTEMPATH/CodeIgniter.php(932): App\Controllers\PostController->index('pengumuman-yudisium-unusia-tahun-2024')
 7 SYSTEMPATH/CodeIgniter.php(497): CodeIgniter\CodeIgniter->runController(Object(App\Controllers\PostController))
 8 SYSTEMPATH/CodeIgniter.php(366): CodeIgniter\CodeIgniter->handleRequest(null, Object(Config\Cache), false)
 9 FCPATH/index.php(67): CodeIgniter\CodeIgniter->run()
10 SYSTEMPATH/Commands/Server/rewrite.php(47): require_once('/Users/irchamali/Projects/ci/yayasan/public/index.php')
CRITICAL - 2025-02-26 21:53:50 --> Undefined index: user_name
in APPPATH/Views/posts/post_detail.php on line 21.
 1 APPPATH/Views/posts/post_detail.php(21): CodeIgniter\Debug\Exceptions->errorHandler(8, 'Undefined index: user_name', '/Users/irchamali/Projects/ci/yayasan/app/Views/posts/post_detail.php', 21, [...])
 2 SYSTEMPATH/View/View.php(224): include('/Users/irchamali/Projects/ci/yayasan/app/Views/posts/post_detail.php')
 3 SYSTEMPATH/View/View.php(227): CodeIgniter\View\View->CodeIgniter\View\{closure}()
 4 SYSTEMPATH/Common.php(1180): CodeIgniter\View\View->render('posts/post_detail', [], true)
 5 APPPATH/Controllers/PostController.php(67): view('posts/post_detail', [...])
 6 SYSTEMPATH/CodeIgniter.php(932): App\Controllers\PostController->index('pengumuman-yudisium-unusia-tahun-2024')
 7 SYSTEMPATH/CodeIgniter.php(497): CodeIgniter\CodeIgniter->runController(Object(App\Controllers\PostController))
 8 SYSTEMPATH/CodeIgniter.php(366): CodeIgniter\CodeIgniter->handleRequest(null, Object(Config\Cache), false)
 9 FCPATH/index.php(67): CodeIgniter\CodeIgniter->run()
10 SYSTEMPATH/Commands/Server/rewrite.php(47): require_once('/Users/irchamali/Projects/ci/yayasan/public/index.php')
ERROR - 2025-02-26 21:55:32 --> mysqli_sql_exception: Unknown table 'user_photo' in /Users/irchamali/Projects/ci/yayasan/vendor/codeigniter4/framework/system/Database/MySQLi/Connection.php:295
Stack trace:
#0 /Users/irchamali/Projects/ci/yayasan/vendor/codeigniter4/framework/system/Database/MySQLi/Connection.php(295): mysqli->query('SELECT tbl_post...', 0)
#1 /Users/irchamali/Projects/ci/yayasan/vendor/codeigniter4/framework/system/Database/BaseConnection.php(692): CodeIgniter\Database\MySQLi\Connection->execute('SELECT tbl_post...')
#2 /Users/irchamali/Projects/ci/yayasan/vendor/codeigniter4/framework/system/Database/BaseConnection.php(606): CodeIgniter\Database\BaseConnection->simpleQuery('SELECT tbl_post...')
#3 /Users/irchamali/Projects/ci/yayasan/app/Models/PostviewModel.php(22): CodeIgniter\Database\BaseConnection->query('SELECT tbl_post...')
#4 /Users/irchamali/Projects/ci/yayasan/app/Controllers/PostController.php(42): App\Models\PostviewModel->get_post_by_slug('pengumuman-yudi...')
#5 /Users/irchamali/Projects/ci/yayasan/vendor/codeigniter4/framework/system/CodeIgniter.php(932): App\Controllers\PostController->index('pengumuman-yudi...')
#6 /Users/irchamali/Projects/ci/yayasan/vendor/codeigniter4/framework/system/CodeIgniter.php(497): CodeIgniter\CodeIgniter->runController(Object(App\Controllers\PostController))
#7 /Users/irchamali/Projects/ci/yayasan/vendor/codeigniter4/framework/system/CodeIgniter.php(366): CodeIgniter\CodeIgniter->handleRequest(NULL, Object(Config\Cache), false)
#8 /Users/irchamali/Projects/ci/yayasan/public/index.php(67): CodeIgniter\CodeIgniter->run()
#9 /Users/irchamali/Projects/ci/yayasan/vendor/codeigniter4/framework/system/Commands/Server/rewrite.php(47): require_once('/Users/irchamal...')
#10 {main}
CRITICAL - 2025-02-26 21:55:32 --> Unknown table 'user_photo'
in SYSTEMPATH/Database/MySQLi/Connection.php on line 295.
 1 SYSTEMPATH/Database/MySQLi/Connection.php(295): mysqli->query('SELECT tbl_post.*,user_name,user_photo.*,COUNT(comment_id) AS comment_total,tbl_category.* FROM tbl_post 
			LEFT JOIN tbl_user ON post_user_id=user_id
			-- LEFT JOIN tbl_comment ON post_id=comment_post_id
			LEFT JOIN tbl_category ON post_category_id=category_id
			WHERE post_slug=\'pengumuman-yudisium-unusia-tahun-2024\' GROUP BY post_id LIMIT 1', 0)
 2 SYSTEMPATH/Database/BaseConnection.php(692): CodeIgniter\Database\MySQLi\Connection->execute('SELECT tbl_post.*,user_name,user_photo.*,COUNT(comment_id) AS comment_total,tbl_category.* FROM tbl_post 
			LEFT JOIN tbl_user ON post_user_id=user_id
			-- LEFT JOIN tbl_comment ON post_id=comment_post_id
			LEFT JOIN tbl_category ON post_category_id=category_id
			WHERE post_slug=\'pengumuman-yudisium-unusia-tahun-2024\' GROUP BY post_id LIMIT 1')
 3 SYSTEMPATH/Database/BaseConnection.php(606): CodeIgniter\Database\BaseConnection->simpleQuery('SELECT tbl_post.*,user_name,user_photo.*,COUNT(comment_id) AS comment_total,tbl_category.* FROM tbl_post 
			LEFT JOIN tbl_user ON post_user_id=user_id
			-- LEFT JOIN tbl_comment ON post_id=comment_post_id
			LEFT JOIN tbl_category ON post_category_id=category_id
			WHERE post_slug=\'pengumuman-yudisium-unusia-tahun-2024\' GROUP BY post_id LIMIT 1')
 4 APPPATH/Models/PostviewModel.php(22): CodeIgniter\Database\BaseConnection->query('SELECT tbl_post.*,user_name,user_photo.*,COUNT(comment_id) AS comment_total,tbl_category.* FROM tbl_post 
			LEFT JOIN tbl_user ON post_user_id=user_id
			-- LEFT JOIN tbl_comment ON post_id=comment_post_id
			LEFT JOIN tbl_category ON post_category_id=category_id
			WHERE post_slug=\'pengumuman-yudisium-unusia-tahun-2024\' GROUP BY post_id LIMIT 1')
 5 APPPATH/Controllers/PostController.php(42): App\Models\PostviewModel->get_post_by_slug('pengumuman-yudisium-unusia-tahun-2024')
 6 SYSTEMPATH/CodeIgniter.php(932): App\Controllers\PostController->index('pengumuman-yudisium-unusia-tahun-2024')
 7 SYSTEMPATH/CodeIgniter.php(497): CodeIgniter\CodeIgniter->runController(Object(App\Controllers\PostController))
 8 SYSTEMPATH/CodeIgniter.php(366): CodeIgniter\CodeIgniter->handleRequest(null, Object(Config\Cache), false)
 9 FCPATH/index.php(67): CodeIgniter\CodeIgniter->run()
10 SYSTEMPATH/Commands/Server/rewrite.php(47): require_once('/Users/irchamali/Projects/ci/yayasan/public/index.php')
ERROR - 2025-02-26 21:59:38 --> mysqli_sql_exception: Table 'project_ysgj.tbl_comment' doesn't exist in /Users/irchamali/Projects/ci/yayasan/vendor/codeigniter4/framework/system/Database/MySQLi/Connection.php:295
Stack trace:
#0 /Users/irchamali/Projects/ci/yayasan/vendor/codeigniter4/framework/system/Database/MySQLi/Connection.php(295): mysqli->query('SELECT tbl_post...', 0)
#1 /Users/irchamali/Projects/ci/yayasan/vendor/codeigniter4/framework/system/Database/BaseConnection.php(692): CodeIgniter\Database\MySQLi\Connection->execute('SELECT tbl_post...')
#2 /Users/irchamali/Projects/ci/yayasan/vendor/codeigniter4/framework/system/Database/BaseConnection.php(606): CodeIgniter\Database\BaseConnection->simpleQuery('SELECT tbl_post...')
#3 /Users/irchamali/Projects/ci/yayasan/app/Models/PostviewModel.php(22): CodeIgniter\Database\BaseConnection->query('SELECT tbl_post...')
#4 /Users/irchamali/Projects/ci/yayasan/app/Controllers/PostController.php(42): App\Models\PostviewModel->get_post_by_slug('pengumuman-yudi...')
#5 /Users/irchamali/Projects/ci/yayasan/vendor/codeigniter4/framework/system/CodeIgniter.php(932): App\Controllers\PostController->index('pengumuman-yudi...')
#6 /Users/irchamali/Projects/ci/yayasan/vendor/codeigniter4/framework/system/CodeIgniter.php(497): CodeIgniter\CodeIgniter->runController(Object(App\Controllers\PostController))
#7 /Users/irchamali/Projects/ci/yayasan/vendor/codeigniter4/framework/system/CodeIgniter.php(366): CodeIgniter\CodeIgniter->handleRequest(NULL, Object(Config\Cache), false)
#8 /Users/irchamali/Projects/ci/yayasan/public/index.php(67): CodeIgniter\CodeIgniter->run()
#9 /Users/irchamali/Projects/ci/yayasan/vendor/codeigniter4/framework/system/Commands/Server/rewrite.php(47): require_once('/Users/irchamal...')
#10 {main}
CRITICAL - 2025-02-26 21:59:38 --> Table 'project_ysgj.tbl_comment' doesn't exist
in SYSTEMPATH/Database/MySQLi/Connection.php on line 295.
 1 SYSTEMPATH/Database/MySQLi/Connection.php(295): mysqli->query('SELECT tbl_post.*,user_name,user_photo.*,COUNT(comment_id) AS comment_total,tbl_category.* FROM tbl_post 
			LEFT JOIN tbl_user ON post_user_id=user_id
			LEFT JOIN tbl_comment ON post_id=comment_post_id
			LEFT JOIN tbl_category ON post_category_id=category_id
			WHERE post_slug=\'pengumuman-yudisium-unusia-tahun-2024\' GROUP BY post_id LIMIT 1', 0)
 2 SYSTEMPATH/Database/BaseConnection.php(692): CodeIgniter\Database\MySQLi\Connection->execute('SELECT tbl_post.*,user_name,user_photo.*,COUNT(comment_id) AS comment_total,tbl_category.* FROM tbl_post 
			LEFT JOIN tbl_user ON post_user_id=user_id
			LEFT JOIN tbl_comment ON post_id=comment_post_id
			LEFT JOIN tbl_category ON post_category_id=category_id
			WHERE post_slug=\'pengumuman-yudisium-unusia-tahun-2024\' GROUP BY post_id LIMIT 1')
 3 SYSTEMPATH/Database/BaseConnection.php(606): CodeIgniter\Database\BaseConnection->simpleQuery('SELECT tbl_post.*,user_name,user_photo.*,COUNT(comment_id) AS comment_total,tbl_category.* FROM tbl_post 
			LEFT JOIN tbl_user ON post_user_id=user_id
			LEFT JOIN tbl_comment ON post_id=comment_post_id
			LEFT JOIN tbl_category ON post_category_id=category_id
			WHERE post_slug=\'pengumuman-yudisium-unusia-tahun-2024\' GROUP BY post_id LIMIT 1')
 4 APPPATH/Models/PostviewModel.php(22): CodeIgniter\Database\BaseConnection->query('SELECT tbl_post.*,user_name,user_photo.*,COUNT(comment_id) AS comment_total,tbl_category.* FROM tbl_post 
			LEFT JOIN tbl_user ON post_user_id=user_id
			LEFT JOIN tbl_comment ON post_id=comment_post_id
			LEFT JOIN tbl_category ON post_category_id=category_id
			WHERE post_slug=\'pengumuman-yudisium-unusia-tahun-2024\' GROUP BY post_id LIMIT 1')
 5 APPPATH/Controllers/PostController.php(42): App\Models\PostviewModel->get_post_by_slug('pengumuman-yudisium-unusia-tahun-2024')
 6 SYSTEMPATH/CodeIgniter.php(932): App\Controllers\PostController->index('pengumuman-yudisium-unusia-tahun-2024')
 7 SYSTEMPATH/CodeIgniter.php(497): CodeIgniter\CodeIgniter->runController(Object(App\Controllers\PostController))
 8 SYSTEMPATH/CodeIgniter.php(366): CodeIgniter\CodeIgniter->handleRequest(null, Object(Config\Cache), false)
 9 FCPATH/index.php(67): CodeIgniter\CodeIgniter->run()
10 SYSTEMPATH/Commands/Server/rewrite.php(47): require_once('/Users/irchamali/Projects/ci/yayasan/public/index.php')
ERROR - 2025-02-26 23:16:31 --> mysqli_sql_exception: Expression #1 of SELECT list is not in GROUP BY clause and contains nonaggregated column 'project_ysgj.tbl_visitors.visit_date' which is not functionally dependent on columns in GROUP BY clause; this is incompatible with sql_mode=only_full_group_by in /Users/irchamali/Projects/ci/yayasan/vendor/codeigniter4/framework/system/Database/MySQLi/Connection.php:295
Stack trace:
#0 /Users/irchamali/Projects/ci/yayasan/vendor/codeigniter4/framework/system/Database/MySQLi/Connection.php(295): mysqli->query('SELECT DATE_FOR...', 0)
#1 /Users/irchamali/Projects/ci/yayasan/vendor/codeigniter4/framework/system/Database/BaseConnection.php(692): CodeIgniter\Database\MySQLi\Connection->execute('SELECT DATE_FOR...')
#2 /Users/irchamali/Projects/ci/yayasan/vendor/codeigniter4/framework/system/Database/BaseConnection.php(606): CodeIgniter\Database\BaseConnection->simpleQuery('SELECT DATE_FOR...')
#3 /Users/irchamali/Projects/ci/yayasan/app/Models/VisitorModel.php(23): CodeIgniter\Database\BaseConnection->query('SELECT DATE_FOR...')
#4 /Users/irchamali/Projects/ci/yayasan/app/Controllers/Admin/AdminController.php(21): App\Models\VisitorModel->visitor_statistics()
#5 /Users/irchamali/Projects/ci/yayasan/vendor/codeigniter4/framework/system/CodeIgniter.php(932): App\Controllers\Admin\AdminController->index()
#6 /Users/irchamali/Projects/ci/yayasan/vendor/codeigniter4/framework/system/CodeIgniter.php(497): CodeIgniter\CodeIgniter->runController(Object(App\Controllers\Admin\AdminController))
#7 /Users/irchamali/Projects/ci/yayasan/vendor/codeigniter4/framework/system/CodeIgniter.php(366): CodeIgniter\CodeIgniter->handleRequest(NULL, Object(Config\Cache), false)
#8 /Users/irchamali/Projects/ci/yayasan/public/index.php(67): CodeIgniter\CodeIgniter->run()
#9 /Users/irchamali/Projects/ci/yayasan/vendor/codeigniter4/framework/system/Commands/Server/rewrite.php(47): require_once('/Users/irchamal...')
#10 {main}
CRITICAL - 2025-02-26 23:16:31 --> Expression #1 of SELECT list is not in GROUP BY clause and contains nonaggregated column 'project_ysgj.tbl_visitors.visit_date' which is not functionally dependent on columns in GROUP BY clause; this is incompatible with sql_mode=only_full_group_by
in SYSTEMPATH/Database/MySQLi/Connection.php on line 295.
 1 SYSTEMPATH/Database/MySQLi/Connection.php(295): mysqli->query('SELECT DATE_FORMAT(visit_date,\'%d\') AS tgl,COUNT(visit_ip) AS jumlah FROM tbl_visitors WHERE MONTH(visit_date)=MONTH(CURDATE()) GROUP BY DATE(visit_date)', 0)
 2 SYSTEMPATH/Database/BaseConnection.php(692): CodeIgniter\Database\MySQLi\Connection->execute('SELECT DATE_FORMAT(visit_date,\'%d\') AS tgl,COUNT(visit_ip) AS jumlah FROM tbl_visitors WHERE MONTH(visit_date)=MONTH(CURDATE()) GROUP BY DATE(visit_date)')
 3 SYSTEMPATH/Database/BaseConnection.php(606): CodeIgniter\Database\BaseConnection->simpleQuery('SELECT DATE_FORMAT(visit_date,\'%d\') AS tgl,COUNT(visit_ip) AS jumlah FROM tbl_visitors WHERE MONTH(visit_date)=MONTH(CURDATE()) GROUP BY DATE(visit_date)')
 4 APPPATH/Models/VisitorModel.php(23): CodeIgniter\Database\BaseConnection->query('SELECT DATE_FORMAT(visit_date,\'%d\') AS tgl,COUNT(visit_ip) AS jumlah FROM tbl_visitors WHERE MONTH(visit_date)=MONTH(CURDATE()) GROUP BY DATE(visit_date)')
 5 APPPATH/Controllers/Admin/AdminController.php(21): App\Models\VisitorModel->visitor_statistics()
 6 SYSTEMPATH/CodeIgniter.php(932): App\Controllers\Admin\AdminController->index()
 7 SYSTEMPATH/CodeIgniter.php(497): CodeIgniter\CodeIgniter->runController(Object(App\Controllers\Admin\AdminController))
 8 SYSTEMPATH/CodeIgniter.php(366): CodeIgniter\CodeIgniter->handleRequest(null, Object(Config\Cache), false)
 9 FCPATH/index.php(67): CodeIgniter\CodeIgniter->run()
10 SYSTEMPATH/Commands/Server/rewrite.php(47): require_once('/Users/irchamali/Projects/ci/yayasan/public/index.php')
ERROR - 2025-02-26 23:17:29 --> mysqli_sql_exception: Expression #1 of SELECT list is not in GROUP BY clause and contains nonaggregated column 'project_ysgj.tbl_visitors.visit_date' which is not functionally dependent on columns in GROUP BY clause; this is incompatible with sql_mode=only_full_group_by in /Users/irchamali/Projects/ci/yayasan/vendor/codeigniter4/framework/system/Database/MySQLi/Connection.php:295
Stack trace:
#0 /Users/irchamali/Projects/ci/yayasan/vendor/codeigniter4/framework/system/Database/MySQLi/Connection.php(295): mysqli->query('SELECT DATE_FOR...', 0)
#1 /Users/irchamali/Projects/ci/yayasan/vendor/codeigniter4/framework/system/Database/BaseConnection.php(692): CodeIgniter\Database\MySQLi\Connection->execute('SELECT DATE_FOR...')
#2 /Users/irchamali/Projects/ci/yayasan/vendor/codeigniter4/framework/system/Database/BaseConnection.php(606): CodeIgniter\Database\BaseConnection->simpleQuery('SELECT DATE_FOR...')
#3 /Users/irchamali/Projects/ci/yayasan/app/Models/VisitorModel.php(23): CodeIgniter\Database\BaseConnection->query('SELECT DATE_FOR...')
#4 /Users/irchamali/Projects/ci/yayasan/app/Controllers/Admin/AdminController.php(21): App\Models\VisitorModel->visitor_statistics()
#5 /Users/irchamali/Projects/ci/yayasan/vendor/codeigniter4/framework/system/CodeIgniter.php(932): App\Controllers\Admin\AdminController->index()
#6 /Users/irchamali/Projects/ci/yayasan/vendor/codeigniter4/framework/system/CodeIgniter.php(497): CodeIgniter\CodeIgniter->runController(Object(App\Controllers\Admin\AdminController))
#7 /Users/irchamali/Projects/ci/yayasan/vendor/codeigniter4/framework/system/CodeIgniter.php(366): CodeIgniter\CodeIgniter->handleRequest(NULL, Object(Config\Cache), false)
#8 /Users/irchamali/Projects/ci/yayasan/public/index.php(67): CodeIgniter\CodeIgniter->run()
#9 /Users/irchamali/Projects/ci/yayasan/vendor/codeigniter4/framework/system/Commands/Server/rewrite.php(47): require_once('/Users/irchamal...')
#10 {main}
CRITICAL - 2025-02-26 23:17:29 --> Expression #1 of SELECT list is not in GROUP BY clause and contains nonaggregated column 'project_ysgj.tbl_visitors.visit_date' which is not functionally dependent on columns in GROUP BY clause; this is incompatible with sql_mode=only_full_group_by
in SYSTEMPATH/Database/MySQLi/Connection.php on line 295.
 1 SYSTEMPATH/Database/MySQLi/Connection.php(295): mysqli->query('SELECT DATE_FORMAT(visit_date,\'%d\') AS tgl,COUNT(visit_ip) AS jumlah FROM tbl_visitors WHERE MONTH(visit_date)=MONTH(CURDATE()) GROUP BY DATE(visit_date)', 0)
 2 SYSTEMPATH/Database/BaseConnection.php(692): CodeIgniter\Database\MySQLi\Connection->execute('SELECT DATE_FORMAT(visit_date,\'%d\') AS tgl,COUNT(visit_ip) AS jumlah FROM tbl_visitors WHERE MONTH(visit_date)=MONTH(CURDATE()) GROUP BY DATE(visit_date)')
 3 SYSTEMPATH/Database/BaseConnection.php(606): CodeIgniter\Database\BaseConnection->simpleQuery('SELECT DATE_FORMAT(visit_date,\'%d\') AS tgl,COUNT(visit_ip) AS jumlah FROM tbl_visitors WHERE MONTH(visit_date)=MONTH(CURDATE()) GROUP BY DATE(visit_date)')
 4 APPPATH/Models/VisitorModel.php(23): CodeIgniter\Database\BaseConnection->query('SELECT DATE_FORMAT(visit_date,\'%d\') AS tgl,COUNT(visit_ip) AS jumlah FROM tbl_visitors WHERE MONTH(visit_date)=MONTH(CURDATE()) GROUP BY DATE(visit_date)')
 5 APPPATH/Controllers/Admin/AdminController.php(21): App\Models\VisitorModel->visitor_statistics()
 6 SYSTEMPATH/CodeIgniter.php(932): App\Controllers\Admin\AdminController->index()
 7 SYSTEMPATH/CodeIgniter.php(497): CodeIgniter\CodeIgniter->runController(Object(App\Controllers\Admin\AdminController))
 8 SYSTEMPATH/CodeIgniter.php(366): CodeIgniter\CodeIgniter->handleRequest(null, Object(Config\Cache), false)
 9 FCPATH/index.php(67): CodeIgniter\CodeIgniter->run()
10 SYSTEMPATH/Commands/Server/rewrite.php(47): require_once('/Users/irchamali/Projects/ci/yayasan/public/index.php')
CRITICAL - 2025-02-26 23:29:11 --> Invalid argument supplied for foreach()
in APPPATH/Controllers/Admin/AdminController.php on line 22.
 1 APPPATH/Controllers/Admin/AdminController.php(22): CodeIgniter\Debug\Exceptions->errorHandler(2, 'Invalid argument supplied for foreach()', '/Users/irchamali/Projects/ci/yayasan/app/Controllers/Admin/AdminController.php', 22, [...])
 2 SYSTEMPATH/CodeIgniter.php(932): App\Controllers\Admin\AdminController->index()
 3 SYSTEMPATH/CodeIgniter.php(497): CodeIgniter\CodeIgniter->runController(Object(App\Controllers\Admin\AdminController))
 4 SYSTEMPATH/CodeIgniter.php(366): CodeIgniter\CodeIgniter->handleRequest(null, Object(Config\Cache), false)
 5 FCPATH/index.php(67): CodeIgniter\CodeIgniter->run()
 6 SYSTEMPATH/Commands/Server/rewrite.php(47): require_once('/Users/irchamali/Projects/ci/yayasan/public/index.php')
CRITICAL - 2025-02-26 23:33:06 --> Call to a member function getNumRows() on string
in APPPATH/Controllers/Admin/AdminController.php on line 36.
 1 SYSTEMPATH/CodeIgniter.php(932): App\Controllers\Admin\AdminController->index()
 2 SYSTEMPATH/CodeIgniter.php(497): CodeIgniter\CodeIgniter->runController(Object(App\Controllers\Admin\AdminController))
 3 SYSTEMPATH/CodeIgniter.php(366): CodeIgniter\CodeIgniter->handleRequest(null, Object(Config\Cache), false)
 4 FCPATH/index.php(67): CodeIgniter\CodeIgniter->run()
 5 SYSTEMPATH/Commands/Server/rewrite.php(47): require_once('/Users/irchamali/Projects/ci/yayasan/public/index.php')
ERROR - 2025-02-26 23:35:54 --> mysqli_sql_exception: Table 'project_ysgj.visitor' doesn't exist in /Users/irchamali/Projects/ci/yayasan/vendor/codeigniter4/framework/system/Database/MySQLi/Connection.php:295
Stack trace:
#0 /Users/irchamali/Projects/ci/yayasan/vendor/codeigniter4/framework/system/Database/MySQLi/Connection.php(295): mysqli->query('SELECT COUNT(id...', 0)
#1 /Users/irchamali/Projects/ci/yayasan/vendor/codeigniter4/framework/system/Database/BaseConnection.php(692): CodeIgniter\Database\MySQLi\Connection->execute('SELECT COUNT(id...')
#2 /Users/irchamali/Projects/ci/yayasan/vendor/codeigniter4/framework/system/Database/BaseConnection.php(606): CodeIgniter\Database\BaseConnection->simpleQuery('SELECT COUNT(id...')
#3 /Users/irchamali/Projects/ci/yayasan/vendor/codeigniter4/framework/system/Database/BaseBuilder.php(1616): CodeIgniter\Database\BaseConnection->query('SELECT COUNT(id...', Array, false)
#4 /Users/irchamali/Projects/ci/yayasan/app/Models/VisitorModel.php(87): CodeIgniter\Database\BaseBuilder->get()
#5 /Users/irchamali/Projects/ci/yayasan/app/Controllers/Admin/AdminController.php(33): App\Models\VisitorModel->count_visitor_this_month()
#6 /Users/irchamali/Projects/ci/yayasan/vendor/codeigniter4/framework/system/CodeIgniter.php(932): App\Controllers\Admin\AdminController->index()
#7 /Users/irchamali/Projects/ci/yayasan/vendor/codeigniter4/framework/system/CodeIgniter.php(497): CodeIgniter\CodeIgniter->runController(Object(App\Controllers\Admin\AdminController))
#8 /Users/irchamali/Projects/ci/yayasan/vendor/codeigniter4/framework/system/CodeIgniter.php(366): CodeIgniter\CodeIgniter->handleRequest(NULL, Object(Config\Cache), false)
#9 /Users/irchamali/Projects/ci/yayasan/public/index.php(67): CodeIgniter\CodeIgniter->run()
#10 /Users/irchamali/Projects/ci/yayasan/vendor/codeigniter4/framework/system/Commands/Server/rewrite.php(47): require_once('/Users/irchamal...')
#11 {main}
CRITICAL - 2025-02-26 23:35:54 --> Table 'project_ysgj.visitor' doesn't exist
in SYSTEMPATH/Database/MySQLi/Connection.php on line 295.
 1 SYSTEMPATH/Database/MySQLi/Connection.php(295): mysqli->query('SELECT COUNT(id) as tot_visitor
FROM `visitor`
WHERE MONTH(tgl) = \'02\'
AND YEAR(tgl) = \'2025\'', 0)
 2 SYSTEMPATH/Database/BaseConnection.php(692): CodeIgniter\Database\MySQLi\Connection->execute('SELECT COUNT(id) as tot_visitor
FROM `visitor`
WHERE MONTH(tgl) = \'02\'
AND YEAR(tgl) = \'2025\'')
 3 SYSTEMPATH/Database/BaseConnection.php(606): CodeIgniter\Database\BaseConnection->simpleQuery('SELECT COUNT(id) as tot_visitor
FROM `visitor`
WHERE MONTH(tgl) = \'02\'
AND YEAR(tgl) = \'2025\'')
 4 SYSTEMPATH/Database/BaseBuilder.php(1616): CodeIgniter\Database\BaseConnection->query('SELECT COUNT(id) as tot_visitor
FROM `visitor`
WHERE MONTH(tgl) = :MONTH(tgl):
AND YEAR(tgl) = :YEAR(tgl):', [...], false)
 5 APPPATH/Models/VisitorModel.php(87): CodeIgniter\Database\BaseBuilder->get()
 6 APPPATH/Controllers/Admin/AdminController.php(33): App\Models\VisitorModel->count_visitor_this_month()
 7 SYSTEMPATH/CodeIgniter.php(932): App\Controllers\Admin\AdminController->index()
 8 SYSTEMPATH/CodeIgniter.php(497): CodeIgniter\CodeIgniter->runController(Object(App\Controllers\Admin\AdminController))
 9 SYSTEMPATH/CodeIgniter.php(366): CodeIgniter\CodeIgniter->handleRequest(null, Object(Config\Cache), false)
10 FCPATH/index.php(67): CodeIgniter\CodeIgniter->run()
11 SYSTEMPATH/Commands/Server/rewrite.php(47): require_once('/Users/irchamali/Projects/ci/yayasan/public/index.php')
ERROR - 2025-02-26 23:36:25 --> mysqli_sql_exception: Unknown column 'id' in 'field list' in /Users/irchamali/Projects/ci/yayasan/vendor/codeigniter4/framework/system/Database/MySQLi/Connection.php:295
Stack trace:
#0 /Users/irchamali/Projects/ci/yayasan/vendor/codeigniter4/framework/system/Database/MySQLi/Connection.php(295): mysqli->query('SELECT COUNT(id...', 0)
#1 /Users/irchamali/Projects/ci/yayasan/vendor/codeigniter4/framework/system/Database/BaseConnection.php(692): CodeIgniter\Database\MySQLi\Connection->execute('SELECT COUNT(id...')
#2 /Users/irchamali/Projects/ci/yayasan/vendor/codeigniter4/framework/system/Database/BaseConnection.php(606): CodeIgniter\Database\BaseConnection->simpleQuery('SELECT COUNT(id...')
#3 /Users/irchamali/Projects/ci/yayasan/vendor/codeigniter4/framework/system/Database/BaseBuilder.php(1616): CodeIgniter\Database\BaseConnection->query('SELECT COUNT(id...', Array, false)
#4 /Users/irchamali/Projects/ci/yayasan/app/Models/VisitorModel.php(87): CodeIgniter\Database\BaseBuilder->get()
#5 /Users/irchamali/Projects/ci/yayasan/app/Controllers/Admin/AdminController.php(33): App\Models\VisitorModel->count_visitor_this_month()
#6 /Users/irchamali/Projects/ci/yayasan/vendor/codeigniter4/framework/system/CodeIgniter.php(932): App\Controllers\Admin\AdminController->index()
#7 /Users/irchamali/Projects/ci/yayasan/vendor/codeigniter4/framework/system/CodeIgniter.php(497): CodeIgniter\CodeIgniter->runController(Object(App\Controllers\Admin\AdminController))
#8 /Users/irchamali/Projects/ci/yayasan/vendor/codeigniter4/framework/system/CodeIgniter.php(366): CodeIgniter\CodeIgniter->handleRequest(NULL, Object(Config\Cache), false)
#9 /Users/irchamali/Projects/ci/yayasan/public/index.php(67): CodeIgniter\CodeIgniter->run()
#10 /Users/irchamali/Projects/ci/yayasan/vendor/codeigniter4/framework/system/Commands/Server/rewrite.php(47): require_once('/Users/irchamal...')
#11 {main}
CRITICAL - 2025-02-26 23:36:25 --> Unknown column 'id' in 'field list'
in SYSTEMPATH/Database/MySQLi/Connection.php on line 295.
 1 SYSTEMPATH/Database/MySQLi/Connection.php(295): mysqli->query('SELECT COUNT(id) as tot_visitor
FROM `tbl_visitors`
WHERE MONTH(tgl) = \'02\'
AND YEAR(tgl) = \'2025\'', 0)
 2 SYSTEMPATH/Database/BaseConnection.php(692): CodeIgniter\Database\MySQLi\Connection->execute('SELECT COUNT(id) as tot_visitor
FROM `tbl_visitors`
WHERE MONTH(tgl) = \'02\'
AND YEAR(tgl) = \'2025\'')
 3 SYSTEMPATH/Database/BaseConnection.php(606): CodeIgniter\Database\BaseConnection->simpleQuery('SELECT COUNT(id) as tot_visitor
FROM `tbl_visitors`
WHERE MONTH(tgl) = \'02\'
AND YEAR(tgl) = \'2025\'')
 4 SYSTEMPATH/Database/BaseBuilder.php(1616): CodeIgniter\Database\BaseConnection->query('SELECT COUNT(id) as tot_visitor
FROM `tbl_visitors`
WHERE MONTH(tgl) = :MONTH(tgl):
AND YEAR(tgl) = :YEAR(tgl):', [...], false)
 5 APPPATH/Models/VisitorModel.php(87): CodeIgniter\Database\BaseBuilder->get()
 6 APPPATH/Controllers/Admin/AdminController.php(33): App\Models\VisitorModel->count_visitor_this_month()
 7 SYSTEMPATH/CodeIgniter.php(932): App\Controllers\Admin\AdminController->index()
 8 SYSTEMPATH/CodeIgniter.php(497): CodeIgniter\CodeIgniter->runController(Object(App\Controllers\Admin\AdminController))
 9 SYSTEMPATH/CodeIgniter.php(366): CodeIgniter\CodeIgniter->handleRequest(null, Object(Config\Cache), false)
10 FCPATH/index.php(67): CodeIgniter\CodeIgniter->run()
11 SYSTEMPATH/Commands/Server/rewrite.php(47): require_once('/Users/irchamali/Projects/ci/yayasan/public/index.php')
ERROR - 2025-02-26 23:37:04 --> mysqli_sql_exception: Unknown column 'tgl' in 'where clause' in /Users/irchamali/Projects/ci/yayasan/vendor/codeigniter4/framework/system/Database/MySQLi/Connection.php:295
Stack trace:
#0 /Users/irchamali/Projects/ci/yayasan/vendor/codeigniter4/framework/system/Database/MySQLi/Connection.php(295): mysqli->query('SELECT COUNT(vi...', 0)
#1 /Users/irchamali/Projects/ci/yayasan/vendor/codeigniter4/framework/system/Database/BaseConnection.php(692): CodeIgniter\Database\MySQLi\Connection->execute('SELECT COUNT(vi...')
#2 /Users/irchamali/Projects/ci/yayasan/vendor/codeigniter4/framework/system/Database/BaseConnection.php(606): CodeIgniter\Database\BaseConnection->simpleQuery('SELECT COUNT(vi...')
#3 /Users/irchamali/Projects/ci/yayasan/vendor/codeigniter4/framework/system/Database/BaseBuilder.php(1616): CodeIgniter\Database\BaseConnection->query('SELECT COUNT(vi...', Array, false)
#4 /Users/irchamali/Projects/ci/yayasan/app/Models/VisitorModel.php(87): CodeIgniter\Database\BaseBuilder->get()
#5 /Users/irchamali/Projects/ci/yayasan/app/Controllers/Admin/AdminController.php(33): App\Models\VisitorModel->count_visitor_this_month()
#6 /Users/irchamali/Projects/ci/yayasan/vendor/codeigniter4/framework/system/CodeIgniter.php(932): App\Controllers\Admin\AdminController->index()
#7 /Users/irchamali/Projects/ci/yayasan/vendor/codeigniter4/framework/system/CodeIgniter.php(497): CodeIgniter\CodeIgniter->runController(Object(App\Controllers\Admin\AdminController))
#8 /Users/irchamali/Projects/ci/yayasan/vendor/codeigniter4/framework/system/CodeIgniter.php(366): CodeIgniter\CodeIgniter->handleRequest(NULL, Object(Config\Cache), false)
#9 /Users/irchamali/Projects/ci/yayasan/public/index.php(67): CodeIgniter\CodeIgniter->run()
#10 /Users/irchamali/Projects/ci/yayasan/vendor/codeigniter4/framework/system/Commands/Server/rewrite.php(47): require_once('/Users/irchamal...')
#11 {main}
CRITICAL - 2025-02-26 23:37:04 --> Unknown column 'tgl' in 'where clause'
in SYSTEMPATH/Database/MySQLi/Connection.php on line 295.
 1 SYSTEMPATH/Database/MySQLi/Connection.php(295): mysqli->query('SELECT COUNT(visit_id) as tot_visitor
FROM `tbl_visitors`
WHERE MONTH(tgl) = \'02\'
AND YEAR(tgl) = \'2025\'', 0)
 2 SYSTEMPATH/Database/BaseConnection.php(692): CodeIgniter\Database\MySQLi\Connection->execute('SELECT COUNT(visit_id) as tot_visitor
FROM `tbl_visitors`
WHERE MONTH(tgl) = \'02\'
AND YEAR(tgl) = \'2025\'')
 3 SYSTEMPATH/Database/BaseConnection.php(606): CodeIgniter\Database\BaseConnection->simpleQuery('SELECT COUNT(visit_id) as tot_visitor
FROM `tbl_visitors`
WHERE MONTH(tgl) = \'02\'
AND YEAR(tgl) = \'2025\'')
 4 SYSTEMPATH/Database/BaseBuilder.php(1616): CodeIgniter\Database\BaseConnection->query('SELECT COUNT(visit_id) as tot_visitor
FROM `tbl_visitors`
WHERE MONTH(tgl) = :MONTH(tgl):
AND YEAR(tgl) = :YEAR(tgl):', [...], false)
 5 APPPATH/Models/VisitorModel.php(87): CodeIgniter\Database\BaseBuilder->get()
 6 APPPATH/Controllers/Admin/AdminController.php(33): App\Models\VisitorModel->count_visitor_this_month()
 7 SYSTEMPATH/CodeIgniter.php(932): App\Controllers\Admin\AdminController->index()
 8 SYSTEMPATH/CodeIgniter.php(497): CodeIgniter\CodeIgniter->runController(Object(App\Controllers\Admin\AdminController))
 9 SYSTEMPATH/CodeIgniter.php(366): CodeIgniter\CodeIgniter->handleRequest(null, Object(Config\Cache), false)
10 FCPATH/index.php(67): CodeIgniter\CodeIgniter->run()
11 SYSTEMPATH/Commands/Server/rewrite.php(47): require_once('/Users/irchamali/Projects/ci/yayasan/public/index.php')
ERROR - 2025-02-26 23:37:37 --> mysqli_sql_exception: Unknown column 'tgl' in 'where clause' in /Users/irchamali/Projects/ci/yayasan/vendor/codeigniter4/framework/system/Database/MySQLi/Connection.php:295
Stack trace:
#0 /Users/irchamali/Projects/ci/yayasan/vendor/codeigniter4/framework/system/Database/MySQLi/Connection.php(295): mysqli->query('SELECT COUNT(vi...', 0)
#1 /Users/irchamali/Projects/ci/yayasan/vendor/codeigniter4/framework/system/Database/BaseConnection.php(692): CodeIgniter\Database\MySQLi\Connection->execute('SELECT COUNT(vi...')
#2 /Users/irchamali/Projects/ci/yayasan/vendor/codeigniter4/framework/system/Database/BaseConnection.php(606): CodeIgniter\Database\BaseConnection->simpleQuery('SELECT COUNT(vi...')
#3 /Users/irchamali/Projects/ci/yayasan/vendor/codeigniter4/framework/system/Database/BaseBuilder.php(1616): CodeIgniter\Database\BaseConnection->query('SELECT COUNT(vi...', Array, false)
#4 /Users/irchamali/Projects/ci/yayasan/app/Models/VisitorModel.php(87): CodeIgniter\Database\BaseBuilder->get()
#5 /Users/irchamali/Projects/ci/yayasan/app/Controllers/Admin/AdminController.php(33): App\Models\VisitorModel->count_visitor_this_month()
#6 /Users/irchamali/Projects/ci/yayasan/vendor/codeigniter4/framework/system/CodeIgniter.php(932): App\Controllers\Admin\AdminController->index()
#7 /Users/irchamali/Projects/ci/yayasan/vendor/codeigniter4/framework/system/CodeIgniter.php(497): CodeIgniter\CodeIgniter->runController(Object(App\Controllers\Admin\AdminController))
#8 /Users/irchamali/Projects/ci/yayasan/vendor/codeigniter4/framework/system/CodeIgniter.php(366): CodeIgniter\CodeIgniter->handleRequest(NULL, Object(Config\Cache), false)
#9 /Users/irchamali/Projects/ci/yayasan/public/index.php(67): CodeIgniter\CodeIgniter->run()
#10 /Users/irchamali/Projects/ci/yayasan/vendor/codeigniter4/framework/system/Commands/Server/rewrite.php(47): require_once('/Users/irchamal...')
#11 {main}
CRITICAL - 2025-02-26 23:37:37 --> Unknown column 'tgl' in 'where clause'
in SYSTEMPATH/Database/MySQLi/Connection.php on line 295.
 1 SYSTEMPATH/Database/MySQLi/Connection.php(295): mysqli->query('SELECT COUNT(visit_id) as tot_visitor
FROM `tbl_visitors`
WHERE MONTH(visit_date) = \'02\'
AND YEAR(tgl) = \'2025\'', 0)
 2 SYSTEMPATH/Database/BaseConnection.php(692): CodeIgniter\Database\MySQLi\Connection->execute('SELECT COUNT(visit_id) as tot_visitor
FROM `tbl_visitors`
WHERE MONTH(visit_date) = \'02\'
AND YEAR(tgl) = \'2025\'')
 3 SYSTEMPATH/Database/BaseConnection.php(606): CodeIgniter\Database\BaseConnection->simpleQuery('SELECT COUNT(visit_id) as tot_visitor
FROM `tbl_visitors`
WHERE MONTH(visit_date) = \'02\'
AND YEAR(tgl) = \'2025\'')
 4 SYSTEMPATH/Database/BaseBuilder.php(1616): CodeIgniter\Database\BaseConnection->query('SELECT COUNT(visit_id) as tot_visitor
FROM `tbl_visitors`
WHERE MONTH(visit_date) = :MONTH(visit_date):
AND YEAR(tgl) = :YEAR(tgl):', [...], false)
 5 APPPATH/Models/VisitorModel.php(87): CodeIgniter\Database\BaseBuilder->get()
 6 APPPATH/Controllers/Admin/AdminController.php(33): App\Models\VisitorModel->count_visitor_this_month()
 7 SYSTEMPATH/CodeIgniter.php(932): App\Controllers\Admin\AdminController->index()
 8 SYSTEMPATH/CodeIgniter.php(497): CodeIgniter\CodeIgniter->runController(Object(App\Controllers\Admin\AdminController))
 9 SYSTEMPATH/CodeIgniter.php(366): CodeIgniter\CodeIgniter->handleRequest(null, Object(Config\Cache), false)
10 FCPATH/index.php(67): CodeIgniter\CodeIgniter->run()
11 SYSTEMPATH/Commands/Server/rewrite.php(47): require_once('/Users/irchamali/Projects/ci/yayasan/public/index.php')
CRITICAL - 2025-02-26 23:37:52 --> Call to a member function getNumRows() on string
in APPPATH/Controllers/Admin/AdminController.php on line 48.
 1 SYSTEMPATH/CodeIgniter.php(932): App\Controllers\Admin\AdminController->index()
 2 SYSTEMPATH/CodeIgniter.php(497): CodeIgniter\CodeIgniter->runController(Object(App\Controllers\Admin\AdminController))
 3 SYSTEMPATH/CodeIgniter.php(366): CodeIgniter\CodeIgniter->handleRequest(null, Object(Config\Cache), false)
 4 FCPATH/index.php(67): CodeIgniter\CodeIgniter->run()
 5 SYSTEMPATH/Commands/Server/rewrite.php(47): require_once('/Users/irchamali/Projects/ci/yayasan/public/index.php')
ERROR - 2025-02-26 23:41:13 --> mysqli_sql_exception: Table 'project_ysgj.tbl_comment' doesn't exist in /Users/irchamali/Projects/ci/yayasan/vendor/codeigniter4/framework/system/Database/MySQLi/Connection.php:295
Stack trace:
#0 /Users/irchamali/Projects/ci/yayasan/vendor/codeigniter4/framework/system/Database/MySQLi/Connection.php(295): mysqli->query('SELECT COUNT(*)...', 0)
#1 /Users/irchamali/Projects/ci/yayasan/vendor/codeigniter4/framework/system/Database/BaseConnection.php(692): CodeIgniter\Database\MySQLi\Connection->execute('SELECT COUNT(*)...')
#2 /Users/irchamali/Projects/ci/yayasan/vendor/codeigniter4/framework/system/Database/BaseConnection.php(606): CodeIgniter\Database\BaseConnection->simpleQuery('SELECT COUNT(*)...')
#3 /Users/irchamali/Projects/ci/yayasan/vendor/codeigniter4/framework/system/Database/BaseBuilder.php(1700): CodeIgniter\Database\BaseConnection->query('SELECT COUNT(*)...', Array, false)
#4 /Users/irchamali/Projects/ci/yayasan/vendor/codeigniter4/framework/system/Model.php(606): CodeIgniter\Database\BaseBuilder->countAllResults(true)
#5 /Users/irchamali/Projects/ci/yayasan/app/Controllers/Admin/AdminController.php(65): CodeIgniter\Model->countAllResults()
#6 /Users/irchamali/Projects/ci/yayasan/vendor/codeigniter4/framework/system/CodeIgniter.php(932): App\Controllers\Admin\AdminController->index()
#7 /Users/irchamali/Projects/ci/yayasan/vendor/codeigniter4/framework/system/CodeIgniter.php(497): CodeIgniter\CodeIgniter->runController(Object(App\Controllers\Admin\AdminController))
#8 /Users/irchamali/Projects/ci/yayasan/vendor/codeigniter4/framework/system/CodeIgniter.php(366): CodeIgniter\CodeIgniter->handleRequest(NULL, Object(Config\Cache), false)
#9 /Users/irchamali/Projects/ci/yayasan/public/index.php(67): CodeIgniter\CodeIgniter->run()
#10 /Users/irchamali/Projects/ci/yayasan/vendor/codeigniter4/framework/system/Commands/Server/rewrite.php(47): require_once('/Users/irchamal...')
#11 {main}
CRITICAL - 2025-02-26 23:41:13 --> Table 'project_ysgj.tbl_comment' doesn't exist
in SYSTEMPATH/Database/MySQLi/Connection.php on line 295.
 1 SYSTEMPATH/Database/MySQLi/Connection.php(295): mysqli->query('SELECT COUNT(*) AS `numrows`
FROM `tbl_comment`
WHERE `comment_status` = 0', 0)
 2 SYSTEMPATH/Database/BaseConnection.php(692): CodeIgniter\Database\MySQLi\Connection->execute('SELECT COUNT(*) AS `numrows`
FROM `tbl_comment`
WHERE `comment_status` = 0')
 3 SYSTEMPATH/Database/BaseConnection.php(606): CodeIgniter\Database\BaseConnection->simpleQuery('SELECT COUNT(*) AS `numrows`
FROM `tbl_comment`
WHERE `comment_status` = 0')
 4 SYSTEMPATH/Database/BaseBuilder.php(1700): CodeIgniter\Database\BaseConnection->query('SELECT COUNT(*) AS `numrows`
FROM `tbl_comment`
WHERE `comment_status` = :comment_status:', [...], false)
 5 SYSTEMPATH/Model.php(606): CodeIgniter\Database\BaseBuilder->countAllResults(true)
 6 APPPATH/Controllers/Admin/AdminController.php(65): CodeIgniter\Model->countAllResults()
 7 SYSTEMPATH/CodeIgniter.php(932): App\Controllers\Admin\AdminController->index()
 8 SYSTEMPATH/CodeIgniter.php(497): CodeIgniter\CodeIgniter->runController(Object(App\Controllers\Admin\AdminController))
 9 SYSTEMPATH/CodeIgniter.php(366): CodeIgniter\CodeIgniter->handleRequest(null, Object(Config\Cache), false)
10 FCPATH/index.php(67): CodeIgniter\CodeIgniter->run()
11 SYSTEMPATH/Commands/Server/rewrite.php(47): require_once('/Users/irchamali/Projects/ci/yayasan/public/index.php')
CRITICAL - 2025-02-26 23:42:51 --> Undefined variable: inboxs
in APPPATH/Views/layout/sidebar-dashboard.php on line 32.
 1 APPPATH/Views/layout/sidebar-dashboard.php(32): CodeIgniter\Debug\Exceptions->errorHandler(8, 'Undefined variable: inboxs', '/Users/irchamali/Projects/ci/yayasan/app/Views/layout/sidebar-dashboard.php', 32, [...])
 2 SYSTEMPATH/View/View.php(224): include('/Users/irchamali/Projects/ci/yayasan/app/Views/layout/sidebar-dashboard.php')
 3 SYSTEMPATH/View/View.php(227): CodeIgniter\View\View->CodeIgniter\View\{closure}()
 4 SYSTEMPATH/View/View.php(452): CodeIgniter\View\View->render('layout/sidebar-dashboard', null, true)
 5 APPPATH/Views/admin/v_dashboard.php(41): CodeIgniter\View\View->include('layout/sidebar-dashboard')
 6 SYSTEMPATH/View/View.php(224): include('/Users/irchamali/Projects/ci/yayasan/app/Views/admin/v_dashboard.php')
 7 SYSTEMPATH/View/View.php(227): CodeIgniter\View\View->CodeIgniter\View\{closure}()
 8 SYSTEMPATH/Common.php(1180): CodeIgniter\View\View->render('admin/v_dashboard', [], true)
 9 APPPATH/Controllers/Admin/AdminController.php(79): view('admin/v_dashboard', [...])
10 SYSTEMPATH/CodeIgniter.php(932): App\Controllers\Admin\AdminController->index()
11 SYSTEMPATH/CodeIgniter.php(497): CodeIgniter\CodeIgniter->runController(Object(App\Controllers\Admin\AdminController))
12 SYSTEMPATH/CodeIgniter.php(366): CodeIgniter\CodeIgniter->handleRequest(null, Object(Config\Cache), false)
13 FCPATH/index.php(67): CodeIgniter\CodeIgniter->run()
14 SYSTEMPATH/Commands/Server/rewrite.php(47): require_once('/Users/irchamali/Projects/ci/yayasan/public/index.php')
CRITICAL - 2025-02-26 23:44:10 --> Undefined variable: total_inbox
in APPPATH/Views/layout/sidebar-dashboard.php on line 24.
 1 APPPATH/Views/layout/sidebar-dashboard.php(24): CodeIgniter\Debug\Exceptions->errorHandler(8, 'Undefined variable: total_inbox', '/Users/irchamali/Projects/ci/yayasan/app/Views/layout/sidebar-dashboard.php', 24, [...])
 2 SYSTEMPATH/View/View.php(224): include('/Users/irchamali/Projects/ci/yayasan/app/Views/layout/sidebar-dashboard.php')
 3 SYSTEMPATH/View/View.php(227): CodeIgniter\View\View->CodeIgniter\View\{closure}()
 4 SYSTEMPATH/View/View.php(452): CodeIgniter\View\View->render('layout/sidebar-dashboard', null, true)
 5 APPPATH/Views/admin/v_dashboard.php(41): CodeIgniter\View\View->include('layout/sidebar-dashboard')
 6 SYSTEMPATH/View/View.php(224): include('/Users/irchamali/Projects/ci/yayasan/app/Views/admin/v_dashboard.php')
 7 SYSTEMPATH/View/View.php(227): CodeIgniter\View\View->CodeIgniter\View\{closure}()
 8 SYSTEMPATH/Common.php(1180): CodeIgniter\View\View->render('admin/v_dashboard', [], true)
 9 APPPATH/Controllers/Admin/AdminController.php(79): view('admin/v_dashboard', [...])
10 SYSTEMPATH/CodeIgniter.php(932): App\Controllers\Admin\AdminController->index()
11 SYSTEMPATH/CodeIgniter.php(497): CodeIgniter\CodeIgniter->runController(Object(App\Controllers\Admin\AdminController))
12 SYSTEMPATH/CodeIgniter.php(366): CodeIgniter\CodeIgniter->handleRequest(null, Object(Config\Cache), false)
13 FCPATH/index.php(67): CodeIgniter\CodeIgniter->run()
14 SYSTEMPATH/Commands/Server/rewrite.php(47): require_once('/Users/irchamali/Projects/ci/yayasan/public/index.php')
CRITICAL - 2025-02-26 23:58:04 --> Undefined variable: all_post_views
in APPPATH/Views/admin/v_dashboard.php on line 71.
 1 APPPATH/Views/admin/v_dashboard.php(71): CodeIgniter\Debug\Exceptions->errorHandler(8, 'Undefined variable: all_post_views', '/Users/irchamali/Projects/ci/yayasan/app/Views/admin/v_dashboard.php', 71, [...])
 2 SYSTEMPATH/View/View.php(224): include('/Users/irchamali/Projects/ci/yayasan/app/Views/admin/v_dashboard.php')
 3 SYSTEMPATH/View/View.php(227): CodeIgniter\View\View->CodeIgniter\View\{closure}()
 4 SYSTEMPATH/Common.php(1180): CodeIgniter\View\View->render('admin/v_dashboard', [], true)
 5 APPPATH/Controllers/Admin/AdminController.php(79): view('admin/v_dashboard', [...])
 6 SYSTEMPATH/CodeIgniter.php(932): App\Controllers\Admin\AdminController->index()
 7 SYSTEMPATH/CodeIgniter.php(497): CodeIgniter\CodeIgniter->runController(Object(App\Controllers\Admin\AdminController))
 8 SYSTEMPATH/CodeIgniter.php(366): CodeIgniter\CodeIgniter->handleRequest(null, Object(Config\Cache), false)
 9 FCPATH/index.php(67): CodeIgniter\CodeIgniter->run()
10 SYSTEMPATH/Commands/Server/rewrite.php(47): require_once('/Users/irchamali/Projects/ci/yayasan/public/index.php')
