CRITICAL - 2024-07-21 01:03:02 --> Undefined variable: pager
in APPPATH\Views\posts\post_category.php on line 64.
 1 APPPATH\Views\posts\post_category.php(64): CodeIgniter\Debug\Exceptions->errorHandler(8, 'Undefined variable: pager', 'D:\\Codeigniter\\fakultashukum\\app\\Views\\posts\\post_category.php', 64, [...])
 2 SYSTEMPATH\View\View.php(224): include('D:\\Codeigniter\\fakultashukum\\app\\Views\\posts\\post_category.php')
 3 SYSTEMPATH\View\View.php(227): CodeIgniter\View\View->CodeIgniter\View\{closure}()
 4 SYSTEMPATH\Common.php(1180): CodeIgniter\View\View->render('posts/post_category', [], true)
 5 APPPATH\Controllers\CategoryController.php(47): view('posts/post_category', [...])
 6 SYSTEMPATH\CodeIgniter.php(932): App\Controllers\CategoryController->index('pengumuman')
 7 SYSTEMPATH\CodeIgniter.php(497): CodeIgniter\CodeIgniter->runController(Object(App\Controllers\CategoryController))
 8 SYSTEMPATH\CodeIgniter.php(366): CodeIgniter\CodeIgniter->handleRequest(null, Object(Config\Cache), false)
 9 FCPATH\index.php(67): CodeIgniter\CodeIgniter->run()
10 SYSTEMPATH\Commands\Server\rewrite.php(47): require_once('D:\\Codeigniter\\fakultashukum\\public\\index.php')
CRITICAL - 2024-07-21 01:17:58 --> Undefined index: category_name
in APPPATH\Views\posts\post_tag.php on line 33.
 1 APPPATH\Views\posts\post_tag.php(33): CodeIgniter\Debug\Exceptions->errorHandler(8, 'Undefined index: category_name', 'D:\\Codeigniter\\fakultashukum\\app\\Views\\posts\\post_tag.php', 33, [...])
 2 SYSTEMPATH\View\View.php(224): include('D:\\Codeigniter\\fakultashukum\\app\\Views\\posts\\post_tag.php')
 3 SYSTEMPATH\View\View.php(227): CodeIgniter\View\View->CodeIgniter\View\{closure}()
 4 SYSTEMPATH\Common.php(1180): CodeIgniter\View\View->render('posts/post_tag', [], true)
 5 APPPATH\Controllers\PostController.php(161): view('posts/post_tag', [...])
 6 SYSTEMPATH\CodeIgniter.php(932): App\Controllers\PostController->tag('ilmuhukum')
 7 SYSTEMPATH\CodeIgniter.php(497): CodeIgniter\CodeIgniter->runController(Object(App\Controllers\PostController))
 8 SYSTEMPATH\CodeIgniter.php(366): CodeIgniter\CodeIgniter->handleRequest(null, Object(Config\Cache), false)
 9 FCPATH\index.php(67): CodeIgniter\CodeIgniter->run()
10 SYSTEMPATH\Commands\Server\rewrite.php(47): require_once('D:\\Codeigniter\\fakultashukum\\public\\index.php')
CRITICAL - 2024-07-21 01:26:12 --> Undefined index: category_name
in APPPATH\Views\posts\post_tag.php on line 33.
 1 APPPATH\Views\posts\post_tag.php(33): CodeIgniter\Debug\Exceptions->errorHandler(8, 'Undefined index: category_name', 'D:\\Codeigniter\\fakultashukum\\app\\Views\\posts\\post_tag.php', 33, [...])
 2 SYSTEMPATH\View\View.php(224): include('D:\\Codeigniter\\fakultashukum\\app\\Views\\posts\\post_tag.php')
 3 SYSTEMPATH\View\View.php(227): CodeIgniter\View\View->CodeIgniter\View\{closure}()
 4 SYSTEMPATH\Common.php(1180): CodeIgniter\View\View->render('posts/post_tag', [], true)
 5 APPPATH\Controllers\PostController.php(161): view('posts/post_tag', [...])
 6 SYSTEMPATH\CodeIgniter.php(932): App\Controllers\PostController->tag('ilmuhukum')
 7 SYSTEMPATH\CodeIgniter.php(497): CodeIgniter\CodeIgniter->runController(Object(App\Controllers\PostController))
 8 SYSTEMPATH\CodeIgniter.php(366): CodeIgniter\CodeIgniter->handleRequest(null, Object(Config\Cache), false)
 9 FCPATH\index.php(67): CodeIgniter\CodeIgniter->run()
10 SYSTEMPATH\Commands\Server\rewrite.php(47): require_once('D:\\Codeigniter\\fakultashukum\\public\\index.php')
CRITICAL - 2024-07-21 01:29:42 --> Undefined index: category_name
in APPPATH\Views\posts\post_tag.php on line 33.
 1 APPPATH\Views\posts\post_tag.php(33): CodeIgniter\Debug\Exceptions->errorHandler(8, 'Undefined index: category_name', 'D:\\Codeigniter\\fakultashukum\\app\\Views\\posts\\post_tag.php', 33, [...])
 2 SYSTEMPATH\View\View.php(224): include('D:\\Codeigniter\\fakultashukum\\app\\Views\\posts\\post_tag.php')
 3 SYSTEMPATH\View\View.php(227): CodeIgniter\View\View->CodeIgniter\View\{closure}()
 4 SYSTEMPATH\Common.php(1180): CodeIgniter\View\View->render('posts/post_tag', [], true)
 5 APPPATH\Controllers\TagController.php(50): view('posts/post_tag', [...])
 6 SYSTEMPATH\CodeIgniter.php(932): App\Controllers\TagController->index('unusia')
 7 SYSTEMPATH\CodeIgniter.php(497): CodeIgniter\CodeIgniter->runController(Object(App\Controllers\TagController))
 8 SYSTEMPATH\CodeIgniter.php(366): CodeIgniter\CodeIgniter->handleRequest(null, Object(Config\Cache), false)
 9 FCPATH\index.php(67): CodeIgniter\CodeIgniter->run()
10 SYSTEMPATH\Commands\Server\rewrite.php(47): require_once('D:\\Codeigniter\\fakultashukum\\public\\index.php')
CRITICAL - 2024-07-21 01:31:20 --> Undefined index: category_name
in APPPATH\Views\posts\post_tag.php on line 33.
 1 APPPATH\Views\posts\post_tag.php(33): CodeIgniter\Debug\Exceptions->errorHandler(8, 'Undefined index: category_name', 'D:\\Codeigniter\\fakultashukum\\app\\Views\\posts\\post_tag.php', 33, [...])
 2 SYSTEMPATH\View\View.php(224): include('D:\\Codeigniter\\fakultashukum\\app\\Views\\posts\\post_tag.php')
 3 SYSTEMPATH\View\View.php(227): CodeIgniter\View\View->CodeIgniter\View\{closure}()
 4 SYSTEMPATH\Common.php(1180): CodeIgniter\View\View->render('posts/post_tag', [], true)
 5 APPPATH\Controllers\TagController.php(50): view('posts/post_tag', [...])
 6 SYSTEMPATH\CodeIgniter.php(932): App\Controllers\TagController->index('unusia')
 7 SYSTEMPATH\CodeIgniter.php(497): CodeIgniter\CodeIgniter->runController(Object(App\Controllers\TagController))
 8 SYSTEMPATH\CodeIgniter.php(366): CodeIgniter\CodeIgniter->handleRequest(null, Object(Config\Cache), false)
 9 FCPATH\index.php(67): CodeIgniter\CodeIgniter->run()
10 SYSTEMPATH\Commands\Server\rewrite.php(47): require_once('D:\\Codeigniter\\fakultashukum\\public\\index.php')
CRITICAL - 2024-07-21 01:34:21 --> Undefined variable: slug
in APPPATH\Views\posts\post_tag.php on line 33.
 1 APPPATH\Views\posts\post_tag.php(33): CodeIgniter\Debug\Exceptions->errorHandler(8, 'Undefined variable: slug', 'D:\\Codeigniter\\fakultashukum\\app\\Views\\posts\\post_tag.php', 33, [...])
 2 SYSTEMPATH\View\View.php(224): include('D:\\Codeigniter\\fakultashukum\\app\\Views\\posts\\post_tag.php')
 3 SYSTEMPATH\View\View.php(227): CodeIgniter\View\View->CodeIgniter\View\{closure}()
 4 SYSTEMPATH\Common.php(1180): CodeIgniter\View\View->render('posts/post_tag', [], true)
 5 APPPATH\Controllers\TagController.php(50): view('posts/post_tag', [...])
 6 SYSTEMPATH\CodeIgniter.php(932): App\Controllers\TagController->index('unusia')
 7 SYSTEMPATH\CodeIgniter.php(497): CodeIgniter\CodeIgniter->runController(Object(App\Controllers\TagController))
 8 SYSTEMPATH\CodeIgniter.php(366): CodeIgniter\CodeIgniter->handleRequest(null, Object(Config\Cache), false)
 9 FCPATH\index.php(67): CodeIgniter\CodeIgniter->run()
10 SYSTEMPATH\Commands\Server\rewrite.php(47): require_once('D:\\Codeigniter\\fakultashukum\\public\\index.php')
CRITICAL - 2024-07-21 01:35:09 --> Undefined index: tag_name
in APPPATH\Views\posts\post_tag.php on line 33.
 1 APPPATH\Views\posts\post_tag.php(33): CodeIgniter\Debug\Exceptions->errorHandler(8, 'Undefined index: tag_name', 'D:\\Codeigniter\\fakultashukum\\app\\Views\\posts\\post_tag.php', 33, [...])
 2 SYSTEMPATH\View\View.php(224): include('D:\\Codeigniter\\fakultashukum\\app\\Views\\posts\\post_tag.php')
 3 SYSTEMPATH\View\View.php(227): CodeIgniter\View\View->CodeIgniter\View\{closure}()
 4 SYSTEMPATH\Common.php(1180): CodeIgniter\View\View->render('posts/post_tag', [], true)
 5 APPPATH\Controllers\TagController.php(50): view('posts/post_tag', [...])
 6 SYSTEMPATH\CodeIgniter.php(932): App\Controllers\TagController->index('unusia')
 7 SYSTEMPATH\CodeIgniter.php(497): CodeIgniter\CodeIgniter->runController(Object(App\Controllers\TagController))
 8 SYSTEMPATH\CodeIgniter.php(366): CodeIgniter\CodeIgniter->handleRequest(null, Object(Config\Cache), false)
 9 FCPATH\index.php(67): CodeIgniter\CodeIgniter->run()
10 SYSTEMPATH\Commands\Server\rewrite.php(47): require_once('D:\\Codeigniter\\fakultashukum\\public\\index.php')
CRITICAL - 2024-07-21 02:08:12 --> Undefined index: category_name
in APPPATH\Views\posts\post_search.php on line 33.
 1 APPPATH\Views\posts\post_search.php(33): CodeIgniter\Debug\Exceptions->errorHandler(8, 'Undefined index: category_name', 'D:\\Codeigniter\\fakultashukum\\app\\Views\\posts\\post_search.php', 33, [...])
 2 SYSTEMPATH\View\View.php(224): include('D:\\Codeigniter\\fakultashukum\\app\\Views\\posts\\post_search.php')
 3 SYSTEMPATH\View\View.php(227): CodeIgniter\View\View->CodeIgniter\View\{closure}()
 4 SYSTEMPATH\Common.php(1180): CodeIgniter\View\View->render('posts/post_search', [], true)
 5 APPPATH\Controllers\PostController.php(92): view('posts/post_search', [...])
 6 SYSTEMPATH\CodeIgniter.php(932): App\Controllers\PostController->search()
 7 SYSTEMPATH\CodeIgniter.php(497): CodeIgniter\CodeIgniter->runController(Object(App\Controllers\PostController))
 8 SYSTEMPATH\CodeIgniter.php(366): CodeIgniter\CodeIgniter->handleRequest(null, Object(Config\Cache), false)
 9 FCPATH\index.php(67): CodeIgniter\CodeIgniter->run()
10 SYSTEMPATH\Commands\Server\rewrite.php(47): require_once('D:\\Codeigniter\\fakultashukum\\public\\index.php')
CRITICAL - 2024-07-21 02:16:20 --> Undefined variable: Title
in APPPATH\Views\posts\post_view.php on line 10.
 1 APPPATH\Views\posts\post_view.php(10): CodeIgniter\Debug\Exceptions->errorHandler(8, 'Undefined variable: Title', 'D:\\Codeigniter\\fakultashukum\\app\\Views\\posts\\post_view.php', 10, [...])
 2 SYSTEMPATH\View\View.php(224): include('D:\\Codeigniter\\fakultashukum\\app\\Views\\posts\\post_view.php')
 3 SYSTEMPATH\View\View.php(227): CodeIgniter\View\View->CodeIgniter\View\{closure}()
 4 SYSTEMPATH\Common.php(1180): CodeIgniter\View\View->render('posts/post_view', [], true)
 5 APPPATH\Controllers\PostController.php(40): view('posts/post_view', [...])
 6 SYSTEMPATH\CodeIgniter.php(932): App\Controllers\PostController->index()
 7 SYSTEMPATH\CodeIgniter.php(497): CodeIgniter\CodeIgniter->runController(Object(App\Controllers\PostController))
 8 SYSTEMPATH\CodeIgniter.php(366): CodeIgniter\CodeIgniter->handleRequest(null, Object(Config\Cache), false)
 9 FCPATH\index.php(67): CodeIgniter\CodeIgniter->run()
10 SYSTEMPATH\Commands\Server\rewrite.php(47): require_once('D:\\Codeigniter\\fakultashukum\\public\\index.php')
CRITICAL - 2024-07-21 04:10:55 --> Invalid file: "layout/breadcrumbs1.php"
in SYSTEMPATH\Exceptions\FrameworkException.php on line 33.
 1 SYSTEMPATH\View\View.php(212): CodeIgniter\Exceptions\FrameworkException::forInvalidFile('layout/breadcrumbs1.php')
 2 SYSTEMPATH\View\View.php(452): CodeIgniter\View\View->render('layout/breadcrumbs1', null, true)
 3 APPPATH\Views\laporan_view.php(7): CodeIgniter\View\View->include('layout/breadcrumbs1')
 4 SYSTEMPATH\View\View.php(224): include('D:\\Codeigniter\\fakultashukum\\app\\Views\\laporan_view.php')
 5 SYSTEMPATH\View\View.php(227): CodeIgniter\View\View->CodeIgniter\View\{closure}()
 6 SYSTEMPATH\Common.php(1180): CodeIgniter\View\View->render('laporan_view', [], true)
 7 APPPATH\Controllers\LaporanController.php(34): view('laporan_view', [...])
 8 SYSTEMPATH\CodeIgniter.php(932): App\Controllers\LaporanController->index()
 9 SYSTEMPATH\CodeIgniter.php(497): CodeIgniter\CodeIgniter->runController(Object(App\Controllers\LaporanController))
10 SYSTEMPATH\CodeIgniter.php(366): CodeIgniter\CodeIgniter->handleRequest(null, Object(Config\Cache), false)
11 FCPATH\index.php(67): CodeIgniter\CodeIgniter->run()
12 SYSTEMPATH\Commands\Server\rewrite.php(47): require_once('D:\\Codeigniter\\fakultashukum\\public\\index.php')
CRITICAL - 2024-07-21 11:13:23 --> Undefined variable: teams
in APPPATH\Views\about\pengelola_view.php on line 18.
 1 APPPATH\Views\about\pengelola_view.php(18): CodeIgniter\Debug\Exceptions->errorHandler(8, 'Undefined variable: teams', 'D:\\Codeigniter\\fakultashukum\\app\\Views\\about\\pengelola_view.php', 18, [...])
 2 SYSTEMPATH\View\View.php(224): include('D:\\Codeigniter\\fakultashukum\\app\\Views\\about\\pengelola_view.php')
 3 SYSTEMPATH\View\View.php(227): CodeIgniter\View\View->CodeIgniter\View\{closure}()
 4 SYSTEMPATH\Common.php(1180): CodeIgniter\View\View->render('about/pengelola_view', [], true)
 5 APPPATH\Controllers\TtgPengelolaController.php(27): view('about/pengelola_view', [...])
 6 SYSTEMPATH\CodeIgniter.php(932): App\Controllers\TtgPengelolaController->index()
 7 SYSTEMPATH\CodeIgniter.php(497): CodeIgniter\CodeIgniter->runController(Object(App\Controllers\TtgPengelolaController))
 8 SYSTEMPATH\CodeIgniter.php(366): CodeIgniter\CodeIgniter->handleRequest(null, Object(Config\Cache), false)
 9 FCPATH\index.php(67): CodeIgniter\CodeIgniter->run()
10 SYSTEMPATH\Commands\Server\rewrite.php(47): require_once('D:\\Codeigniter\\fakultashukum\\public\\index.php')
CRITICAL - 2024-07-21 11:14:12 --> Undefined property: App\Controllers\TtgPengelolaController::$teamModel
in APPPATH\Controllers\TtgPengelolaController.php on line 24.
 1 APPPATH\Controllers\TtgPengelolaController.php(24): CodeIgniter\Debug\Exceptions->errorHandler(8, 'Undefined property: App\\Controllers\\TtgPengelolaController::$teamModel', 'D:\\Codeigniter\\fakultashukum\\app\\Controllers\\TtgPengelolaController.php', 24, [])
 2 SYSTEMPATH\CodeIgniter.php(932): App\Controllers\TtgPengelolaController->index()
 3 SYSTEMPATH\CodeIgniter.php(497): CodeIgniter\CodeIgniter->runController(Object(App\Controllers\TtgPengelolaController))
 4 SYSTEMPATH\CodeIgniter.php(366): CodeIgniter\CodeIgniter->handleRequest(null, Object(Config\Cache), false)
 5 FCPATH\index.php(67): CodeIgniter\CodeIgniter->run()
 6 SYSTEMPATH\Commands\Server\rewrite.php(47): require_once('D:\\Codeigniter\\fakultashukum\\public\\index.php')
CRITICAL - 2024-07-21 11:15:03 --> Undefined index: team_Jabatan
in APPPATH\Views\about\pengelola_view.php on line 32.
 1 APPPATH\Views\about\pengelola_view.php(32): CodeIgniter\Debug\Exceptions->errorHandler(8, 'Undefined index: team_Jabatan', 'D:\\Codeigniter\\fakultashukum\\app\\Views\\about\\pengelola_view.php', 32, [...])
 2 SYSTEMPATH\View\View.php(224): include('D:\\Codeigniter\\fakultashukum\\app\\Views\\about\\pengelola_view.php')
 3 SYSTEMPATH\View\View.php(227): CodeIgniter\View\View->CodeIgniter\View\{closure}()
 4 SYSTEMPATH\Common.php(1180): CodeIgniter\View\View->render('about/pengelola_view', [], true)
 5 APPPATH\Controllers\TtgPengelolaController.php(30): view('about/pengelola_view', [...])
 6 SYSTEMPATH\CodeIgniter.php(932): App\Controllers\TtgPengelolaController->index()
 7 SYSTEMPATH\CodeIgniter.php(497): CodeIgniter\CodeIgniter->runController(Object(App\Controllers\TtgPengelolaController))
 8 SYSTEMPATH\CodeIgniter.php(366): CodeIgniter\CodeIgniter->handleRequest(null, Object(Config\Cache), false)
 9 FCPATH\index.php(67): CodeIgniter\CodeIgniter->run()
10 SYSTEMPATH\Commands\Server\rewrite.php(47): require_once('D:\\Codeigniter\\fakultashukum\\public\\index.php')
CRITICAL - 2024-07-21 20:13:36 --> Invalid file: "layouts/sideba2.php"
in SYSTEMPATH\Exceptions\FrameworkException.php on line 33.
 1 SYSTEMPATH\View\View.php(212): CodeIgniter\Exceptions\FrameworkException::forInvalidFile('layouts/sideba2.php')
 2 SYSTEMPATH\View\View.php(452): CodeIgniter\View\View->render('layouts/sideba2', null, true)
 3 APPPATH\Views\pages\pudos_view.php(66): CodeIgniter\View\View->include('layouts/sideba2')
 4 SYSTEMPATH\View\View.php(224): include('D:\\Codeigniter\\fakultashukum\\app\\Views\\pages\\pudos_view.php')
 5 SYSTEMPATH\View\View.php(227): CodeIgniter\View\View->CodeIgniter\View\{closure}()
 6 SYSTEMPATH\Common.php(1180): CodeIgniter\View\View->render('pages/pudos_view', [], true)
 7 APPPATH\Controllers\PudosController.php(32): view('pages/pudos_view', [...])
 8 SYSTEMPATH\CodeIgniter.php(932): App\Controllers\PudosController->index()
 9 SYSTEMPATH\CodeIgniter.php(497): CodeIgniter\CodeIgniter->runController(Object(App\Controllers\PudosController))
10 SYSTEMPATH\CodeIgniter.php(366): CodeIgniter\CodeIgniter->handleRequest(null, Object(Config\Cache), false)
11 FCPATH\index.php(67): CodeIgniter\CodeIgniter->run()
12 SYSTEMPATH\Commands\Server\rewrite.php(47): require_once('D:\\Codeigniter\\fakultashukum\\public\\index.php')
CRITICAL - 2024-07-21 20:40:13 --> Invalid file: "layout/breadcrumbs2.php"
in SYSTEMPATH\Exceptions\FrameworkException.php on line 33.
 1 SYSTEMPATH\View\View.php(212): CodeIgniter\Exceptions\FrameworkException::forInvalidFile('layout/breadcrumbs2.php')
 2 SYSTEMPATH\View\View.php(452): CodeIgniter\View\View->render('layout/breadcrumbs2', null, true)
 3 APPPATH\Views\document_category.php(7): CodeIgniter\View\View->include('layout/breadcrumbs2')
 4 SYSTEMPATH\View\View.php(224): include('D:\\Codeigniter\\fakultashukum\\app\\Views\\document_category.php')
 5 SYSTEMPATH\View\View.php(227): CodeIgniter\View\View->CodeIgniter\View\{closure}()
 6 SYSTEMPATH\Common.php(1180): CodeIgniter\View\View->render('document_category', [], true)
 7 APPPATH\Controllers\CategoryDocsController.php(46): view('document_category', [...])
 8 SYSTEMPATH\CodeIgniter.php(932): App\Controllers\CategoryDocsController->index('penelitian')
 9 SYSTEMPATH\CodeIgniter.php(497): CodeIgniter\CodeIgniter->runController(Object(App\Controllers\CategoryDocsController))
10 SYSTEMPATH\CodeIgniter.php(366): CodeIgniter\CodeIgniter->handleRequest(null, Object(Config\Cache), false)
11 FCPATH\index.php(67): CodeIgniter\CodeIgniter->run()
12 SYSTEMPATH\Commands\Server\rewrite.php(47): require_once('D:\\Codeigniter\\fakultashukum\\public\\index.php')
CRITICAL - 2024-07-21 20:59:24 --> Invalid file: "layout/breadcrumbs.php"
in SYSTEMPATH\Exceptions\FrameworkException.php on line 33.
 1 SYSTEMPATH\View\View.php(212): CodeIgniter\Exceptions\FrameworkException::forInvalidFile('layout/breadcrumbs.php')
 2 SYSTEMPATH\View\View.php(452): CodeIgniter\View\View->render('layout/breadcrumbs', null, true)
 3 APPPATH\Views\contact_view.php(7): CodeIgniter\View\View->include('layout/breadcrumbs')
 4 SYSTEMPATH\View\View.php(224): include('D:\\Codeigniter\\fakultashukum\\app\\Views\\contact_view.php')
 5 SYSTEMPATH\View\View.php(227): CodeIgniter\View\View->CodeIgniter\View\{closure}()
 6 SYSTEMPATH\Common.php(1180): CodeIgniter\View\View->render('contact_view', [], true)
 7 APPPATH\Controllers\ContactController.php(29): view('contact_view', [...])
 8 SYSTEMPATH\CodeIgniter.php(932): App\Controllers\ContactController->index()
 9 SYSTEMPATH\CodeIgniter.php(497): CodeIgniter\CodeIgniter->runController(Object(App\Controllers\ContactController))
10 SYSTEMPATH\CodeIgniter.php(366): CodeIgniter\CodeIgniter->handleRequest(null, Object(Config\Cache), false)
11 FCPATH\index.php(67): CodeIgniter\CodeIgniter->run()
12 SYSTEMPATH\Commands\Server\rewrite.php(47): require_once('D:\\Codeigniter\\fakultashukum\\public\\index.php')
