ERROR - 2023-08-08 10:50:05 --> Error connecting to the database: mysqli_sql_exception: No connection could be made because the target machine actively refused it.
 in D:\Codeigniter\lppmi-unusia\vendor\codeigniter4\framework\system\Database\MySQLi\Connection.php:174
Stack trace:
#0 D:\Codeigniter\lppmi-unusia\vendor\codeigniter4\framework\system\Database\MySQLi\Connection.php(174): mysqli->real_connect('localhost', 'root', '', 'unusia_lppmi', 3306, '', 0)
#1 D:\Codeigniter\lppmi-unusia\vendor\codeigniter4\framework\system\Database\BaseConnection.php(391): CodeIgniter\Database\MySQLi\Connection->connect(false)
#2 D:\Codeigniter\lppmi-unusia\vendor\codeigniter4\framework\system\Database\BaseConnection.php(574): CodeIgniter\Database\BaseConnection->initialize()
#3 D:\Codeigniter\lppmi-unusia\app\Models\VisitorModel.php(15): CodeIgniter\Database\BaseConnection->query('SELECT * FROM t...')
#4 D:\Codeigniter\lppmi-unusia\app\Controllers\BaseController.php(67): App\Models\VisitorModel->count_visitor('::1', 'Chrome 115.0.0....')
#5 D:\Codeigniter\lppmi-unusia\vendor\codeigniter4\framework\system\CodeIgniter.php(905): App\Controllers\BaseController->initController(Object(CodeIgniter\HTTP\IncomingRequest), Object(CodeIgniter\HTTP\Response), Object(CodeIgniter\Log\Logger))
#6 D:\Codeigniter\lppmi-unusia\vendor\codeigniter4\framework\system\CodeIgniter.php(488): CodeIgniter\CodeIgniter->createController()
#7 D:\Codeigniter\lppmi-unusia\vendor\codeigniter4\framework\system\CodeIgniter.php(366): CodeIgniter\CodeIgniter->handleRequest(NULL, Object(Config\Cache), false)
#8 D:\Codeigniter\lppmi-unusia\public\index.php(67): CodeIgniter\CodeIgniter->run()
#9 D:\Codeigniter\lppmi-unusia\vendor\codeigniter4\framework\system\Commands\Server\rewrite.php(47): require_once('D:\\Codeigniter\\...')
#10 {main}

Next CodeIgniter\Database\Exceptions\DatabaseException: No connection could be made because the target machine actively refused it.
 in D:\Codeigniter\lppmi-unusia\vendor\codeigniter4\framework\system\Database\MySQLi\Connection.php:218
Stack trace:
#0 D:\Codeigniter\lppmi-unusia\vendor\codeigniter4\framework\system\Database\BaseConnection.php(391): CodeIgniter\Database\MySQLi\Connection->connect(false)
#1 D:\Codeigniter\lppmi-unusia\vendor\codeigniter4\framework\system\Database\BaseConnection.php(574): CodeIgniter\Database\BaseConnection->initialize()
#2 D:\Codeigniter\lppmi-unusia\app\Models\VisitorModel.php(15): CodeIgniter\Database\BaseConnection->query('SELECT * FROM t...')
#3 D:\Codeigniter\lppmi-unusia\app\Controllers\BaseController.php(67): App\Models\VisitorModel->count_visitor('::1', 'Chrome 115.0.0....')
#4 D:\Codeigniter\lppmi-unusia\vendor\codeigniter4\framework\system\CodeIgniter.php(905): App\Controllers\BaseController->initController(Object(CodeIgniter\HTTP\IncomingRequest), Object(CodeIgniter\HTTP\Response), Object(CodeIgniter\Log\Logger))
#5 D:\Codeigniter\lppmi-unusia\vendor\codeigniter4\framework\system\CodeIgniter.php(488): CodeIgniter\CodeIgniter->createController()
#6 D:\Codeigniter\lppmi-unusia\vendor\codeigniter4\framework\system\CodeIgniter.php(366): CodeIgniter\CodeIgniter->handleRequest(NULL, Object(Config\Cache), false)
#7 D:\Codeigniter\lppmi-unusia\public\index.php(67): CodeIgniter\CodeIgniter->run()
#8 D:\Codeigniter\lppmi-unusia\vendor\codeigniter4\framework\system\Commands\Server\rewrite.php(47): require_once('D:\\Codeigniter\\...')
#9 {main}
CRITICAL - 2023-08-08 10:50:05 --> Unable to connect to the database.
Main connection [MySQLi]: No connection could be made because the target machine actively refused it.

in SYSTEMPATH\Database\BaseConnection.php on line 427.
 1 SYSTEMPATH\Database\BaseConnection.php(574): CodeIgniter\Database\BaseConnection->initialize()
 2 APPPATH\Models\VisitorModel.php(15): CodeIgniter\Database\BaseConnection->query('SELECT * FROM tbl_visitors WHERE visit_ip=\'::1\' AND DATE(visit_date)=CURDATE()')
 3 APPPATH\Controllers\BaseController.php(67): App\Models\VisitorModel->count_visitor('::1', 'Chrome 115.0.0.0')
 4 SYSTEMPATH\CodeIgniter.php(905): App\Controllers\BaseController->initController(Object(CodeIgniter\HTTP\IncomingRequest), Object(CodeIgniter\HTTP\Response), Object(CodeIgniter\Log\Logger))
 5 SYSTEMPATH\CodeIgniter.php(488): CodeIgniter\CodeIgniter->createController()
 6 SYSTEMPATH\CodeIgniter.php(366): CodeIgniter\CodeIgniter->handleRequest(null, Object(Config\Cache), false)
 7 FCPATH\index.php(67): CodeIgniter\CodeIgniter->run()
 8 SYSTEMPATH\Commands\Server\rewrite.php(47): require_once('D:\\Codeigniter\\lppmi-unusia\\public\\index.php')
ERROR - 2023-08-08 11:15:10 --> Error connecting to the database: mysqli_sql_exception: No connection could be made because the target machine actively refused it.
 in D:\Codeigniter\lppmi-unusia\vendor\codeigniter4\framework\system\Database\MySQLi\Connection.php:174
Stack trace:
#0 D:\Codeigniter\lppmi-unusia\vendor\codeigniter4\framework\system\Database\MySQLi\Connection.php(174): mysqli->real_connect('localhost', 'root', '', 'unusia_lppmi', 3306, '', 0)
#1 D:\Codeigniter\lppmi-unusia\vendor\codeigniter4\framework\system\Database\BaseConnection.php(391): CodeIgniter\Database\MySQLi\Connection->connect(false)
#2 D:\Codeigniter\lppmi-unusia\vendor\codeigniter4\framework\system\Database\BaseConnection.php(574): CodeIgniter\Database\BaseConnection->initialize()
#3 D:\Codeigniter\lppmi-unusia\app\Models\VisitorModel.php(15): CodeIgniter\Database\BaseConnection->query('SELECT * FROM t...')
#4 D:\Codeigniter\lppmi-unusia\app\Controllers\BaseController.php(67): App\Models\VisitorModel->count_visitor('::1', 'Chrome 115.0.0....')
#5 D:\Codeigniter\lppmi-unusia\vendor\codeigniter4\framework\system\CodeIgniter.php(905): App\Controllers\BaseController->initController(Object(CodeIgniter\HTTP\IncomingRequest), Object(CodeIgniter\HTTP\Response), Object(CodeIgniter\Log\Logger))
#6 D:\Codeigniter\lppmi-unusia\vendor\codeigniter4\framework\system\CodeIgniter.php(488): CodeIgniter\CodeIgniter->createController()
#7 D:\Codeigniter\lppmi-unusia\vendor\codeigniter4\framework\system\CodeIgniter.php(366): CodeIgniter\CodeIgniter->handleRequest(NULL, Object(Config\Cache), false)
#8 D:\Codeigniter\lppmi-unusia\public\index.php(67): CodeIgniter\CodeIgniter->run()
#9 D:\Codeigniter\lppmi-unusia\vendor\codeigniter4\framework\system\Commands\Server\rewrite.php(47): require_once('D:\\Codeigniter\\...')
#10 {main}

Next CodeIgniter\Database\Exceptions\DatabaseException: No connection could be made because the target machine actively refused it.
 in D:\Codeigniter\lppmi-unusia\vendor\codeigniter4\framework\system\Database\MySQLi\Connection.php:218
Stack trace:
#0 D:\Codeigniter\lppmi-unusia\vendor\codeigniter4\framework\system\Database\BaseConnection.php(391): CodeIgniter\Database\MySQLi\Connection->connect(false)
#1 D:\Codeigniter\lppmi-unusia\vendor\codeigniter4\framework\system\Database\BaseConnection.php(574): CodeIgniter\Database\BaseConnection->initialize()
#2 D:\Codeigniter\lppmi-unusia\app\Models\VisitorModel.php(15): CodeIgniter\Database\BaseConnection->query('SELECT * FROM t...')
#3 D:\Codeigniter\lppmi-unusia\app\Controllers\BaseController.php(67): App\Models\VisitorModel->count_visitor('::1', 'Chrome 115.0.0....')
#4 D:\Codeigniter\lppmi-unusia\vendor\codeigniter4\framework\system\CodeIgniter.php(905): App\Controllers\BaseController->initController(Object(CodeIgniter\HTTP\IncomingRequest), Object(CodeIgniter\HTTP\Response), Object(CodeIgniter\Log\Logger))
#5 D:\Codeigniter\lppmi-unusia\vendor\codeigniter4\framework\system\CodeIgniter.php(488): CodeIgniter\CodeIgniter->createController()
#6 D:\Codeigniter\lppmi-unusia\vendor\codeigniter4\framework\system\CodeIgniter.php(366): CodeIgniter\CodeIgniter->handleRequest(NULL, Object(Config\Cache), false)
#7 D:\Codeigniter\lppmi-unusia\public\index.php(67): CodeIgniter\CodeIgniter->run()
#8 D:\Codeigniter\lppmi-unusia\vendor\codeigniter4\framework\system\Commands\Server\rewrite.php(47): require_once('D:\\Codeigniter\\...')
#9 {main}
CRITICAL - 2023-08-08 11:15:10 --> Unable to connect to the database.
Main connection [MySQLi]: No connection could be made because the target machine actively refused it.

in SYSTEMPATH\Database\BaseConnection.php on line 427.
 1 SYSTEMPATH\Database\BaseConnection.php(574): CodeIgniter\Database\BaseConnection->initialize()
 2 APPPATH\Models\VisitorModel.php(15): CodeIgniter\Database\BaseConnection->query('SELECT * FROM tbl_visitors WHERE visit_ip=\'::1\' AND DATE(visit_date)=CURDATE()')
 3 APPPATH\Controllers\BaseController.php(67): App\Models\VisitorModel->count_visitor('::1', 'Chrome 115.0.0.0')
 4 SYSTEMPATH\CodeIgniter.php(905): App\Controllers\BaseController->initController(Object(CodeIgniter\HTTP\IncomingRequest), Object(CodeIgniter\HTTP\Response), Object(CodeIgniter\Log\Logger))
 5 SYSTEMPATH\CodeIgniter.php(488): CodeIgniter\CodeIgniter->createController()
 6 SYSTEMPATH\CodeIgniter.php(366): CodeIgniter\CodeIgniter->handleRequest(null, Object(Config\Cache), false)
 7 FCPATH\index.php(67): CodeIgniter\CodeIgniter->run()
 8 SYSTEMPATH\Commands\Server\rewrite.php(47): require_once('D:\\Codeigniter\\lppmi-unusia\\public\\index.php')
ERROR - 2023-08-08 11:15:43 --> Error connecting to the database: mysqli_sql_exception: No connection could be made because the target machine actively refused it.
 in D:\Codeigniter\lppmi-unusia\vendor\codeigniter4\framework\system\Database\MySQLi\Connection.php:174
Stack trace:
#0 D:\Codeigniter\lppmi-unusia\vendor\codeigniter4\framework\system\Database\MySQLi\Connection.php(174): mysqli->real_connect('localhost', 'root', '', 'unusia_lppmi', 3306, '', 0)
#1 D:\Codeigniter\lppmi-unusia\vendor\codeigniter4\framework\system\Database\BaseConnection.php(391): CodeIgniter\Database\MySQLi\Connection->connect(false)
#2 D:\Codeigniter\lppmi-unusia\vendor\codeigniter4\framework\system\Database\BaseConnection.php(574): CodeIgniter\Database\BaseConnection->initialize()
#3 D:\Codeigniter\lppmi-unusia\app\Models\VisitorModel.php(15): CodeIgniter\Database\BaseConnection->query('SELECT * FROM t...')
#4 D:\Codeigniter\lppmi-unusia\app\Controllers\BaseController.php(67): App\Models\VisitorModel->count_visitor('::1', 'Chrome 115.0.0....')
#5 D:\Codeigniter\lppmi-unusia\vendor\codeigniter4\framework\system\CodeIgniter.php(905): App\Controllers\BaseController->initController(Object(CodeIgniter\HTTP\IncomingRequest), Object(CodeIgniter\HTTP\Response), Object(CodeIgniter\Log\Logger))
#6 D:\Codeigniter\lppmi-unusia\vendor\codeigniter4\framework\system\CodeIgniter.php(488): CodeIgniter\CodeIgniter->createController()
#7 D:\Codeigniter\lppmi-unusia\vendor\codeigniter4\framework\system\CodeIgniter.php(366): CodeIgniter\CodeIgniter->handleRequest(NULL, Object(Config\Cache), false)
#8 D:\Codeigniter\lppmi-unusia\public\index.php(67): CodeIgniter\CodeIgniter->run()
#9 D:\Codeigniter\lppmi-unusia\vendor\codeigniter4\framework\system\Commands\Server\rewrite.php(47): require_once('D:\\Codeigniter\\...')
#10 {main}

Next CodeIgniter\Database\Exceptions\DatabaseException: No connection could be made because the target machine actively refused it.
 in D:\Codeigniter\lppmi-unusia\vendor\codeigniter4\framework\system\Database\MySQLi\Connection.php:218
Stack trace:
#0 D:\Codeigniter\lppmi-unusia\vendor\codeigniter4\framework\system\Database\BaseConnection.php(391): CodeIgniter\Database\MySQLi\Connection->connect(false)
#1 D:\Codeigniter\lppmi-unusia\vendor\codeigniter4\framework\system\Database\BaseConnection.php(574): CodeIgniter\Database\BaseConnection->initialize()
#2 D:\Codeigniter\lppmi-unusia\app\Models\VisitorModel.php(15): CodeIgniter\Database\BaseConnection->query('SELECT * FROM t...')
#3 D:\Codeigniter\lppmi-unusia\app\Controllers\BaseController.php(67): App\Models\VisitorModel->count_visitor('::1', 'Chrome 115.0.0....')
#4 D:\Codeigniter\lppmi-unusia\vendor\codeigniter4\framework\system\CodeIgniter.php(905): App\Controllers\BaseController->initController(Object(CodeIgniter\HTTP\IncomingRequest), Object(CodeIgniter\HTTP\Response), Object(CodeIgniter\Log\Logger))
#5 D:\Codeigniter\lppmi-unusia\vendor\codeigniter4\framework\system\CodeIgniter.php(488): CodeIgniter\CodeIgniter->createController()
#6 D:\Codeigniter\lppmi-unusia\vendor\codeigniter4\framework\system\CodeIgniter.php(366): CodeIgniter\CodeIgniter->handleRequest(NULL, Object(Config\Cache), false)
#7 D:\Codeigniter\lppmi-unusia\public\index.php(67): CodeIgniter\CodeIgniter->run()
#8 D:\Codeigniter\lppmi-unusia\vendor\codeigniter4\framework\system\Commands\Server\rewrite.php(47): require_once('D:\\Codeigniter\\...')
#9 {main}
CRITICAL - 2023-08-08 11:15:43 --> Unable to connect to the database.
Main connection [MySQLi]: No connection could be made because the target machine actively refused it.

in SYSTEMPATH\Database\BaseConnection.php on line 427.
 1 SYSTEMPATH\Database\BaseConnection.php(574): CodeIgniter\Database\BaseConnection->initialize()
 2 APPPATH\Models\VisitorModel.php(15): CodeIgniter\Database\BaseConnection->query('SELECT * FROM tbl_visitors WHERE visit_ip=\'::1\' AND DATE(visit_date)=CURDATE()')
 3 APPPATH\Controllers\BaseController.php(67): App\Models\VisitorModel->count_visitor('::1', 'Chrome 115.0.0.0')
 4 SYSTEMPATH\CodeIgniter.php(905): App\Controllers\BaseController->initController(Object(CodeIgniter\HTTP\IncomingRequest), Object(CodeIgniter\HTTP\Response), Object(CodeIgniter\Log\Logger))
 5 SYSTEMPATH\CodeIgniter.php(488): CodeIgniter\CodeIgniter->createController()
 6 SYSTEMPATH\CodeIgniter.php(366): CodeIgniter\CodeIgniter->handleRequest(null, Object(Config\Cache), false)
 7 FCPATH\index.php(67): CodeIgniter\CodeIgniter->run()
 8 SYSTEMPATH\Commands\Server\rewrite.php(47): require_once('D:\\Codeigniter\\lppmi-unusia\\public\\index.php')
CRITICAL - 2023-08-08 22:28:47 --> Invalid argument supplied for foreach()
in APPPATH\Views\admin\v_document.php on line 143.
 1 APPPATH\Views\admin\v_document.php(143): CodeIgniter\Debug\Exceptions->errorHandler(2, 'Invalid argument supplied for foreach()', 'D:\\Codeigniter\\lppmi-unusia\\app\\Views\\admin\\v_document.php', 143, [...])
 2 SYSTEMPATH\View\View.php(224): include('D:\\Codeigniter\\lppmi-unusia\\app\\Views\\admin\\v_document.php')
 3 SYSTEMPATH\View\View.php(227): CodeIgniter\View\View->CodeIgniter\View\{closure}()
 4 SYSTEMPATH\Common.php(1180): CodeIgniter\View\View->render('admin/v_document', [], true)
 5 APPPATH\Controllers\Admin\DocsAdminController.php(36): view('admin/v_document', [...])
 6 SYSTEMPATH\CodeIgniter.php(932): App\Controllers\Admin\DocsAdminController->index()
 7 SYSTEMPATH\CodeIgniter.php(497): CodeIgniter\CodeIgniter->runController(Object(App\Controllers\Admin\DocsAdminController))
 8 SYSTEMPATH\CodeIgniter.php(366): CodeIgniter\CodeIgniter->handleRequest(null, Object(Config\Cache), false)
 9 FCPATH\index.php(67): CodeIgniter\CodeIgniter->run()
10 SYSTEMPATH\Commands\Server\rewrite.php(47): require_once('D:\\Codeigniter\\lppmi-unusia\\public\\index.php')
CRITICAL - 2023-08-08 22:32:52 --> Call to a member function findAll() on null
in APPPATH\Controllers\Admin\DocsAdminController.php on line 32.
 1 SYSTEMPATH\CodeIgniter.php(932): App\Controllers\Admin\DocsAdminController->index()
 2 SYSTEMPATH\CodeIgniter.php(497): CodeIgniter\CodeIgniter->runController(Object(App\Controllers\Admin\DocsAdminController))
 3 SYSTEMPATH\CodeIgniter.php(366): CodeIgniter\CodeIgniter->handleRequest(null, Object(Config\Cache), false)
 4 FCPATH\index.php(67): CodeIgniter\CodeIgniter->run()
 5 SYSTEMPATH\Commands\Server\rewrite.php(47): require_once('D:\\Codeigniter\\lppmi-unusia\\public\\index.php')
CRITICAL - 2023-08-08 22:32:59 --> Call to a member function findAll() on null
in APPPATH\Controllers\Admin\DocsAdminController.php on line 32.
 1 SYSTEMPATH\CodeIgniter.php(932): App\Controllers\Admin\DocsAdminController->index()
 2 SYSTEMPATH\CodeIgniter.php(497): CodeIgniter\CodeIgniter->runController(Object(App\Controllers\Admin\DocsAdminController))
 3 SYSTEMPATH\CodeIgniter.php(366): CodeIgniter\CodeIgniter->handleRequest(null, Object(Config\Cache), false)
 4 FCPATH\index.php(67): CodeIgniter\CodeIgniter->run()
 5 SYSTEMPATH\Commands\Server\rewrite.php(47): require_once('D:\\Codeigniter\\lppmi-unusia\\public\\index.php')
CRITICAL - 2023-08-08 22:36:22 --> Undefined property: App\Controllers\Admin\DocsAdminController::$docscategoryModel
in APPPATH\Controllers\Admin\DocsAdminController.php on line 32.
 1 APPPATH\Controllers\Admin\DocsAdminController.php(32): CodeIgniter\Debug\Exceptions->errorHandler(8, 'Undefined property: App\\Controllers\\Admin\\DocsAdminController::$docscategoryModel', 'D:\\Codeigniter\\lppmi-unusia\\app\\Controllers\\Admin\\DocsAdminController.php', 32, [])
 2 SYSTEMPATH\CodeIgniter.php(932): App\Controllers\Admin\DocsAdminController->index()
 3 SYSTEMPATH\CodeIgniter.php(497): CodeIgniter\CodeIgniter->runController(Object(App\Controllers\Admin\DocsAdminController))
 4 SYSTEMPATH\CodeIgniter.php(366): CodeIgniter\CodeIgniter->handleRequest(null, Object(Config\Cache), false)
 5 FCPATH\index.php(67): CodeIgniter\CodeIgniter->run()
 6 SYSTEMPATH\Commands\Server\rewrite.php(47): require_once('D:\\Codeigniter\\lppmi-unusia\\public\\index.php')
CRITICAL - 2023-08-08 22:46:19 --> Undefined property: App\Controllers\Admin\DocsAdminController::$docsCategoryModel
in APPPATH\Controllers\Admin\DocsAdminController.php on line 32.
 1 APPPATH\Controllers\Admin\DocsAdminController.php(32): CodeIgniter\Debug\Exceptions->errorHandler(8, 'Undefined property: App\\Controllers\\Admin\\DocsAdminController::$docsCategoryModel', 'D:\\Codeigniter\\lppmi-unusia\\app\\Controllers\\Admin\\DocsAdminController.php', 32, [])
 2 SYSTEMPATH\CodeIgniter.php(932): App\Controllers\Admin\DocsAdminController->index()
 3 SYSTEMPATH\CodeIgniter.php(497): CodeIgniter\CodeIgniter->runController(Object(App\Controllers\Admin\DocsAdminController))
 4 SYSTEMPATH\CodeIgniter.php(366): CodeIgniter\CodeIgniter->handleRequest(null, Object(Config\Cache), false)
 5 FCPATH\index.php(67): CodeIgniter\CodeIgniter->run()
 6 SYSTEMPATH\Commands\Server\rewrite.php(47): require_once('D:\\Codeigniter\\lppmi-unusia\\public\\index.php')
CRITICAL - 2023-08-08 22:49:03 --> Undefined variable: categories
in APPPATH\Views\admin\v_document.php on line 143.
 1 APPPATH\Views\admin\v_document.php(143): CodeIgniter\Debug\Exceptions->errorHandler(8, 'Undefined variable: categories', 'D:\\Codeigniter\\lppmi-unusia\\app\\Views\\admin\\v_document.php', 143, [...])
 2 SYSTEMPATH\View\View.php(224): include('D:\\Codeigniter\\lppmi-unusia\\app\\Views\\admin\\v_document.php')
 3 SYSTEMPATH\View\View.php(227): CodeIgniter\View\View->CodeIgniter\View\{closure}()
 4 SYSTEMPATH\Common.php(1180): CodeIgniter\View\View->render('admin/v_document', [], true)
 5 APPPATH\Controllers\Admin\DocsAdminController.php(36): view('admin/v_document', [...])
 6 SYSTEMPATH\CodeIgniter.php(932): App\Controllers\Admin\DocsAdminController->index()
 7 SYSTEMPATH\CodeIgniter.php(497): CodeIgniter\CodeIgniter->runController(Object(App\Controllers\Admin\DocsAdminController))
 8 SYSTEMPATH\CodeIgniter.php(366): CodeIgniter\CodeIgniter->handleRequest(null, Object(Config\Cache), false)
 9 FCPATH\index.php(67): CodeIgniter\CodeIgniter->run()
10 SYSTEMPATH\Commands\Server\rewrite.php(47): require_once('D:\\Codeigniter\\lppmi-unusia\\public\\index.php')
CRITICAL - 2023-08-08 22:50:39 --> Undefined property: App\Controllers\Admin\DocsAdminController::$docscategoryModel
in APPPATH\Controllers\Admin\DocsAdminController.php on line 33.
 1 APPPATH\Controllers\Admin\DocsAdminController.php(33): CodeIgniter\Debug\Exceptions->errorHandler(8, 'Undefined property: App\\Controllers\\Admin\\DocsAdminController::$docscategoryModel', 'D:\\Codeigniter\\lppmi-unusia\\app\\Controllers\\Admin\\DocsAdminController.php', 33, [])
 2 SYSTEMPATH\CodeIgniter.php(932): App\Controllers\Admin\DocsAdminController->index()
 3 SYSTEMPATH\CodeIgniter.php(497): CodeIgniter\CodeIgniter->runController(Object(App\Controllers\Admin\DocsAdminController))
 4 SYSTEMPATH\CodeIgniter.php(366): CodeIgniter\CodeIgniter->handleRequest(null, Object(Config\Cache), false)
 5 FCPATH\index.php(67): CodeIgniter\CodeIgniter->run()
 6 SYSTEMPATH\Commands\Server\rewrite.php(47): require_once('D:\\Codeigniter\\lppmi-unusia\\public\\index.php')
CRITICAL - 2023-08-08 22:54:56 --> Undefined index: docs_id
in APPPATH\Views\admin\v_document.php on line 203.
 1 APPPATH\Views\admin\v_document.php(203): CodeIgniter\Debug\Exceptions->errorHandler(8, 'Undefined index: docs_id', 'D:\\Codeigniter\\lppmi-unusia\\app\\Views\\admin\\v_document.php', 203, [...])
 2 SYSTEMPATH\View\View.php(224): include('D:\\Codeigniter\\lppmi-unusia\\app\\Views\\admin\\v_document.php')
 3 SYSTEMPATH\View\View.php(227): CodeIgniter\View\View->CodeIgniter\View\{closure}()
 4 SYSTEMPATH\Common.php(1180): CodeIgniter\View\View->render('admin/v_document', [], true)
 5 APPPATH\Controllers\Admin\DocsAdminController.php(37): view('admin/v_document', [...])
 6 SYSTEMPATH\CodeIgniter.php(932): App\Controllers\Admin\DocsAdminController->index()
 7 SYSTEMPATH\CodeIgniter.php(497): CodeIgniter\CodeIgniter->runController(Object(App\Controllers\Admin\DocsAdminController))
 8 SYSTEMPATH\CodeIgniter.php(366): CodeIgniter\CodeIgniter->handleRequest(null, Object(Config\Cache), false)
 9 FCPATH\index.php(67): CodeIgniter\CodeIgniter->run()
10 SYSTEMPATH\Commands\Server\rewrite.php(47): require_once('D:\\Codeigniter\\lppmi-unusia\\public\\index.php')
CRITICAL - 2023-08-08 22:58:11 --> Undefined index: docs_id
in APPPATH\Views\admin\v_document.php on line 203.
 1 APPPATH\Views\admin\v_document.php(203): CodeIgniter\Debug\Exceptions->errorHandler(8, 'Undefined index: docs_id', 'D:\\Codeigniter\\lppmi-unusia\\app\\Views\\admin\\v_document.php', 203, [...])
 2 SYSTEMPATH\View\View.php(224): include('D:\\Codeigniter\\lppmi-unusia\\app\\Views\\admin\\v_document.php')
 3 SYSTEMPATH\View\View.php(227): CodeIgniter\View\View->CodeIgniter\View\{closure}()
 4 SYSTEMPATH\Common.php(1180): CodeIgniter\View\View->render('admin/v_document', [], true)
 5 APPPATH\Controllers\Admin\DocsAdminController.php(37): view('admin/v_document', [...])
 6 SYSTEMPATH\CodeIgniter.php(932): App\Controllers\Admin\DocsAdminController->index()
 7 SYSTEMPATH\CodeIgniter.php(497): CodeIgniter\CodeIgniter->runController(Object(App\Controllers\Admin\DocsAdminController))
 8 SYSTEMPATH\CodeIgniter.php(366): CodeIgniter\CodeIgniter->handleRequest(null, Object(Config\Cache), false)
 9 FCPATH\index.php(67): CodeIgniter\CodeIgniter->run()
10 SYSTEMPATH\Commands\Server\rewrite.php(47): require_once('D:\\Codeigniter\\lppmi-unusia\\public\\index.php')
CRITICAL - 2023-08-08 22:59:05 --> Undefined index: docs_id
in APPPATH\Views\admin\v_document.php on line 203.
 1 APPPATH\Views\admin\v_document.php(203): CodeIgniter\Debug\Exceptions->errorHandler(8, 'Undefined index: docs_id', 'D:\\Codeigniter\\lppmi-unusia\\app\\Views\\admin\\v_document.php', 203, [...])
 2 SYSTEMPATH\View\View.php(224): include('D:\\Codeigniter\\lppmi-unusia\\app\\Views\\admin\\v_document.php')
 3 SYSTEMPATH\View\View.php(227): CodeIgniter\View\View->CodeIgniter\View\{closure}()
 4 SYSTEMPATH\Common.php(1180): CodeIgniter\View\View->render('admin/v_document', [], true)
 5 APPPATH\Controllers\Admin\DocsAdminController.php(37): view('admin/v_document', [...])
 6 SYSTEMPATH\CodeIgniter.php(932): App\Controllers\Admin\DocsAdminController->index()
 7 SYSTEMPATH\CodeIgniter.php(497): CodeIgniter\CodeIgniter->runController(Object(App\Controllers\Admin\DocsAdminController))
 8 SYSTEMPATH\CodeIgniter.php(366): CodeIgniter\CodeIgniter->handleRequest(null, Object(Config\Cache), false)
 9 FCPATH\index.php(67): CodeIgniter\CodeIgniter->run()
10 SYSTEMPATH\Commands\Server\rewrite.php(47): require_once('D:\\Codeigniter\\lppmi-unusia\\public\\index.php')
CRITICAL - 2023-08-08 23:03:41 --> Undefined index: docs_category_id
in APPPATH\Views\admin\v_document.php on line 196.
 1 APPPATH\Views\admin\v_document.php(196): CodeIgniter\Debug\Exceptions->errorHandler(8, 'Undefined index: docs_category_id', 'D:\\Codeigniter\\lppmi-unusia\\app\\Views\\admin\\v_document.php', 196, [...])
 2 SYSTEMPATH\View\View.php(224): include('D:\\Codeigniter\\lppmi-unusia\\app\\Views\\admin\\v_document.php')
 3 SYSTEMPATH\View\View.php(227): CodeIgniter\View\View->CodeIgniter\View\{closure}()
 4 SYSTEMPATH\Common.php(1180): CodeIgniter\View\View->render('admin/v_document', [], true)
 5 APPPATH\Controllers\Admin\DocsAdminController.php(37): view('admin/v_document', [...])
 6 SYSTEMPATH\CodeIgniter.php(932): App\Controllers\Admin\DocsAdminController->index()
 7 SYSTEMPATH\CodeIgniter.php(497): CodeIgniter\CodeIgniter->runController(Object(App\Controllers\Admin\DocsAdminController))
 8 SYSTEMPATH\CodeIgniter.php(366): CodeIgniter\CodeIgniter->handleRequest(null, Object(Config\Cache), false)
 9 FCPATH\index.php(67): CodeIgniter\CodeIgniter->run()
10 SYSTEMPATH\Commands\Server\rewrite.php(47): require_once('D:\\Codeigniter\\lppmi-unusia\\public\\index.php')
CRITICAL - 2023-08-08 23:04:17 --> Undefined index: docs_id
in APPPATH\Views\admin\v_document.php on line 202.
 1 APPPATH\Views\admin\v_document.php(202): CodeIgniter\Debug\Exceptions->errorHandler(8, 'Undefined index: docs_id', 'D:\\Codeigniter\\lppmi-unusia\\app\\Views\\admin\\v_document.php', 202, [...])
 2 SYSTEMPATH\View\View.php(224): include('D:\\Codeigniter\\lppmi-unusia\\app\\Views\\admin\\v_document.php')
 3 SYSTEMPATH\View\View.php(227): CodeIgniter\View\View->CodeIgniter\View\{closure}()
 4 SYSTEMPATH\Common.php(1180): CodeIgniter\View\View->render('admin/v_document', [], true)
 5 APPPATH\Controllers\Admin\DocsAdminController.php(37): view('admin/v_document', [...])
 6 SYSTEMPATH\CodeIgniter.php(932): App\Controllers\Admin\DocsAdminController->index()
 7 SYSTEMPATH\CodeIgniter.php(497): CodeIgniter\CodeIgniter->runController(Object(App\Controllers\Admin\DocsAdminController))
 8 SYSTEMPATH\CodeIgniter.php(366): CodeIgniter\CodeIgniter->handleRequest(null, Object(Config\Cache), false)
 9 FCPATH\index.php(67): CodeIgniter\CodeIgniter->run()
10 SYSTEMPATH\Commands\Server\rewrite.php(47): require_once('D:\\Codeigniter\\lppmi-unusia\\public\\index.php')
CRITICAL - 2023-08-08 23:07:12 --> Undefined index: docs_id
in APPPATH\Views\admin\v_document.php on line 202.
 1 APPPATH\Views\admin\v_document.php(202): CodeIgniter\Debug\Exceptions->errorHandler(8, 'Undefined index: docs_id', 'D:\\Codeigniter\\lppmi-unusia\\app\\Views\\admin\\v_document.php', 202, [...])
 2 SYSTEMPATH\View\View.php(224): include('D:\\Codeigniter\\lppmi-unusia\\app\\Views\\admin\\v_document.php')
 3 SYSTEMPATH\View\View.php(227): CodeIgniter\View\View->CodeIgniter\View\{closure}()
 4 SYSTEMPATH\Common.php(1180): CodeIgniter\View\View->render('admin/v_document', [], true)
 5 APPPATH\Controllers\Admin\DocsAdminController.php(37): view('admin/v_document', [...])
 6 SYSTEMPATH\CodeIgniter.php(932): App\Controllers\Admin\DocsAdminController->index()
 7 SYSTEMPATH\CodeIgniter.php(497): CodeIgniter\CodeIgniter->runController(Object(App\Controllers\Admin\DocsAdminController))
 8 SYSTEMPATH\CodeIgniter.php(366): CodeIgniter\CodeIgniter->handleRequest(null, Object(Config\Cache), false)
 9 FCPATH\index.php(67): CodeIgniter\CodeIgniter->run()
10 SYSTEMPATH\Commands\Server\rewrite.php(47): require_once('D:\\Codeigniter\\lppmi-unusia\\public\\index.php')
CRITICAL - 2023-08-08 23:07:14 --> Undefined index: docs_id
in APPPATH\Views\admin\v_document.php on line 202.
 1 APPPATH\Views\admin\v_document.php(202): CodeIgniter\Debug\Exceptions->errorHandler(8, 'Undefined index: docs_id', 'D:\\Codeigniter\\lppmi-unusia\\app\\Views\\admin\\v_document.php', 202, [...])
 2 SYSTEMPATH\View\View.php(224): include('D:\\Codeigniter\\lppmi-unusia\\app\\Views\\admin\\v_document.php')
 3 SYSTEMPATH\View\View.php(227): CodeIgniter\View\View->CodeIgniter\View\{closure}()
 4 SYSTEMPATH\Common.php(1180): CodeIgniter\View\View->render('admin/v_document', [], true)
 5 APPPATH\Controllers\Admin\DocsAdminController.php(37): view('admin/v_document', [...])
 6 SYSTEMPATH\CodeIgniter.php(932): App\Controllers\Admin\DocsAdminController->index()
 7 SYSTEMPATH\CodeIgniter.php(497): CodeIgniter\CodeIgniter->runController(Object(App\Controllers\Admin\DocsAdminController))
 8 SYSTEMPATH\CodeIgniter.php(366): CodeIgniter\CodeIgniter->handleRequest(null, Object(Config\Cache), false)
 9 FCPATH\index.php(67): CodeIgniter\CodeIgniter->run()
10 SYSTEMPATH\Commands\Server\rewrite.php(47): require_once('D:\\Codeigniter\\lppmi-unusia\\public\\index.php')
CRITICAL - 2023-08-08 23:16:45 --> Undefined index: docs_id
in APPPATH\Views\admin\v_document.php on line 204.
 1 APPPATH\Views\admin\v_document.php(204): CodeIgniter\Debug\Exceptions->errorHandler(8, 'Undefined index: docs_id', 'D:\\Codeigniter\\lppmi-unusia\\app\\Views\\admin\\v_document.php', 204, [...])
 2 SYSTEMPATH\View\View.php(224): include('D:\\Codeigniter\\lppmi-unusia\\app\\Views\\admin\\v_document.php')
 3 SYSTEMPATH\View\View.php(227): CodeIgniter\View\View->CodeIgniter\View\{closure}()
 4 SYSTEMPATH\Common.php(1180): CodeIgniter\View\View->render('admin/v_document', [], true)
 5 APPPATH\Controllers\Admin\DocsAdminController.php(37): view('admin/v_document', [...])
 6 SYSTEMPATH\CodeIgniter.php(932): App\Controllers\Admin\DocsAdminController->index()
 7 SYSTEMPATH\CodeIgniter.php(497): CodeIgniter\CodeIgniter->runController(Object(App\Controllers\Admin\DocsAdminController))
 8 SYSTEMPATH\CodeIgniter.php(366): CodeIgniter\CodeIgniter->handleRequest(null, Object(Config\Cache), false)
 9 FCPATH\index.php(67): CodeIgniter\CodeIgniter->run()
10 SYSTEMPATH\Commands\Server\rewrite.php(47): require_once('D:\\Codeigniter\\lppmi-unusia\\public\\index.php')
CRITICAL - 2023-08-08 23:31:47 --> Undefined variable: post
in APPPATH\Views\admin\v_document.php on line 191.
 1 APPPATH\Views\admin\v_document.php(191): CodeIgniter\Debug\Exceptions->errorHandler(8, 'Undefined variable: post', 'D:\\Codeigniter\\lppmi-unusia\\app\\Views\\admin\\v_document.php', 191, [...])
 2 SYSTEMPATH\View\View.php(224): include('D:\\Codeigniter\\lppmi-unusia\\app\\Views\\admin\\v_document.php')
 3 SYSTEMPATH\View\View.php(227): CodeIgniter\View\View->CodeIgniter\View\{closure}()
 4 SYSTEMPATH\Common.php(1180): CodeIgniter\View\View->render('admin/v_document', [], true)
 5 APPPATH\Controllers\Admin\DocsAdminController.php(37): view('admin/v_document', [...])
 6 SYSTEMPATH\CodeIgniter.php(932): App\Controllers\Admin\DocsAdminController->index()
 7 SYSTEMPATH\CodeIgniter.php(497): CodeIgniter\CodeIgniter->runController(Object(App\Controllers\Admin\DocsAdminController))
 8 SYSTEMPATH\CodeIgniter.php(366): CodeIgniter\CodeIgniter->handleRequest(null, Object(Config\Cache), false)
 9 FCPATH\index.php(67): CodeIgniter\CodeIgniter->run()
10 SYSTEMPATH\Commands\Server\rewrite.php(47): require_once('D:\\Codeigniter\\lppmi-unusia\\public\\index.php')
CRITICAL - 2023-08-08 23:32:33 --> Undefined variable: category
in APPPATH\Views\admin\v_document.php on line 191.
 1 APPPATH\Views\admin\v_document.php(191): CodeIgniter\Debug\Exceptions->errorHandler(8, 'Undefined variable: category', 'D:\\Codeigniter\\lppmi-unusia\\app\\Views\\admin\\v_document.php', 191, [...])
 2 SYSTEMPATH\View\View.php(224): include('D:\\Codeigniter\\lppmi-unusia\\app\\Views\\admin\\v_document.php')
 3 SYSTEMPATH\View\View.php(227): CodeIgniter\View\View->CodeIgniter\View\{closure}()
 4 SYSTEMPATH\Common.php(1180): CodeIgniter\View\View->render('admin/v_document', [], true)
 5 APPPATH\Controllers\Admin\DocsAdminController.php(37): view('admin/v_document', [...])
 6 SYSTEMPATH\CodeIgniter.php(932): App\Controllers\Admin\DocsAdminController->index()
 7 SYSTEMPATH\CodeIgniter.php(497): CodeIgniter\CodeIgniter->runController(Object(App\Controllers\Admin\DocsAdminController))
 8 SYSTEMPATH\CodeIgniter.php(366): CodeIgniter\CodeIgniter->handleRequest(null, Object(Config\Cache), false)
 9 FCPATH\index.php(67): CodeIgniter\CodeIgniter->run()
10 SYSTEMPATH\Commands\Server\rewrite.php(47): require_once('D:\\Codeigniter\\lppmi-unusia\\public\\index.php')
CRITICAL - 2023-08-08 23:39:31 --> Undefined variable: category
in APPPATH\Views\admin\v_document.php on line 191.
 1 APPPATH\Views\admin\v_document.php(191): CodeIgniter\Debug\Exceptions->errorHandler(8, 'Undefined variable: category', 'D:\\Codeigniter\\lppmi-unusia\\app\\Views\\admin\\v_document.php', 191, [...])
 2 SYSTEMPATH\View\View.php(224): include('D:\\Codeigniter\\lppmi-unusia\\app\\Views\\admin\\v_document.php')
 3 SYSTEMPATH\View\View.php(227): CodeIgniter\View\View->CodeIgniter\View\{closure}()
 4 SYSTEMPATH\Common.php(1180): CodeIgniter\View\View->render('admin/v_document', [], true)
 5 APPPATH\Controllers\Admin\DocsAdminController.php(37): view('admin/v_document', [...])
 6 SYSTEMPATH\CodeIgniter.php(932): App\Controllers\Admin\DocsAdminController->index()
 7 SYSTEMPATH\CodeIgniter.php(497): CodeIgniter\CodeIgniter->runController(Object(App\Controllers\Admin\DocsAdminController))
 8 SYSTEMPATH\CodeIgniter.php(366): CodeIgniter\CodeIgniter->handleRequest(null, Object(Config\Cache), false)
 9 FCPATH\index.php(67): CodeIgniter\CodeIgniter->run()
10 SYSTEMPATH\Commands\Server\rewrite.php(47): require_once('D:\\Codeigniter\\lppmi-unusia\\public\\index.php')
CRITICAL - 2023-08-08 23:39:47 --> Undefined variable: category
in APPPATH\Views\admin\v_document.php on line 191.
 1 APPPATH\Views\admin\v_document.php(191): CodeIgniter\Debug\Exceptions->errorHandler(8, 'Undefined variable: category', 'D:\\Codeigniter\\lppmi-unusia\\app\\Views\\admin\\v_document.php', 191, [...])
 2 SYSTEMPATH\View\View.php(224): include('D:\\Codeigniter\\lppmi-unusia\\app\\Views\\admin\\v_document.php')
 3 SYSTEMPATH\View\View.php(227): CodeIgniter\View\View->CodeIgniter\View\{closure}()
 4 SYSTEMPATH\Common.php(1180): CodeIgniter\View\View->render('admin/v_document', [], true)
 5 APPPATH\Controllers\Admin\DocsAdminController.php(37): view('admin/v_document', [...])
 6 SYSTEMPATH\CodeIgniter.php(932): App\Controllers\Admin\DocsAdminController->index()
 7 SYSTEMPATH\CodeIgniter.php(497): CodeIgniter\CodeIgniter->runController(Object(App\Controllers\Admin\DocsAdminController))
 8 SYSTEMPATH\CodeIgniter.php(366): CodeIgniter\CodeIgniter->handleRequest(null, Object(Config\Cache), false)
 9 FCPATH\index.php(67): CodeIgniter\CodeIgniter->run()
10 SYSTEMPATH\Commands\Server\rewrite.php(47): require_once('D:\\Codeigniter\\lppmi-unusia\\public\\index.php')
CRITICAL - 2023-08-08 23:41:09 --> Undefined variable: category
in APPPATH\Views\admin\v_document.php on line 191.
 1 APPPATH\Views\admin\v_document.php(191): CodeIgniter\Debug\Exceptions->errorHandler(8, 'Undefined variable: category', 'D:\\Codeigniter\\lppmi-unusia\\app\\Views\\admin\\v_document.php', 191, [...])
 2 SYSTEMPATH\View\View.php(224): include('D:\\Codeigniter\\lppmi-unusia\\app\\Views\\admin\\v_document.php')
 3 SYSTEMPATH\View\View.php(227): CodeIgniter\View\View->CodeIgniter\View\{closure}()
 4 SYSTEMPATH\Common.php(1180): CodeIgniter\View\View->render('admin/v_document', [], true)
 5 APPPATH\Controllers\Admin\DocsAdminController.php(37): view('admin/v_document', [...])
 6 SYSTEMPATH\CodeIgniter.php(932): App\Controllers\Admin\DocsAdminController->index()
 7 SYSTEMPATH\CodeIgniter.php(497): CodeIgniter\CodeIgniter->runController(Object(App\Controllers\Admin\DocsAdminController))
 8 SYSTEMPATH\CodeIgniter.php(366): CodeIgniter\CodeIgniter->handleRequest(null, Object(Config\Cache), false)
 9 FCPATH\index.php(67): CodeIgniter\CodeIgniter->run()
10 SYSTEMPATH\Commands\Server\rewrite.php(47): require_once('D:\\Codeigniter\\lppmi-unusia\\public\\index.php')
CRITICAL - 2023-08-08 23:45:49 --> Undefined variable: post
in APPPATH\Views\admin\v_document.php on line 191.
 1 APPPATH\Views\admin\v_document.php(191): CodeIgniter\Debug\Exceptions->errorHandler(8, 'Undefined variable: post', 'D:\\Codeigniter\\lppmi-unusia\\app\\Views\\admin\\v_document.php', 191, [...])
 2 SYSTEMPATH\View\View.php(224): include('D:\\Codeigniter\\lppmi-unusia\\app\\Views\\admin\\v_document.php')
 3 SYSTEMPATH\View\View.php(227): CodeIgniter\View\View->CodeIgniter\View\{closure}()
 4 SYSTEMPATH\Common.php(1180): CodeIgniter\View\View->render('admin/v_document', [], true)
 5 APPPATH\Controllers\Admin\DocsAdminController.php(37): view('admin/v_document', [...])
 6 SYSTEMPATH\CodeIgniter.php(932): App\Controllers\Admin\DocsAdminController->index()
 7 SYSTEMPATH\CodeIgniter.php(497): CodeIgniter\CodeIgniter->runController(Object(App\Controllers\Admin\DocsAdminController))
 8 SYSTEMPATH\CodeIgniter.php(366): CodeIgniter\CodeIgniter->handleRequest(null, Object(Config\Cache), false)
 9 FCPATH\index.php(67): CodeIgniter\CodeIgniter->run()
10 SYSTEMPATH\Commands\Server\rewrite.php(47): require_once('D:\\Codeigniter\\lppmi-unusia\\public\\index.php')
CRITICAL - 2023-08-08 23:47:32 --> Undefined variable: post
in APPPATH\Views\admin\v_document.php on line 191.
 1 APPPATH\Views\admin\v_document.php(191): CodeIgniter\Debug\Exceptions->errorHandler(8, 'Undefined variable: post', 'D:\\Codeigniter\\lppmi-unusia\\app\\Views\\admin\\v_document.php', 191, [...])
 2 SYSTEMPATH\View\View.php(224): include('D:\\Codeigniter\\lppmi-unusia\\app\\Views\\admin\\v_document.php')
 3 SYSTEMPATH\View\View.php(227): CodeIgniter\View\View->CodeIgniter\View\{closure}()
 4 SYSTEMPATH\Common.php(1180): CodeIgniter\View\View->render('admin/v_document', [], true)
 5 APPPATH\Controllers\Admin\DocsAdminController.php(37): view('admin/v_document', [...])
 6 SYSTEMPATH\CodeIgniter.php(932): App\Controllers\Admin\DocsAdminController->index()
 7 SYSTEMPATH\CodeIgniter.php(497): CodeIgniter\CodeIgniter->runController(Object(App\Controllers\Admin\DocsAdminController))
 8 SYSTEMPATH\CodeIgniter.php(366): CodeIgniter\CodeIgniter->handleRequest(null, Object(Config\Cache), false)
 9 FCPATH\index.php(67): CodeIgniter\CodeIgniter->run()
10 SYSTEMPATH\Commands\Server\rewrite.php(47): require_once('D:\\Codeigniter\\lppmi-unusia\\public\\index.php')
CRITICAL - 2023-08-08 23:48:30 --> Undefined variable: post
in APPPATH\Views\admin\v_document.php on line 191.
 1 APPPATH\Views\admin\v_document.php(191): CodeIgniter\Debug\Exceptions->errorHandler(8, 'Undefined variable: post', 'D:\\Codeigniter\\lppmi-unusia\\app\\Views\\admin\\v_document.php', 191, [...])
 2 SYSTEMPATH\View\View.php(224): include('D:\\Codeigniter\\lppmi-unusia\\app\\Views\\admin\\v_document.php')
 3 SYSTEMPATH\View\View.php(227): CodeIgniter\View\View->CodeIgniter\View\{closure}()
 4 SYSTEMPATH\Common.php(1180): CodeIgniter\View\View->render('admin/v_document', [], true)
 5 APPPATH\Controllers\Admin\DocsAdminController.php(37): view('admin/v_document', [...])
 6 SYSTEMPATH\CodeIgniter.php(932): App\Controllers\Admin\DocsAdminController->index()
 7 SYSTEMPATH\CodeIgniter.php(497): CodeIgniter\CodeIgniter->runController(Object(App\Controllers\Admin\DocsAdminController))
 8 SYSTEMPATH\CodeIgniter.php(366): CodeIgniter\CodeIgniter->handleRequest(null, Object(Config\Cache), false)
 9 FCPATH\index.php(67): CodeIgniter\CodeIgniter->run()
10 SYSTEMPATH\Commands\Server\rewrite.php(47): require_once('D:\\Codeigniter\\lppmi-unusia\\public\\index.php')
