CRITICAL - 2023-09-04 10:27:49 --> Invalid file: "profile_view.php"
in SYSTEMPATH\Exceptions\FrameworkException.php on line 33.
 1 SYSTEMPATH\View\View.php(212): CodeIgniter\Exceptions\FrameworkException::forInvalidFile('profile_view.php')
 2 SYSTEMPATH\Common.php(1180): CodeIgniter\View\View->render('profile_view', [], true)
 3 APPPATH\Controllers\AboutController.php(32): view('profile_view', [...])
 4 SYSTEMPATH\CodeIgniter.php(932): App\Controllers\AboutController->index()
 5 SYSTEMPATH\CodeIgniter.php(497): CodeIgniter\CodeIgniter->runController(Object(App\Controllers\AboutController))
 6 SYSTEMPATH\CodeIgniter.php(366): CodeIgniter\CodeIgniter->handleRequest(null, Object(Config\Cache), false)
 7 FCPATH\index.php(67): CodeIgniter\CodeIgniter->run()
 8 SYSTEMPATH\Commands\Server\rewrite.php(47): require_once('D:\\Codeigniter\\lppmi-unusia\\public\\index.php')
CRITICAL - 2023-09-04 10:28:21 --> Invalid file: "../layout/template-page.php"
in SYSTEMPATH\Exceptions\FrameworkException.php on line 33.
 1 SYSTEMPATH\View\View.php(212): CodeIgniter\Exceptions\FrameworkException::forInvalidFile('../layout/template-page.php')
 2 SYSTEMPATH\View\View.php(240): CodeIgniter\View\View->render('../layout/template-page', [], true)
 3 SYSTEMPATH\Common.php(1180): CodeIgniter\View\View->render('about/profile_view', [], true)
 4 APPPATH\Controllers\AboutController.php(32): view('about/profile_view', [...])
 5 SYSTEMPATH\CodeIgniter.php(932): App\Controllers\AboutController->index()
 6 SYSTEMPATH\CodeIgniter.php(497): CodeIgniter\CodeIgniter->runController(Object(App\Controllers\AboutController))
 7 SYSTEMPATH\CodeIgniter.php(366): CodeIgniter\CodeIgniter->handleRequest(null, Object(Config\Cache), false)
 8 FCPATH\index.php(67): CodeIgniter\CodeIgniter->run()
 9 SYSTEMPATH\Commands\Server\rewrite.php(47): require_once('D:\\Codeigniter\\lppmi-unusia\\public\\index.php')
CRITICAL - 2023-09-04 10:45:40 --> Invalid file: "stramap_view.php"
in SYSTEMPATH\Exceptions\FrameworkException.php on line 33.
 1 SYSTEMPATH\View\View.php(212): CodeIgniter\Exceptions\FrameworkException::forInvalidFile('stramap_view.php')
 2 SYSTEMPATH\Common.php(1180): CodeIgniter\View\View->render('stramap_view', [], true)
 3 APPPATH\Controllers\StrategymapController.php(32): view('stramap_view', [...])
 4 SYSTEMPATH\CodeIgniter.php(932): App\Controllers\StrategymapController->index()
 5 SYSTEMPATH\CodeIgniter.php(497): CodeIgniter\CodeIgniter->runController(Object(App\Controllers\StrategymapController))
 6 SYSTEMPATH\CodeIgniter.php(366): CodeIgniter\CodeIgniter->handleRequest(null, Object(Config\Cache), false)
 7 FCPATH\index.php(67): CodeIgniter\CodeIgniter->run()
 8 SYSTEMPATH\Commands\Server\rewrite.php(47): require_once('D:\\Codeigniter\\lppmi-unusia\\public\\index.php')
