CRITICAL - 2024-05-12 07:15:01 --> Undefined variable: pager
in APPPATH\Views\post_search.php on line 28.
 1 APPPATH\Views\post_search.php(28): CodeIgniter\Debug\Exceptions->errorHandler(8, 'Undefined variable: pager', 'D:\\Codeigniter\\inf-dev\\app\\Views\\post_search.php', 28, [...])
 2 SYSTEMPATH\View\View.php(224): include('D:\\Codeigniter\\inf-dev\\app\\Views\\post_search.php')
 3 SYSTEMPATH\View\View.php(227): CodeIgniter\View\View->CodeIgniter\View\{closure}()
 4 SYSTEMPATH\Common.php(1180): CodeIgniter\View\View->render('post_search', [], true)
 5 APPPATH\Controllers\PostController.php(92): view('post_search', [...])
 6 SYSTEMPATH\CodeIgniter.php(932): App\Controllers\PostController->search()
 7 SYSTEMPATH\CodeIgniter.php(497): CodeIgniter\CodeIgniter->runController(Object(App\Controllers\PostController))
 8 SYSTEMPATH\CodeIgniter.php(366): CodeIgniter\CodeIgniter->handleRequest(null, Object(Config\Cache), false)
 9 FCPATH\index.php(67): CodeIgniter\CodeIgniter->run()
10 SYSTEMPATH\Commands\Server\rewrite.php(47): require_once('D:\\Codeigniter\\inf-dev\\public\\index.php')
CRITICAL - 2024-05-12 07:18:15 --> Call to a member function links() on null
in APPPATH\Views\post_search.php on line 28.
 1 SYSTEMPATH\View\View.php(224): include()
 2 SYSTEMPATH\View\View.php(227): CodeIgniter\View\View->CodeIgniter\View\{closure}()
 3 SYSTEMPATH\Common.php(1180): CodeIgniter\View\View->render('post_search', [], true)
 4 APPPATH\Controllers\PostController.php(93): view('post_search', [...])
 5 SYSTEMPATH\CodeIgniter.php(932): App\Controllers\PostController->search()
 6 SYSTEMPATH\CodeIgniter.php(497): CodeIgniter\CodeIgniter->runController(Object(App\Controllers\PostController))
 7 SYSTEMPATH\CodeIgniter.php(366): CodeIgniter\CodeIgniter->handleRequest(null, Object(Config\Cache), false)
 8 FCPATH\index.php(67): CodeIgniter\CodeIgniter->run()
 9 SYSTEMPATH\Commands\Server\rewrite.php(47): require_once('D:\\Codeigniter\\inf-dev\\public\\index.php')
CRITICAL - 2024-05-12 07:23:49 --> Undefined variable: pager
in APPPATH\Views\post_search.php on line 28.
 1 APPPATH\Views\post_search.php(28): CodeIgniter\Debug\Exceptions->errorHandler(8, 'Undefined variable: pager', 'D:\\Codeigniter\\inf-dev\\app\\Views\\post_search.php', 28, [...])
 2 SYSTEMPATH\View\View.php(224): include('D:\\Codeigniter\\inf-dev\\app\\Views\\post_search.php')
 3 SYSTEMPATH\View\View.php(227): CodeIgniter\View\View->CodeIgniter\View\{closure}()
 4 SYSTEMPATH\Common.php(1180): CodeIgniter\View\View->render('post_search', [], true)
 5 APPPATH\Controllers\PostController.php(92): view('post_search', [...])
 6 SYSTEMPATH\CodeIgniter.php(932): App\Controllers\PostController->search()
 7 SYSTEMPATH\CodeIgniter.php(497): CodeIgniter\CodeIgniter->runController(Object(App\Controllers\PostController))
 8 SYSTEMPATH\CodeIgniter.php(366): CodeIgniter\CodeIgniter->handleRequest(null, Object(Config\Cache), false)
 9 FCPATH\index.php(67): CodeIgniter\CodeIgniter->run()
10 SYSTEMPATH\Commands\Server\rewrite.php(47): require_once('D:\\Codeigniter\\inf-dev\\public\\index.php')
CRITICAL - 2024-05-12 08:22:20 --> Undefined variable: documents
in APPPATH\Views\about\dosen_view.php on line 64.
 1 APPPATH\Views\about\dosen_view.php(64): CodeIgniter\Debug\Exceptions->errorHandler(8, 'Undefined variable: documents', 'D:\\Codeigniter\\inf-dev\\app\\Views\\about\\dosen_view.php', 64, [...])
 2 SYSTEMPATH\View\View.php(224): include('D:\\Codeigniter\\inf-dev\\app\\Views\\about\\dosen_view.php')
 3 SYSTEMPATH\View\View.php(227): CodeIgniter\View\View->CodeIgniter\View\{closure}()
 4 SYSTEMPATH\Common.php(1180): CodeIgniter\View\View->render('about/dosen_view', [], true)
 5 APPPATH\Controllers\AbDosenController.php(31): view('about/dosen_view', [...])
 6 SYSTEMPATH\CodeIgniter.php(932): App\Controllers\AbDosenController->index()
 7 SYSTEMPATH\CodeIgniter.php(497): CodeIgniter\CodeIgniter->runController(Object(App\Controllers\AbDosenController))
 8 SYSTEMPATH\CodeIgniter.php(366): CodeIgniter\CodeIgniter->handleRequest(null, Object(Config\Cache), false)
 9 FCPATH\index.php(67): CodeIgniter\CodeIgniter->run()
10 SYSTEMPATH\Commands\Server\rewrite.php(47): require_once('D:\\Codeigniter\\inf-dev\\public\\index.php')
CRITICAL - 2024-05-12 08:35:40 --> Invalid file: "about/dosen_viewx.php"
in SYSTEMPATH\Exceptions\FrameworkException.php on line 33.
 1 SYSTEMPATH\View\View.php(212): CodeIgniter\Exceptions\FrameworkException::forInvalidFile('about/dosen_viewx.php')
 2 SYSTEMPATH\Common.php(1180): CodeIgniter\View\View->render('about/dosen_viewx', [], true)
 3 APPPATH\Controllers\AbDosenController.php(31): view('about/dosen_viewx', [...])
 4 SYSTEMPATH\CodeIgniter.php(932): App\Controllers\AbDosenController->index()
 5 SYSTEMPATH\CodeIgniter.php(497): CodeIgniter\CodeIgniter->runController(Object(App\Controllers\AbDosenController))
 6 SYSTEMPATH\CodeIgniter.php(366): CodeIgniter\CodeIgniter->handleRequest(null, Object(Config\Cache), false)
 7 FCPATH\index.php(67): CodeIgniter\CodeIgniter->run()
 8 SYSTEMPATH\Commands\Server\rewrite.php(47): require_once('D:\\Codeigniter\\inf-dev\\public\\index.php')
CRITICAL - 2024-05-12 08:36:49 --> Invalid file: "about/dosen_viewx.php"
in SYSTEMPATH\Exceptions\FrameworkException.php on line 33.
 1 SYSTEMPATH\View\View.php(212): CodeIgniter\Exceptions\FrameworkException::forInvalidFile('about/dosen_viewx.php')
 2 SYSTEMPATH\Common.php(1180): CodeIgniter\View\View->render('about/dosen_viewx', [], true)
 3 APPPATH\Controllers\AbDosenController.php(31): view('about/dosen_viewx', [...])
 4 SYSTEMPATH\CodeIgniter.php(932): App\Controllers\AbDosenController->index()
 5 SYSTEMPATH\CodeIgniter.php(497): CodeIgniter\CodeIgniter->runController(Object(App\Controllers\AbDosenController))
 6 SYSTEMPATH\CodeIgniter.php(366): CodeIgniter\CodeIgniter->handleRequest(null, Object(Config\Cache), false)
 7 FCPATH\index.php(67): CodeIgniter\CodeIgniter->run()
 8 SYSTEMPATH\Commands\Server\rewrite.php(47): require_once('D:\\Codeigniter\\inf-dev\\public\\index.php')
CRITICAL - 2024-05-12 08:37:27 --> Invalid file: "about/dosen_viewx.php"
in SYSTEMPATH\Exceptions\FrameworkException.php on line 33.
 1 SYSTEMPATH\View\View.php(212): CodeIgniter\Exceptions\FrameworkException::forInvalidFile('about/dosen_viewx.php')
 2 SYSTEMPATH\Common.php(1180): CodeIgniter\View\View->render('about/dosen_viewx', [], true)
 3 APPPATH\Controllers\AbDosenController.php(31): view('about/dosen_viewx', [...])
 4 SYSTEMPATH\CodeIgniter.php(932): App\Controllers\AbDosenController->index()
 5 SYSTEMPATH\CodeIgniter.php(497): CodeIgniter\CodeIgniter->runController(Object(App\Controllers\AbDosenController))
 6 SYSTEMPATH\CodeIgniter.php(366): CodeIgniter\CodeIgniter->handleRequest(null, Object(Config\Cache), false)
 7 FCPATH\index.php(67): CodeIgniter\CodeIgniter->run()
 8 SYSTEMPATH\Commands\Server\rewrite.php(47): require_once('D:\\Codeigniter\\inf-dev\\public\\index.php')
CRITICAL - 2024-05-12 08:38:58 --> Invalid file: "about/dosen_viewx.php"
in SYSTEMPATH\Exceptions\FrameworkException.php on line 33.
 1 SYSTEMPATH\View\View.php(212): CodeIgniter\Exceptions\FrameworkException::forInvalidFile('about/dosen_viewx.php')
 2 SYSTEMPATH\Common.php(1180): CodeIgniter\View\View->render('about/dosen_viewx', [], true)
 3 APPPATH\Controllers\AbDosenController.php(31): view('about/dosen_viewx', [...])
 4 SYSTEMPATH\CodeIgniter.php(932): App\Controllers\AbDosenController->index()
 5 SYSTEMPATH\CodeIgniter.php(497): CodeIgniter\CodeIgniter->runController(Object(App\Controllers\AbDosenController))
 6 SYSTEMPATH\CodeIgniter.php(366): CodeIgniter\CodeIgniter->handleRequest(null, Object(Config\Cache), false)
 7 FCPATH\index.php(67): CodeIgniter\CodeIgniter->run()
 8 SYSTEMPATH\Commands\Server\rewrite.php(47): require_once('D:\\Codeigniter\\inf-dev\\public\\index.php')
