CRITICAL - 2024-07-22 10:18:26 --> Invalid file: "layout/breadcrumbs2.php"
in SYSTEMPATH\Exceptions\FrameworkException.php on line 33.
 1 SYSTEMPATH\View\View.php(212): CodeIgniter\Exceptions\FrameworkException::forInvalidFile('layout/breadcrumbs2.php')
 2 SYSTEMPATH\View\View.php(452): CodeIgniter\View\View->render('layout/breadcrumbs2', null, true)
 3 APPPATH\Views\document_category.php(7): CodeIgniter\View\View->include('layout/breadcrumbs2')
 4 SYSTEMPATH\View\View.php(224): include('D:\\Codeigniter\\fakultashukum\\app\\Views\\document_category.php')
 5 SYSTEMPATH\View\View.php(227): CodeIgniter\View\View->CodeIgniter\View\{closure}()
 6 SYSTEMPATH\Common.php(1180): CodeIgniter\View\View->render('document_category', [], true)
 7 APPPATH\Controllers\CategoryDocsController.php(46): view('document_category', [...])
 8 SYSTEMPATH\CodeIgniter.php(932): App\Controllers\CategoryDocsController->index('penelitian')
 9 SYSTEMPATH\CodeIgniter.php(497): CodeIgniter\CodeIgniter->runController(Object(App\Controllers\CategoryDocsController))
10 SYSTEMPATH\CodeIgniter.php(366): CodeIgniter\CodeIgniter->handleRequest(null, Object(Config\Cache), false)
11 FCPATH\index.php(67): CodeIgniter\CodeIgniter->run()
12 SYSTEMPATH\Commands\Server\rewrite.php(47): require_once('D:\\Codeigniter\\fakultashukum\\public\\index.php')
CRITICAL - 2024-07-22 10:19:28 --> Invalid file: "layout/breadcrumbs.php"
in SYSTEMPATH\Exceptions\FrameworkException.php on line 33.
 1 SYSTEMPATH\View\View.php(212): CodeIgniter\Exceptions\FrameworkException::forInvalidFile('layout/breadcrumbs.php')
 2 SYSTEMPATH\View\View.php(452): CodeIgniter\View\View->render('layout/breadcrumbs', null, true)
 3 APPPATH\Views\document_category.php(7): CodeIgniter\View\View->include('layout/breadcrumbs')
 4 SYSTEMPATH\View\View.php(224): include('D:\\Codeigniter\\fakultashukum\\app\\Views\\document_category.php')
 5 SYSTEMPATH\View\View.php(227): CodeIgniter\View\View->CodeIgniter\View\{closure}()
 6 SYSTEMPATH\Common.php(1180): CodeIgniter\View\View->render('document_category', [], true)
 7 APPPATH\Controllers\CategoryDocsController.php(46): view('document_category', [...])
 8 SYSTEMPATH\CodeIgniter.php(932): App\Controllers\CategoryDocsController->index('penelitian')
 9 SYSTEMPATH\CodeIgniter.php(497): CodeIgniter\CodeIgniter->runController(Object(App\Controllers\CategoryDocsController))
10 SYSTEMPATH\CodeIgniter.php(366): CodeIgniter\CodeIgniter->handleRequest(null, Object(Config\Cache), false)
11 FCPATH\index.php(67): CodeIgniter\CodeIgniter->run()
12 SYSTEMPATH\Commands\Server\rewrite.php(47): require_once('D:\\Codeigniter\\fakultashukum\\public\\index.php')
CRITICAL - 2024-07-22 10:28:32 --> Invalid file: "layout/breadcrumbs2.php"
in SYSTEMPATH\Exceptions\FrameworkException.php on line 33.
 1 SYSTEMPATH\View\View.php(212): CodeIgniter\Exceptions\FrameworkException::forInvalidFile('layout/breadcrumbs2.php')
 2 SYSTEMPATH\View\View.php(452): CodeIgniter\View\View->render('layout/breadcrumbs2', null, true)
 3 APPPATH\Views\laporan_category.php(7): CodeIgniter\View\View->include('layout/breadcrumbs2')
 4 SYSTEMPATH\View\View.php(224): include('D:\\Codeigniter\\fakultashukum\\app\\Views\\laporan_category.php')
 5 SYSTEMPATH\View\View.php(227): CodeIgniter\View\View->CodeIgniter\View\{closure}()
 6 SYSTEMPATH\Common.php(1180): CodeIgniter\View\View->render('laporan_category', [], true)
 7 APPPATH\Controllers\CategoryLapController.php(46): view('laporan_category', [...])
 8 SYSTEMPATH\CodeIgniter.php(932): App\Controllers\CategoryLapController->index('pengabdian')
 9 SYSTEMPATH\CodeIgniter.php(497): CodeIgniter\CodeIgniter->runController(Object(App\Controllers\CategoryLapController))
10 SYSTEMPATH\CodeIgniter.php(366): CodeIgniter\CodeIgniter->handleRequest(null, Object(Config\Cache), false)
11 FCPATH\index.php(67): CodeIgniter\CodeIgniter->run()
12 SYSTEMPATH\Commands\Server\rewrite.php(47): require_once('D:\\Codeigniter\\fakultashukum\\public\\index.php')
CRITICAL - 2024-07-22 12:06:45 --> Undefined property: App\Controllers\Admin\PudosAdminController::$active
in APPPATH\Controllers\Admin\PudosAdminController.php on line 26.
 1 APPPATH\Controllers\Admin\PudosAdminController.php(26): CodeIgniter\Debug\Exceptions->errorHandler(8, 'Undefined property: App\\Controllers\\Admin\\PudosAdminController::$active', 'D:\\Codeigniter\\fakultashukum\\app\\Controllers\\Admin\\PudosAdminController.php', 26, [])
 2 SYSTEMPATH\CodeIgniter.php(932): App\Controllers\Admin\PudosAdminController->index()
 3 SYSTEMPATH\CodeIgniter.php(497): CodeIgniter\CodeIgniter->runController(Object(App\Controllers\Admin\PudosAdminController))
 4 SYSTEMPATH\CodeIgniter.php(366): CodeIgniter\CodeIgniter->handleRequest(null, Object(Config\Cache), false)
 5 FCPATH\index.php(67): CodeIgniter\CodeIgniter->run()
 6 SYSTEMPATH\Commands\Server\rewrite.php(47): require_once('D:\\Codeigniter\\fakultashukum\\public\\index.php')
CRITICAL - 2024-07-22 12:10:58 --> Undefined property: App\Controllers\Admin\PudosAdminController::$active
in APPPATH\Controllers\Admin\PudosAdminController.php on line 26.
 1 APPPATH\Controllers\Admin\PudosAdminController.php(26): CodeIgniter\Debug\Exceptions->errorHandler(8, 'Undefined property: App\\Controllers\\Admin\\PudosAdminController::$active', 'D:\\Codeigniter\\fakultashukum\\app\\Controllers\\Admin\\PudosAdminController.php', 26, [])
 2 SYSTEMPATH\CodeIgniter.php(932): App\Controllers\Admin\PudosAdminController->index()
 3 SYSTEMPATH\CodeIgniter.php(497): CodeIgniter\CodeIgniter->runController(Object(App\Controllers\Admin\PudosAdminController))
 4 SYSTEMPATH\CodeIgniter.php(366): CodeIgniter\CodeIgniter->handleRequest(null, Object(Config\Cache), false)
 5 FCPATH\index.php(67): CodeIgniter\CodeIgniter->run()
 6 SYSTEMPATH\Commands\Server\rewrite.php(47): require_once('D:\\Codeigniter\\fakultashukum\\public\\index.php')
ERROR - 2024-07-22 12:12:32 --> mysqli_sql_exception: Table 'law.tbl_pudoscategory' doesn't exist in D:\Codeigniter\fakultashukum\vendor\codeigniter4\framework\system\Database\MySQLi\Connection.php:295
Stack trace:
#0 D:\Codeigniter\fakultashukum\vendor\codeigniter4\framework\system\Database\MySQLi\Connection.php(295): mysqli->query('SELECT *\nFROM `...', 0)
#1 D:\Codeigniter\fakultashukum\vendor\codeigniter4\framework\system\Database\BaseConnection.php(692): CodeIgniter\Database\MySQLi\Connection->execute('SELECT *\nFROM `...')
#2 D:\Codeigniter\fakultashukum\vendor\codeigniter4\framework\system\Database\BaseConnection.php(606): CodeIgniter\Database\BaseConnection->simpleQuery('SELECT *\nFROM `...')
#3 D:\Codeigniter\fakultashukum\vendor\codeigniter4\framework\system\Database\BaseBuilder.php(1616): CodeIgniter\Database\BaseConnection->query('SELECT *\nFROM `...', Array, false)
#4 D:\Codeigniter\fakultashukum\vendor\codeigniter4\framework\system\Model.php(241): CodeIgniter\Database\BaseBuilder->get()
#5 D:\Codeigniter\fakultashukum\vendor\codeigniter4\framework\system\BaseModel.php(618): CodeIgniter\Model->doFindAll(0, 0)
#6 D:\Codeigniter\fakultashukum\app\Controllers\Admin\PudosAdminController.php(33): CodeIgniter\BaseModel->findAll()
#7 D:\Codeigniter\fakultashukum\vendor\codeigniter4\framework\system\CodeIgniter.php(932): App\Controllers\Admin\PudosAdminController->index()
#8 D:\Codeigniter\fakultashukum\vendor\codeigniter4\framework\system\CodeIgniter.php(497): CodeIgniter\CodeIgniter->runController(Object(App\Controllers\Admin\PudosAdminController))
#9 D:\Codeigniter\fakultashukum\vendor\codeigniter4\framework\system\CodeIgniter.php(366): CodeIgniter\CodeIgniter->handleRequest(NULL, Object(Config\Cache), false)
#10 D:\Codeigniter\fakultashukum\public\index.php(67): CodeIgniter\CodeIgniter->run()
#11 D:\Codeigniter\fakultashukum\vendor\codeigniter4\framework\system\Commands\Server\rewrite.php(47): require_once('D:\\Codeigniter\\...')
#12 {main}
CRITICAL - 2024-07-22 12:12:32 --> Table 'law.tbl_pudoscategory' doesn't exist
in SYSTEMPATH\Database\MySQLi\Connection.php on line 295.
 1 SYSTEMPATH\Database\MySQLi\Connection.php(295): mysqli->query('SELECT *
FROM `tbl_pudoscategory`', 0)
 2 SYSTEMPATH\Database\BaseConnection.php(692): CodeIgniter\Database\MySQLi\Connection->execute('SELECT *
FROM `tbl_pudoscategory`')
 3 SYSTEMPATH\Database\BaseConnection.php(606): CodeIgniter\Database\BaseConnection->simpleQuery('SELECT *
FROM `tbl_pudoscategory`')
 4 SYSTEMPATH\Database\BaseBuilder.php(1616): CodeIgniter\Database\BaseConnection->query('SELECT *
FROM `tbl_pudoscategory`', [], false)
 5 SYSTEMPATH\Model.php(241): CodeIgniter\Database\BaseBuilder->get()
 6 SYSTEMPATH\BaseModel.php(618): CodeIgniter\Model->doFindAll(0, 0)
 7 APPPATH\Controllers\Admin\PudosAdminController.php(33): CodeIgniter\BaseModel->findAll()
 8 SYSTEMPATH\CodeIgniter.php(932): App\Controllers\Admin\PudosAdminController->index()
 9 SYSTEMPATH\CodeIgniter.php(497): CodeIgniter\CodeIgniter->runController(Object(App\Controllers\Admin\PudosAdminController))
10 SYSTEMPATH\CodeIgniter.php(366): CodeIgniter\CodeIgniter->handleRequest(null, Object(Config\Cache), false)
11 FCPATH\index.php(67): CodeIgniter\CodeIgniter->run()
12 SYSTEMPATH\Commands\Server\rewrite.php(47): require_once('D:\\Codeigniter\\fakultashukum\\public\\index.php')
CRITICAL - 2024-07-22 12:18:13 --> Undefined property: App\Controllers\Admin\PudosCategoryAdminController::$active
in APPPATH\Controllers\Admin\PudosCategoryAdminController.php on line 24.
 1 APPPATH\Controllers\Admin\PudosCategoryAdminController.php(24): CodeIgniter\Debug\Exceptions->errorHandler(8, 'Undefined property: App\\Controllers\\Admin\\PudosCategoryAdminController::$active', 'D:\\Codeigniter\\fakultashukum\\app\\Controllers\\Admin\\PudosCategoryAdminController.php', 24, [])
 2 SYSTEMPATH\CodeIgniter.php(932): App\Controllers\Admin\PudosCategoryAdminController->index()
 3 SYSTEMPATH\CodeIgniter.php(497): CodeIgniter\CodeIgniter->runController(Object(App\Controllers\Admin\PudosCategoryAdminController))
 4 SYSTEMPATH\CodeIgniter.php(366): CodeIgniter\CodeIgniter->handleRequest(null, Object(Config\Cache), false)
 5 FCPATH\index.php(67): CodeIgniter\CodeIgniter->run()
 6 SYSTEMPATH\Commands\Server\rewrite.php(47): require_once('D:\\Codeigniter\\fakultashukum\\public\\index.php')
CRITICAL - 2024-07-22 12:22:27 --> Undefined property: App\Controllers\Admin\PudosCategoryAdminController::$active
in APPPATH\Controllers\Admin\PudosCategoryAdminController.php on line 24.
 1 APPPATH\Controllers\Admin\PudosCategoryAdminController.php(24): CodeIgniter\Debug\Exceptions->errorHandler(8, 'Undefined property: App\\Controllers\\Admin\\PudosCategoryAdminController::$active', 'D:\\Codeigniter\\fakultashukum\\app\\Controllers\\Admin\\PudosCategoryAdminController.php', 24, [])
 2 SYSTEMPATH\CodeIgniter.php(932): App\Controllers\Admin\PudosCategoryAdminController->index()
 3 SYSTEMPATH\CodeIgniter.php(497): CodeIgniter\CodeIgniter->runController(Object(App\Controllers\Admin\PudosCategoryAdminController))
 4 SYSTEMPATH\CodeIgniter.php(366): CodeIgniter\CodeIgniter->handleRequest(null, Object(Config\Cache), false)
 5 FCPATH\index.php(67): CodeIgniter\CodeIgniter->run()
 6 SYSTEMPATH\Commands\Server\rewrite.php(47): require_once('D:\\Codeigniter\\fakultashukum\\public\\index.php')
CRITICAL - 2024-07-22 12:24:12 --> Undefined property: App\Controllers\Admin\PudosCategoryAdminController::$active
in APPPATH\Controllers\Admin\PudosCategoryAdminController.php on line 24.
 1 APPPATH\Controllers\Admin\PudosCategoryAdminController.php(24): CodeIgniter\Debug\Exceptions->errorHandler(8, 'Undefined property: App\\Controllers\\Admin\\PudosCategoryAdminController::$active', 'D:\\Codeigniter\\fakultashukum\\app\\Controllers\\Admin\\PudosCategoryAdminController.php', 24, [])
 2 SYSTEMPATH\CodeIgniter.php(932): App\Controllers\Admin\PudosCategoryAdminController->index()
 3 SYSTEMPATH\CodeIgniter.php(497): CodeIgniter\CodeIgniter->runController(Object(App\Controllers\Admin\PudosCategoryAdminController))
 4 SYSTEMPATH\CodeIgniter.php(366): CodeIgniter\CodeIgniter->handleRequest(null, Object(Config\Cache), false)
 5 FCPATH\index.php(67): CodeIgniter\CodeIgniter->run()
 6 SYSTEMPATH\Commands\Server\rewrite.php(47): require_once('D:\\Codeigniter\\fakultashukum\\public\\index.php')
ERROR - 2024-07-22 12:24:20 --> mysqli_sql_exception: Table 'law.tbl_pudoscategory' doesn't exist in D:\Codeigniter\fakultashukum\vendor\codeigniter4\framework\system\Database\MySQLi\Connection.php:295
Stack trace:
#0 D:\Codeigniter\fakultashukum\vendor\codeigniter4\framework\system\Database\MySQLi\Connection.php(295): mysqli->query('SELECT *\nFROM `...', 0)
#1 D:\Codeigniter\fakultashukum\vendor\codeigniter4\framework\system\Database\BaseConnection.php(692): CodeIgniter\Database\MySQLi\Connection->execute('SELECT *\nFROM `...')
#2 D:\Codeigniter\fakultashukum\vendor\codeigniter4\framework\system\Database\BaseConnection.php(606): CodeIgniter\Database\BaseConnection->simpleQuery('SELECT *\nFROM `...')
#3 D:\Codeigniter\fakultashukum\vendor\codeigniter4\framework\system\Database\BaseBuilder.php(1616): CodeIgniter\Database\BaseConnection->query('SELECT *\nFROM `...', Array, false)
#4 D:\Codeigniter\fakultashukum\vendor\codeigniter4\framework\system\Model.php(241): CodeIgniter\Database\BaseBuilder->get()
#5 D:\Codeigniter\fakultashukum\vendor\codeigniter4\framework\system\BaseModel.php(618): CodeIgniter\Model->doFindAll(0, 0)
#6 D:\Codeigniter\fakultashukum\app\Controllers\Admin\PudosAdminController.php(33): CodeIgniter\BaseModel->findAll()
#7 D:\Codeigniter\fakultashukum\vendor\codeigniter4\framework\system\CodeIgniter.php(932): App\Controllers\Admin\PudosAdminController->index()
#8 D:\Codeigniter\fakultashukum\vendor\codeigniter4\framework\system\CodeIgniter.php(497): CodeIgniter\CodeIgniter->runController(Object(App\Controllers\Admin\PudosAdminController))
#9 D:\Codeigniter\fakultashukum\vendor\codeigniter4\framework\system\CodeIgniter.php(366): CodeIgniter\CodeIgniter->handleRequest(NULL, Object(Config\Cache), false)
#10 D:\Codeigniter\fakultashukum\public\index.php(67): CodeIgniter\CodeIgniter->run()
#11 D:\Codeigniter\fakultashukum\vendor\codeigniter4\framework\system\Commands\Server\rewrite.php(47): require_once('D:\\Codeigniter\\...')
#12 {main}
CRITICAL - 2024-07-22 12:24:20 --> Table 'law.tbl_pudoscategory' doesn't exist
in SYSTEMPATH\Database\MySQLi\Connection.php on line 295.
 1 SYSTEMPATH\Database\MySQLi\Connection.php(295): mysqli->query('SELECT *
FROM `tbl_pudoscategory`', 0)
 2 SYSTEMPATH\Database\BaseConnection.php(692): CodeIgniter\Database\MySQLi\Connection->execute('SELECT *
FROM `tbl_pudoscategory`')
 3 SYSTEMPATH\Database\BaseConnection.php(606): CodeIgniter\Database\BaseConnection->simpleQuery('SELECT *
FROM `tbl_pudoscategory`')
 4 SYSTEMPATH\Database\BaseBuilder.php(1616): CodeIgniter\Database\BaseConnection->query('SELECT *
FROM `tbl_pudoscategory`', [], false)
 5 SYSTEMPATH\Model.php(241): CodeIgniter\Database\BaseBuilder->get()
 6 SYSTEMPATH\BaseModel.php(618): CodeIgniter\Model->doFindAll(0, 0)
 7 APPPATH\Controllers\Admin\PudosAdminController.php(33): CodeIgniter\BaseModel->findAll()
 8 SYSTEMPATH\CodeIgniter.php(932): App\Controllers\Admin\PudosAdminController->index()
 9 SYSTEMPATH\CodeIgniter.php(497): CodeIgniter\CodeIgniter->runController(Object(App\Controllers\Admin\PudosAdminController))
10 SYSTEMPATH\CodeIgniter.php(366): CodeIgniter\CodeIgniter->handleRequest(null, Object(Config\Cache), false)
11 FCPATH\index.php(67): CodeIgniter\CodeIgniter->run()
12 SYSTEMPATH\Commands\Server\rewrite.php(47): require_once('D:\\Codeigniter\\fakultashukum\\public\\index.php')
ERROR - 2024-07-22 12:24:21 --> mysqli_sql_exception: Table 'law.tbl_pudoscategory' doesn't exist in D:\Codeigniter\fakultashukum\vendor\codeigniter4\framework\system\Database\MySQLi\Connection.php:295
Stack trace:
#0 D:\Codeigniter\fakultashukum\vendor\codeigniter4\framework\system\Database\MySQLi\Connection.php(295): mysqli->query('SELECT *\nFROM `...', 0)
#1 D:\Codeigniter\fakultashukum\vendor\codeigniter4\framework\system\Database\BaseConnection.php(692): CodeIgniter\Database\MySQLi\Connection->execute('SELECT *\nFROM `...')
#2 D:\Codeigniter\fakultashukum\vendor\codeigniter4\framework\system\Database\BaseConnection.php(606): CodeIgniter\Database\BaseConnection->simpleQuery('SELECT *\nFROM `...')
#3 D:\Codeigniter\fakultashukum\vendor\codeigniter4\framework\system\Database\BaseBuilder.php(1616): CodeIgniter\Database\BaseConnection->query('SELECT *\nFROM `...', Array, false)
#4 D:\Codeigniter\fakultashukum\vendor\codeigniter4\framework\system\Model.php(241): CodeIgniter\Database\BaseBuilder->get()
#5 D:\Codeigniter\fakultashukum\vendor\codeigniter4\framework\system\BaseModel.php(618): CodeIgniter\Model->doFindAll(0, 0)
#6 D:\Codeigniter\fakultashukum\app\Controllers\Admin\PudosAdminController.php(33): CodeIgniter\BaseModel->findAll()
#7 D:\Codeigniter\fakultashukum\vendor\codeigniter4\framework\system\CodeIgniter.php(932): App\Controllers\Admin\PudosAdminController->index()
#8 D:\Codeigniter\fakultashukum\vendor\codeigniter4\framework\system\CodeIgniter.php(497): CodeIgniter\CodeIgniter->runController(Object(App\Controllers\Admin\PudosAdminController))
#9 D:\Codeigniter\fakultashukum\vendor\codeigniter4\framework\system\CodeIgniter.php(366): CodeIgniter\CodeIgniter->handleRequest(NULL, Object(Config\Cache), false)
#10 D:\Codeigniter\fakultashukum\public\index.php(67): CodeIgniter\CodeIgniter->run()
#11 D:\Codeigniter\fakultashukum\vendor\codeigniter4\framework\system\Commands\Server\rewrite.php(47): require_once('D:\\Codeigniter\\...')
#12 {main}
CRITICAL - 2024-07-22 12:24:21 --> Table 'law.tbl_pudoscategory' doesn't exist
in SYSTEMPATH\Database\MySQLi\Connection.php on line 295.
 1 SYSTEMPATH\Database\MySQLi\Connection.php(295): mysqli->query('SELECT *
FROM `tbl_pudoscategory`', 0)
 2 SYSTEMPATH\Database\BaseConnection.php(692): CodeIgniter\Database\MySQLi\Connection->execute('SELECT *
FROM `tbl_pudoscategory`')
 3 SYSTEMPATH\Database\BaseConnection.php(606): CodeIgniter\Database\BaseConnection->simpleQuery('SELECT *
FROM `tbl_pudoscategory`')
 4 SYSTEMPATH\Database\BaseBuilder.php(1616): CodeIgniter\Database\BaseConnection->query('SELECT *
FROM `tbl_pudoscategory`', [], false)
 5 SYSTEMPATH\Model.php(241): CodeIgniter\Database\BaseBuilder->get()
 6 SYSTEMPATH\BaseModel.php(618): CodeIgniter\Model->doFindAll(0, 0)
 7 APPPATH\Controllers\Admin\PudosAdminController.php(33): CodeIgniter\BaseModel->findAll()
 8 SYSTEMPATH\CodeIgniter.php(932): App\Controllers\Admin\PudosAdminController->index()
 9 SYSTEMPATH\CodeIgniter.php(497): CodeIgniter\CodeIgniter->runController(Object(App\Controllers\Admin\PudosAdminController))
10 SYSTEMPATH\CodeIgniter.php(366): CodeIgniter\CodeIgniter->handleRequest(null, Object(Config\Cache), false)
11 FCPATH\index.php(67): CodeIgniter\CodeIgniter->run()
12 SYSTEMPATH\Commands\Server\rewrite.php(47): require_once('D:\\Codeigniter\\fakultashukum\\public\\index.php')
CRITICAL - 2024-07-22 12:31:25 --> Undefined variable: active
in APPPATH\Views\layout\sidebar-dashboard.php on line 135.
 1 APPPATH\Views\layout\sidebar-dashboard.php(135): CodeIgniter\Debug\Exceptions->errorHandler(8, 'Undefined variable: active', 'D:\\Codeigniter\\fakultashukum\\app\\Views\\layout\\sidebar-dashboard.php', 135, [...])
 2 SYSTEMPATH\View\View.php(224): include('D:\\Codeigniter\\fakultashukum\\app\\Views\\layout\\sidebar-dashboard.php')
 3 SYSTEMPATH\View\View.php(227): CodeIgniter\View\View->CodeIgniter\View\{closure}()
 4 SYSTEMPATH\View\View.php(452): CodeIgniter\View\View->render('layout/sidebar-dashboard', null, true)
 5 APPPATH\Views\admin\v_publikasi.php(47): CodeIgniter\View\View->include('layout/sidebar-dashboard')
 6 SYSTEMPATH\View\View.php(224): include('D:\\Codeigniter\\fakultashukum\\app\\Views\\admin\\v_publikasi.php')
 7 SYSTEMPATH\View\View.php(227): CodeIgniter\View\View->CodeIgniter\View\{closure}()
 8 SYSTEMPATH\Common.php(1180): CodeIgniter\View\View->render('admin/v_publikasi', [], true)
 9 APPPATH\Controllers\Admin\PudosAdminController.php(37): view('admin/v_publikasi', [...])
10 SYSTEMPATH\CodeIgniter.php(932): App\Controllers\Admin\PudosAdminController->index()
11 SYSTEMPATH\CodeIgniter.php(497): CodeIgniter\CodeIgniter->runController(Object(App\Controllers\Admin\PudosAdminController))
12 SYSTEMPATH\CodeIgniter.php(366): CodeIgniter\CodeIgniter->handleRequest(null, Object(Config\Cache), false)
13 FCPATH\index.php(67): CodeIgniter\CodeIgniter->run()
14 SYSTEMPATH\Commands\Server\rewrite.php(47): require_once('D:\\Codeigniter\\fakultashukum\\public\\index.php')
CRITICAL - 2024-07-22 12:31:46 --> Undefined property: App\Controllers\Admin\PudosCategoryAdminController::$active
in APPPATH\Controllers\Admin\PudosCategoryAdminController.php on line 24.
 1 APPPATH\Controllers\Admin\PudosCategoryAdminController.php(24): CodeIgniter\Debug\Exceptions->errorHandler(8, 'Undefined property: App\\Controllers\\Admin\\PudosCategoryAdminController::$active', 'D:\\Codeigniter\\fakultashukum\\app\\Controllers\\Admin\\PudosCategoryAdminController.php', 24, [])
 2 SYSTEMPATH\CodeIgniter.php(932): App\Controllers\Admin\PudosCategoryAdminController->index()
 3 SYSTEMPATH\CodeIgniter.php(497): CodeIgniter\CodeIgniter->runController(Object(App\Controllers\Admin\PudosCategoryAdminController))
 4 SYSTEMPATH\CodeIgniter.php(366): CodeIgniter\CodeIgniter->handleRequest(null, Object(Config\Cache), false)
 5 FCPATH\index.php(67): CodeIgniter\CodeIgniter->run()
 6 SYSTEMPATH\Commands\Server\rewrite.php(47): require_once('D:\\Codeigniter\\fakultashukum\\public\\index.php')
CRITICAL - 2024-07-22 12:32:53 --> Undefined property: App\Controllers\Admin\PudosCategoryAdminController::$active
in APPPATH\Controllers\Admin\PudosCategoryAdminController.php on line 24.
 1 APPPATH\Controllers\Admin\PudosCategoryAdminController.php(24): CodeIgniter\Debug\Exceptions->errorHandler(8, 'Undefined property: App\\Controllers\\Admin\\PudosCategoryAdminController::$active', 'D:\\Codeigniter\\fakultashukum\\app\\Controllers\\Admin\\PudosCategoryAdminController.php', 24, [])
 2 SYSTEMPATH\CodeIgniter.php(932): App\Controllers\Admin\PudosCategoryAdminController->index()
 3 SYSTEMPATH\CodeIgniter.php(497): CodeIgniter\CodeIgniter->runController(Object(App\Controllers\Admin\PudosCategoryAdminController))
 4 SYSTEMPATH\CodeIgniter.php(366): CodeIgniter\CodeIgniter->handleRequest(null, Object(Config\Cache), false)
 5 FCPATH\index.php(67): CodeIgniter\CodeIgniter->run()
 6 SYSTEMPATH\Commands\Server\rewrite.php(47): require_once('D:\\Codeigniter\\fakultashukum\\public\\index.php')
CRITICAL - 2024-07-22 12:33:03 --> Undefined property: App\Controllers\Admin\PudosAdminController::$active
in APPPATH\Controllers\Admin\PudosAdminController.php on line 26.
 1 APPPATH\Controllers\Admin\PudosAdminController.php(26): CodeIgniter\Debug\Exceptions->errorHandler(8, 'Undefined property: App\\Controllers\\Admin\\PudosAdminController::$active', 'D:\\Codeigniter\\fakultashukum\\app\\Controllers\\Admin\\PudosAdminController.php', 26, [])
 2 SYSTEMPATH\CodeIgniter.php(932): App\Controllers\Admin\PudosAdminController->index()
 3 SYSTEMPATH\CodeIgniter.php(497): CodeIgniter\CodeIgniter->runController(Object(App\Controllers\Admin\PudosAdminController))
 4 SYSTEMPATH\CodeIgniter.php(366): CodeIgniter\CodeIgniter->handleRequest(null, Object(Config\Cache), false)
 5 FCPATH\index.php(67): CodeIgniter\CodeIgniter->run()
 6 SYSTEMPATH\Commands\Server\rewrite.php(47): require_once('D:\\Codeigniter\\fakultashukum\\public\\index.php')
CRITICAL - 2024-07-22 12:33:04 --> Undefined property: App\Controllers\Admin\PudosAdminController::$active
in APPPATH\Controllers\Admin\PudosAdminController.php on line 26.
 1 APPPATH\Controllers\Admin\PudosAdminController.php(26): CodeIgniter\Debug\Exceptions->errorHandler(8, 'Undefined property: App\\Controllers\\Admin\\PudosAdminController::$active', 'D:\\Codeigniter\\fakultashukum\\app\\Controllers\\Admin\\PudosAdminController.php', 26, [])
 2 SYSTEMPATH\CodeIgniter.php(932): App\Controllers\Admin\PudosAdminController->index()
 3 SYSTEMPATH\CodeIgniter.php(497): CodeIgniter\CodeIgniter->runController(Object(App\Controllers\Admin\PudosAdminController))
 4 SYSTEMPATH\CodeIgniter.php(366): CodeIgniter\CodeIgniter->handleRequest(null, Object(Config\Cache), false)
 5 FCPATH\index.php(67): CodeIgniter\CodeIgniter->run()
 6 SYSTEMPATH\Commands\Server\rewrite.php(47): require_once('D:\\Codeigniter\\fakultashukum\\public\\index.php')
CRITICAL - 2024-07-22 12:33:22 --> Undefined property: App\Controllers\Admin\PudosAdminController::$active
in APPPATH\Controllers\Admin\PudosAdminController.php on line 26.
 1 APPPATH\Controllers\Admin\PudosAdminController.php(26): CodeIgniter\Debug\Exceptions->errorHandler(8, 'Undefined property: App\\Controllers\\Admin\\PudosAdminController::$active', 'D:\\Codeigniter\\fakultashukum\\app\\Controllers\\Admin\\PudosAdminController.php', 26, [])
 2 SYSTEMPATH\CodeIgniter.php(932): App\Controllers\Admin\PudosAdminController->index()
 3 SYSTEMPATH\CodeIgniter.php(497): CodeIgniter\CodeIgniter->runController(Object(App\Controllers\Admin\PudosAdminController))
 4 SYSTEMPATH\CodeIgniter.php(366): CodeIgniter\CodeIgniter->handleRequest(null, Object(Config\Cache), false)
 5 FCPATH\index.php(67): CodeIgniter\CodeIgniter->run()
 6 SYSTEMPATH\Commands\Server\rewrite.php(47): require_once('D:\\Codeigniter\\fakultashukum\\public\\index.php')
CRITICAL - 2024-07-22 12:36:33 --> Undefined property: App\Controllers\Admin\PudosAdminController::$active
in APPPATH\Controllers\Admin\PudosAdminController.php on line 26.
 1 APPPATH\Controllers\Admin\PudosAdminController.php(26): CodeIgniter\Debug\Exceptions->errorHandler(8, 'Undefined property: App\\Controllers\\Admin\\PudosAdminController::$active', 'D:\\Codeigniter\\fakultashukum\\app\\Controllers\\Admin\\PudosAdminController.php', 26, [])
 2 SYSTEMPATH\CodeIgniter.php(932): App\Controllers\Admin\PudosAdminController->index()
 3 SYSTEMPATH\CodeIgniter.php(497): CodeIgniter\CodeIgniter->runController(Object(App\Controllers\Admin\PudosAdminController))
 4 SYSTEMPATH\CodeIgniter.php(366): CodeIgniter\CodeIgniter->handleRequest(null, Object(Config\Cache), false)
 5 FCPATH\index.php(67): CodeIgniter\CodeIgniter->run()
 6 SYSTEMPATH\Commands\Server\rewrite.php(47): require_once('D:\\Codeigniter\\fakultashukum\\public\\index.php')
CRITICAL - 2024-07-22 12:37:09 --> Undefined property: App\Controllers\Admin\PudosCategoryAdminController::$active
in APPPATH\Controllers\Admin\PudosCategoryAdminController.php on line 24.
 1 APPPATH\Controllers\Admin\PudosCategoryAdminController.php(24): CodeIgniter\Debug\Exceptions->errorHandler(8, 'Undefined property: App\\Controllers\\Admin\\PudosCategoryAdminController::$active', 'D:\\Codeigniter\\fakultashukum\\app\\Controllers\\Admin\\PudosCategoryAdminController.php', 24, [])
 2 SYSTEMPATH\CodeIgniter.php(932): App\Controllers\Admin\PudosCategoryAdminController->index()
 3 SYSTEMPATH\CodeIgniter.php(497): CodeIgniter\CodeIgniter->runController(Object(App\Controllers\Admin\PudosCategoryAdminController))
 4 SYSTEMPATH\CodeIgniter.php(366): CodeIgniter\CodeIgniter->handleRequest(null, Object(Config\Cache), false)
 5 FCPATH\index.php(67): CodeIgniter\CodeIgniter->run()
 6 SYSTEMPATH\Commands\Server\rewrite.php(47): require_once('D:\\Codeigniter\\fakultashukum\\public\\index.php')
CRITICAL - 2024-07-22 12:42:47 --> Undefined property: App\Controllers\Admin\PudosCategoryAdminController::$active
in APPPATH\Controllers\Admin\PudosCategoryAdminController.php on line 24.
 1 APPPATH\Controllers\Admin\PudosCategoryAdminController.php(24): CodeIgniter\Debug\Exceptions->errorHandler(8, 'Undefined property: App\\Controllers\\Admin\\PudosCategoryAdminController::$active', 'D:\\Codeigniter\\fakultashukum\\app\\Controllers\\Admin\\PudosCategoryAdminController.php', 24, [])
 2 SYSTEMPATH\CodeIgniter.php(932): App\Controllers\Admin\PudosCategoryAdminController->index()
 3 SYSTEMPATH\CodeIgniter.php(497): CodeIgniter\CodeIgniter->runController(Object(App\Controllers\Admin\PudosCategoryAdminController))
 4 SYSTEMPATH\CodeIgniter.php(366): CodeIgniter\CodeIgniter->handleRequest(null, Object(Config\Cache), false)
 5 FCPATH\index.php(67): CodeIgniter\CodeIgniter->run()
 6 SYSTEMPATH\Commands\Server\rewrite.php(47): require_once('D:\\Codeigniter\\fakultashukum\\public\\index.php')
CRITICAL - 2024-07-22 12:42:48 --> Undefined property: App\Controllers\Admin\PudosCategoryAdminController::$active
in APPPATH\Controllers\Admin\PudosCategoryAdminController.php on line 24.
 1 APPPATH\Controllers\Admin\PudosCategoryAdminController.php(24): CodeIgniter\Debug\Exceptions->errorHandler(8, 'Undefined property: App\\Controllers\\Admin\\PudosCategoryAdminController::$active', 'D:\\Codeigniter\\fakultashukum\\app\\Controllers\\Admin\\PudosCategoryAdminController.php', 24, [])
 2 SYSTEMPATH\CodeIgniter.php(932): App\Controllers\Admin\PudosCategoryAdminController->index()
 3 SYSTEMPATH\CodeIgniter.php(497): CodeIgniter\CodeIgniter->runController(Object(App\Controllers\Admin\PudosCategoryAdminController))
 4 SYSTEMPATH\CodeIgniter.php(366): CodeIgniter\CodeIgniter->handleRequest(null, Object(Config\Cache), false)
 5 FCPATH\index.php(67): CodeIgniter\CodeIgniter->run()
 6 SYSTEMPATH\Commands\Server\rewrite.php(47): require_once('D:\\Codeigniter\\fakultashukum\\public\\index.php')
CRITICAL - 2024-07-22 12:43:10 --> Undefined property: App\Controllers\Admin\PudosAdminController::$active
in APPPATH\Controllers\Admin\PudosAdminController.php on line 26.
 1 APPPATH\Controllers\Admin\PudosAdminController.php(26): CodeIgniter\Debug\Exceptions->errorHandler(8, 'Undefined property: App\\Controllers\\Admin\\PudosAdminController::$active', 'D:\\Codeigniter\\fakultashukum\\app\\Controllers\\Admin\\PudosAdminController.php', 26, [])
 2 SYSTEMPATH\CodeIgniter.php(932): App\Controllers\Admin\PudosAdminController->index()
 3 SYSTEMPATH\CodeIgniter.php(497): CodeIgniter\CodeIgniter->runController(Object(App\Controllers\Admin\PudosAdminController))
 4 SYSTEMPATH\CodeIgniter.php(366): CodeIgniter\CodeIgniter->handleRequest(null, Object(Config\Cache), false)
 5 FCPATH\index.php(67): CodeIgniter\CodeIgniter->run()
 6 SYSTEMPATH\Commands\Server\rewrite.php(47): require_once('D:\\Codeigniter\\fakultashukum\\public\\index.php')
CRITICAL - 2024-07-22 12:43:10 --> Undefined property: App\Controllers\Admin\PudosAdminController::$active
in APPPATH\Controllers\Admin\PudosAdminController.php on line 26.
 1 APPPATH\Controllers\Admin\PudosAdminController.php(26): CodeIgniter\Debug\Exceptions->errorHandler(8, 'Undefined property: App\\Controllers\\Admin\\PudosAdminController::$active', 'D:\\Codeigniter\\fakultashukum\\app\\Controllers\\Admin\\PudosAdminController.php', 26, [])
 2 SYSTEMPATH\CodeIgniter.php(932): App\Controllers\Admin\PudosAdminController->index()
 3 SYSTEMPATH\CodeIgniter.php(497): CodeIgniter\CodeIgniter->runController(Object(App\Controllers\Admin\PudosAdminController))
 4 SYSTEMPATH\CodeIgniter.php(366): CodeIgniter\CodeIgniter->handleRequest(null, Object(Config\Cache), false)
 5 FCPATH\index.php(67): CodeIgniter\CodeIgniter->run()
 6 SYSTEMPATH\Commands\Server\rewrite.php(47): require_once('D:\\Codeigniter\\fakultashukum\\public\\index.php')
CRITICAL - 2024-07-22 12:44:11 --> Undefined variable: active
in APPPATH\Views\layout\sidebar-dashboard.php on line 135.
 1 APPPATH\Views\layout\sidebar-dashboard.php(135): CodeIgniter\Debug\Exceptions->errorHandler(8, 'Undefined variable: active', 'D:\\Codeigniter\\fakultashukum\\app\\Views\\layout\\sidebar-dashboard.php', 135, [...])
 2 SYSTEMPATH\View\View.php(224): include('D:\\Codeigniter\\fakultashukum\\app\\Views\\layout\\sidebar-dashboard.php')
 3 SYSTEMPATH\View\View.php(227): CodeIgniter\View\View->CodeIgniter\View\{closure}()
 4 SYSTEMPATH\View\View.php(452): CodeIgniter\View\View->render('layout/sidebar-dashboard', null, true)
 5 APPPATH\Views\admin\v_publikasi.php(47): CodeIgniter\View\View->include('layout/sidebar-dashboard')
 6 SYSTEMPATH\View\View.php(224): include('D:\\Codeigniter\\fakultashukum\\app\\Views\\admin\\v_publikasi.php')
 7 SYSTEMPATH\View\View.php(227): CodeIgniter\View\View->CodeIgniter\View\{closure}()
 8 SYSTEMPATH\Common.php(1180): CodeIgniter\View\View->render('admin/v_publikasi', [], true)
 9 APPPATH\Controllers\Admin\PudosAdminController.php(37): view('admin/v_publikasi', [...])
10 SYSTEMPATH\CodeIgniter.php(932): App\Controllers\Admin\PudosAdminController->index()
11 SYSTEMPATH\CodeIgniter.php(497): CodeIgniter\CodeIgniter->runController(Object(App\Controllers\Admin\PudosAdminController))
12 SYSTEMPATH\CodeIgniter.php(366): CodeIgniter\CodeIgniter->handleRequest(null, Object(Config\Cache), false)
13 FCPATH\index.php(67): CodeIgniter\CodeIgniter->run()
14 SYSTEMPATH\Commands\Server\rewrite.php(47): require_once('D:\\Codeigniter\\fakultashukum\\public\\index.php')
CRITICAL - 2024-07-22 12:46:39 --> Undefined variable: active
in APPPATH\Views\layout\sidebar-dashboard.php on line 135.
 1 APPPATH\Views\layout\sidebar-dashboard.php(135): CodeIgniter\Debug\Exceptions->errorHandler(8, 'Undefined variable: active', 'D:\\Codeigniter\\fakultashukum\\app\\Views\\layout\\sidebar-dashboard.php', 135, [...])
 2 SYSTEMPATH\View\View.php(224): include('D:\\Codeigniter\\fakultashukum\\app\\Views\\layout\\sidebar-dashboard.php')
 3 SYSTEMPATH\View\View.php(227): CodeIgniter\View\View->CodeIgniter\View\{closure}()
 4 SYSTEMPATH\View\View.php(452): CodeIgniter\View\View->render('layout/sidebar-dashboard', null, true)
 5 APPPATH\Views\admin\v_publikasi.php(47): CodeIgniter\View\View->include('layout/sidebar-dashboard')
 6 SYSTEMPATH\View\View.php(224): include('D:\\Codeigniter\\fakultashukum\\app\\Views\\admin\\v_publikasi.php')
 7 SYSTEMPATH\View\View.php(227): CodeIgniter\View\View->CodeIgniter\View\{closure}()
 8 SYSTEMPATH\Common.php(1180): CodeIgniter\View\View->render('admin/v_publikasi', [], true)
 9 APPPATH\Controllers\Admin\PudosAdminController.php(37): view('admin/v_publikasi', [...])
10 SYSTEMPATH\CodeIgniter.php(932): App\Controllers\Admin\PudosAdminController->index()
11 SYSTEMPATH\CodeIgniter.php(497): CodeIgniter\CodeIgniter->runController(Object(App\Controllers\Admin\PudosAdminController))
12 SYSTEMPATH\CodeIgniter.php(366): CodeIgniter\CodeIgniter->handleRequest(null, Object(Config\Cache), false)
13 FCPATH\index.php(67): CodeIgniter\CodeIgniter->run()
14 SYSTEMPATH\Commands\Server\rewrite.php(47): require_once('D:\\Codeigniter\\fakultashukum\\public\\index.php')
CRITICAL - 2024-07-22 12:46:41 --> Undefined variable: active
in APPPATH\Views\layout\sidebar-dashboard.php on line 135.
 1 APPPATH\Views\layout\sidebar-dashboard.php(135): CodeIgniter\Debug\Exceptions->errorHandler(8, 'Undefined variable: active', 'D:\\Codeigniter\\fakultashukum\\app\\Views\\layout\\sidebar-dashboard.php', 135, [...])
 2 SYSTEMPATH\View\View.php(224): include('D:\\Codeigniter\\fakultashukum\\app\\Views\\layout\\sidebar-dashboard.php')
 3 SYSTEMPATH\View\View.php(227): CodeIgniter\View\View->CodeIgniter\View\{closure}()
 4 SYSTEMPATH\View\View.php(452): CodeIgniter\View\View->render('layout/sidebar-dashboard', null, true)
 5 APPPATH\Views\admin\v_publikasi.php(47): CodeIgniter\View\View->include('layout/sidebar-dashboard')
 6 SYSTEMPATH\View\View.php(224): include('D:\\Codeigniter\\fakultashukum\\app\\Views\\admin\\v_publikasi.php')
 7 SYSTEMPATH\View\View.php(227): CodeIgniter\View\View->CodeIgniter\View\{closure}()
 8 SYSTEMPATH\Common.php(1180): CodeIgniter\View\View->render('admin/v_publikasi', [], true)
 9 APPPATH\Controllers\Admin\PudosAdminController.php(37): view('admin/v_publikasi', [...])
10 SYSTEMPATH\CodeIgniter.php(932): App\Controllers\Admin\PudosAdminController->index()
11 SYSTEMPATH\CodeIgniter.php(497): CodeIgniter\CodeIgniter->runController(Object(App\Controllers\Admin\PudosAdminController))
12 SYSTEMPATH\CodeIgniter.php(366): CodeIgniter\CodeIgniter->handleRequest(null, Object(Config\Cache), false)
13 FCPATH\index.php(67): CodeIgniter\CodeIgniter->run()
14 SYSTEMPATH\Commands\Server\rewrite.php(47): require_once('D:\\Codeigniter\\fakultashukum\\public\\index.php')
CRITICAL - 2024-07-22 12:48:41 --> Undefined variable: active
in APPPATH\Views\layout\sidebar-dashboard.php on line 135.
 1 APPPATH\Views\layout\sidebar-dashboard.php(135): CodeIgniter\Debug\Exceptions->errorHandler(8, 'Undefined variable: active', 'D:\\Codeigniter\\fakultashukum\\app\\Views\\layout\\sidebar-dashboard.php', 135, [...])
 2 SYSTEMPATH\View\View.php(224): include('D:\\Codeigniter\\fakultashukum\\app\\Views\\layout\\sidebar-dashboard.php')
 3 SYSTEMPATH\View\View.php(227): CodeIgniter\View\View->CodeIgniter\View\{closure}()
 4 SYSTEMPATH\View\View.php(452): CodeIgniter\View\View->render('layout/sidebar-dashboard', null, true)
 5 APPPATH\Views\admin\v_publikasi.php(47): CodeIgniter\View\View->include('layout/sidebar-dashboard')
 6 SYSTEMPATH\View\View.php(224): include('D:\\Codeigniter\\fakultashukum\\app\\Views\\admin\\v_publikasi.php')
 7 SYSTEMPATH\View\View.php(227): CodeIgniter\View\View->CodeIgniter\View\{closure}()
 8 SYSTEMPATH\Common.php(1180): CodeIgniter\View\View->render('admin/v_publikasi', [], true)
 9 APPPATH\Controllers\Admin\PudosAdminController.php(37): view('admin/v_publikasi', [...])
10 SYSTEMPATH\CodeIgniter.php(932): App\Controllers\Admin\PudosAdminController->index()
11 SYSTEMPATH\CodeIgniter.php(497): CodeIgniter\CodeIgniter->runController(Object(App\Controllers\Admin\PudosAdminController))
12 SYSTEMPATH\CodeIgniter.php(366): CodeIgniter\CodeIgniter->handleRequest(null, Object(Config\Cache), false)
13 FCPATH\index.php(67): CodeIgniter\CodeIgniter->run()
14 SYSTEMPATH\Commands\Server\rewrite.php(47): require_once('D:\\Codeigniter\\fakultashukum\\public\\index.php')
CRITICAL - 2024-07-22 12:48:43 --> Undefined variable: active
in APPPATH\Views\layout\sidebar-dashboard.php on line 135.
 1 APPPATH\Views\layout\sidebar-dashboard.php(135): CodeIgniter\Debug\Exceptions->errorHandler(8, 'Undefined variable: active', 'D:\\Codeigniter\\fakultashukum\\app\\Views\\layout\\sidebar-dashboard.php', 135, [...])
 2 SYSTEMPATH\View\View.php(224): include('D:\\Codeigniter\\fakultashukum\\app\\Views\\layout\\sidebar-dashboard.php')
 3 SYSTEMPATH\View\View.php(227): CodeIgniter\View\View->CodeIgniter\View\{closure}()
 4 SYSTEMPATH\View\View.php(452): CodeIgniter\View\View->render('layout/sidebar-dashboard', null, true)
 5 APPPATH\Views\admin\v_publikasi.php(47): CodeIgniter\View\View->include('layout/sidebar-dashboard')
 6 SYSTEMPATH\View\View.php(224): include('D:\\Codeigniter\\fakultashukum\\app\\Views\\admin\\v_publikasi.php')
 7 SYSTEMPATH\View\View.php(227): CodeIgniter\View\View->CodeIgniter\View\{closure}()
 8 SYSTEMPATH\Common.php(1180): CodeIgniter\View\View->render('admin/v_publikasi', [], true)
 9 APPPATH\Controllers\Admin\PudosAdminController.php(37): view('admin/v_publikasi', [...])
10 SYSTEMPATH\CodeIgniter.php(932): App\Controllers\Admin\PudosAdminController->index()
11 SYSTEMPATH\CodeIgniter.php(497): CodeIgniter\CodeIgniter->runController(Object(App\Controllers\Admin\PudosAdminController))
12 SYSTEMPATH\CodeIgniter.php(366): CodeIgniter\CodeIgniter->handleRequest(null, Object(Config\Cache), false)
13 FCPATH\index.php(67): CodeIgniter\CodeIgniter->run()
14 SYSTEMPATH\Commands\Server\rewrite.php(47): require_once('D:\\Codeigniter\\fakultashukum\\public\\index.php')
CRITICAL - 2024-07-22 12:50:25 --> Undefined variable: active
in APPPATH\Views\layout\sidebar-dashboard.php on line 135.
 1 APPPATH\Views\layout\sidebar-dashboard.php(135): CodeIgniter\Debug\Exceptions->errorHandler(8, 'Undefined variable: active', 'D:\\Codeigniter\\fakultashukum\\app\\Views\\layout\\sidebar-dashboard.php', 135, [...])
 2 SYSTEMPATH\View\View.php(224): include('D:\\Codeigniter\\fakultashukum\\app\\Views\\layout\\sidebar-dashboard.php')
 3 SYSTEMPATH\View\View.php(227): CodeIgniter\View\View->CodeIgniter\View\{closure}()
 4 SYSTEMPATH\View\View.php(452): CodeIgniter\View\View->render('layout/sidebar-dashboard', null, true)
 5 APPPATH\Views\admin\v_publikasi.php(47): CodeIgniter\View\View->include('layout/sidebar-dashboard')
 6 SYSTEMPATH\View\View.php(224): include('D:\\Codeigniter\\fakultashukum\\app\\Views\\admin\\v_publikasi.php')
 7 SYSTEMPATH\View\View.php(227): CodeIgniter\View\View->CodeIgniter\View\{closure}()
 8 SYSTEMPATH\Common.php(1180): CodeIgniter\View\View->render('admin/v_publikasi', [], true)
 9 APPPATH\Controllers\Admin\PudosAdminController.php(37): view('admin/v_publikasi', [...])
10 SYSTEMPATH\CodeIgniter.php(932): App\Controllers\Admin\PudosAdminController->index()
11 SYSTEMPATH\CodeIgniter.php(497): CodeIgniter\CodeIgniter->runController(Object(App\Controllers\Admin\PudosAdminController))
12 SYSTEMPATH\CodeIgniter.php(366): CodeIgniter\CodeIgniter->handleRequest(null, Object(Config\Cache), false)
13 FCPATH\index.php(67): CodeIgniter\CodeIgniter->run()
14 SYSTEMPATH\Commands\Server\rewrite.php(47): require_once('D:\\Codeigniter\\fakultashukum\\public\\index.php')
CRITICAL - 2024-07-22 12:50:27 --> Undefined variable: active
in APPPATH\Views\layout\sidebar-dashboard.php on line 135.
 1 APPPATH\Views\layout\sidebar-dashboard.php(135): CodeIgniter\Debug\Exceptions->errorHandler(8, 'Undefined variable: active', 'D:\\Codeigniter\\fakultashukum\\app\\Views\\layout\\sidebar-dashboard.php', 135, [...])
 2 SYSTEMPATH\View\View.php(224): include('D:\\Codeigniter\\fakultashukum\\app\\Views\\layout\\sidebar-dashboard.php')
 3 SYSTEMPATH\View\View.php(227): CodeIgniter\View\View->CodeIgniter\View\{closure}()
 4 SYSTEMPATH\View\View.php(452): CodeIgniter\View\View->render('layout/sidebar-dashboard', null, true)
 5 APPPATH\Views\admin\v_publikasi.php(47): CodeIgniter\View\View->include('layout/sidebar-dashboard')
 6 SYSTEMPATH\View\View.php(224): include('D:\\Codeigniter\\fakultashukum\\app\\Views\\admin\\v_publikasi.php')
 7 SYSTEMPATH\View\View.php(227): CodeIgniter\View\View->CodeIgniter\View\{closure}()
 8 SYSTEMPATH\Common.php(1180): CodeIgniter\View\View->render('admin/v_publikasi', [], true)
 9 APPPATH\Controllers\Admin\PudosAdminController.php(37): view('admin/v_publikasi', [...])
10 SYSTEMPATH\CodeIgniter.php(932): App\Controllers\Admin\PudosAdminController->index()
11 SYSTEMPATH\CodeIgniter.php(497): CodeIgniter\CodeIgniter->runController(Object(App\Controllers\Admin\PudosAdminController))
12 SYSTEMPATH\CodeIgniter.php(366): CodeIgniter\CodeIgniter->handleRequest(null, Object(Config\Cache), false)
13 FCPATH\index.php(67): CodeIgniter\CodeIgniter->run()
14 SYSTEMPATH\Commands\Server\rewrite.php(47): require_once('D:\\Codeigniter\\fakultashukum\\public\\index.php')
CRITICAL - 2024-07-22 12:55:40 --> syntax error, unexpected end of file, expecting elseif (T_ELSEIF) or else (T_ELSE) or endif (T_ENDIF)
in APPPATH\Views\layout\sidebar-dashboard.php on line 269.
 1 SYSTEMPATH\View\View.php(227): CodeIgniter\View\View->CodeIgniter\View\{closure}()
 2 SYSTEMPATH\View\View.php(452): CodeIgniter\View\View->render('layout/sidebar-dashboard', null, true)
 3 APPPATH\Views\admin\v_publikasi.php(47): CodeIgniter\View\View->include('layout/sidebar-dashboard')
 4 SYSTEMPATH\View\View.php(224): include('D:\\Codeigniter\\fakultashukum\\app\\Views\\admin\\v_publikasi.php')
 5 SYSTEMPATH\View\View.php(227): CodeIgniter\View\View->CodeIgniter\View\{closure}()
 6 SYSTEMPATH\Common.php(1180): CodeIgniter\View\View->render('admin/v_publikasi', [], true)
 7 APPPATH\Controllers\Admin\PudosAdminController.php(37): view('admin/v_publikasi', [...])
 8 SYSTEMPATH\CodeIgniter.php(932): App\Controllers\Admin\PudosAdminController->index()
 9 SYSTEMPATH\CodeIgniter.php(497): CodeIgniter\CodeIgniter->runController(Object(App\Controllers\Admin\PudosAdminController))
10 SYSTEMPATH\CodeIgniter.php(366): CodeIgniter\CodeIgniter->handleRequest(null, Object(Config\Cache), false)
11 FCPATH\index.php(67): CodeIgniter\CodeIgniter->run()
12 SYSTEMPATH\Commands\Server\rewrite.php(47): require_once('D:\\Codeigniter\\fakultashukum\\public\\index.php')
CRITICAL - 2024-07-22 12:55:40 --> syntax error, unexpected end of file, expecting elseif (T_ELSEIF) or else (T_ELSE) or endif (T_ENDIF)
in APPPATH\Views\layout\sidebar-dashboard.php on line 269.
 1 SYSTEMPATH\View\View.php(227): CodeIgniter\View\View->CodeIgniter\View\{closure}()
 2 SYSTEMPATH\View\View.php(452): CodeIgniter\View\View->render('layout/sidebar-dashboard', null, true)
 3 APPPATH\Views\admin\v_publikasi.php(47): CodeIgniter\View\View->include('layout/sidebar-dashboard')
 4 SYSTEMPATH\View\View.php(224): include('D:\\Codeigniter\\fakultashukum\\app\\Views\\admin\\v_publikasi.php')
 5 SYSTEMPATH\View\View.php(227): CodeIgniter\View\View->CodeIgniter\View\{closure}()
 6 SYSTEMPATH\Common.php(1180): CodeIgniter\View\View->render('admin/v_publikasi', [], true)
 7 APPPATH\Controllers\Admin\PudosAdminController.php(37): view('admin/v_publikasi', [...])
 8 SYSTEMPATH\CodeIgniter.php(932): App\Controllers\Admin\PudosAdminController->index()
 9 SYSTEMPATH\CodeIgniter.php(497): CodeIgniter\CodeIgniter->runController(Object(App\Controllers\Admin\PudosAdminController))
10 SYSTEMPATH\CodeIgniter.php(366): CodeIgniter\CodeIgniter->handleRequest(null, Object(Config\Cache), false)
11 FCPATH\index.php(67): CodeIgniter\CodeIgniter->run()
12 SYSTEMPATH\Commands\Server\rewrite.php(47): require_once('D:\\Codeigniter\\fakultashukum\\public\\index.php')
CRITICAL - 2024-07-22 12:56:10 --> Undefined property: App\Controllers\Admin\PudosCategoryAdminController::$active
in APPPATH\Controllers\Admin\PudosCategoryAdminController.php on line 24.
 1 APPPATH\Controllers\Admin\PudosCategoryAdminController.php(24): CodeIgniter\Debug\Exceptions->errorHandler(8, 'Undefined property: App\\Controllers\\Admin\\PudosCategoryAdminController::$active', 'D:\\Codeigniter\\fakultashukum\\app\\Controllers\\Admin\\PudosCategoryAdminController.php', 24, [])
 2 SYSTEMPATH\CodeIgniter.php(932): App\Controllers\Admin\PudosCategoryAdminController->index()
 3 SYSTEMPATH\CodeIgniter.php(497): CodeIgniter\CodeIgniter->runController(Object(App\Controllers\Admin\PudosCategoryAdminController))
 4 SYSTEMPATH\CodeIgniter.php(366): CodeIgniter\CodeIgniter->handleRequest(null, Object(Config\Cache), false)
 5 FCPATH\index.php(67): CodeIgniter\CodeIgniter->run()
 6 SYSTEMPATH\Commands\Server\rewrite.php(47): require_once('D:\\Codeigniter\\fakultashukum\\public\\index.php')
CRITICAL - 2024-07-22 12:56:11 --> Undefined property: App\Controllers\Admin\PudosCategoryAdminController::$active
in APPPATH\Controllers\Admin\PudosCategoryAdminController.php on line 24.
 1 APPPATH\Controllers\Admin\PudosCategoryAdminController.php(24): CodeIgniter\Debug\Exceptions->errorHandler(8, 'Undefined property: App\\Controllers\\Admin\\PudosCategoryAdminController::$active', 'D:\\Codeigniter\\fakultashukum\\app\\Controllers\\Admin\\PudosCategoryAdminController.php', 24, [])
 2 SYSTEMPATH\CodeIgniter.php(932): App\Controllers\Admin\PudosCategoryAdminController->index()
 3 SYSTEMPATH\CodeIgniter.php(497): CodeIgniter\CodeIgniter->runController(Object(App\Controllers\Admin\PudosCategoryAdminController))
 4 SYSTEMPATH\CodeIgniter.php(366): CodeIgniter\CodeIgniter->handleRequest(null, Object(Config\Cache), false)
 5 FCPATH\index.php(67): CodeIgniter\CodeIgniter->run()
 6 SYSTEMPATH\Commands\Server\rewrite.php(47): require_once('D:\\Codeigniter\\fakultashukum\\public\\index.php')
CRITICAL - 2024-07-22 12:59:19 --> Undefined property: App\Controllers\Admin\PudosCategoryAdminController::$active
in APPPATH\Controllers\Admin\PudosCategoryAdminController.php on line 24.
 1 APPPATH\Controllers\Admin\PudosCategoryAdminController.php(24): CodeIgniter\Debug\Exceptions->errorHandler(8, 'Undefined property: App\\Controllers\\Admin\\PudosCategoryAdminController::$active', 'D:\\Codeigniter\\fakultashukum\\app\\Controllers\\Admin\\PudosCategoryAdminController.php', 24, [])
 2 SYSTEMPATH\CodeIgniter.php(932): App\Controllers\Admin\PudosCategoryAdminController->index()
 3 SYSTEMPATH\CodeIgniter.php(497): CodeIgniter\CodeIgniter->runController(Object(App\Controllers\Admin\PudosCategoryAdminController))
 4 SYSTEMPATH\CodeIgniter.php(366): CodeIgniter\CodeIgniter->handleRequest(null, Object(Config\Cache), false)
 5 FCPATH\index.php(67): CodeIgniter\CodeIgniter->run()
 6 SYSTEMPATH\Commands\Server\rewrite.php(47): require_once('D:\\Codeigniter\\fakultashukum\\public\\index.php')
CRITICAL - 2024-07-22 12:59:21 --> Undefined property: App\Controllers\Admin\PudosCategoryAdminController::$active
in APPPATH\Controllers\Admin\PudosCategoryAdminController.php on line 24.
 1 APPPATH\Controllers\Admin\PudosCategoryAdminController.php(24): CodeIgniter\Debug\Exceptions->errorHandler(8, 'Undefined property: App\\Controllers\\Admin\\PudosCategoryAdminController::$active', 'D:\\Codeigniter\\fakultashukum\\app\\Controllers\\Admin\\PudosCategoryAdminController.php', 24, [])
 2 SYSTEMPATH\CodeIgniter.php(932): App\Controllers\Admin\PudosCategoryAdminController->index()
 3 SYSTEMPATH\CodeIgniter.php(497): CodeIgniter\CodeIgniter->runController(Object(App\Controllers\Admin\PudosCategoryAdminController))
 4 SYSTEMPATH\CodeIgniter.php(366): CodeIgniter\CodeIgniter->handleRequest(null, Object(Config\Cache), false)
 5 FCPATH\index.php(67): CodeIgniter\CodeIgniter->run()
 6 SYSTEMPATH\Commands\Server\rewrite.php(47): require_once('D:\\Codeigniter\\fakultashukum\\public\\index.php')
CRITICAL - 2024-07-22 12:59:22 --> Undefined property: App\Controllers\Admin\PudosCategoryAdminController::$active
in APPPATH\Controllers\Admin\PudosCategoryAdminController.php on line 24.
 1 APPPATH\Controllers\Admin\PudosCategoryAdminController.php(24): CodeIgniter\Debug\Exceptions->errorHandler(8, 'Undefined property: App\\Controllers\\Admin\\PudosCategoryAdminController::$active', 'D:\\Codeigniter\\fakultashukum\\app\\Controllers\\Admin\\PudosCategoryAdminController.php', 24, [])
 2 SYSTEMPATH\CodeIgniter.php(932): App\Controllers\Admin\PudosCategoryAdminController->index()
 3 SYSTEMPATH\CodeIgniter.php(497): CodeIgniter\CodeIgniter->runController(Object(App\Controllers\Admin\PudosCategoryAdminController))
 4 SYSTEMPATH\CodeIgniter.php(366): CodeIgniter\CodeIgniter->handleRequest(null, Object(Config\Cache), false)
 5 FCPATH\index.php(67): CodeIgniter\CodeIgniter->run()
 6 SYSTEMPATH\Commands\Server\rewrite.php(47): require_once('D:\\Codeigniter\\fakultashukum\\public\\index.php')
CRITICAL - 2024-07-22 12:59:26 --> Undefined variable: active
in APPPATH\Views\layout\sidebar-dashboard.php on line 135.
 1 APPPATH\Views\layout\sidebar-dashboard.php(135): CodeIgniter\Debug\Exceptions->errorHandler(8, 'Undefined variable: active', 'D:\\Codeigniter\\fakultashukum\\app\\Views\\layout\\sidebar-dashboard.php', 135, [...])
 2 SYSTEMPATH\View\View.php(224): include('D:\\Codeigniter\\fakultashukum\\app\\Views\\layout\\sidebar-dashboard.php')
 3 SYSTEMPATH\View\View.php(227): CodeIgniter\View\View->CodeIgniter\View\{closure}()
 4 SYSTEMPATH\View\View.php(452): CodeIgniter\View\View->render('layout/sidebar-dashboard', null, true)
 5 APPPATH\Views\admin\v_publikasi.php(47): CodeIgniter\View\View->include('layout/sidebar-dashboard')
 6 SYSTEMPATH\View\View.php(224): include('D:\\Codeigniter\\fakultashukum\\app\\Views\\admin\\v_publikasi.php')
 7 SYSTEMPATH\View\View.php(227): CodeIgniter\View\View->CodeIgniter\View\{closure}()
 8 SYSTEMPATH\Common.php(1180): CodeIgniter\View\View->render('admin/v_publikasi', [], true)
 9 APPPATH\Controllers\Admin\PudosAdminController.php(37): view('admin/v_publikasi', [...])
10 SYSTEMPATH\CodeIgniter.php(932): App\Controllers\Admin\PudosAdminController->index()
11 SYSTEMPATH\CodeIgniter.php(497): CodeIgniter\CodeIgniter->runController(Object(App\Controllers\Admin\PudosAdminController))
12 SYSTEMPATH\CodeIgniter.php(366): CodeIgniter\CodeIgniter->handleRequest(null, Object(Config\Cache), false)
13 FCPATH\index.php(67): CodeIgniter\CodeIgniter->run()
14 SYSTEMPATH\Commands\Server\rewrite.php(47): require_once('D:\\Codeigniter\\fakultashukum\\public\\index.php')
CRITICAL - 2024-07-22 12:59:26 --> Undefined variable: active
in APPPATH\Views\layout\sidebar-dashboard.php on line 135.
 1 APPPATH\Views\layout\sidebar-dashboard.php(135): CodeIgniter\Debug\Exceptions->errorHandler(8, 'Undefined variable: active', 'D:\\Codeigniter\\fakultashukum\\app\\Views\\layout\\sidebar-dashboard.php', 135, [...])
 2 SYSTEMPATH\View\View.php(224): include('D:\\Codeigniter\\fakultashukum\\app\\Views\\layout\\sidebar-dashboard.php')
 3 SYSTEMPATH\View\View.php(227): CodeIgniter\View\View->CodeIgniter\View\{closure}()
 4 SYSTEMPATH\View\View.php(452): CodeIgniter\View\View->render('layout/sidebar-dashboard', null, true)
 5 APPPATH\Views\admin\v_publikasi.php(47): CodeIgniter\View\View->include('layout/sidebar-dashboard')
 6 SYSTEMPATH\View\View.php(224): include('D:\\Codeigniter\\fakultashukum\\app\\Views\\admin\\v_publikasi.php')
 7 SYSTEMPATH\View\View.php(227): CodeIgniter\View\View->CodeIgniter\View\{closure}()
 8 SYSTEMPATH\Common.php(1180): CodeIgniter\View\View->render('admin/v_publikasi', [], true)
 9 APPPATH\Controllers\Admin\PudosAdminController.php(37): view('admin/v_publikasi', [...])
10 SYSTEMPATH\CodeIgniter.php(932): App\Controllers\Admin\PudosAdminController->index()
11 SYSTEMPATH\CodeIgniter.php(497): CodeIgniter\CodeIgniter->runController(Object(App\Controllers\Admin\PudosAdminController))
12 SYSTEMPATH\CodeIgniter.php(366): CodeIgniter\CodeIgniter->handleRequest(null, Object(Config\Cache), false)
13 FCPATH\index.php(67): CodeIgniter\CodeIgniter->run()
14 SYSTEMPATH\Commands\Server\rewrite.php(47): require_once('D:\\Codeigniter\\fakultashukum\\public\\index.php')
CRITICAL - 2024-07-22 13:05:23 --> Undefined variable: active
in APPPATH\Views\layout\sidebar-dashboard.php on line 135.
 1 APPPATH\Views\layout\sidebar-dashboard.php(135): CodeIgniter\Debug\Exceptions->errorHandler(8, 'Undefined variable: active', 'D:\\Codeigniter\\fakultashukum\\app\\Views\\layout\\sidebar-dashboard.php', 135, [...])
 2 SYSTEMPATH\View\View.php(224): include('D:\\Codeigniter\\fakultashukum\\app\\Views\\layout\\sidebar-dashboard.php')
 3 SYSTEMPATH\View\View.php(227): CodeIgniter\View\View->CodeIgniter\View\{closure}()
 4 SYSTEMPATH\View\View.php(452): CodeIgniter\View\View->render('layout/sidebar-dashboard', null, true)
 5 APPPATH\Views\admin\v_publikasi.php(47): CodeIgniter\View\View->include('layout/sidebar-dashboard')
 6 SYSTEMPATH\View\View.php(224): include('D:\\Codeigniter\\fakultashukum\\app\\Views\\admin\\v_publikasi.php')
 7 SYSTEMPATH\View\View.php(227): CodeIgniter\View\View->CodeIgniter\View\{closure}()
 8 SYSTEMPATH\Common.php(1180): CodeIgniter\View\View->render('admin/v_publikasi', [], true)
 9 APPPATH\Controllers\Admin\PudosAdminController.php(37): view('admin/v_publikasi', [...])
10 SYSTEMPATH\CodeIgniter.php(932): App\Controllers\Admin\PudosAdminController->index()
11 SYSTEMPATH\CodeIgniter.php(497): CodeIgniter\CodeIgniter->runController(Object(App\Controllers\Admin\PudosAdminController))
12 SYSTEMPATH\CodeIgniter.php(366): CodeIgniter\CodeIgniter->handleRequest(null, Object(Config\Cache), false)
13 FCPATH\index.php(67): CodeIgniter\CodeIgniter->run()
14 SYSTEMPATH\Commands\Server\rewrite.php(47): require_once('D:\\Codeigniter\\fakultashukum\\public\\index.php')
CRITICAL - 2024-07-22 13:09:25 --> Undefined property: App\Controllers\Admin\PudosAdminController::$active
in APPPATH\Controllers\Admin\PudosAdminController.php on line 26.
 1 APPPATH\Controllers\Admin\PudosAdminController.php(26): CodeIgniter\Debug\Exceptions->errorHandler(8, 'Undefined property: App\\Controllers\\Admin\\PudosAdminController::$active', 'D:\\Codeigniter\\fakultashukum\\app\\Controllers\\Admin\\PudosAdminController.php', 26, [])
 2 SYSTEMPATH\CodeIgniter.php(932): App\Controllers\Admin\PudosAdminController->index()
 3 SYSTEMPATH\CodeIgniter.php(497): CodeIgniter\CodeIgniter->runController(Object(App\Controllers\Admin\PudosAdminController))
 4 SYSTEMPATH\CodeIgniter.php(366): CodeIgniter\CodeIgniter->handleRequest(null, Object(Config\Cache), false)
 5 FCPATH\index.php(67): CodeIgniter\CodeIgniter->run()
 6 SYSTEMPATH\Commands\Server\rewrite.php(47): require_once('D:\\Codeigniter\\fakultashukum\\public\\index.php')
CRITICAL - 2024-07-22 13:09:55 --> Undefined property: App\Controllers\Admin\PudosCategoryAdminController::$active
in APPPATH\Controllers\Admin\PudosCategoryAdminController.php on line 24.
 1 APPPATH\Controllers\Admin\PudosCategoryAdminController.php(24): CodeIgniter\Debug\Exceptions->errorHandler(8, 'Undefined property: App\\Controllers\\Admin\\PudosCategoryAdminController::$active', 'D:\\Codeigniter\\fakultashukum\\app\\Controllers\\Admin\\PudosCategoryAdminController.php', 24, [])
 2 SYSTEMPATH\CodeIgniter.php(932): App\Controllers\Admin\PudosCategoryAdminController->index()
 3 SYSTEMPATH\CodeIgniter.php(497): CodeIgniter\CodeIgniter->runController(Object(App\Controllers\Admin\PudosCategoryAdminController))
 4 SYSTEMPATH\CodeIgniter.php(366): CodeIgniter\CodeIgniter->handleRequest(null, Object(Config\Cache), false)
 5 FCPATH\index.php(67): CodeIgniter\CodeIgniter->run()
 6 SYSTEMPATH\Commands\Server\rewrite.php(47): require_once('D:\\Codeigniter\\fakultashukum\\public\\index.php')
CRITICAL - 2024-07-22 13:09:55 --> Undefined property: App\Controllers\Admin\PudosCategoryAdminController::$active
in APPPATH\Controllers\Admin\PudosCategoryAdminController.php on line 24.
 1 APPPATH\Controllers\Admin\PudosCategoryAdminController.php(24): CodeIgniter\Debug\Exceptions->errorHandler(8, 'Undefined property: App\\Controllers\\Admin\\PudosCategoryAdminController::$active', 'D:\\Codeigniter\\fakultashukum\\app\\Controllers\\Admin\\PudosCategoryAdminController.php', 24, [])
 2 SYSTEMPATH\CodeIgniter.php(932): App\Controllers\Admin\PudosCategoryAdminController->index()
 3 SYSTEMPATH\CodeIgniter.php(497): CodeIgniter\CodeIgniter->runController(Object(App\Controllers\Admin\PudosCategoryAdminController))
 4 SYSTEMPATH\CodeIgniter.php(366): CodeIgniter\CodeIgniter->handleRequest(null, Object(Config\Cache), false)
 5 FCPATH\index.php(67): CodeIgniter\CodeIgniter->run()
 6 SYSTEMPATH\Commands\Server\rewrite.php(47): require_once('D:\\Codeigniter\\fakultashukum\\public\\index.php')
CRITICAL - 2024-07-22 13:15:29 --> Undefined property: App\Controllers\Admin\PudosCategoryAdminController::$active
in APPPATH\Controllers\Admin\PudosCategoryAdminController.php on line 24.
 1 APPPATH\Controllers\Admin\PudosCategoryAdminController.php(24): CodeIgniter\Debug\Exceptions->errorHandler(8, 'Undefined property: App\\Controllers\\Admin\\PudosCategoryAdminController::$active', 'D:\\Codeigniter\\fakultashukum\\app\\Controllers\\Admin\\PudosCategoryAdminController.php', 24, [])
 2 SYSTEMPATH\CodeIgniter.php(932): App\Controllers\Admin\PudosCategoryAdminController->index()
 3 SYSTEMPATH\CodeIgniter.php(497): CodeIgniter\CodeIgniter->runController(Object(App\Controllers\Admin\PudosCategoryAdminController))
 4 SYSTEMPATH\CodeIgniter.php(366): CodeIgniter\CodeIgniter->handleRequest(null, Object(Config\Cache), false)
 5 FCPATH\index.php(67): CodeIgniter\CodeIgniter->run()
 6 SYSTEMPATH\Commands\Server\rewrite.php(47): require_once('D:\\Codeigniter\\fakultashukum\\public\\index.php')
CRITICAL - 2024-07-22 13:15:39 --> Undefined property: App\Controllers\Admin\PudosAdminController::$active
in APPPATH\Controllers\Admin\PudosAdminController.php on line 26.
 1 APPPATH\Controllers\Admin\PudosAdminController.php(26): CodeIgniter\Debug\Exceptions->errorHandler(8, 'Undefined property: App\\Controllers\\Admin\\PudosAdminController::$active', 'D:\\Codeigniter\\fakultashukum\\app\\Controllers\\Admin\\PudosAdminController.php', 26, [])
 2 SYSTEMPATH\CodeIgniter.php(932): App\Controllers\Admin\PudosAdminController->index()
 3 SYSTEMPATH\CodeIgniter.php(497): CodeIgniter\CodeIgniter->runController(Object(App\Controllers\Admin\PudosAdminController))
 4 SYSTEMPATH\CodeIgniter.php(366): CodeIgniter\CodeIgniter->handleRequest(null, Object(Config\Cache), false)
 5 FCPATH\index.php(67): CodeIgniter\CodeIgniter->run()
 6 SYSTEMPATH\Commands\Server\rewrite.php(47): require_once('D:\\Codeigniter\\fakultashukum\\public\\index.php')
CRITICAL - 2024-07-22 13:15:39 --> Undefined property: App\Controllers\Admin\PudosAdminController::$active
in APPPATH\Controllers\Admin\PudosAdminController.php on line 26.
 1 APPPATH\Controllers\Admin\PudosAdminController.php(26): CodeIgniter\Debug\Exceptions->errorHandler(8, 'Undefined property: App\\Controllers\\Admin\\PudosAdminController::$active', 'D:\\Codeigniter\\fakultashukum\\app\\Controllers\\Admin\\PudosAdminController.php', 26, [])
 2 SYSTEMPATH\CodeIgniter.php(932): App\Controllers\Admin\PudosAdminController->index()
 3 SYSTEMPATH\CodeIgniter.php(497): CodeIgniter\CodeIgniter->runController(Object(App\Controllers\Admin\PudosAdminController))
 4 SYSTEMPATH\CodeIgniter.php(366): CodeIgniter\CodeIgniter->handleRequest(null, Object(Config\Cache), false)
 5 FCPATH\index.php(67): CodeIgniter\CodeIgniter->run()
 6 SYSTEMPATH\Commands\Server\rewrite.php(47): require_once('D:\\Codeigniter\\fakultashukum\\public\\index.php')
CRITICAL - 2024-07-22 13:19:57 --> Undefined property: App\Controllers\Admin\PudosCategoryAdminController::$active
in APPPATH\Controllers\Admin\PudosCategoryAdminController.php on line 24.
 1 APPPATH\Controllers\Admin\PudosCategoryAdminController.php(24): CodeIgniter\Debug\Exceptions->errorHandler(8, 'Undefined property: App\\Controllers\\Admin\\PudosCategoryAdminController::$active', 'D:\\Codeigniter\\fakultashukum\\app\\Controllers\\Admin\\PudosCategoryAdminController.php', 24, [])
 2 SYSTEMPATH\CodeIgniter.php(932): App\Controllers\Admin\PudosCategoryAdminController->index()
 3 SYSTEMPATH\CodeIgniter.php(497): CodeIgniter\CodeIgniter->runController(Object(App\Controllers\Admin\PudosCategoryAdminController))
 4 SYSTEMPATH\CodeIgniter.php(366): CodeIgniter\CodeIgniter->handleRequest(null, Object(Config\Cache), false)
 5 FCPATH\index.php(67): CodeIgniter\CodeIgniter->run()
 6 SYSTEMPATH\Commands\Server\rewrite.php(47): require_once('D:\\Codeigniter\\fakultashukum\\public\\index.php')
CRITICAL - 2024-07-22 13:20:00 --> Undefined property: App\Controllers\Admin\PudosCategoryAdminController::$active
in APPPATH\Controllers\Admin\PudosCategoryAdminController.php on line 24.
 1 APPPATH\Controllers\Admin\PudosCategoryAdminController.php(24): CodeIgniter\Debug\Exceptions->errorHandler(8, 'Undefined property: App\\Controllers\\Admin\\PudosCategoryAdminController::$active', 'D:\\Codeigniter\\fakultashukum\\app\\Controllers\\Admin\\PudosCategoryAdminController.php', 24, [])
 2 SYSTEMPATH\CodeIgniter.php(932): App\Controllers\Admin\PudosCategoryAdminController->index()
 3 SYSTEMPATH\CodeIgniter.php(497): CodeIgniter\CodeIgniter->runController(Object(App\Controllers\Admin\PudosCategoryAdminController))
 4 SYSTEMPATH\CodeIgniter.php(366): CodeIgniter\CodeIgniter->handleRequest(null, Object(Config\Cache), false)
 5 FCPATH\index.php(67): CodeIgniter\CodeIgniter->run()
 6 SYSTEMPATH\Commands\Server\rewrite.php(47): require_once('D:\\Codeigniter\\fakultashukum\\public\\index.php')
CRITICAL - 2024-07-22 13:23:06 --> Undefined property: App\Controllers\Admin\PudosCategoryAdminController::$active
in APPPATH\Controllers\Admin\PudosCategoryAdminController.php on line 24.
 1 APPPATH\Controllers\Admin\PudosCategoryAdminController.php(24): CodeIgniter\Debug\Exceptions->errorHandler(8, 'Undefined property: App\\Controllers\\Admin\\PudosCategoryAdminController::$active', 'D:\\Codeigniter\\fakultashukum\\app\\Controllers\\Admin\\PudosCategoryAdminController.php', 24, [])
 2 SYSTEMPATH\CodeIgniter.php(932): App\Controllers\Admin\PudosCategoryAdminController->index()
 3 SYSTEMPATH\CodeIgniter.php(497): CodeIgniter\CodeIgniter->runController(Object(App\Controllers\Admin\PudosCategoryAdminController))
 4 SYSTEMPATH\CodeIgniter.php(366): CodeIgniter\CodeIgniter->handleRequest(null, Object(Config\Cache), false)
 5 FCPATH\index.php(67): CodeIgniter\CodeIgniter->run()
 6 SYSTEMPATH\Commands\Server\rewrite.php(47): require_once('D:\\Codeigniter\\fakultashukum\\public\\index.php')
CRITICAL - 2024-07-22 13:23:32 --> Undefined property: App\Controllers\Admin\PudosAdminController::$active
in APPPATH\Controllers\Admin\PudosAdminController.php on line 26.
 1 APPPATH\Controllers\Admin\PudosAdminController.php(26): CodeIgniter\Debug\Exceptions->errorHandler(8, 'Undefined property: App\\Controllers\\Admin\\PudosAdminController::$active', 'D:\\Codeigniter\\fakultashukum\\app\\Controllers\\Admin\\PudosAdminController.php', 26, [])
 2 SYSTEMPATH\CodeIgniter.php(932): App\Controllers\Admin\PudosAdminController->index()
 3 SYSTEMPATH\CodeIgniter.php(497): CodeIgniter\CodeIgniter->runController(Object(App\Controllers\Admin\PudosAdminController))
 4 SYSTEMPATH\CodeIgniter.php(366): CodeIgniter\CodeIgniter->handleRequest(null, Object(Config\Cache), false)
 5 FCPATH\index.php(67): CodeIgniter\CodeIgniter->run()
 6 SYSTEMPATH\Commands\Server\rewrite.php(47): require_once('D:\\Codeigniter\\fakultashukum\\public\\index.php')
CRITICAL - 2024-07-22 13:28:51 --> Undefined property: App\Controllers\Admin\PudosAdminController::$active
in APPPATH\Controllers\Admin\PudosAdminController.php on line 26.
 1 APPPATH\Controllers\Admin\PudosAdminController.php(26): CodeIgniter\Debug\Exceptions->errorHandler(8, 'Undefined property: App\\Controllers\\Admin\\PudosAdminController::$active', 'D:\\Codeigniter\\fakultashukum\\app\\Controllers\\Admin\\PudosAdminController.php', 26, [])
 2 SYSTEMPATH\CodeIgniter.php(932): App\Controllers\Admin\PudosAdminController->index()
 3 SYSTEMPATH\CodeIgniter.php(497): CodeIgniter\CodeIgniter->runController(Object(App\Controllers\Admin\PudosAdminController))
 4 SYSTEMPATH\CodeIgniter.php(366): CodeIgniter\CodeIgniter->handleRequest(null, Object(Config\Cache), false)
 5 FCPATH\index.php(67): CodeIgniter\CodeIgniter->run()
 6 SYSTEMPATH\Commands\Server\rewrite.php(47): require_once('D:\\Codeigniter\\fakultashukum\\public\\index.php')
CRITICAL - 2024-07-22 13:31:28 --> Undefined index: pudos_sk
in APPPATH\Views\admin\v_publikasi.php on line 194.
 1 APPPATH\Views\admin\v_publikasi.php(194): CodeIgniter\Debug\Exceptions->errorHandler(8, 'Undefined index: pudos_sk', 'D:\\Codeigniter\\fakultashukum\\app\\Views\\admin\\v_publikasi.php', 194, [...])
 2 SYSTEMPATH\View\View.php(224): include('D:\\Codeigniter\\fakultashukum\\app\\Views\\admin\\v_publikasi.php')
 3 SYSTEMPATH\View\View.php(227): CodeIgniter\View\View->CodeIgniter\View\{closure}()
 4 SYSTEMPATH\Common.php(1180): CodeIgniter\View\View->render('admin/v_publikasi', [], true)
 5 APPPATH\Controllers\Admin\PudosAdminController.php(44): view('admin/v_publikasi', [...])
 6 SYSTEMPATH\CodeIgniter.php(932): App\Controllers\Admin\PudosAdminController->index()
 7 SYSTEMPATH\CodeIgniter.php(497): CodeIgniter\CodeIgniter->runController(Object(App\Controllers\Admin\PudosAdminController))
 8 SYSTEMPATH\CodeIgniter.php(366): CodeIgniter\CodeIgniter->handleRequest(null, Object(Config\Cache), false)
 9 FCPATH\index.php(67): CodeIgniter\CodeIgniter->run()
10 SYSTEMPATH\Commands\Server\rewrite.php(47): require_once('D:\\Codeigniter\\fakultashukum\\public\\index.php')
CRITICAL - 2024-07-22 13:36:09 --> Undefined property: App\Controllers\Admin\PudosCategoryAdminController::$active
in APPPATH\Controllers\Admin\PudosCategoryAdminController.php on line 24.
 1 APPPATH\Controllers\Admin\PudosCategoryAdminController.php(24): CodeIgniter\Debug\Exceptions->errorHandler(8, 'Undefined property: App\\Controllers\\Admin\\PudosCategoryAdminController::$active', 'D:\\Codeigniter\\fakultashukum\\app\\Controllers\\Admin\\PudosCategoryAdminController.php', 24, [])
 2 SYSTEMPATH\CodeIgniter.php(932): App\Controllers\Admin\PudosCategoryAdminController->index()
 3 SYSTEMPATH\CodeIgniter.php(497): CodeIgniter\CodeIgniter->runController(Object(App\Controllers\Admin\PudosCategoryAdminController))
 4 SYSTEMPATH\CodeIgniter.php(366): CodeIgniter\CodeIgniter->handleRequest(null, Object(Config\Cache), false)
 5 FCPATH\index.php(67): CodeIgniter\CodeIgniter->run()
 6 SYSTEMPATH\Commands\Server\rewrite.php(47): require_once('D:\\Codeigniter\\fakultashukum\\public\\index.php')
CRITICAL - 2024-07-22 21:01:45 --> Undefined index: docs_year
in APPPATH\Views\pages\pudos_view.php on line 47.
 1 APPPATH\Views\pages\pudos_view.php(47): CodeIgniter\Debug\Exceptions->errorHandler(8, 'Undefined index: docs_year', 'D:\\Codeigniter\\fakultashukum\\app\\Views\\pages\\pudos_view.php', 47, [...])
 2 SYSTEMPATH\View\View.php(224): include('D:\\Codeigniter\\fakultashukum\\app\\Views\\pages\\pudos_view.php')
 3 SYSTEMPATH\View\View.php(227): CodeIgniter\View\View->CodeIgniter\View\{closure}()
 4 SYSTEMPATH\Common.php(1180): CodeIgniter\View\View->render('pages/pudos_view', [], true)
 5 APPPATH\Controllers\PudosController.php(32): view('pages/pudos_view', [...])
 6 SYSTEMPATH\CodeIgniter.php(932): App\Controllers\PudosController->index()
 7 SYSTEMPATH\CodeIgniter.php(497): CodeIgniter\CodeIgniter->runController(Object(App\Controllers\PudosController))
 8 SYSTEMPATH\CodeIgniter.php(366): CodeIgniter\CodeIgniter->handleRequest(null, Object(Config\Cache), false)
 9 FCPATH\index.php(67): CodeIgniter\CodeIgniter->run()
10 SYSTEMPATH\Commands\Server\rewrite.php(47): require_once('D:\\Codeigniter\\fakultashukum\\public\\index.php')
CRITICAL - 2024-07-22 21:05:14 --> Undefined index: docscategory_name
in APPPATH\Views\pages\pudos_view.php on line 50.
 1 APPPATH\Views\pages\pudos_view.php(50): CodeIgniter\Debug\Exceptions->errorHandler(8, 'Undefined index: docscategory_name', 'D:\\Codeigniter\\fakultashukum\\app\\Views\\pages\\pudos_view.php', 50, [...])
 2 SYSTEMPATH\View\View.php(224): include('D:\\Codeigniter\\fakultashukum\\app\\Views\\pages\\pudos_view.php')
 3 SYSTEMPATH\View\View.php(227): CodeIgniter\View\View->CodeIgniter\View\{closure}()
 4 SYSTEMPATH\Common.php(1180): CodeIgniter\View\View->render('pages/pudos_view', [], true)
 5 APPPATH\Controllers\PudosController.php(32): view('pages/pudos_view', [...])
 6 SYSTEMPATH\CodeIgniter.php(932): App\Controllers\PudosController->index()
 7 SYSTEMPATH\CodeIgniter.php(497): CodeIgniter\CodeIgniter->runController(Object(App\Controllers\PudosController))
 8 SYSTEMPATH\CodeIgniter.php(366): CodeIgniter\CodeIgniter->handleRequest(null, Object(Config\Cache), false)
 9 FCPATH\index.php(67): CodeIgniter\CodeIgniter->run()
10 SYSTEMPATH\Commands\Server\rewrite.php(47): require_once('D:\\Codeigniter\\fakultashukum\\public\\index.php')
