CRITICAL - 2023-07-26 09:50:28 --> Class "Locale" not found
in SYSTEMPATH\CodeIgniter.php on line 186.
 1 ROOTPATH\spark(83): CodeIgniter\CodeIgniter->initialize()
ERROR - 2023-07-26 02:53:02 --> mysqli_sql_exception: Table 'unusia_lppmi.v_post' doesn't exist in D:\Codeigniter\lppmi-unusia\vendor\codeigniter4\framework\system\Database\MySQLi\Connection.php:292
Stack trace:
#0 D:\Codeigniter\lppmi-unusia\vendor\codeigniter4\framework\system\Database\MySQLi\Connection.php(292): mysqli->query('SELECT COUNT(*)...', 0)
#1 D:\Codeigniter\lppmi-unusia\vendor\codeigniter4\framework\system\Database\BaseConnection.php(666): CodeIgniter\Database\MySQLi\Connection->execute('SELECT COUNT(*)...')
#2 D:\Codeigniter\lppmi-unusia\vendor\codeigniter4\framework\system\Database\BaseConnection.php(593): CodeIgniter\Database\BaseConnection->simpleQuery('SELECT COUNT(*)...')
#3 D:\Codeigniter\lppmi-unusia\vendor\codeigniter4\framework\system\Database\BaseBuilder.php(1669): CodeIgniter\Database\BaseConnection->query('SELECT COUNT(*)...', Array, false)
#4 D:\Codeigniter\lppmi-unusia\vendor\codeigniter4\framework\system\Model.php(551): CodeIgniter\Database\BaseBuilder->countAllResults(false)
#5 D:\Codeigniter\lppmi-unusia\vendor\codeigniter4\framework\system\BaseModel.php(1106): CodeIgniter\Model->countAllResults(false)
#6 D:\Codeigniter\lppmi-unusia\app\Models\PostModel.php(50): CodeIgniter\BaseModel->paginate(3, 'posts')
#7 D:\Codeigniter\lppmi-unusia\app\Controllers\HomeController.php(29): App\Models\PostModel->getLatestPosts()
#8 D:\Codeigniter\lppmi-unusia\vendor\codeigniter4\framework\system\CodeIgniter.php(927): App\Controllers\HomeController->index()
#9 D:\Codeigniter\lppmi-unusia\vendor\codeigniter4\framework\system\CodeIgniter.php(482): CodeIgniter\CodeIgniter->runController(Object(App\Controllers\HomeController))
#10 D:\Codeigniter\lppmi-unusia\vendor\codeigniter4\framework\system\CodeIgniter.php(351): CodeIgniter\CodeIgniter->handleRequest(NULL, Object(Config\Cache), false)
#11 D:\Codeigniter\lppmi-unusia\public\index.php(67): CodeIgniter\CodeIgniter->run()
#12 D:\Codeigniter\lppmi-unusia\vendor\codeigniter4\framework\system\Commands\Server\rewrite.php(46): require_once('D:\\Codeigniter\\...')
#13 {main}
CRITICAL - 2023-07-26 02:53:02 --> Table 'unusia_lppmi.v_post' doesn't exist
in SYSTEMPATH\Database\MySQLi\Connection.php on line 292.
 1 SYSTEMPATH\Database\MySQLi\Connection.php(292): mysqli->query('SELECT COUNT(*) AS `numrows`
FROM `v_post`
WHERE `post_status` = 1', 0)
 2 SYSTEMPATH\Database\BaseConnection.php(666): CodeIgniter\Database\MySQLi\Connection->execute('SELECT COUNT(*) AS `numrows`
FROM `v_post`
WHERE `post_status` = 1')
 3 SYSTEMPATH\Database\BaseConnection.php(593): CodeIgniter\Database\BaseConnection->simpleQuery('SELECT COUNT(*) AS `numrows`
FROM `v_post`
WHERE `post_status` = 1')
 4 SYSTEMPATH\Database\BaseBuilder.php(1669): CodeIgniter\Database\BaseConnection->query('SELECT COUNT(*) AS `numrows`
FROM `v_post`
WHERE `post_status` = :post_status:', [...], false)
 5 SYSTEMPATH\Model.php(551): CodeIgniter\Database\BaseBuilder->countAllResults(false)
 6 SYSTEMPATH\BaseModel.php(1106): CodeIgniter\Model->countAllResults(false)
 7 APPPATH\Models\PostModel.php(50): CodeIgniter\BaseModel->paginate(3, 'posts')
 8 APPPATH\Controllers\HomeController.php(29): App\Models\PostModel->getLatestPosts()
 9 SYSTEMPATH\CodeIgniter.php(927): App\Controllers\HomeController->index()
10 SYSTEMPATH\CodeIgniter.php(482): CodeIgniter\CodeIgniter->runController(Object(App\Controllers\HomeController))
11 SYSTEMPATH\CodeIgniter.php(351): CodeIgniter\CodeIgniter->handleRequest(null, Object(Config\Cache), false)
12 FCPATH\index.php(67): CodeIgniter\CodeIgniter->run()
13 SYSTEMPATH\Commands\Server\rewrite.php(46): require_once('FCPATH\\index.php')
CRITICAL - 2023-07-26 11:48:45 --> Undefined variable $pager
in APPPATH\Views\post_category.php on line 51.
 1 APPPATH\Views\post_category.php(51): CodeIgniter\Debug\Exceptions->errorHandler(2, 'Undefined variable $pager', 'APPPATH\\Views\\post_category.php', 51)
 2 SYSTEMPATH\View\View.php(213): include('APPPATH\\Views\\post_category.php')
 3 SYSTEMPATH\View\View.php(216): CodeIgniter\View\View->CodeIgniter\View\{closure}()
 4 SYSTEMPATH\Common.php(1134): CodeIgniter\View\View->render('post_category', [], true)
 5 APPPATH\Controllers\CategoryController.php(44): view('post_category', [...])
 6 SYSTEMPATH\CodeIgniter.php(927): App\Controllers\CategoryController->index('pengumuman')
 7 SYSTEMPATH\CodeIgniter.php(482): CodeIgniter\CodeIgniter->runController(Object(App\Controllers\CategoryController))
 8 SYSTEMPATH\CodeIgniter.php(351): CodeIgniter\CodeIgniter->handleRequest(null, Object(Config\Cache), false)
 9 FCPATH\index.php(67): CodeIgniter\CodeIgniter->run()
10 SYSTEMPATH\Commands\Server\rewrite.php(46): require_once('FCPATH\\index.php')
CRITICAL - 2023-07-26 11:59:57 --> Undefined array key "category_name"
in APPPATH\Views\post_tag.php on line 27.
 1 APPPATH\Views\post_tag.php(27): CodeIgniter\Debug\Exceptions->errorHandler(2, 'Undefined array key "category_name"', 'APPPATH\\Views\\post_tag.php', 27)
 2 SYSTEMPATH\View\View.php(213): include('APPPATH\\Views\\post_tag.php')
 3 SYSTEMPATH\View\View.php(216): CodeIgniter\View\View->CodeIgniter\View\{closure}()
 4 SYSTEMPATH\Common.php(1134): CodeIgniter\View\View->render('post_tag', [], true)
 5 APPPATH\Controllers\PostController.php(158): view('post_tag', [...])
 6 SYSTEMPATH\CodeIgniter.php(927): App\Controllers\PostController->tag('nahdlatululama')
 7 SYSTEMPATH\CodeIgniter.php(482): CodeIgniter\CodeIgniter->runController(Object(App\Controllers\PostController))
 8 SYSTEMPATH\CodeIgniter.php(351): CodeIgniter\CodeIgniter->handleRequest(null, Object(Config\Cache), false)
 9 FCPATH\index.php(67): CodeIgniter\CodeIgniter->run()
10 SYSTEMPATH\Commands\Server\rewrite.php(46): require_once('FCPATH\\index.php')
CRITICAL - 2023-07-26 12:03:42 --> Undefined array key "category_name"
in APPPATH\Views\post_tag.php on line 27.
 1 APPPATH\Views\post_tag.php(27): CodeIgniter\Debug\Exceptions->errorHandler(2, 'Undefined array key "category_name"', 'APPPATH\\Views\\post_tag.php', 27)
 2 SYSTEMPATH\View\View.php(213): include('APPPATH\\Views\\post_tag.php')
 3 SYSTEMPATH\View\View.php(216): CodeIgniter\View\View->CodeIgniter\View\{closure}()
 4 SYSTEMPATH\Common.php(1134): CodeIgniter\View\View->render('post_tag', [], true)
 5 APPPATH\Controllers\PostController.php(158): view('post_tag', [...])
 6 SYSTEMPATH\CodeIgniter.php(927): App\Controllers\PostController->tag('nahdlatululama')
 7 SYSTEMPATH\CodeIgniter.php(482): CodeIgniter\CodeIgniter->runController(Object(App\Controllers\PostController))
 8 SYSTEMPATH\CodeIgniter.php(351): CodeIgniter\CodeIgniter->handleRequest(null, Object(Config\Cache), false)
 9 FCPATH\index.php(67): CodeIgniter\CodeIgniter->run()
10 SYSTEMPATH\Commands\Server\rewrite.php(46): require_once('FCPATH\\index.php')
CRITICAL - 2023-07-26 12:03:44 --> Undefined array key "category_name"
in APPPATH\Views\post_tag.php on line 27.
 1 APPPATH\Views\post_tag.php(27): CodeIgniter\Debug\Exceptions->errorHandler(2, 'Undefined array key "category_name"', 'APPPATH\\Views\\post_tag.php', 27)
 2 SYSTEMPATH\View\View.php(213): include('APPPATH\\Views\\post_tag.php')
 3 SYSTEMPATH\View\View.php(216): CodeIgniter\View\View->CodeIgniter\View\{closure}()
 4 SYSTEMPATH\Common.php(1134): CodeIgniter\View\View->render('post_tag', [], true)
 5 APPPATH\Controllers\PostController.php(158): view('post_tag', [...])
 6 SYSTEMPATH\CodeIgniter.php(927): App\Controllers\PostController->tag('nahdlatululama')
 7 SYSTEMPATH\CodeIgniter.php(482): CodeIgniter\CodeIgniter->runController(Object(App\Controllers\PostController))
 8 SYSTEMPATH\CodeIgniter.php(351): CodeIgniter\CodeIgniter->handleRequest(null, Object(Config\Cache), false)
 9 FCPATH\index.php(67): CodeIgniter\CodeIgniter->run()
10 SYSTEMPATH\Commands\Server\rewrite.php(46): require_once('FCPATH\\index.php')
CRITICAL - 2023-07-26 12:06:05 --> Undefined array key "category_name"
in APPPATH\Views\post_tag.php on line 27.
 1 APPPATH\Views\post_tag.php(27): CodeIgniter\Debug\Exceptions->errorHandler(2, 'Undefined array key "category_name"', 'APPPATH\\Views\\post_tag.php', 27)
 2 SYSTEMPATH\View\View.php(213): include('APPPATH\\Views\\post_tag.php')
 3 SYSTEMPATH\View\View.php(216): CodeIgniter\View\View->CodeIgniter\View\{closure}()
 4 SYSTEMPATH\Common.php(1134): CodeIgniter\View\View->render('post_tag', [], true)
 5 APPPATH\Controllers\PostController.php(158): view('post_tag', [...])
 6 SYSTEMPATH\CodeIgniter.php(927): App\Controllers\PostController->tag('nahdlatululama')
 7 SYSTEMPATH\CodeIgniter.php(482): CodeIgniter\CodeIgniter->runController(Object(App\Controllers\PostController))
 8 SYSTEMPATH\CodeIgniter.php(351): CodeIgniter\CodeIgniter->handleRequest(null, Object(Config\Cache), false)
 9 FCPATH\index.php(67): CodeIgniter\CodeIgniter->run()
10 SYSTEMPATH\Commands\Server\rewrite.php(46): require_once('FCPATH\\index.php')
CRITICAL - 2023-07-26 12:06:06 --> Undefined array key "category_name"
in APPPATH\Views\post_tag.php on line 27.
 1 APPPATH\Views\post_tag.php(27): CodeIgniter\Debug\Exceptions->errorHandler(2, 'Undefined array key "category_name"', 'APPPATH\\Views\\post_tag.php', 27)
 2 SYSTEMPATH\View\View.php(213): include('APPPATH\\Views\\post_tag.php')
 3 SYSTEMPATH\View\View.php(216): CodeIgniter\View\View->CodeIgniter\View\{closure}()
 4 SYSTEMPATH\Common.php(1134): CodeIgniter\View\View->render('post_tag', [], true)
 5 APPPATH\Controllers\PostController.php(158): view('post_tag', [...])
 6 SYSTEMPATH\CodeIgniter.php(927): App\Controllers\PostController->tag('nahdlatululama')
 7 SYSTEMPATH\CodeIgniter.php(482): CodeIgniter\CodeIgniter->runController(Object(App\Controllers\PostController))
 8 SYSTEMPATH\CodeIgniter.php(351): CodeIgniter\CodeIgniter->handleRequest(null, Object(Config\Cache), false)
 9 FCPATH\index.php(67): CodeIgniter\CodeIgniter->run()
10 SYSTEMPATH\Commands\Server\rewrite.php(46): require_once('FCPATH\\index.php')
CRITICAL - 2023-07-26 12:08:10 --> Undefined array key "category_name"
in APPPATH\Views\post_tag.php on line 27.
 1 APPPATH\Views\post_tag.php(27): CodeIgniter\Debug\Exceptions->errorHandler(2, 'Undefined array key "category_name"', 'APPPATH\\Views\\post_tag.php', 27)
 2 SYSTEMPATH\View\View.php(213): include('APPPATH\\Views\\post_tag.php')
 3 SYSTEMPATH\View\View.php(216): CodeIgniter\View\View->CodeIgniter\View\{closure}()
 4 SYSTEMPATH\Common.php(1134): CodeIgniter\View\View->render('post_tag', [], true)
 5 APPPATH\Controllers\PostController.php(158): view('post_tag', [...])
 6 SYSTEMPATH\CodeIgniter.php(927): App\Controllers\PostController->tag('nahdlatululama')
 7 SYSTEMPATH\CodeIgniter.php(482): CodeIgniter\CodeIgniter->runController(Object(App\Controllers\PostController))
 8 SYSTEMPATH\CodeIgniter.php(351): CodeIgniter\CodeIgniter->handleRequest(null, Object(Config\Cache), false)
 9 FCPATH\index.php(67): CodeIgniter\CodeIgniter->run()
10 SYSTEMPATH\Commands\Server\rewrite.php(46): require_once('FCPATH\\index.php')
CRITICAL - 2023-07-26 12:09:49 --> Undefined array key "category_name"
in APPPATH\Views\post_tag.php on line 27.
 1 APPPATH\Views\post_tag.php(27): CodeIgniter\Debug\Exceptions->errorHandler(2, 'Undefined array key "category_name"', 'APPPATH\\Views\\post_tag.php', 27)
 2 SYSTEMPATH\View\View.php(213): include('APPPATH\\Views\\post_tag.php')
 3 SYSTEMPATH\View\View.php(216): CodeIgniter\View\View->CodeIgniter\View\{closure}()
 4 SYSTEMPATH\Common.php(1134): CodeIgniter\View\View->render('post_tag', [], true)
 5 APPPATH\Controllers\PostController.php(158): view('post_tag', [...])
 6 SYSTEMPATH\CodeIgniter.php(927): App\Controllers\PostController->tag('nahdlatululama')
 7 SYSTEMPATH\CodeIgniter.php(482): CodeIgniter\CodeIgniter->runController(Object(App\Controllers\PostController))
 8 SYSTEMPATH\CodeIgniter.php(351): CodeIgniter\CodeIgniter->handleRequest(null, Object(Config\Cache), false)
 9 FCPATH\index.php(67): CodeIgniter\CodeIgniter->run()
10 SYSTEMPATH\Commands\Server\rewrite.php(46): require_once('FCPATH\\index.php')
CRITICAL - 2023-07-26 12:09:50 --> Undefined array key "category_name"
in APPPATH\Views\post_tag.php on line 27.
 1 APPPATH\Views\post_tag.php(27): CodeIgniter\Debug\Exceptions->errorHandler(2, 'Undefined array key "category_name"', 'APPPATH\\Views\\post_tag.php', 27)
 2 SYSTEMPATH\View\View.php(213): include('APPPATH\\Views\\post_tag.php')
 3 SYSTEMPATH\View\View.php(216): CodeIgniter\View\View->CodeIgniter\View\{closure}()
 4 SYSTEMPATH\Common.php(1134): CodeIgniter\View\View->render('post_tag', [], true)
 5 APPPATH\Controllers\PostController.php(158): view('post_tag', [...])
 6 SYSTEMPATH\CodeIgniter.php(927): App\Controllers\PostController->tag('nahdlatululama')
 7 SYSTEMPATH\CodeIgniter.php(482): CodeIgniter\CodeIgniter->runController(Object(App\Controllers\PostController))
 8 SYSTEMPATH\CodeIgniter.php(351): CodeIgniter\CodeIgniter->handleRequest(null, Object(Config\Cache), false)
 9 FCPATH\index.php(67): CodeIgniter\CodeIgniter->run()
10 SYSTEMPATH\Commands\Server\rewrite.php(46): require_once('FCPATH\\index.php')
CRITICAL - 2023-07-26 12:10:02 --> Undefined array key "category_name"
in APPPATH\Views\post_tag.php on line 27.
 1 APPPATH\Views\post_tag.php(27): CodeIgniter\Debug\Exceptions->errorHandler(2, 'Undefined array key "category_name"', 'APPPATH\\Views\\post_tag.php', 27)
 2 SYSTEMPATH\View\View.php(213): include('APPPATH\\Views\\post_tag.php')
 3 SYSTEMPATH\View\View.php(216): CodeIgniter\View\View->CodeIgniter\View\{closure}()
 4 SYSTEMPATH\Common.php(1134): CodeIgniter\View\View->render('post_tag', [], true)
 5 APPPATH\Controllers\PostController.php(158): view('post_tag', [...])
 6 SYSTEMPATH\CodeIgniter.php(927): App\Controllers\PostController->tag('unusia')
 7 SYSTEMPATH\CodeIgniter.php(482): CodeIgniter\CodeIgniter->runController(Object(App\Controllers\PostController))
 8 SYSTEMPATH\CodeIgniter.php(351): CodeIgniter\CodeIgniter->handleRequest(null, Object(Config\Cache), false)
 9 FCPATH\index.php(67): CodeIgniter\CodeIgniter->run()
10 SYSTEMPATH\Commands\Server\rewrite.php(46): require_once('FCPATH\\index.php')
CRITICAL - 2023-07-26 12:11:38 --> Undefined array key "category_name"
in APPPATH\Views\post_tag.php on line 27.
 1 APPPATH\Views\post_tag.php(27): CodeIgniter\Debug\Exceptions->errorHandler(2, 'Undefined array key "category_name"', 'APPPATH\\Views\\post_tag.php', 27)
 2 SYSTEMPATH\View\View.php(213): include('APPPATH\\Views\\post_tag.php')
 3 SYSTEMPATH\View\View.php(216): CodeIgniter\View\View->CodeIgniter\View\{closure}()
 4 SYSTEMPATH\Common.php(1134): CodeIgniter\View\View->render('post_tag', [], true)
 5 APPPATH\Controllers\PostController.php(158): view('post_tag', [...])
 6 SYSTEMPATH\CodeIgniter.php(927): App\Controllers\PostController->tag('unusia')
 7 SYSTEMPATH\CodeIgniter.php(482): CodeIgniter\CodeIgniter->runController(Object(App\Controllers\PostController))
 8 SYSTEMPATH\CodeIgniter.php(351): CodeIgniter\CodeIgniter->handleRequest(null, Object(Config\Cache), false)
 9 FCPATH\index.php(67): CodeIgniter\CodeIgniter->run()
10 SYSTEMPATH\Commands\Server\rewrite.php(46): require_once('FCPATH\\index.php')
CRITICAL - 2023-07-26 12:11:39 --> Undefined array key "category_name"
in APPPATH\Views\post_tag.php on line 27.
 1 APPPATH\Views\post_tag.php(27): CodeIgniter\Debug\Exceptions->errorHandler(2, 'Undefined array key "category_name"', 'APPPATH\\Views\\post_tag.php', 27)
 2 SYSTEMPATH\View\View.php(213): include('APPPATH\\Views\\post_tag.php')
 3 SYSTEMPATH\View\View.php(216): CodeIgniter\View\View->CodeIgniter\View\{closure}()
 4 SYSTEMPATH\Common.php(1134): CodeIgniter\View\View->render('post_tag', [], true)
 5 APPPATH\Controllers\PostController.php(158): view('post_tag', [...])
 6 SYSTEMPATH\CodeIgniter.php(927): App\Controllers\PostController->tag('unusia')
 7 SYSTEMPATH\CodeIgniter.php(482): CodeIgniter\CodeIgniter->runController(Object(App\Controllers\PostController))
 8 SYSTEMPATH\CodeIgniter.php(351): CodeIgniter\CodeIgniter->handleRequest(null, Object(Config\Cache), false)
 9 FCPATH\index.php(67): CodeIgniter\CodeIgniter->run()
10 SYSTEMPATH\Commands\Server\rewrite.php(46): require_once('FCPATH\\index.php')
CRITICAL - 2023-07-26 12:11:39 --> Undefined array key "category_name"
in APPPATH\Views\post_tag.php on line 27.
 1 APPPATH\Views\post_tag.php(27): CodeIgniter\Debug\Exceptions->errorHandler(2, 'Undefined array key "category_name"', 'APPPATH\\Views\\post_tag.php', 27)
 2 SYSTEMPATH\View\View.php(213): include('APPPATH\\Views\\post_tag.php')
 3 SYSTEMPATH\View\View.php(216): CodeIgniter\View\View->CodeIgniter\View\{closure}()
 4 SYSTEMPATH\Common.php(1134): CodeIgniter\View\View->render('post_tag', [], true)
 5 APPPATH\Controllers\PostController.php(158): view('post_tag', [...])
 6 SYSTEMPATH\CodeIgniter.php(927): App\Controllers\PostController->tag('unusia')
 7 SYSTEMPATH\CodeIgniter.php(482): CodeIgniter\CodeIgniter->runController(Object(App\Controllers\PostController))
 8 SYSTEMPATH\CodeIgniter.php(351): CodeIgniter\CodeIgniter->handleRequest(null, Object(Config\Cache), false)
 9 FCPATH\index.php(67): CodeIgniter\CodeIgniter->run()
10 SYSTEMPATH\Commands\Server\rewrite.php(46): require_once('FCPATH\\index.php')
CRITICAL - 2023-07-26 12:12:28 --> Undefined array key "category_name"
in APPPATH\Views\post_tag.php on line 27.
 1 APPPATH\Views\post_tag.php(27): CodeIgniter\Debug\Exceptions->errorHandler(2, 'Undefined array key "category_name"', 'APPPATH\\Views\\post_tag.php', 27)
 2 SYSTEMPATH\View\View.php(213): include('APPPATH\\Views\\post_tag.php')
 3 SYSTEMPATH\View\View.php(216): CodeIgniter\View\View->CodeIgniter\View\{closure}()
 4 SYSTEMPATH\Common.php(1134): CodeIgniter\View\View->render('post_tag', [], true)
 5 APPPATH\Controllers\PostController.php(158): view('post_tag', [...])
 6 SYSTEMPATH\CodeIgniter.php(927): App\Controllers\PostController->tag('nahdlatululama')
 7 SYSTEMPATH\CodeIgniter.php(482): CodeIgniter\CodeIgniter->runController(Object(App\Controllers\PostController))
 8 SYSTEMPATH\CodeIgniter.php(351): CodeIgniter\CodeIgniter->handleRequest(null, Object(Config\Cache), false)
 9 FCPATH\index.php(67): CodeIgniter\CodeIgniter->run()
10 SYSTEMPATH\Commands\Server\rewrite.php(46): require_once('FCPATH\\index.php')
CRITICAL - 2023-07-26 12:13:09 --> Undefined array key "category_name"
in APPPATH\Views\post_tag.php on line 27.
 1 APPPATH\Views\post_tag.php(27): CodeIgniter\Debug\Exceptions->errorHandler(2, 'Undefined array key "category_name"', 'APPPATH\\Views\\post_tag.php', 27)
 2 SYSTEMPATH\View\View.php(213): include('APPPATH\\Views\\post_tag.php')
 3 SYSTEMPATH\View\View.php(216): CodeIgniter\View\View->CodeIgniter\View\{closure}()
 4 SYSTEMPATH\Common.php(1134): CodeIgniter\View\View->render('post_tag', [], true)
 5 APPPATH\Controllers\PostController.php(158): view('post_tag', [...])
 6 SYSTEMPATH\CodeIgniter.php(927): App\Controllers\PostController->tag('nahdlatululama')
 7 SYSTEMPATH\CodeIgniter.php(482): CodeIgniter\CodeIgniter->runController(Object(App\Controllers\PostController))
 8 SYSTEMPATH\CodeIgniter.php(351): CodeIgniter\CodeIgniter->handleRequest(null, Object(Config\Cache), false)
 9 FCPATH\index.php(67): CodeIgniter\CodeIgniter->run()
10 SYSTEMPATH\Commands\Server\rewrite.php(46): require_once('FCPATH\\index.php')
CRITICAL - 2023-07-26 12:13:11 --> Undefined array key "category_name"
in APPPATH\Views\post_tag.php on line 27.
 1 APPPATH\Views\post_tag.php(27): CodeIgniter\Debug\Exceptions->errorHandler(2, 'Undefined array key "category_name"', 'APPPATH\\Views\\post_tag.php', 27)
 2 SYSTEMPATH\View\View.php(213): include('APPPATH\\Views\\post_tag.php')
 3 SYSTEMPATH\View\View.php(216): CodeIgniter\View\View->CodeIgniter\View\{closure}()
 4 SYSTEMPATH\Common.php(1134): CodeIgniter\View\View->render('post_tag', [], true)
 5 APPPATH\Controllers\PostController.php(158): view('post_tag', [...])
 6 SYSTEMPATH\CodeIgniter.php(927): App\Controllers\PostController->tag('nahdlatululama')
 7 SYSTEMPATH\CodeIgniter.php(482): CodeIgniter\CodeIgniter->runController(Object(App\Controllers\PostController))
 8 SYSTEMPATH\CodeIgniter.php(351): CodeIgniter\CodeIgniter->handleRequest(null, Object(Config\Cache), false)
 9 FCPATH\index.php(67): CodeIgniter\CodeIgniter->run()
10 SYSTEMPATH\Commands\Server\rewrite.php(46): require_once('FCPATH\\index.php')
CRITICAL - 2023-07-26 12:13:12 --> Undefined array key "category_name"
in APPPATH\Views\post_tag.php on line 27.
 1 APPPATH\Views\post_tag.php(27): CodeIgniter\Debug\Exceptions->errorHandler(2, 'Undefined array key "category_name"', 'APPPATH\\Views\\post_tag.php', 27)
 2 SYSTEMPATH\View\View.php(213): include('APPPATH\\Views\\post_tag.php')
 3 SYSTEMPATH\View\View.php(216): CodeIgniter\View\View->CodeIgniter\View\{closure}()
 4 SYSTEMPATH\Common.php(1134): CodeIgniter\View\View->render('post_tag', [], true)
 5 APPPATH\Controllers\PostController.php(158): view('post_tag', [...])
 6 SYSTEMPATH\CodeIgniter.php(927): App\Controllers\PostController->tag('nahdlatululama')
 7 SYSTEMPATH\CodeIgniter.php(482): CodeIgniter\CodeIgniter->runController(Object(App\Controllers\PostController))
 8 SYSTEMPATH\CodeIgniter.php(351): CodeIgniter\CodeIgniter->handleRequest(null, Object(Config\Cache), false)
 9 FCPATH\index.php(67): CodeIgniter\CodeIgniter->run()
10 SYSTEMPATH\Commands\Server\rewrite.php(46): require_once('FCPATH\\index.php')
CRITICAL - 2023-07-26 12:13:39 --> Undefined array key "category_name"
in APPPATH\Views\post_tag.php on line 27.
 1 APPPATH\Views\post_tag.php(27): CodeIgniter\Debug\Exceptions->errorHandler(2, 'Undefined array key "category_name"', 'APPPATH\\Views\\post_tag.php', 27)
 2 SYSTEMPATH\View\View.php(213): include('APPPATH\\Views\\post_tag.php')
 3 SYSTEMPATH\View\View.php(216): CodeIgniter\View\View->CodeIgniter\View\{closure}()
 4 SYSTEMPATH\Common.php(1134): CodeIgniter\View\View->render('post_tag', [], true)
 5 APPPATH\Controllers\PostController.php(158): view('post_tag', [...])
 6 SYSTEMPATH\CodeIgniter.php(927): App\Controllers\PostController->tag('nahdlatululama')
 7 SYSTEMPATH\CodeIgniter.php(482): CodeIgniter\CodeIgniter->runController(Object(App\Controllers\PostController))
 8 SYSTEMPATH\CodeIgniter.php(351): CodeIgniter\CodeIgniter->handleRequest(null, Object(Config\Cache), false)
 9 FCPATH\index.php(67): CodeIgniter\CodeIgniter->run()
10 SYSTEMPATH\Commands\Server\rewrite.php(46): require_once('FCPATH\\index.php')
CRITICAL - 2023-07-26 12:15:56 --> Undefined array key "category_name"
in APPPATH\Views\post_tag.php on line 27.
 1 APPPATH\Views\post_tag.php(27): CodeIgniter\Debug\Exceptions->errorHandler(2, 'Undefined array key "category_name"', 'APPPATH\\Views\\post_tag.php', 27)
 2 SYSTEMPATH\View\View.php(213): include('APPPATH\\Views\\post_tag.php')
 3 SYSTEMPATH\View\View.php(216): CodeIgniter\View\View->CodeIgniter\View\{closure}()
 4 SYSTEMPATH\Common.php(1134): CodeIgniter\View\View->render('post_tag', [], true)
 5 APPPATH\Controllers\PostController.php(158): view('post_tag', [...])
 6 SYSTEMPATH\CodeIgniter.php(927): App\Controllers\PostController->tag('nahdlatululama')
 7 SYSTEMPATH\CodeIgniter.php(482): CodeIgniter\CodeIgniter->runController(Object(App\Controllers\PostController))
 8 SYSTEMPATH\CodeIgniter.php(351): CodeIgniter\CodeIgniter->handleRequest(null, Object(Config\Cache), false)
 9 FCPATH\index.php(67): CodeIgniter\CodeIgniter->run()
10 SYSTEMPATH\Commands\Server\rewrite.php(46): require_once('FCPATH\\index.php')
CRITICAL - 2023-07-26 12:15:57 --> Undefined array key "category_name"
in APPPATH\Views\post_tag.php on line 27.
 1 APPPATH\Views\post_tag.php(27): CodeIgniter\Debug\Exceptions->errorHandler(2, 'Undefined array key "category_name"', 'APPPATH\\Views\\post_tag.php', 27)
 2 SYSTEMPATH\View\View.php(213): include('APPPATH\\Views\\post_tag.php')
 3 SYSTEMPATH\View\View.php(216): CodeIgniter\View\View->CodeIgniter\View\{closure}()
 4 SYSTEMPATH\Common.php(1134): CodeIgniter\View\View->render('post_tag', [], true)
 5 APPPATH\Controllers\PostController.php(158): view('post_tag', [...])
 6 SYSTEMPATH\CodeIgniter.php(927): App\Controllers\PostController->tag('nahdlatululama')
 7 SYSTEMPATH\CodeIgniter.php(482): CodeIgniter\CodeIgniter->runController(Object(App\Controllers\PostController))
 8 SYSTEMPATH\CodeIgniter.php(351): CodeIgniter\CodeIgniter->handleRequest(null, Object(Config\Cache), false)
 9 FCPATH\index.php(67): CodeIgniter\CodeIgniter->run()
10 SYSTEMPATH\Commands\Server\rewrite.php(46): require_once('FCPATH\\index.php')
CRITICAL - 2023-07-26 12:17:04 --> Undefined array key "category_name"
in APPPATH\Views\post_tag.php on line 27.
 1 APPPATH\Views\post_tag.php(27): CodeIgniter\Debug\Exceptions->errorHandler(2, 'Undefined array key "category_name"', 'APPPATH\\Views\\post_tag.php', 27)
 2 SYSTEMPATH\View\View.php(213): include('APPPATH\\Views\\post_tag.php')
 3 SYSTEMPATH\View\View.php(216): CodeIgniter\View\View->CodeIgniter\View\{closure}()
 4 SYSTEMPATH\Common.php(1134): CodeIgniter\View\View->render('post_tag', [], true)
 5 APPPATH\Controllers\PostController.php(158): view('post_tag', [...])
 6 SYSTEMPATH\CodeIgniter.php(927): App\Controllers\PostController->tag('nahdlatululama')
 7 SYSTEMPATH\CodeIgniter.php(482): CodeIgniter\CodeIgniter->runController(Object(App\Controllers\PostController))
 8 SYSTEMPATH\CodeIgniter.php(351): CodeIgniter\CodeIgniter->handleRequest(null, Object(Config\Cache), false)
 9 FCPATH\index.php(67): CodeIgniter\CodeIgniter->run()
10 SYSTEMPATH\Commands\Server\rewrite.php(46): require_once('FCPATH\\index.php')
CRITICAL - 2023-07-26 12:17:05 --> Undefined array key "category_name"
in APPPATH\Views\post_tag.php on line 27.
 1 APPPATH\Views\post_tag.php(27): CodeIgniter\Debug\Exceptions->errorHandler(2, 'Undefined array key "category_name"', 'APPPATH\\Views\\post_tag.php', 27)
 2 SYSTEMPATH\View\View.php(213): include('APPPATH\\Views\\post_tag.php')
 3 SYSTEMPATH\View\View.php(216): CodeIgniter\View\View->CodeIgniter\View\{closure}()
 4 SYSTEMPATH\Common.php(1134): CodeIgniter\View\View->render('post_tag', [], true)
 5 APPPATH\Controllers\PostController.php(158): view('post_tag', [...])
 6 SYSTEMPATH\CodeIgniter.php(927): App\Controllers\PostController->tag('nahdlatululama')
 7 SYSTEMPATH\CodeIgniter.php(482): CodeIgniter\CodeIgniter->runController(Object(App\Controllers\PostController))
 8 SYSTEMPATH\CodeIgniter.php(351): CodeIgniter\CodeIgniter->handleRequest(null, Object(Config\Cache), false)
 9 FCPATH\index.php(67): CodeIgniter\CodeIgniter->run()
10 SYSTEMPATH\Commands\Server\rewrite.php(46): require_once('FCPATH\\index.php')
CRITICAL - 2023-07-26 12:17:05 --> Undefined array key "category_name"
in APPPATH\Views\post_tag.php on line 27.
 1 APPPATH\Views\post_tag.php(27): CodeIgniter\Debug\Exceptions->errorHandler(2, 'Undefined array key "category_name"', 'APPPATH\\Views\\post_tag.php', 27)
 2 SYSTEMPATH\View\View.php(213): include('APPPATH\\Views\\post_tag.php')
 3 SYSTEMPATH\View\View.php(216): CodeIgniter\View\View->CodeIgniter\View\{closure}()
 4 SYSTEMPATH\Common.php(1134): CodeIgniter\View\View->render('post_tag', [], true)
 5 APPPATH\Controllers\PostController.php(158): view('post_tag', [...])
 6 SYSTEMPATH\CodeIgniter.php(927): App\Controllers\PostController->tag('nahdlatululama')
 7 SYSTEMPATH\CodeIgniter.php(482): CodeIgniter\CodeIgniter->runController(Object(App\Controllers\PostController))
 8 SYSTEMPATH\CodeIgniter.php(351): CodeIgniter\CodeIgniter->handleRequest(null, Object(Config\Cache), false)
 9 FCPATH\index.php(67): CodeIgniter\CodeIgniter->run()
10 SYSTEMPATH\Commands\Server\rewrite.php(46): require_once('FCPATH\\index.php')
CRITICAL - 2023-07-26 12:17:06 --> Undefined array key "category_name"
in APPPATH\Views\post_tag.php on line 27.
 1 APPPATH\Views\post_tag.php(27): CodeIgniter\Debug\Exceptions->errorHandler(2, 'Undefined array key "category_name"', 'APPPATH\\Views\\post_tag.php', 27)
 2 SYSTEMPATH\View\View.php(213): include('APPPATH\\Views\\post_tag.php')
 3 SYSTEMPATH\View\View.php(216): CodeIgniter\View\View->CodeIgniter\View\{closure}()
 4 SYSTEMPATH\Common.php(1134): CodeIgniter\View\View->render('post_tag', [], true)
 5 APPPATH\Controllers\PostController.php(158): view('post_tag', [...])
 6 SYSTEMPATH\CodeIgniter.php(927): App\Controllers\PostController->tag('nahdlatululama')
 7 SYSTEMPATH\CodeIgniter.php(482): CodeIgniter\CodeIgniter->runController(Object(App\Controllers\PostController))
 8 SYSTEMPATH\CodeIgniter.php(351): CodeIgniter\CodeIgniter->handleRequest(null, Object(Config\Cache), false)
 9 FCPATH\index.php(67): CodeIgniter\CodeIgniter->run()
10 SYSTEMPATH\Commands\Server\rewrite.php(46): require_once('FCPATH\\index.php')
