ERROR - 2025-02-08 10:19:31 --> mysqli_sql_exception: Expression #16 of SELECT list is not in GROUP BY clause and contains nonaggregated column 'project_ysgj.tbl_comment.comment_id' which is not functionally dependent on columns in GROUP BY clause; this is incompatible with sql_mode=only_full_group_by in /Users/irchamali/Projects/ci/yayasan/vendor/codeigniter4/framework/system/Database/MySQLi/Connection.php:295
Stack trace:
#0 /Users/irchamali/Projects/ci/yayasan/vendor/codeigniter4/framework/system/Database/MySQLi/Connection.php(295): mysqli->query('SELECT tbl_post...', 0)
#1 /Users/irchamali/Projects/ci/yayasan/vendor/codeigniter4/framework/system/Database/BaseConnection.php(692): CodeIgniter\Database\MySQLi\Connection->execute('SELECT tbl_post...')
#2 /Users/irchamali/Projects/ci/yayasan/vendor/codeigniter4/framework/system/Database/BaseConnection.php(606): CodeIgniter\Database\BaseConnection->simpleQuery('SELECT tbl_post...')
#3 /Users/irchamali/Projects/ci/yayasan/app/Models/PostviewModel.php(22): CodeIgniter\Database\BaseConnection->query('SELECT tbl_post...')
#4 /Users/irchamali/Projects/ci/yayasan/app/Controllers/PostController.php(42): App\Models\PostviewModel->get_post_by_slug('pengumuman-yudi...')
#5 /Users/irchamali/Projects/ci/yayasan/vendor/codeigniter4/framework/system/CodeIgniter.php(932): App\Controllers\PostController->index('pengumuman-yudi...')
#6 /Users/irchamali/Projects/ci/yayasan/vendor/codeigniter4/framework/system/CodeIgniter.php(497): CodeIgniter\CodeIgniter->runController(Object(App\Controllers\PostController))
#7 /Users/irchamali/Projects/ci/yayasan/vendor/codeigniter4/framework/system/CodeIgniter.php(366): CodeIgniter\CodeIgniter->handleRequest(NULL, Object(Config\Cache), false)
#8 /Users/irchamali/Projects/ci/yayasan/public/index.php(67): CodeIgniter\CodeIgniter->run()
#9 /Users/irchamali/Projects/ci/yayasan/vendor/codeigniter4/framework/system/Commands/Server/rewrite.php(47): require_once('/Users/irchamal...')
#10 {main}
CRITICAL - 2025-02-08 10:19:31 --> Expression #16 of SELECT list is not in GROUP BY clause and contains nonaggregated column 'project_ysgj.tbl_comment.comment_id' which is not functionally dependent on columns in GROUP BY clause; this is incompatible with sql_mode=only_full_group_by
in SYSTEMPATH/Database/MySQLi/Connection.php on line 295.
 1 SYSTEMPATH/Database/MySQLi/Connection.php(295): mysqli->query('SELECT tbl_post.*,user_name,user_photo,tbl_comment.*,COUNT(comment_id) AS comment_total,tbl_category.* FROM tbl_post 
			LEFT JOIN tbl_user ON post_user_id=user_id
			LEFT JOIN tbl_comment ON post_id=comment_post_id
			LEFT JOIN tbl_category ON post_category_id=category_id
			WHERE post_slug=\'pengumuman-yudisium-unusia-tahun-2024\' GROUP BY post_id LIMIT 1', 0)
 2 SYSTEMPATH/Database/BaseConnection.php(692): CodeIgniter\Database\MySQLi\Connection->execute('SELECT tbl_post.*,user_name,user_photo,tbl_comment.*,COUNT(comment_id) AS comment_total,tbl_category.* FROM tbl_post 
			LEFT JOIN tbl_user ON post_user_id=user_id
			LEFT JOIN tbl_comment ON post_id=comment_post_id
			LEFT JOIN tbl_category ON post_category_id=category_id
			WHERE post_slug=\'pengumuman-yudisium-unusia-tahun-2024\' GROUP BY post_id LIMIT 1')
 3 SYSTEMPATH/Database/BaseConnection.php(606): CodeIgniter\Database\BaseConnection->simpleQuery('SELECT tbl_post.*,user_name,user_photo,tbl_comment.*,COUNT(comment_id) AS comment_total,tbl_category.* FROM tbl_post 
			LEFT JOIN tbl_user ON post_user_id=user_id
			LEFT JOIN tbl_comment ON post_id=comment_post_id
			LEFT JOIN tbl_category ON post_category_id=category_id
			WHERE post_slug=\'pengumuman-yudisium-unusia-tahun-2024\' GROUP BY post_id LIMIT 1')
 4 APPPATH/Models/PostviewModel.php(22): CodeIgniter\Database\BaseConnection->query('SELECT tbl_post.*,user_name,user_photo,tbl_comment.*,COUNT(comment_id) AS comment_total,tbl_category.* FROM tbl_post 
			LEFT JOIN tbl_user ON post_user_id=user_id
			LEFT JOIN tbl_comment ON post_id=comment_post_id
			LEFT JOIN tbl_category ON post_category_id=category_id
			WHERE post_slug=\'pengumuman-yudisium-unusia-tahun-2024\' GROUP BY post_id LIMIT 1')
 5 APPPATH/Controllers/PostController.php(42): App\Models\PostviewModel->get_post_by_slug('pengumuman-yudisium-unusia-tahun-2024')
 6 SYSTEMPATH/CodeIgniter.php(932): App\Controllers\PostController->index('pengumuman-yudisium-unusia-tahun-2024')
 7 SYSTEMPATH/CodeIgniter.php(497): CodeIgniter\CodeIgniter->runController(Object(App\Controllers\PostController))
 8 SYSTEMPATH/CodeIgniter.php(366): CodeIgniter\CodeIgniter->handleRequest(null, Object(Config\Cache), false)
 9 FCPATH/index.php(67): CodeIgniter\CodeIgniter->run()
10 SYSTEMPATH/Commands/Server/rewrite.php(47): require_once('/Users/irchamali/Projects/ci/yayasan/public/index.php')
ERROR - 2025-02-08 10:20:13 --> mysqli_sql_exception: Expression #16 of SELECT list is not in GROUP BY clause and contains nonaggregated column 'project_ysgj.tbl_comment.comment_id' which is not functionally dependent on columns in GROUP BY clause; this is incompatible with sql_mode=only_full_group_by in /Users/irchamali/Projects/ci/yayasan/vendor/codeigniter4/framework/system/Database/MySQLi/Connection.php:295
Stack trace:
#0 /Users/irchamali/Projects/ci/yayasan/vendor/codeigniter4/framework/system/Database/MySQLi/Connection.php(295): mysqli->query('SELECT tbl_post...', 0)
#1 /Users/irchamali/Projects/ci/yayasan/vendor/codeigniter4/framework/system/Database/BaseConnection.php(692): CodeIgniter\Database\MySQLi\Connection->execute('SELECT tbl_post...')
#2 /Users/irchamali/Projects/ci/yayasan/vendor/codeigniter4/framework/system/Database/BaseConnection.php(606): CodeIgniter\Database\BaseConnection->simpleQuery('SELECT tbl_post...')
#3 /Users/irchamali/Projects/ci/yayasan/app/Models/PostviewModel.php(22): CodeIgniter\Database\BaseConnection->query('SELECT tbl_post...')
#4 /Users/irchamali/Projects/ci/yayasan/app/Controllers/PostController.php(42): App\Models\PostviewModel->get_post_by_slug('mahasiswa-humum...')
#5 /Users/irchamali/Projects/ci/yayasan/vendor/codeigniter4/framework/system/CodeIgniter.php(932): App\Controllers\PostController->index('mahasiswa-humum...')
#6 /Users/irchamali/Projects/ci/yayasan/vendor/codeigniter4/framework/system/CodeIgniter.php(497): CodeIgniter\CodeIgniter->runController(Object(App\Controllers\PostController))
#7 /Users/irchamali/Projects/ci/yayasan/vendor/codeigniter4/framework/system/CodeIgniter.php(366): CodeIgniter\CodeIgniter->handleRequest(NULL, Object(Config\Cache), false)
#8 /Users/irchamali/Projects/ci/yayasan/public/index.php(67): CodeIgniter\CodeIgniter->run()
#9 /Users/irchamali/Projects/ci/yayasan/vendor/codeigniter4/framework/system/Commands/Server/rewrite.php(47): require_once('/Users/irchamal...')
#10 {main}
CRITICAL - 2025-02-08 10:20:13 --> Expression #16 of SELECT list is not in GROUP BY clause and contains nonaggregated column 'project_ysgj.tbl_comment.comment_id' which is not functionally dependent on columns in GROUP BY clause; this is incompatible with sql_mode=only_full_group_by
in SYSTEMPATH/Database/MySQLi/Connection.php on line 295.
 1 SYSTEMPATH/Database/MySQLi/Connection.php(295): mysqli->query('SELECT tbl_post.*,user_name,user_photo,tbl_comment.*,COUNT(comment_id) AS comment_total,tbl_category.* FROM tbl_post 
			LEFT JOIN tbl_user ON post_user_id=user_id
			LEFT JOIN tbl_comment ON post_id=comment_post_id
			LEFT JOIN tbl_category ON post_category_id=category_id
			WHERE post_slug=\'mahasiswa-humum-sabet-gelar-juara-kontes-debat\' GROUP BY post_id LIMIT 1', 0)
 2 SYSTEMPATH/Database/BaseConnection.php(692): CodeIgniter\Database\MySQLi\Connection->execute('SELECT tbl_post.*,user_name,user_photo,tbl_comment.*,COUNT(comment_id) AS comment_total,tbl_category.* FROM tbl_post 
			LEFT JOIN tbl_user ON post_user_id=user_id
			LEFT JOIN tbl_comment ON post_id=comment_post_id
			LEFT JOIN tbl_category ON post_category_id=category_id
			WHERE post_slug=\'mahasiswa-humum-sabet-gelar-juara-kontes-debat\' GROUP BY post_id LIMIT 1')
 3 SYSTEMPATH/Database/BaseConnection.php(606): CodeIgniter\Database\BaseConnection->simpleQuery('SELECT tbl_post.*,user_name,user_photo,tbl_comment.*,COUNT(comment_id) AS comment_total,tbl_category.* FROM tbl_post 
			LEFT JOIN tbl_user ON post_user_id=user_id
			LEFT JOIN tbl_comment ON post_id=comment_post_id
			LEFT JOIN tbl_category ON post_category_id=category_id
			WHERE post_slug=\'mahasiswa-humum-sabet-gelar-juara-kontes-debat\' GROUP BY post_id LIMIT 1')
 4 APPPATH/Models/PostviewModel.php(22): CodeIgniter\Database\BaseConnection->query('SELECT tbl_post.*,user_name,user_photo,tbl_comment.*,COUNT(comment_id) AS comment_total,tbl_category.* FROM tbl_post 
			LEFT JOIN tbl_user ON post_user_id=user_id
			LEFT JOIN tbl_comment ON post_id=comment_post_id
			LEFT JOIN tbl_category ON post_category_id=category_id
			WHERE post_slug=\'mahasiswa-humum-sabet-gelar-juara-kontes-debat\' GROUP BY post_id LIMIT 1')
 5 APPPATH/Controllers/PostController.php(42): App\Models\PostviewModel->get_post_by_slug('mahasiswa-humum-sabet-gelar-juara-kontes-debat')
 6 SYSTEMPATH/CodeIgniter.php(932): App\Controllers\PostController->index('mahasiswa-humum-sabet-gelar-juara-kontes-debat')
 7 SYSTEMPATH/CodeIgniter.php(497): CodeIgniter\CodeIgniter->runController(Object(App\Controllers\PostController))
 8 SYSTEMPATH/CodeIgniter.php(366): CodeIgniter\CodeIgniter->handleRequest(null, Object(Config\Cache), false)
 9 FCPATH/index.php(67): CodeIgniter\CodeIgniter->run()
10 SYSTEMPATH/Commands/Server/rewrite.php(47): require_once('/Users/irchamali/Projects/ci/yayasan/public/index.php')
ERROR - 2025-02-08 10:23:07 --> mysqli_sql_exception: Expression #1 of SELECT list is not in GROUP BY clause and contains nonaggregated column 'project_ysgj.tbl_visitors.visit_date' which is not functionally dependent on columns in GROUP BY clause; this is incompatible with sql_mode=only_full_group_by in /Users/irchamali/Projects/ci/yayasan/vendor/codeigniter4/framework/system/Database/MySQLi/Connection.php:295
Stack trace:
#0 /Users/irchamali/Projects/ci/yayasan/vendor/codeigniter4/framework/system/Database/MySQLi/Connection.php(295): mysqli->query('SELECT DATE_FOR...', 0)
#1 /Users/irchamali/Projects/ci/yayasan/vendor/codeigniter4/framework/system/Database/BaseConnection.php(692): CodeIgniter\Database\MySQLi\Connection->execute('SELECT DATE_FOR...')
#2 /Users/irchamali/Projects/ci/yayasan/vendor/codeigniter4/framework/system/Database/BaseConnection.php(606): CodeIgniter\Database\BaseConnection->simpleQuery('SELECT DATE_FOR...')
#3 /Users/irchamali/Projects/ci/yayasan/app/Models/VisitorModel.php(23): CodeIgniter\Database\BaseConnection->query('SELECT DATE_FOR...')
#4 /Users/irchamali/Projects/ci/yayasan/app/Controllers/Admin/AdminController.php(21): App\Models\VisitorModel->visitor_statistics()
#5 /Users/irchamali/Projects/ci/yayasan/vendor/codeigniter4/framework/system/CodeIgniter.php(932): App\Controllers\Admin\AdminController->index()
#6 /Users/irchamali/Projects/ci/yayasan/vendor/codeigniter4/framework/system/CodeIgniter.php(497): CodeIgniter\CodeIgniter->runController(Object(App\Controllers\Admin\AdminController))
#7 /Users/irchamali/Projects/ci/yayasan/vendor/codeigniter4/framework/system/CodeIgniter.php(366): CodeIgniter\CodeIgniter->handleRequest(NULL, Object(Config\Cache), false)
#8 /Users/irchamali/Projects/ci/yayasan/public/index.php(67): CodeIgniter\CodeIgniter->run()
#9 /Users/irchamali/Projects/ci/yayasan/vendor/codeigniter4/framework/system/Commands/Server/rewrite.php(47): require_once('/Users/irchamal...')
#10 {main}
CRITICAL - 2025-02-08 10:23:07 --> Expression #1 of SELECT list is not in GROUP BY clause and contains nonaggregated column 'project_ysgj.tbl_visitors.visit_date' which is not functionally dependent on columns in GROUP BY clause; this is incompatible with sql_mode=only_full_group_by
in SYSTEMPATH/Database/MySQLi/Connection.php on line 295.
 1 SYSTEMPATH/Database/MySQLi/Connection.php(295): mysqli->query('SELECT DATE_FORMAT(visit_date,\'%d\') AS tgl,COUNT(visit_ip) AS jumlah FROM tbl_visitors WHERE MONTH(visit_date)=MONTH(CURDATE()) GROUP BY DATE(visit_date)', 0)
 2 SYSTEMPATH/Database/BaseConnection.php(692): CodeIgniter\Database\MySQLi\Connection->execute('SELECT DATE_FORMAT(visit_date,\'%d\') AS tgl,COUNT(visit_ip) AS jumlah FROM tbl_visitors WHERE MONTH(visit_date)=MONTH(CURDATE()) GROUP BY DATE(visit_date)')
 3 SYSTEMPATH/Database/BaseConnection.php(606): CodeIgniter\Database\BaseConnection->simpleQuery('SELECT DATE_FORMAT(visit_date,\'%d\') AS tgl,COUNT(visit_ip) AS jumlah FROM tbl_visitors WHERE MONTH(visit_date)=MONTH(CURDATE()) GROUP BY DATE(visit_date)')
 4 APPPATH/Models/VisitorModel.php(23): CodeIgniter\Database\BaseConnection->query('SELECT DATE_FORMAT(visit_date,\'%d\') AS tgl,COUNT(visit_ip) AS jumlah FROM tbl_visitors WHERE MONTH(visit_date)=MONTH(CURDATE()) GROUP BY DATE(visit_date)')
 5 APPPATH/Controllers/Admin/AdminController.php(21): App\Models\VisitorModel->visitor_statistics()
 6 SYSTEMPATH/CodeIgniter.php(932): App\Controllers\Admin\AdminController->index()
 7 SYSTEMPATH/CodeIgniter.php(497): CodeIgniter\CodeIgniter->runController(Object(App\Controllers\Admin\AdminController))
 8 SYSTEMPATH/CodeIgniter.php(366): CodeIgniter\CodeIgniter->handleRequest(null, Object(Config\Cache), false)
 9 FCPATH/index.php(67): CodeIgniter\CodeIgniter->run()
10 SYSTEMPATH/Commands/Server/rewrite.php(47): require_once('/Users/irchamali/Projects/ci/yayasan/public/index.php')
