CRITICAL - 2023-08-09 01:24:25 --> Undefined variable: document
in APPPATH\Views\admin\v_document.php on line 191.
 1 APPPATH\Views\admin\v_document.php(191): CodeIgniter\Debug\Exceptions->errorHandler(8, 'Undefined variable: document', 'D:\\Codeigniter\\lppmi-unusia\\app\\Views\\admin\\v_document.php', 191, [...])
 2 SYSTEMPATH\View\View.php(224): include('D:\\Codeigniter\\lppmi-unusia\\app\\Views\\admin\\v_document.php')
 3 SYSTEMPATH\View\View.php(227): CodeIgniter\View\View->CodeIgniter\View\{closure}()
 4 SYSTEMPATH\Common.php(1180): CodeIgniter\View\View->render('admin/v_document', [], true)
 5 APPPATH\Controllers\Admin\DocsAdminController.php(37): view('admin/v_document', [...])
 6 SYSTEMPATH\CodeIgniter.php(932): App\Controllers\Admin\DocsAdminController->index()
 7 SYSTEMPATH\CodeIgniter.php(497): CodeIgniter\CodeIgniter->runController(Object(App\Controllers\Admin\DocsAdminController))
 8 SYSTEMPATH\CodeIgniter.php(366): CodeIgniter\CodeIgniter->handleRequest(null, Object(Config\Cache), false)
 9 FCPATH\index.php(67): CodeIgniter\CodeIgniter->run()
10 SYSTEMPATH\Commands\Server\rewrite.php(47): require_once('D:\\Codeigniter\\lppmi-unusia\\public\\index.php')
CRITICAL - 2023-08-09 01:25:05 --> Undefined variable: category
in APPPATH\Views\admin\v_document.php on line 191.
 1 APPPATH\Views\admin\v_document.php(191): CodeIgniter\Debug\Exceptions->errorHandler(8, 'Undefined variable: category', 'D:\\Codeigniter\\lppmi-unusia\\app\\Views\\admin\\v_document.php', 191, [...])
 2 SYSTEMPATH\View\View.php(224): include('D:\\Codeigniter\\lppmi-unusia\\app\\Views\\admin\\v_document.php')
 3 SYSTEMPATH\View\View.php(227): CodeIgniter\View\View->CodeIgniter\View\{closure}()
 4 SYSTEMPATH\Common.php(1180): CodeIgniter\View\View->render('admin/v_document', [], true)
 5 APPPATH\Controllers\Admin\DocsAdminController.php(37): view('admin/v_document', [...])
 6 SYSTEMPATH\CodeIgniter.php(932): App\Controllers\Admin\DocsAdminController->index()
 7 SYSTEMPATH\CodeIgniter.php(497): CodeIgniter\CodeIgniter->runController(Object(App\Controllers\Admin\DocsAdminController))
 8 SYSTEMPATH\CodeIgniter.php(366): CodeIgniter\CodeIgniter->handleRequest(null, Object(Config\Cache), false)
 9 FCPATH\index.php(67): CodeIgniter\CodeIgniter->run()
10 SYSTEMPATH\Commands\Server\rewrite.php(47): require_once('D:\\Codeigniter\\lppmi-unusia\\public\\index.php')
CRITICAL - 2023-08-09 01:26:34 --> Undefined variable: document
in APPPATH\Views\admin\v_document.php on line 191.
 1 APPPATH\Views\admin\v_document.php(191): CodeIgniter\Debug\Exceptions->errorHandler(8, 'Undefined variable: document', 'D:\\Codeigniter\\lppmi-unusia\\app\\Views\\admin\\v_document.php', 191, [...])
 2 SYSTEMPATH\View\View.php(224): include('D:\\Codeigniter\\lppmi-unusia\\app\\Views\\admin\\v_document.php')
 3 SYSTEMPATH\View\View.php(227): CodeIgniter\View\View->CodeIgniter\View\{closure}()
 4 SYSTEMPATH\Common.php(1180): CodeIgniter\View\View->render('admin/v_document', [], true)
 5 APPPATH\Controllers\Admin\DocsAdminController.php(37): view('admin/v_document', [...])
 6 SYSTEMPATH\CodeIgniter.php(932): App\Controllers\Admin\DocsAdminController->index()
 7 SYSTEMPATH\CodeIgniter.php(497): CodeIgniter\CodeIgniter->runController(Object(App\Controllers\Admin\DocsAdminController))
 8 SYSTEMPATH\CodeIgniter.php(366): CodeIgniter\CodeIgniter->handleRequest(null, Object(Config\Cache), false)
 9 FCPATH\index.php(67): CodeIgniter\CodeIgniter->run()
10 SYSTEMPATH\Commands\Server\rewrite.php(47): require_once('D:\\Codeigniter\\lppmi-unusia\\public\\index.php')
CRITICAL - 2023-08-09 01:28:50 --> Undefined variable: document
in APPPATH\Views\admin\v_document.php on line 191.
 1 APPPATH\Views\admin\v_document.php(191): CodeIgniter\Debug\Exceptions->errorHandler(8, 'Undefined variable: document', 'D:\\Codeigniter\\lppmi-unusia\\app\\Views\\admin\\v_document.php', 191, [...])
 2 SYSTEMPATH\View\View.php(224): include('D:\\Codeigniter\\lppmi-unusia\\app\\Views\\admin\\v_document.php')
 3 SYSTEMPATH\View\View.php(227): CodeIgniter\View\View->CodeIgniter\View\{closure}()
 4 SYSTEMPATH\Common.php(1180): CodeIgniter\View\View->render('admin/v_document', [], true)
 5 APPPATH\Controllers\Admin\DocsAdminController.php(37): view('admin/v_document', [...])
 6 SYSTEMPATH\CodeIgniter.php(932): App\Controllers\Admin\DocsAdminController->index()
 7 SYSTEMPATH\CodeIgniter.php(497): CodeIgniter\CodeIgniter->runController(Object(App\Controllers\Admin\DocsAdminController))
 8 SYSTEMPATH\CodeIgniter.php(366): CodeIgniter\CodeIgniter->handleRequest(null, Object(Config\Cache), false)
 9 FCPATH\index.php(67): CodeIgniter\CodeIgniter->run()
10 SYSTEMPATH\Commands\Server\rewrite.php(47): require_once('D:\\Codeigniter\\lppmi-unusia\\public\\index.php')
CRITICAL - 2023-08-09 02:07:30 --> Undefined variable: document
in APPPATH\Views\admin\v_document.php on line 191.
 1 APPPATH\Views\admin\v_document.php(191): CodeIgniter\Debug\Exceptions->errorHandler(8, 'Undefined variable: document', 'D:\\Codeigniter\\lppmi-unusia\\app\\Views\\admin\\v_document.php', 191, [...])
 2 SYSTEMPATH\View\View.php(224): include('D:\\Codeigniter\\lppmi-unusia\\app\\Views\\admin\\v_document.php')
 3 SYSTEMPATH\View\View.php(227): CodeIgniter\View\View->CodeIgniter\View\{closure}()
 4 SYSTEMPATH\Common.php(1180): CodeIgniter\View\View->render('admin/v_document', [], true)
 5 APPPATH\Controllers\Admin\DocsAdminController.php(37): view('admin/v_document', [...])
 6 SYSTEMPATH\CodeIgniter.php(932): App\Controllers\Admin\DocsAdminController->index()
 7 SYSTEMPATH\CodeIgniter.php(497): CodeIgniter\CodeIgniter->runController(Object(App\Controllers\Admin\DocsAdminController))
 8 SYSTEMPATH\CodeIgniter.php(366): CodeIgniter\CodeIgniter->handleRequest(null, Object(Config\Cache), false)
 9 FCPATH\index.php(67): CodeIgniter\CodeIgniter->run()
10 SYSTEMPATH\Commands\Server\rewrite.php(47): require_once('D:\\Codeigniter\\lppmi-unusia\\public\\index.php')
CRITICAL - 2023-08-09 02:10:26 --> Undefined index: docs_id
in APPPATH\Views\admin\v_document.php on line 206.
 1 APPPATH\Views\admin\v_document.php(206): CodeIgniter\Debug\Exceptions->errorHandler(8, 'Undefined index: docs_id', 'D:\\Codeigniter\\lppmi-unusia\\app\\Views\\admin\\v_document.php', 206, [...])
 2 SYSTEMPATH\View\View.php(224): include('D:\\Codeigniter\\lppmi-unusia\\app\\Views\\admin\\v_document.php')
 3 SYSTEMPATH\View\View.php(227): CodeIgniter\View\View->CodeIgniter\View\{closure}()
 4 SYSTEMPATH\Common.php(1180): CodeIgniter\View\View->render('admin/v_document', [], true)
 5 APPPATH\Controllers\Admin\DocsAdminController.php(37): view('admin/v_document', [...])
 6 SYSTEMPATH\CodeIgniter.php(932): App\Controllers\Admin\DocsAdminController->index()
 7 SYSTEMPATH\CodeIgniter.php(497): CodeIgniter\CodeIgniter->runController(Object(App\Controllers\Admin\DocsAdminController))
 8 SYSTEMPATH\CodeIgniter.php(366): CodeIgniter\CodeIgniter->handleRequest(null, Object(Config\Cache), false)
 9 FCPATH\index.php(67): CodeIgniter\CodeIgniter->run()
10 SYSTEMPATH\Commands\Server\rewrite.php(47): require_once('D:\\Codeigniter\\lppmi-unusia\\public\\index.php')
CRITICAL - 2023-08-09 02:10:29 --> Undefined index: docs_id
in APPPATH\Views\admin\v_document.php on line 206.
 1 APPPATH\Views\admin\v_document.php(206): CodeIgniter\Debug\Exceptions->errorHandler(8, 'Undefined index: docs_id', 'D:\\Codeigniter\\lppmi-unusia\\app\\Views\\admin\\v_document.php', 206, [...])
 2 SYSTEMPATH\View\View.php(224): include('D:\\Codeigniter\\lppmi-unusia\\app\\Views\\admin\\v_document.php')
 3 SYSTEMPATH\View\View.php(227): CodeIgniter\View\View->CodeIgniter\View\{closure}()
 4 SYSTEMPATH\Common.php(1180): CodeIgniter\View\View->render('admin/v_document', [], true)
 5 APPPATH\Controllers\Admin\DocsAdminController.php(37): view('admin/v_document', [...])
 6 SYSTEMPATH\CodeIgniter.php(932): App\Controllers\Admin\DocsAdminController->index()
 7 SYSTEMPATH\CodeIgniter.php(497): CodeIgniter\CodeIgniter->runController(Object(App\Controllers\Admin\DocsAdminController))
 8 SYSTEMPATH\CodeIgniter.php(366): CodeIgniter\CodeIgniter->handleRequest(null, Object(Config\Cache), false)
 9 FCPATH\index.php(67): CodeIgniter\CodeIgniter->run()
10 SYSTEMPATH\Commands\Server\rewrite.php(47): require_once('D:\\Codeigniter\\lppmi-unusia\\public\\index.php')
CRITICAL - 2023-08-09 02:12:50 --> Undefined index: docs_id
in APPPATH\Views\admin\v_document.php on line 207.
 1 APPPATH\Views\admin\v_document.php(207): CodeIgniter\Debug\Exceptions->errorHandler(8, 'Undefined index: docs_id', 'D:\\Codeigniter\\lppmi-unusia\\app\\Views\\admin\\v_document.php', 207, [...])
 2 SYSTEMPATH\View\View.php(224): include('D:\\Codeigniter\\lppmi-unusia\\app\\Views\\admin\\v_document.php')
 3 SYSTEMPATH\View\View.php(227): CodeIgniter\View\View->CodeIgniter\View\{closure}()
 4 SYSTEMPATH\Common.php(1180): CodeIgniter\View\View->render('admin/v_document', [], true)
 5 APPPATH\Controllers\Admin\DocsAdminController.php(37): view('admin/v_document', [...])
 6 SYSTEMPATH\CodeIgniter.php(932): App\Controllers\Admin\DocsAdminController->index()
 7 SYSTEMPATH\CodeIgniter.php(497): CodeIgniter\CodeIgniter->runController(Object(App\Controllers\Admin\DocsAdminController))
 8 SYSTEMPATH\CodeIgniter.php(366): CodeIgniter\CodeIgniter->handleRequest(null, Object(Config\Cache), false)
 9 FCPATH\index.php(67): CodeIgniter\CodeIgniter->run()
10 SYSTEMPATH\Commands\Server\rewrite.php(47): require_once('D:\\Codeigniter\\lppmi-unusia\\public\\index.php')
CRITICAL - 2023-08-09 02:12:52 --> Undefined index: docs_id
in APPPATH\Views\admin\v_document.php on line 207.
 1 APPPATH\Views\admin\v_document.php(207): CodeIgniter\Debug\Exceptions->errorHandler(8, 'Undefined index: docs_id', 'D:\\Codeigniter\\lppmi-unusia\\app\\Views\\admin\\v_document.php', 207, [...])
 2 SYSTEMPATH\View\View.php(224): include('D:\\Codeigniter\\lppmi-unusia\\app\\Views\\admin\\v_document.php')
 3 SYSTEMPATH\View\View.php(227): CodeIgniter\View\View->CodeIgniter\View\{closure}()
 4 SYSTEMPATH\Common.php(1180): CodeIgniter\View\View->render('admin/v_document', [], true)
 5 APPPATH\Controllers\Admin\DocsAdminController.php(37): view('admin/v_document', [...])
 6 SYSTEMPATH\CodeIgniter.php(932): App\Controllers\Admin\DocsAdminController->index()
 7 SYSTEMPATH\CodeIgniter.php(497): CodeIgniter\CodeIgniter->runController(Object(App\Controllers\Admin\DocsAdminController))
 8 SYSTEMPATH\CodeIgniter.php(366): CodeIgniter\CodeIgniter->handleRequest(null, Object(Config\Cache), false)
 9 FCPATH\index.php(67): CodeIgniter\CodeIgniter->run()
10 SYSTEMPATH\Commands\Server\rewrite.php(47): require_once('D:\\Codeigniter\\lppmi-unusia\\public\\index.php')
CRITICAL - 2023-08-09 02:17:01 --> Undefined index: docs_id
in APPPATH\Views\admin\v_document.php on line 205.
 1 APPPATH\Views\admin\v_document.php(205): CodeIgniter\Debug\Exceptions->errorHandler(8, 'Undefined index: docs_id', 'D:\\Codeigniter\\lppmi-unusia\\app\\Views\\admin\\v_document.php', 205, [...])
 2 SYSTEMPATH\View\View.php(224): include('D:\\Codeigniter\\lppmi-unusia\\app\\Views\\admin\\v_document.php')
 3 SYSTEMPATH\View\View.php(227): CodeIgniter\View\View->CodeIgniter\View\{closure}()
 4 SYSTEMPATH\Common.php(1180): CodeIgniter\View\View->render('admin/v_document', [], true)
 5 APPPATH\Controllers\Admin\DocsAdminController.php(37): view('admin/v_document', [...])
 6 SYSTEMPATH\CodeIgniter.php(932): App\Controllers\Admin\DocsAdminController->index()
 7 SYSTEMPATH\CodeIgniter.php(497): CodeIgniter\CodeIgniter->runController(Object(App\Controllers\Admin\DocsAdminController))
 8 SYSTEMPATH\CodeIgniter.php(366): CodeIgniter\CodeIgniter->handleRequest(null, Object(Config\Cache), false)
 9 FCPATH\index.php(67): CodeIgniter\CodeIgniter->run()
10 SYSTEMPATH\Commands\Server\rewrite.php(47): require_once('D:\\Codeigniter\\lppmi-unusia\\public\\index.php')
CRITICAL - 2023-08-09 02:17:02 --> Undefined index: docs_id
in APPPATH\Views\admin\v_document.php on line 205.
 1 APPPATH\Views\admin\v_document.php(205): CodeIgniter\Debug\Exceptions->errorHandler(8, 'Undefined index: docs_id', 'D:\\Codeigniter\\lppmi-unusia\\app\\Views\\admin\\v_document.php', 205, [...])
 2 SYSTEMPATH\View\View.php(224): include('D:\\Codeigniter\\lppmi-unusia\\app\\Views\\admin\\v_document.php')
 3 SYSTEMPATH\View\View.php(227): CodeIgniter\View\View->CodeIgniter\View\{closure}()
 4 SYSTEMPATH\Common.php(1180): CodeIgniter\View\View->render('admin/v_document', [], true)
 5 APPPATH\Controllers\Admin\DocsAdminController.php(37): view('admin/v_document', [...])
 6 SYSTEMPATH\CodeIgniter.php(932): App\Controllers\Admin\DocsAdminController->index()
 7 SYSTEMPATH\CodeIgniter.php(497): CodeIgniter\CodeIgniter->runController(Object(App\Controllers\Admin\DocsAdminController))
 8 SYSTEMPATH\CodeIgniter.php(366): CodeIgniter\CodeIgniter->handleRequest(null, Object(Config\Cache), false)
 9 FCPATH\index.php(67): CodeIgniter\CodeIgniter->run()
10 SYSTEMPATH\Commands\Server\rewrite.php(47): require_once('D:\\Codeigniter\\lppmi-unusia\\public\\index.php')
CRITICAL - 2023-08-09 02:17:02 --> Undefined index: docs_id
in APPPATH\Views\admin\v_document.php on line 205.
 1 APPPATH\Views\admin\v_document.php(205): CodeIgniter\Debug\Exceptions->errorHandler(8, 'Undefined index: docs_id', 'D:\\Codeigniter\\lppmi-unusia\\app\\Views\\admin\\v_document.php', 205, [...])
 2 SYSTEMPATH\View\View.php(224): include('D:\\Codeigniter\\lppmi-unusia\\app\\Views\\admin\\v_document.php')
 3 SYSTEMPATH\View\View.php(227): CodeIgniter\View\View->CodeIgniter\View\{closure}()
 4 SYSTEMPATH\Common.php(1180): CodeIgniter\View\View->render('admin/v_document', [], true)
 5 APPPATH\Controllers\Admin\DocsAdminController.php(37): view('admin/v_document', [...])
 6 SYSTEMPATH\CodeIgniter.php(932): App\Controllers\Admin\DocsAdminController->index()
 7 SYSTEMPATH\CodeIgniter.php(497): CodeIgniter\CodeIgniter->runController(Object(App\Controllers\Admin\DocsAdminController))
 8 SYSTEMPATH\CodeIgniter.php(366): CodeIgniter\CodeIgniter->handleRequest(null, Object(Config\Cache), false)
 9 FCPATH\index.php(67): CodeIgniter\CodeIgniter->run()
10 SYSTEMPATH\Commands\Server\rewrite.php(47): require_once('D:\\Codeigniter\\lppmi-unusia\\public\\index.php')
CRITICAL - 2023-08-09 02:17:02 --> Undefined index: docs_id
in APPPATH\Views\admin\v_document.php on line 205.
 1 APPPATH\Views\admin\v_document.php(205): CodeIgniter\Debug\Exceptions->errorHandler(8, 'Undefined index: docs_id', 'D:\\Codeigniter\\lppmi-unusia\\app\\Views\\admin\\v_document.php', 205, [...])
 2 SYSTEMPATH\View\View.php(224): include('D:\\Codeigniter\\lppmi-unusia\\app\\Views\\admin\\v_document.php')
 3 SYSTEMPATH\View\View.php(227): CodeIgniter\View\View->CodeIgniter\View\{closure}()
 4 SYSTEMPATH\Common.php(1180): CodeIgniter\View\View->render('admin/v_document', [], true)
 5 APPPATH\Controllers\Admin\DocsAdminController.php(37): view('admin/v_document', [...])
 6 SYSTEMPATH\CodeIgniter.php(932): App\Controllers\Admin\DocsAdminController->index()
 7 SYSTEMPATH\CodeIgniter.php(497): CodeIgniter\CodeIgniter->runController(Object(App\Controllers\Admin\DocsAdminController))
 8 SYSTEMPATH\CodeIgniter.php(366): CodeIgniter\CodeIgniter->handleRequest(null, Object(Config\Cache), false)
 9 FCPATH\index.php(67): CodeIgniter\CodeIgniter->run()
10 SYSTEMPATH\Commands\Server\rewrite.php(47): require_once('D:\\Codeigniter\\lppmi-unusia\\public\\index.php')
CRITICAL - 2023-08-09 02:17:03 --> Undefined index: docs_id
in APPPATH\Views\admin\v_document.php on line 205.
 1 APPPATH\Views\admin\v_document.php(205): CodeIgniter\Debug\Exceptions->errorHandler(8, 'Undefined index: docs_id', 'D:\\Codeigniter\\lppmi-unusia\\app\\Views\\admin\\v_document.php', 205, [...])
 2 SYSTEMPATH\View\View.php(224): include('D:\\Codeigniter\\lppmi-unusia\\app\\Views\\admin\\v_document.php')
 3 SYSTEMPATH\View\View.php(227): CodeIgniter\View\View->CodeIgniter\View\{closure}()
 4 SYSTEMPATH\Common.php(1180): CodeIgniter\View\View->render('admin/v_document', [], true)
 5 APPPATH\Controllers\Admin\DocsAdminController.php(37): view('admin/v_document', [...])
 6 SYSTEMPATH\CodeIgniter.php(932): App\Controllers\Admin\DocsAdminController->index()
 7 SYSTEMPATH\CodeIgniter.php(497): CodeIgniter\CodeIgniter->runController(Object(App\Controllers\Admin\DocsAdminController))
 8 SYSTEMPATH\CodeIgniter.php(366): CodeIgniter\CodeIgniter->handleRequest(null, Object(Config\Cache), false)
 9 FCPATH\index.php(67): CodeIgniter\CodeIgniter->run()
10 SYSTEMPATH\Commands\Server\rewrite.php(47): require_once('D:\\Codeigniter\\lppmi-unusia\\public\\index.php')
CRITICAL - 2023-08-09 02:20:01 --> Undefined index: docscategory_name
in APPPATH\Views\admin\v_document.php on line 193.
 1 APPPATH\Views\admin\v_document.php(193): CodeIgniter\Debug\Exceptions->errorHandler(8, 'Undefined index: docscategory_name', 'D:\\Codeigniter\\lppmi-unusia\\app\\Views\\admin\\v_document.php', 193, [...])
 2 SYSTEMPATH\View\View.php(224): include('D:\\Codeigniter\\lppmi-unusia\\app\\Views\\admin\\v_document.php')
 3 SYSTEMPATH\View\View.php(227): CodeIgniter\View\View->CodeIgniter\View\{closure}()
 4 SYSTEMPATH\Common.php(1180): CodeIgniter\View\View->render('admin/v_document', [], true)
 5 APPPATH\Controllers\Admin\DocsAdminController.php(37): view('admin/v_document', [...])
 6 SYSTEMPATH\CodeIgniter.php(932): App\Controllers\Admin\DocsAdminController->index()
 7 SYSTEMPATH\CodeIgniter.php(497): CodeIgniter\CodeIgniter->runController(Object(App\Controllers\Admin\DocsAdminController))
 8 SYSTEMPATH\CodeIgniter.php(366): CodeIgniter\CodeIgniter->handleRequest(null, Object(Config\Cache), false)
 9 FCPATH\index.php(67): CodeIgniter\CodeIgniter->run()
10 SYSTEMPATH\Commands\Server\rewrite.php(47): require_once('D:\\Codeigniter\\lppmi-unusia\\public\\index.php')
CRITICAL - 2023-08-09 02:20:04 --> Undefined index: docscategory_name
in APPPATH\Views\admin\v_document.php on line 193.
 1 APPPATH\Views\admin\v_document.php(193): CodeIgniter\Debug\Exceptions->errorHandler(8, 'Undefined index: docscategory_name', 'D:\\Codeigniter\\lppmi-unusia\\app\\Views\\admin\\v_document.php', 193, [...])
 2 SYSTEMPATH\View\View.php(224): include('D:\\Codeigniter\\lppmi-unusia\\app\\Views\\admin\\v_document.php')
 3 SYSTEMPATH\View\View.php(227): CodeIgniter\View\View->CodeIgniter\View\{closure}()
 4 SYSTEMPATH\Common.php(1180): CodeIgniter\View\View->render('admin/v_document', [], true)
 5 APPPATH\Controllers\Admin\DocsAdminController.php(37): view('admin/v_document', [...])
 6 SYSTEMPATH\CodeIgniter.php(932): App\Controllers\Admin\DocsAdminController->index()
 7 SYSTEMPATH\CodeIgniter.php(497): CodeIgniter\CodeIgniter->runController(Object(App\Controllers\Admin\DocsAdminController))
 8 SYSTEMPATH\CodeIgniter.php(366): CodeIgniter\CodeIgniter->handleRequest(null, Object(Config\Cache), false)
 9 FCPATH\index.php(67): CodeIgniter\CodeIgniter->run()
10 SYSTEMPATH\Commands\Server\rewrite.php(47): require_once('D:\\Codeigniter\\lppmi-unusia\\public\\index.php')
CRITICAL - 2023-08-09 02:20:19 --> Undefined index: docscategory_id
in APPPATH\Views\admin\v_document.php on line 193.
 1 APPPATH\Views\admin\v_document.php(193): CodeIgniter\Debug\Exceptions->errorHandler(8, 'Undefined index: docscategory_id', 'D:\\Codeigniter\\lppmi-unusia\\app\\Views\\admin\\v_document.php', 193, [...])
 2 SYSTEMPATH\View\View.php(224): include('D:\\Codeigniter\\lppmi-unusia\\app\\Views\\admin\\v_document.php')
 3 SYSTEMPATH\View\View.php(227): CodeIgniter\View\View->CodeIgniter\View\{closure}()
 4 SYSTEMPATH\Common.php(1180): CodeIgniter\View\View->render('admin/v_document', [], true)
 5 APPPATH\Controllers\Admin\DocsAdminController.php(37): view('admin/v_document', [...])
 6 SYSTEMPATH\CodeIgniter.php(932): App\Controllers\Admin\DocsAdminController->index()
 7 SYSTEMPATH\CodeIgniter.php(497): CodeIgniter\CodeIgniter->runController(Object(App\Controllers\Admin\DocsAdminController))
 8 SYSTEMPATH\CodeIgniter.php(366): CodeIgniter\CodeIgniter->handleRequest(null, Object(Config\Cache), false)
 9 FCPATH\index.php(67): CodeIgniter\CodeIgniter->run()
10 SYSTEMPATH\Commands\Server\rewrite.php(47): require_once('D:\\Codeigniter\\lppmi-unusia\\public\\index.php')
CRITICAL - 2023-08-09 02:20:21 --> Undefined index: docscategory_id
in APPPATH\Views\admin\v_document.php on line 193.
 1 APPPATH\Views\admin\v_document.php(193): CodeIgniter\Debug\Exceptions->errorHandler(8, 'Undefined index: docscategory_id', 'D:\\Codeigniter\\lppmi-unusia\\app\\Views\\admin\\v_document.php', 193, [...])
 2 SYSTEMPATH\View\View.php(224): include('D:\\Codeigniter\\lppmi-unusia\\app\\Views\\admin\\v_document.php')
 3 SYSTEMPATH\View\View.php(227): CodeIgniter\View\View->CodeIgniter\View\{closure}()
 4 SYSTEMPATH\Common.php(1180): CodeIgniter\View\View->render('admin/v_document', [], true)
 5 APPPATH\Controllers\Admin\DocsAdminController.php(37): view('admin/v_document', [...])
 6 SYSTEMPATH\CodeIgniter.php(932): App\Controllers\Admin\DocsAdminController->index()
 7 SYSTEMPATH\CodeIgniter.php(497): CodeIgniter\CodeIgniter->runController(Object(App\Controllers\Admin\DocsAdminController))
 8 SYSTEMPATH\CodeIgniter.php(366): CodeIgniter\CodeIgniter->handleRequest(null, Object(Config\Cache), false)
 9 FCPATH\index.php(67): CodeIgniter\CodeIgniter->run()
10 SYSTEMPATH\Commands\Server\rewrite.php(47): require_once('D:\\Codeigniter\\lppmi-unusia\\public\\index.php')
CRITICAL - 2023-08-09 02:24:14 --> Undefined index: docscategory_id
in APPPATH\Views\admin\v_document.php on line 189.
 1 APPPATH\Views\admin\v_document.php(189): CodeIgniter\Debug\Exceptions->errorHandler(8, 'Undefined index: docscategory_id', 'D:\\Codeigniter\\lppmi-unusia\\app\\Views\\admin\\v_document.php', 189, [...])
 2 SYSTEMPATH\View\View.php(224): include('D:\\Codeigniter\\lppmi-unusia\\app\\Views\\admin\\v_document.php')
 3 SYSTEMPATH\View\View.php(227): CodeIgniter\View\View->CodeIgniter\View\{closure}()
 4 SYSTEMPATH\Common.php(1180): CodeIgniter\View\View->render('admin/v_document', [], true)
 5 APPPATH\Controllers\Admin\DocsAdminController.php(37): view('admin/v_document', [...])
 6 SYSTEMPATH\CodeIgniter.php(932): App\Controllers\Admin\DocsAdminController->index()
 7 SYSTEMPATH\CodeIgniter.php(497): CodeIgniter\CodeIgniter->runController(Object(App\Controllers\Admin\DocsAdminController))
 8 SYSTEMPATH\CodeIgniter.php(366): CodeIgniter\CodeIgniter->handleRequest(null, Object(Config\Cache), false)
 9 FCPATH\index.php(67): CodeIgniter\CodeIgniter->run()
10 SYSTEMPATH\Commands\Server\rewrite.php(47): require_once('D:\\Codeigniter\\lppmi-unusia\\public\\index.php')
CRITICAL - 2023-08-09 02:36:41 --> Undefined index: docscategory_id
in APPPATH\Views\admin\v_document.php on line 189.
 1 APPPATH\Views\admin\v_document.php(189): CodeIgniter\Debug\Exceptions->errorHandler(8, 'Undefined index: docscategory_id', 'D:\\Codeigniter\\lppmi-unusia\\app\\Views\\admin\\v_document.php', 189, [...])
 2 SYSTEMPATH\View\View.php(224): include('D:\\Codeigniter\\lppmi-unusia\\app\\Views\\admin\\v_document.php')
 3 SYSTEMPATH\View\View.php(227): CodeIgniter\View\View->CodeIgniter\View\{closure}()
 4 SYSTEMPATH\Common.php(1180): CodeIgniter\View\View->render('admin/v_document', [], true)
 5 APPPATH\Controllers\Admin\DocsAdminController.php(37): view('admin/v_document', [...])
 6 SYSTEMPATH\CodeIgniter.php(932): App\Controllers\Admin\DocsAdminController->index()
 7 SYSTEMPATH\CodeIgniter.php(497): CodeIgniter\CodeIgniter->runController(Object(App\Controllers\Admin\DocsAdminController))
 8 SYSTEMPATH\CodeIgniter.php(366): CodeIgniter\CodeIgniter->handleRequest(null, Object(Config\Cache), false)
 9 FCPATH\index.php(67): CodeIgniter\CodeIgniter->run()
10 SYSTEMPATH\Commands\Server\rewrite.php(47): require_once('D:\\Codeigniter\\lppmi-unusia\\public\\index.php')
CRITICAL - 2023-08-09 02:37:46 --> Undefined index: docscategory_id
in APPPATH\Views\admin\v_document.php on line 189.
 1 APPPATH\Views\admin\v_document.php(189): CodeIgniter\Debug\Exceptions->errorHandler(8, 'Undefined index: docscategory_id', 'D:\\Codeigniter\\lppmi-unusia\\app\\Views\\admin\\v_document.php', 189, [...])
 2 SYSTEMPATH\View\View.php(224): include('D:\\Codeigniter\\lppmi-unusia\\app\\Views\\admin\\v_document.php')
 3 SYSTEMPATH\View\View.php(227): CodeIgniter\View\View->CodeIgniter\View\{closure}()
 4 SYSTEMPATH\Common.php(1180): CodeIgniter\View\View->render('admin/v_document', [], true)
 5 APPPATH\Controllers\Admin\DocsAdminController.php(37): view('admin/v_document', [...])
 6 SYSTEMPATH\CodeIgniter.php(932): App\Controllers\Admin\DocsAdminController->index()
 7 SYSTEMPATH\CodeIgniter.php(497): CodeIgniter\CodeIgniter->runController(Object(App\Controllers\Admin\DocsAdminController))
 8 SYSTEMPATH\CodeIgniter.php(366): CodeIgniter\CodeIgniter->handleRequest(null, Object(Config\Cache), false)
 9 FCPATH\index.php(67): CodeIgniter\CodeIgniter->run()
10 SYSTEMPATH\Commands\Server\rewrite.php(47): require_once('D:\\Codeigniter\\lppmi-unusia\\public\\index.php')
CRITICAL - 2023-08-09 02:37:47 --> Undefined index: docscategory_id
in APPPATH\Views\admin\v_document.php on line 189.
 1 APPPATH\Views\admin\v_document.php(189): CodeIgniter\Debug\Exceptions->errorHandler(8, 'Undefined index: docscategory_id', 'D:\\Codeigniter\\lppmi-unusia\\app\\Views\\admin\\v_document.php', 189, [...])
 2 SYSTEMPATH\View\View.php(224): include('D:\\Codeigniter\\lppmi-unusia\\app\\Views\\admin\\v_document.php')
 3 SYSTEMPATH\View\View.php(227): CodeIgniter\View\View->CodeIgniter\View\{closure}()
 4 SYSTEMPATH\Common.php(1180): CodeIgniter\View\View->render('admin/v_document', [], true)
 5 APPPATH\Controllers\Admin\DocsAdminController.php(37): view('admin/v_document', [...])
 6 SYSTEMPATH\CodeIgniter.php(932): App\Controllers\Admin\DocsAdminController->index()
 7 SYSTEMPATH\CodeIgniter.php(497): CodeIgniter\CodeIgniter->runController(Object(App\Controllers\Admin\DocsAdminController))
 8 SYSTEMPATH\CodeIgniter.php(366): CodeIgniter\CodeIgniter->handleRequest(null, Object(Config\Cache), false)
 9 FCPATH\index.php(67): CodeIgniter\CodeIgniter->run()
10 SYSTEMPATH\Commands\Server\rewrite.php(47): require_once('D:\\Codeigniter\\lppmi-unusia\\public\\index.php')
CRITICAL - 2023-08-09 02:37:48 --> Undefined index: docscategory_id
in APPPATH\Views\admin\v_document.php on line 189.
 1 APPPATH\Views\admin\v_document.php(189): CodeIgniter\Debug\Exceptions->errorHandler(8, 'Undefined index: docscategory_id', 'D:\\Codeigniter\\lppmi-unusia\\app\\Views\\admin\\v_document.php', 189, [...])
 2 SYSTEMPATH\View\View.php(224): include('D:\\Codeigniter\\lppmi-unusia\\app\\Views\\admin\\v_document.php')
 3 SYSTEMPATH\View\View.php(227): CodeIgniter\View\View->CodeIgniter\View\{closure}()
 4 SYSTEMPATH\Common.php(1180): CodeIgniter\View\View->render('admin/v_document', [], true)
 5 APPPATH\Controllers\Admin\DocsAdminController.php(37): view('admin/v_document', [...])
 6 SYSTEMPATH\CodeIgniter.php(932): App\Controllers\Admin\DocsAdminController->index()
 7 SYSTEMPATH\CodeIgniter.php(497): CodeIgniter\CodeIgniter->runController(Object(App\Controllers\Admin\DocsAdminController))
 8 SYSTEMPATH\CodeIgniter.php(366): CodeIgniter\CodeIgniter->handleRequest(null, Object(Config\Cache), false)
 9 FCPATH\index.php(67): CodeIgniter\CodeIgniter->run()
10 SYSTEMPATH\Commands\Server\rewrite.php(47): require_once('D:\\Codeigniter\\lppmi-unusia\\public\\index.php')
CRITICAL - 2023-08-09 02:37:48 --> Undefined index: docscategory_id
in APPPATH\Views\admin\v_document.php on line 189.
 1 APPPATH\Views\admin\v_document.php(189): CodeIgniter\Debug\Exceptions->errorHandler(8, 'Undefined index: docscategory_id', 'D:\\Codeigniter\\lppmi-unusia\\app\\Views\\admin\\v_document.php', 189, [...])
 2 SYSTEMPATH\View\View.php(224): include('D:\\Codeigniter\\lppmi-unusia\\app\\Views\\admin\\v_document.php')
 3 SYSTEMPATH\View\View.php(227): CodeIgniter\View\View->CodeIgniter\View\{closure}()
 4 SYSTEMPATH\Common.php(1180): CodeIgniter\View\View->render('admin/v_document', [], true)
 5 APPPATH\Controllers\Admin\DocsAdminController.php(37): view('admin/v_document', [...])
 6 SYSTEMPATH\CodeIgniter.php(932): App\Controllers\Admin\DocsAdminController->index()
 7 SYSTEMPATH\CodeIgniter.php(497): CodeIgniter\CodeIgniter->runController(Object(App\Controllers\Admin\DocsAdminController))
 8 SYSTEMPATH\CodeIgniter.php(366): CodeIgniter\CodeIgniter->handleRequest(null, Object(Config\Cache), false)
 9 FCPATH\index.php(67): CodeIgniter\CodeIgniter->run()
10 SYSTEMPATH\Commands\Server\rewrite.php(47): require_once('D:\\Codeigniter\\lppmi-unusia\\public\\index.php')
CRITICAL - 2023-08-09 02:37:48 --> Undefined index: docscategory_id
in APPPATH\Views\admin\v_document.php on line 189.
 1 APPPATH\Views\admin\v_document.php(189): CodeIgniter\Debug\Exceptions->errorHandler(8, 'Undefined index: docscategory_id', 'D:\\Codeigniter\\lppmi-unusia\\app\\Views\\admin\\v_document.php', 189, [...])
 2 SYSTEMPATH\View\View.php(224): include('D:\\Codeigniter\\lppmi-unusia\\app\\Views\\admin\\v_document.php')
 3 SYSTEMPATH\View\View.php(227): CodeIgniter\View\View->CodeIgniter\View\{closure}()
 4 SYSTEMPATH\Common.php(1180): CodeIgniter\View\View->render('admin/v_document', [], true)
 5 APPPATH\Controllers\Admin\DocsAdminController.php(37): view('admin/v_document', [...])
 6 SYSTEMPATH\CodeIgniter.php(932): App\Controllers\Admin\DocsAdminController->index()
 7 SYSTEMPATH\CodeIgniter.php(497): CodeIgniter\CodeIgniter->runController(Object(App\Controllers\Admin\DocsAdminController))
 8 SYSTEMPATH\CodeIgniter.php(366): CodeIgniter\CodeIgniter->handleRequest(null, Object(Config\Cache), false)
 9 FCPATH\index.php(67): CodeIgniter\CodeIgniter->run()
10 SYSTEMPATH\Commands\Server\rewrite.php(47): require_once('D:\\Codeigniter\\lppmi-unusia\\public\\index.php')
CRITICAL - 2023-08-09 02:37:48 --> Undefined index: docscategory_id
in APPPATH\Views\admin\v_document.php on line 189.
 1 APPPATH\Views\admin\v_document.php(189): CodeIgniter\Debug\Exceptions->errorHandler(8, 'Undefined index: docscategory_id', 'D:\\Codeigniter\\lppmi-unusia\\app\\Views\\admin\\v_document.php', 189, [...])
 2 SYSTEMPATH\View\View.php(224): include('D:\\Codeigniter\\lppmi-unusia\\app\\Views\\admin\\v_document.php')
 3 SYSTEMPATH\View\View.php(227): CodeIgniter\View\View->CodeIgniter\View\{closure}()
 4 SYSTEMPATH\Common.php(1180): CodeIgniter\View\View->render('admin/v_document', [], true)
 5 APPPATH\Controllers\Admin\DocsAdminController.php(37): view('admin/v_document', [...])
 6 SYSTEMPATH\CodeIgniter.php(932): App\Controllers\Admin\DocsAdminController->index()
 7 SYSTEMPATH\CodeIgniter.php(497): CodeIgniter\CodeIgniter->runController(Object(App\Controllers\Admin\DocsAdminController))
 8 SYSTEMPATH\CodeIgniter.php(366): CodeIgniter\CodeIgniter->handleRequest(null, Object(Config\Cache), false)
 9 FCPATH\index.php(67): CodeIgniter\CodeIgniter->run()
10 SYSTEMPATH\Commands\Server\rewrite.php(47): require_once('D:\\Codeigniter\\lppmi-unusia\\public\\index.php')
CRITICAL - 2023-08-09 02:37:49 --> Undefined index: docscategory_id
in APPPATH\Views\admin\v_document.php on line 189.
 1 APPPATH\Views\admin\v_document.php(189): CodeIgniter\Debug\Exceptions->errorHandler(8, 'Undefined index: docscategory_id', 'D:\\Codeigniter\\lppmi-unusia\\app\\Views\\admin\\v_document.php', 189, [...])
 2 SYSTEMPATH\View\View.php(224): include('D:\\Codeigniter\\lppmi-unusia\\app\\Views\\admin\\v_document.php')
 3 SYSTEMPATH\View\View.php(227): CodeIgniter\View\View->CodeIgniter\View\{closure}()
 4 SYSTEMPATH\Common.php(1180): CodeIgniter\View\View->render('admin/v_document', [], true)
 5 APPPATH\Controllers\Admin\DocsAdminController.php(37): view('admin/v_document', [...])
 6 SYSTEMPATH\CodeIgniter.php(932): App\Controllers\Admin\DocsAdminController->index()
 7 SYSTEMPATH\CodeIgniter.php(497): CodeIgniter\CodeIgniter->runController(Object(App\Controllers\Admin\DocsAdminController))
 8 SYSTEMPATH\CodeIgniter.php(366): CodeIgniter\CodeIgniter->handleRequest(null, Object(Config\Cache), false)
 9 FCPATH\index.php(67): CodeIgniter\CodeIgniter->run()
10 SYSTEMPATH\Commands\Server\rewrite.php(47): require_once('D:\\Codeigniter\\lppmi-unusia\\public\\index.php')
CRITICAL - 2023-08-09 02:37:49 --> Undefined index: docscategory_id
in APPPATH\Views\admin\v_document.php on line 189.
 1 APPPATH\Views\admin\v_document.php(189): CodeIgniter\Debug\Exceptions->errorHandler(8, 'Undefined index: docscategory_id', 'D:\\Codeigniter\\lppmi-unusia\\app\\Views\\admin\\v_document.php', 189, [...])
 2 SYSTEMPATH\View\View.php(224): include('D:\\Codeigniter\\lppmi-unusia\\app\\Views\\admin\\v_document.php')
 3 SYSTEMPATH\View\View.php(227): CodeIgniter\View\View->CodeIgniter\View\{closure}()
 4 SYSTEMPATH\Common.php(1180): CodeIgniter\View\View->render('admin/v_document', [], true)
 5 APPPATH\Controllers\Admin\DocsAdminController.php(37): view('admin/v_document', [...])
 6 SYSTEMPATH\CodeIgniter.php(932): App\Controllers\Admin\DocsAdminController->index()
 7 SYSTEMPATH\CodeIgniter.php(497): CodeIgniter\CodeIgniter->runController(Object(App\Controllers\Admin\DocsAdminController))
 8 SYSTEMPATH\CodeIgniter.php(366): CodeIgniter\CodeIgniter->handleRequest(null, Object(Config\Cache), false)
 9 FCPATH\index.php(67): CodeIgniter\CodeIgniter->run()
10 SYSTEMPATH\Commands\Server\rewrite.php(47): require_once('D:\\Codeigniter\\lppmi-unusia\\public\\index.php')
CRITICAL - 2023-08-09 02:37:51 --> Undefined index: docscategory_id
in APPPATH\Views\admin\v_document.php on line 189.
 1 APPPATH\Views\admin\v_document.php(189): CodeIgniter\Debug\Exceptions->errorHandler(8, 'Undefined index: docscategory_id', 'D:\\Codeigniter\\lppmi-unusia\\app\\Views\\admin\\v_document.php', 189, [...])
 2 SYSTEMPATH\View\View.php(224): include('D:\\Codeigniter\\lppmi-unusia\\app\\Views\\admin\\v_document.php')
 3 SYSTEMPATH\View\View.php(227): CodeIgniter\View\View->CodeIgniter\View\{closure}()
 4 SYSTEMPATH\Common.php(1180): CodeIgniter\View\View->render('admin/v_document', [], true)
 5 APPPATH\Controllers\Admin\DocsAdminController.php(37): view('admin/v_document', [...])
 6 SYSTEMPATH\CodeIgniter.php(932): App\Controllers\Admin\DocsAdminController->index()
 7 SYSTEMPATH\CodeIgniter.php(497): CodeIgniter\CodeIgniter->runController(Object(App\Controllers\Admin\DocsAdminController))
 8 SYSTEMPATH\CodeIgniter.php(366): CodeIgniter\CodeIgniter->handleRequest(null, Object(Config\Cache), false)
 9 FCPATH\index.php(67): CodeIgniter\CodeIgniter->run()
10 SYSTEMPATH\Commands\Server\rewrite.php(47): require_once('D:\\Codeigniter\\lppmi-unusia\\public\\index.php')
CRITICAL - 2023-08-09 02:42:22 --> Undefined index: docscategory_id
in APPPATH\Views\admin\v_document.php on line 189.
 1 APPPATH\Views\admin\v_document.php(189): CodeIgniter\Debug\Exceptions->errorHandler(8, 'Undefined index: docscategory_id', 'D:\\Codeigniter\\lppmi-unusia\\app\\Views\\admin\\v_document.php', 189, [...])
 2 SYSTEMPATH\View\View.php(224): include('D:\\Codeigniter\\lppmi-unusia\\app\\Views\\admin\\v_document.php')
 3 SYSTEMPATH\View\View.php(227): CodeIgniter\View\View->CodeIgniter\View\{closure}()
 4 SYSTEMPATH\Common.php(1180): CodeIgniter\View\View->render('admin/v_document', [], true)
 5 APPPATH\Controllers\Admin\DocsAdminController.php(37): view('admin/v_document', [...])
 6 SYSTEMPATH\CodeIgniter.php(932): App\Controllers\Admin\DocsAdminController->index()
 7 SYSTEMPATH\CodeIgniter.php(497): CodeIgniter\CodeIgniter->runController(Object(App\Controllers\Admin\DocsAdminController))
 8 SYSTEMPATH\CodeIgniter.php(366): CodeIgniter\CodeIgniter->handleRequest(null, Object(Config\Cache), false)
 9 FCPATH\index.php(67): CodeIgniter\CodeIgniter->run()
10 SYSTEMPATH\Commands\Server\rewrite.php(47): require_once('D:\\Codeigniter\\lppmi-unusia\\public\\index.php')
CRITICAL - 2023-08-09 02:42:24 --> Undefined index: docscategory_id
in APPPATH\Views\admin\v_document.php on line 189.
 1 APPPATH\Views\admin\v_document.php(189): CodeIgniter\Debug\Exceptions->errorHandler(8, 'Undefined index: docscategory_id', 'D:\\Codeigniter\\lppmi-unusia\\app\\Views\\admin\\v_document.php', 189, [...])
 2 SYSTEMPATH\View\View.php(224): include('D:\\Codeigniter\\lppmi-unusia\\app\\Views\\admin\\v_document.php')
 3 SYSTEMPATH\View\View.php(227): CodeIgniter\View\View->CodeIgniter\View\{closure}()
 4 SYSTEMPATH\Common.php(1180): CodeIgniter\View\View->render('admin/v_document', [], true)
 5 APPPATH\Controllers\Admin\DocsAdminController.php(37): view('admin/v_document', [...])
 6 SYSTEMPATH\CodeIgniter.php(932): App\Controllers\Admin\DocsAdminController->index()
 7 SYSTEMPATH\CodeIgniter.php(497): CodeIgniter\CodeIgniter->runController(Object(App\Controllers\Admin\DocsAdminController))
 8 SYSTEMPATH\CodeIgniter.php(366): CodeIgniter\CodeIgniter->handleRequest(null, Object(Config\Cache), false)
 9 FCPATH\index.php(67): CodeIgniter\CodeIgniter->run()
10 SYSTEMPATH\Commands\Server\rewrite.php(47): require_once('D:\\Codeigniter\\lppmi-unusia\\public\\index.php')
CRITICAL - 2023-08-09 02:45:08 --> Undefined index: docscategory_id
in APPPATH\Views\admin\v_document.php on line 189.
 1 APPPATH\Views\admin\v_document.php(189): CodeIgniter\Debug\Exceptions->errorHandler(8, 'Undefined index: docscategory_id', 'D:\\Codeigniter\\lppmi-unusia\\app\\Views\\admin\\v_document.php', 189, [...])
 2 SYSTEMPATH\View\View.php(224): include('D:\\Codeigniter\\lppmi-unusia\\app\\Views\\admin\\v_document.php')
 3 SYSTEMPATH\View\View.php(227): CodeIgniter\View\View->CodeIgniter\View\{closure}()
 4 SYSTEMPATH\Common.php(1180): CodeIgniter\View\View->render('admin/v_document', [], true)
 5 APPPATH\Controllers\Admin\DocsAdminController.php(37): view('admin/v_document', [...])
 6 SYSTEMPATH\CodeIgniter.php(932): App\Controllers\Admin\DocsAdminController->index()
 7 SYSTEMPATH\CodeIgniter.php(497): CodeIgniter\CodeIgniter->runController(Object(App\Controllers\Admin\DocsAdminController))
 8 SYSTEMPATH\CodeIgniter.php(366): CodeIgniter\CodeIgniter->handleRequest(null, Object(Config\Cache), false)
 9 FCPATH\index.php(67): CodeIgniter\CodeIgniter->run()
10 SYSTEMPATH\Commands\Server\rewrite.php(47): require_once('D:\\Codeigniter\\lppmi-unusia\\public\\index.php')
CRITICAL - 2023-08-09 02:46:45 --> Undefined index: docscategory_id
in APPPATH\Views\admin\v_document.php on line 189.
 1 APPPATH\Views\admin\v_document.php(189): CodeIgniter\Debug\Exceptions->errorHandler(8, 'Undefined index: docscategory_id', 'D:\\Codeigniter\\lppmi-unusia\\app\\Views\\admin\\v_document.php', 189, [...])
 2 SYSTEMPATH\View\View.php(224): include('D:\\Codeigniter\\lppmi-unusia\\app\\Views\\admin\\v_document.php')
 3 SYSTEMPATH\View\View.php(227): CodeIgniter\View\View->CodeIgniter\View\{closure}()
 4 SYSTEMPATH\Common.php(1180): CodeIgniter\View\View->render('admin/v_document', [], true)
 5 APPPATH\Controllers\Admin\DocsAdminController.php(37): view('admin/v_document', [...])
 6 SYSTEMPATH\CodeIgniter.php(932): App\Controllers\Admin\DocsAdminController->index()
 7 SYSTEMPATH\CodeIgniter.php(497): CodeIgniter\CodeIgniter->runController(Object(App\Controllers\Admin\DocsAdminController))
 8 SYSTEMPATH\CodeIgniter.php(366): CodeIgniter\CodeIgniter->handleRequest(null, Object(Config\Cache), false)
 9 FCPATH\index.php(67): CodeIgniter\CodeIgniter->run()
10 SYSTEMPATH\Commands\Server\rewrite.php(47): require_once('D:\\Codeigniter\\lppmi-unusia\\public\\index.php')
CRITICAL - 2023-08-09 02:54:31 --> Undefined variable: post
in APPPATH\Views\admin\v_document.php on line 191.
 1 APPPATH\Views\admin\v_document.php(191): CodeIgniter\Debug\Exceptions->errorHandler(8, 'Undefined variable: post', 'D:\\Codeigniter\\lppmi-unusia\\app\\Views\\admin\\v_document.php', 191, [...])
 2 SYSTEMPATH\View\View.php(224): include('D:\\Codeigniter\\lppmi-unusia\\app\\Views\\admin\\v_document.php')
 3 SYSTEMPATH\View\View.php(227): CodeIgniter\View\View->CodeIgniter\View\{closure}()
 4 SYSTEMPATH\Common.php(1180): CodeIgniter\View\View->render('admin/v_document', [], true)
 5 APPPATH\Controllers\Admin\DocsAdminController.php(37): view('admin/v_document', [...])
 6 SYSTEMPATH\CodeIgniter.php(932): App\Controllers\Admin\DocsAdminController->index()
 7 SYSTEMPATH\CodeIgniter.php(497): CodeIgniter\CodeIgniter->runController(Object(App\Controllers\Admin\DocsAdminController))
 8 SYSTEMPATH\CodeIgniter.php(366): CodeIgniter\CodeIgniter->handleRequest(null, Object(Config\Cache), false)
 9 FCPATH\index.php(67): CodeIgniter\CodeIgniter->run()
10 SYSTEMPATH\Commands\Server\rewrite.php(47): require_once('D:\\Codeigniter\\lppmi-unusia\\public\\index.php')
CRITICAL - 2023-08-09 02:54:49 --> Undefined index: docs_category_id
in APPPATH\Views\admin\v_document.php on line 191.
 1 APPPATH\Views\admin\v_document.php(191): CodeIgniter\Debug\Exceptions->errorHandler(8, 'Undefined index: docs_category_id', 'D:\\Codeigniter\\lppmi-unusia\\app\\Views\\admin\\v_document.php', 191, [...])
 2 SYSTEMPATH\View\View.php(224): include('D:\\Codeigniter\\lppmi-unusia\\app\\Views\\admin\\v_document.php')
 3 SYSTEMPATH\View\View.php(227): CodeIgniter\View\View->CodeIgniter\View\{closure}()
 4 SYSTEMPATH\Common.php(1180): CodeIgniter\View\View->render('admin/v_document', [], true)
 5 APPPATH\Controllers\Admin\DocsAdminController.php(37): view('admin/v_document', [...])
 6 SYSTEMPATH\CodeIgniter.php(932): App\Controllers\Admin\DocsAdminController->index()
 7 SYSTEMPATH\CodeIgniter.php(497): CodeIgniter\CodeIgniter->runController(Object(App\Controllers\Admin\DocsAdminController))
 8 SYSTEMPATH\CodeIgniter.php(366): CodeIgniter\CodeIgniter->handleRequest(null, Object(Config\Cache), false)
 9 FCPATH\index.php(67): CodeIgniter\CodeIgniter->run()
10 SYSTEMPATH\Commands\Server\rewrite.php(47): require_once('D:\\Codeigniter\\lppmi-unusia\\public\\index.php')
CRITICAL - 2023-08-09 03:01:35 --> Undefined index: docs_category_id
in APPPATH\Views\admin\v_document.php on line 191.
 1 APPPATH\Views\admin\v_document.php(191): CodeIgniter\Debug\Exceptions->errorHandler(8, 'Undefined index: docs_category_id', 'D:\\Codeigniter\\lppmi-unusia\\app\\Views\\admin\\v_document.php', 191, [...])
 2 SYSTEMPATH\View\View.php(224): include('D:\\Codeigniter\\lppmi-unusia\\app\\Views\\admin\\v_document.php')
 3 SYSTEMPATH\View\View.php(227): CodeIgniter\View\View->CodeIgniter\View\{closure}()
 4 SYSTEMPATH\Common.php(1180): CodeIgniter\View\View->render('admin/v_document', [], true)
 5 APPPATH\Controllers\Admin\DocsAdminController.php(37): view('admin/v_document', [...])
 6 SYSTEMPATH\CodeIgniter.php(932): App\Controllers\Admin\DocsAdminController->index()
 7 SYSTEMPATH\CodeIgniter.php(497): CodeIgniter\CodeIgniter->runController(Object(App\Controllers\Admin\DocsAdminController))
 8 SYSTEMPATH\CodeIgniter.php(366): CodeIgniter\CodeIgniter->handleRequest(null, Object(Config\Cache), false)
 9 FCPATH\index.php(67): CodeIgniter\CodeIgniter->run()
10 SYSTEMPATH\Commands\Server\rewrite.php(47): require_once('D:\\Codeigniter\\lppmi-unusia\\public\\index.php')
CRITICAL - 2023-08-09 03:03:30 --> Undefined variable: docs
in APPPATH\Views\admin\v_document.php on line 191.
 1 APPPATH\Views\admin\v_document.php(191): CodeIgniter\Debug\Exceptions->errorHandler(8, 'Undefined variable: docs', 'D:\\Codeigniter\\lppmi-unusia\\app\\Views\\admin\\v_document.php', 191, [...])
 2 SYSTEMPATH\View\View.php(224): include('D:\\Codeigniter\\lppmi-unusia\\app\\Views\\admin\\v_document.php')
 3 SYSTEMPATH\View\View.php(227): CodeIgniter\View\View->CodeIgniter\View\{closure}()
 4 SYSTEMPATH\Common.php(1180): CodeIgniter\View\View->render('admin/v_document', [], true)
 5 APPPATH\Controllers\Admin\DocsAdminController.php(37): view('admin/v_document', [...])
 6 SYSTEMPATH\CodeIgniter.php(932): App\Controllers\Admin\DocsAdminController->index()
 7 SYSTEMPATH\CodeIgniter.php(497): CodeIgniter\CodeIgniter->runController(Object(App\Controllers\Admin\DocsAdminController))
 8 SYSTEMPATH\CodeIgniter.php(366): CodeIgniter\CodeIgniter->handleRequest(null, Object(Config\Cache), false)
 9 FCPATH\index.php(67): CodeIgniter\CodeIgniter->run()
10 SYSTEMPATH\Commands\Server\rewrite.php(47): require_once('D:\\Codeigniter\\lppmi-unusia\\public\\index.php')
CRITICAL - 2023-08-09 03:14:30 --> Undefined index: docscategory_name
in APPPATH\Views\admin\v_document.php on line 191.
 1 APPPATH\Views\admin\v_document.php(191): CodeIgniter\Debug\Exceptions->errorHandler(8, 'Undefined index: docscategory_name', 'D:\\Codeigniter\\lppmi-unusia\\app\\Views\\admin\\v_document.php', 191, [...])
 2 SYSTEMPATH\View\View.php(224): include('D:\\Codeigniter\\lppmi-unusia\\app\\Views\\admin\\v_document.php')
 3 SYSTEMPATH\View\View.php(227): CodeIgniter\View\View->CodeIgniter\View\{closure}()
 4 SYSTEMPATH\Common.php(1180): CodeIgniter\View\View->render('admin/v_document', [], true)
 5 APPPATH\Controllers\Admin\DocsAdminController.php(37): view('admin/v_document', [...])
 6 SYSTEMPATH\CodeIgniter.php(932): App\Controllers\Admin\DocsAdminController->index()
 7 SYSTEMPATH\CodeIgniter.php(497): CodeIgniter\CodeIgniter->runController(Object(App\Controllers\Admin\DocsAdminController))
 8 SYSTEMPATH\CodeIgniter.php(366): CodeIgniter\CodeIgniter->handleRequest(null, Object(Config\Cache), false)
 9 FCPATH\index.php(67): CodeIgniter\CodeIgniter->run()
10 SYSTEMPATH\Commands\Server\rewrite.php(47): require_once('D:\\Codeigniter\\lppmi-unusia\\public\\index.php')
CRITICAL - 2023-08-09 03:23:11 --> Undefined index: docs_category_id
in APPPATH\Views\admin\v_document.php on line 191.
 1 APPPATH\Views\admin\v_document.php(191): CodeIgniter\Debug\Exceptions->errorHandler(8, 'Undefined index: docs_category_id', 'D:\\Codeigniter\\lppmi-unusia\\app\\Views\\admin\\v_document.php', 191, [...])
 2 SYSTEMPATH\View\View.php(224): include('D:\\Codeigniter\\lppmi-unusia\\app\\Views\\admin\\v_document.php')
 3 SYSTEMPATH\View\View.php(227): CodeIgniter\View\View->CodeIgniter\View\{closure}()
 4 SYSTEMPATH\Common.php(1180): CodeIgniter\View\View->render('admin/v_document', [], true)
 5 APPPATH\Controllers\Admin\DocsAdminController.php(37): view('admin/v_document', [...])
 6 SYSTEMPATH\CodeIgniter.php(932): App\Controllers\Admin\DocsAdminController->index()
 7 SYSTEMPATH\CodeIgniter.php(497): CodeIgniter\CodeIgniter->runController(Object(App\Controllers\Admin\DocsAdminController))
 8 SYSTEMPATH\CodeIgniter.php(366): CodeIgniter\CodeIgniter->handleRequest(null, Object(Config\Cache), false)
 9 FCPATH\index.php(67): CodeIgniter\CodeIgniter->run()
10 SYSTEMPATH\Commands\Server\rewrite.php(47): require_once('D:\\Codeigniter\\lppmi-unusia\\public\\index.php')
CRITICAL - 2023-08-09 03:23:35 --> Undefined index: docs_category_id
in APPPATH\Views\admin\v_document.php on line 191.
 1 APPPATH\Views\admin\v_document.php(191): CodeIgniter\Debug\Exceptions->errorHandler(8, 'Undefined index: docs_category_id', 'D:\\Codeigniter\\lppmi-unusia\\app\\Views\\admin\\v_document.php', 191, [...])
 2 SYSTEMPATH\View\View.php(224): include('D:\\Codeigniter\\lppmi-unusia\\app\\Views\\admin\\v_document.php')
 3 SYSTEMPATH\View\View.php(227): CodeIgniter\View\View->CodeIgniter\View\{closure}()
 4 SYSTEMPATH\Common.php(1180): CodeIgniter\View\View->render('admin/v_document', [], true)
 5 APPPATH\Controllers\Admin\DocsAdminController.php(37): view('admin/v_document', [...])
 6 SYSTEMPATH\CodeIgniter.php(932): App\Controllers\Admin\DocsAdminController->index()
 7 SYSTEMPATH\CodeIgniter.php(497): CodeIgniter\CodeIgniter->runController(Object(App\Controllers\Admin\DocsAdminController))
 8 SYSTEMPATH\CodeIgniter.php(366): CodeIgniter\CodeIgniter->handleRequest(null, Object(Config\Cache), false)
 9 FCPATH\index.php(67): CodeIgniter\CodeIgniter->run()
10 SYSTEMPATH\Commands\Server\rewrite.php(47): require_once('D:\\Codeigniter\\lppmi-unusia\\public\\index.php')
CRITICAL - 2023-08-09 03:25:28 --> Undefined index: docscategory_id
in APPPATH\Views\admin\v_document.php on line 191.
 1 APPPATH\Views\admin\v_document.php(191): CodeIgniter\Debug\Exceptions->errorHandler(8, 'Undefined index: docscategory_id', 'D:\\Codeigniter\\lppmi-unusia\\app\\Views\\admin\\v_document.php', 191, [...])
 2 SYSTEMPATH\View\View.php(224): include('D:\\Codeigniter\\lppmi-unusia\\app\\Views\\admin\\v_document.php')
 3 SYSTEMPATH\View\View.php(227): CodeIgniter\View\View->CodeIgniter\View\{closure}()
 4 SYSTEMPATH\Common.php(1180): CodeIgniter\View\View->render('admin/v_document', [], true)
 5 APPPATH\Controllers\Admin\DocsAdminController.php(37): view('admin/v_document', [...])
 6 SYSTEMPATH\CodeIgniter.php(932): App\Controllers\Admin\DocsAdminController->index()
 7 SYSTEMPATH\CodeIgniter.php(497): CodeIgniter\CodeIgniter->runController(Object(App\Controllers\Admin\DocsAdminController))
 8 SYSTEMPATH\CodeIgniter.php(366): CodeIgniter\CodeIgniter->handleRequest(null, Object(Config\Cache), false)
 9 FCPATH\index.php(67): CodeIgniter\CodeIgniter->run()
10 SYSTEMPATH\Commands\Server\rewrite.php(47): require_once('D:\\Codeigniter\\lppmi-unusia\\public\\index.php')
CRITICAL - 2023-08-09 03:26:28 --> Undefined index: docs_category_id
in APPPATH\Views\admin\v_document.php on line 191.
 1 APPPATH\Views\admin\v_document.php(191): CodeIgniter\Debug\Exceptions->errorHandler(8, 'Undefined index: docs_category_id', 'D:\\Codeigniter\\lppmi-unusia\\app\\Views\\admin\\v_document.php', 191, [...])
 2 SYSTEMPATH\View\View.php(224): include('D:\\Codeigniter\\lppmi-unusia\\app\\Views\\admin\\v_document.php')
 3 SYSTEMPATH\View\View.php(227): CodeIgniter\View\View->CodeIgniter\View\{closure}()
 4 SYSTEMPATH\Common.php(1180): CodeIgniter\View\View->render('admin/v_document', [], true)
 5 APPPATH\Controllers\Admin\DocsAdminController.php(37): view('admin/v_document', [...])
 6 SYSTEMPATH\CodeIgniter.php(932): App\Controllers\Admin\DocsAdminController->index()
 7 SYSTEMPATH\CodeIgniter.php(497): CodeIgniter\CodeIgniter->runController(Object(App\Controllers\Admin\DocsAdminController))
 8 SYSTEMPATH\CodeIgniter.php(366): CodeIgniter\CodeIgniter->handleRequest(null, Object(Config\Cache), false)
 9 FCPATH\index.php(67): CodeIgniter\CodeIgniter->run()
10 SYSTEMPATH\Commands\Server\rewrite.php(47): require_once('D:\\Codeigniter\\lppmi-unusia\\public\\index.php')
CRITICAL - 2023-08-09 03:27:46 --> Undefined index: docscategory_id
in APPPATH\Views\admin\v_document.php on line 191.
 1 APPPATH\Views\admin\v_document.php(191): CodeIgniter\Debug\Exceptions->errorHandler(8, 'Undefined index: docscategory_id', 'D:\\Codeigniter\\lppmi-unusia\\app\\Views\\admin\\v_document.php', 191, [...])
 2 SYSTEMPATH\View\View.php(224): include('D:\\Codeigniter\\lppmi-unusia\\app\\Views\\admin\\v_document.php')
 3 SYSTEMPATH\View\View.php(227): CodeIgniter\View\View->CodeIgniter\View\{closure}()
 4 SYSTEMPATH\Common.php(1180): CodeIgniter\View\View->render('admin/v_document', [], true)
 5 APPPATH\Controllers\Admin\DocsAdminController.php(37): view('admin/v_document', [...])
 6 SYSTEMPATH\CodeIgniter.php(932): App\Controllers\Admin\DocsAdminController->index()
 7 SYSTEMPATH\CodeIgniter.php(497): CodeIgniter\CodeIgniter->runController(Object(App\Controllers\Admin\DocsAdminController))
 8 SYSTEMPATH\CodeIgniter.php(366): CodeIgniter\CodeIgniter->handleRequest(null, Object(Config\Cache), false)
 9 FCPATH\index.php(67): CodeIgniter\CodeIgniter->run()
10 SYSTEMPATH\Commands\Server\rewrite.php(47): require_once('D:\\Codeigniter\\lppmi-unusia\\public\\index.php')
CRITICAL - 2023-08-09 03:27:47 --> Undefined index: docscategory_id
in APPPATH\Views\admin\v_document.php on line 191.
 1 APPPATH\Views\admin\v_document.php(191): CodeIgniter\Debug\Exceptions->errorHandler(8, 'Undefined index: docscategory_id', 'D:\\Codeigniter\\lppmi-unusia\\app\\Views\\admin\\v_document.php', 191, [...])
 2 SYSTEMPATH\View\View.php(224): include('D:\\Codeigniter\\lppmi-unusia\\app\\Views\\admin\\v_document.php')
 3 SYSTEMPATH\View\View.php(227): CodeIgniter\View\View->CodeIgniter\View\{closure}()
 4 SYSTEMPATH\Common.php(1180): CodeIgniter\View\View->render('admin/v_document', [], true)
 5 APPPATH\Controllers\Admin\DocsAdminController.php(37): view('admin/v_document', [...])
 6 SYSTEMPATH\CodeIgniter.php(932): App\Controllers\Admin\DocsAdminController->index()
 7 SYSTEMPATH\CodeIgniter.php(497): CodeIgniter\CodeIgniter->runController(Object(App\Controllers\Admin\DocsAdminController))
 8 SYSTEMPATH\CodeIgniter.php(366): CodeIgniter\CodeIgniter->handleRequest(null, Object(Config\Cache), false)
 9 FCPATH\index.php(67): CodeIgniter\CodeIgniter->run()
10 SYSTEMPATH\Commands\Server\rewrite.php(47): require_once('D:\\Codeigniter\\lppmi-unusia\\public\\index.php')
CRITICAL - 2023-08-09 03:27:48 --> Undefined index: docscategory_id
in APPPATH\Views\admin\v_document.php on line 191.
 1 APPPATH\Views\admin\v_document.php(191): CodeIgniter\Debug\Exceptions->errorHandler(8, 'Undefined index: docscategory_id', 'D:\\Codeigniter\\lppmi-unusia\\app\\Views\\admin\\v_document.php', 191, [...])
 2 SYSTEMPATH\View\View.php(224): include('D:\\Codeigniter\\lppmi-unusia\\app\\Views\\admin\\v_document.php')
 3 SYSTEMPATH\View\View.php(227): CodeIgniter\View\View->CodeIgniter\View\{closure}()
 4 SYSTEMPATH\Common.php(1180): CodeIgniter\View\View->render('admin/v_document', [], true)
 5 APPPATH\Controllers\Admin\DocsAdminController.php(37): view('admin/v_document', [...])
 6 SYSTEMPATH\CodeIgniter.php(932): App\Controllers\Admin\DocsAdminController->index()
 7 SYSTEMPATH\CodeIgniter.php(497): CodeIgniter\CodeIgniter->runController(Object(App\Controllers\Admin\DocsAdminController))
 8 SYSTEMPATH\CodeIgniter.php(366): CodeIgniter\CodeIgniter->handleRequest(null, Object(Config\Cache), false)
 9 FCPATH\index.php(67): CodeIgniter\CodeIgniter->run()
10 SYSTEMPATH\Commands\Server\rewrite.php(47): require_once('D:\\Codeigniter\\lppmi-unusia\\public\\index.php')
CRITICAL - 2023-08-09 03:27:48 --> Undefined index: docscategory_id
in APPPATH\Views\admin\v_document.php on line 191.
 1 APPPATH\Views\admin\v_document.php(191): CodeIgniter\Debug\Exceptions->errorHandler(8, 'Undefined index: docscategory_id', 'D:\\Codeigniter\\lppmi-unusia\\app\\Views\\admin\\v_document.php', 191, [...])
 2 SYSTEMPATH\View\View.php(224): include('D:\\Codeigniter\\lppmi-unusia\\app\\Views\\admin\\v_document.php')
 3 SYSTEMPATH\View\View.php(227): CodeIgniter\View\View->CodeIgniter\View\{closure}()
 4 SYSTEMPATH\Common.php(1180): CodeIgniter\View\View->render('admin/v_document', [], true)
 5 APPPATH\Controllers\Admin\DocsAdminController.php(37): view('admin/v_document', [...])
 6 SYSTEMPATH\CodeIgniter.php(932): App\Controllers\Admin\DocsAdminController->index()
 7 SYSTEMPATH\CodeIgniter.php(497): CodeIgniter\CodeIgniter->runController(Object(App\Controllers\Admin\DocsAdminController))
 8 SYSTEMPATH\CodeIgniter.php(366): CodeIgniter\CodeIgniter->handleRequest(null, Object(Config\Cache), false)
 9 FCPATH\index.php(67): CodeIgniter\CodeIgniter->run()
10 SYSTEMPATH\Commands\Server\rewrite.php(47): require_once('D:\\Codeigniter\\lppmi-unusia\\public\\index.php')
CRITICAL - 2023-08-09 03:27:48 --> Undefined index: docscategory_id
in APPPATH\Views\admin\v_document.php on line 191.
 1 APPPATH\Views\admin\v_document.php(191): CodeIgniter\Debug\Exceptions->errorHandler(8, 'Undefined index: docscategory_id', 'D:\\Codeigniter\\lppmi-unusia\\app\\Views\\admin\\v_document.php', 191, [...])
 2 SYSTEMPATH\View\View.php(224): include('D:\\Codeigniter\\lppmi-unusia\\app\\Views\\admin\\v_document.php')
 3 SYSTEMPATH\View\View.php(227): CodeIgniter\View\View->CodeIgniter\View\{closure}()
 4 SYSTEMPATH\Common.php(1180): CodeIgniter\View\View->render('admin/v_document', [], true)
 5 APPPATH\Controllers\Admin\DocsAdminController.php(37): view('admin/v_document', [...])
 6 SYSTEMPATH\CodeIgniter.php(932): App\Controllers\Admin\DocsAdminController->index()
 7 SYSTEMPATH\CodeIgniter.php(497): CodeIgniter\CodeIgniter->runController(Object(App\Controllers\Admin\DocsAdminController))
 8 SYSTEMPATH\CodeIgniter.php(366): CodeIgniter\CodeIgniter->handleRequest(null, Object(Config\Cache), false)
 9 FCPATH\index.php(67): CodeIgniter\CodeIgniter->run()
10 SYSTEMPATH\Commands\Server\rewrite.php(47): require_once('D:\\Codeigniter\\lppmi-unusia\\public\\index.php')
CRITICAL - 2023-08-09 03:28:25 --> Undefined index: docscategory_id
in APPPATH\Views\admin\v_document.php on line 191.
 1 APPPATH\Views\admin\v_document.php(191): CodeIgniter\Debug\Exceptions->errorHandler(8, 'Undefined index: docscategory_id', 'D:\\Codeigniter\\lppmi-unusia\\app\\Views\\admin\\v_document.php', 191, [...])
 2 SYSTEMPATH\View\View.php(224): include('D:\\Codeigniter\\lppmi-unusia\\app\\Views\\admin\\v_document.php')
 3 SYSTEMPATH\View\View.php(227): CodeIgniter\View\View->CodeIgniter\View\{closure}()
 4 SYSTEMPATH\Common.php(1180): CodeIgniter\View\View->render('admin/v_document', [], true)
 5 APPPATH\Controllers\Admin\DocsAdminController.php(37): view('admin/v_document', [...])
 6 SYSTEMPATH\CodeIgniter.php(932): App\Controllers\Admin\DocsAdminController->index()
 7 SYSTEMPATH\CodeIgniter.php(497): CodeIgniter\CodeIgniter->runController(Object(App\Controllers\Admin\DocsAdminController))
 8 SYSTEMPATH\CodeIgniter.php(366): CodeIgniter\CodeIgniter->handleRequest(null, Object(Config\Cache), false)
 9 FCPATH\index.php(67): CodeIgniter\CodeIgniter->run()
10 SYSTEMPATH\Commands\Server\rewrite.php(47): require_once('D:\\Codeigniter\\lppmi-unusia\\public\\index.php')
CRITICAL - 2023-08-09 08:11:08 --> Undefined index: docscategory_id
in APPPATH\Views\admin\v_document.php on line 191.
 1 APPPATH\Views\admin\v_document.php(191): CodeIgniter\Debug\Exceptions->errorHandler(8, 'Undefined index: docscategory_id', 'D:\\Codeigniter\\lppmi-unusia\\app\\Views\\admin\\v_document.php', 191, [...])
 2 SYSTEMPATH\View\View.php(224): include('D:\\Codeigniter\\lppmi-unusia\\app\\Views\\admin\\v_document.php')
 3 SYSTEMPATH\View\View.php(227): CodeIgniter\View\View->CodeIgniter\View\{closure}()
 4 SYSTEMPATH\Common.php(1180): CodeIgniter\View\View->render('admin/v_document', [], true)
 5 APPPATH\Controllers\Admin\DocsAdminController.php(37): view('admin/v_document', [...])
 6 SYSTEMPATH\CodeIgniter.php(932): App\Controllers\Admin\DocsAdminController->index()
 7 SYSTEMPATH\CodeIgniter.php(497): CodeIgniter\CodeIgniter->runController(Object(App\Controllers\Admin\DocsAdminController))
 8 SYSTEMPATH\CodeIgniter.php(366): CodeIgniter\CodeIgniter->handleRequest(null, Object(Config\Cache), false)
 9 FCPATH\index.php(67): CodeIgniter\CodeIgniter->run()
10 SYSTEMPATH\Commands\Server\rewrite.php(47): require_once('D:\\Codeigniter\\lppmi-unusia\\public\\index.php')
CRITICAL - 2023-08-09 08:12:08 --> Undefined index: docscategory_name
in APPPATH\Views\admin\v_document.php on line 191.
 1 APPPATH\Views\admin\v_document.php(191): CodeIgniter\Debug\Exceptions->errorHandler(8, 'Undefined index: docscategory_name', 'D:\\Codeigniter\\lppmi-unusia\\app\\Views\\admin\\v_document.php', 191, [...])
 2 SYSTEMPATH\View\View.php(224): include('D:\\Codeigniter\\lppmi-unusia\\app\\Views\\admin\\v_document.php')
 3 SYSTEMPATH\View\View.php(227): CodeIgniter\View\View->CodeIgniter\View\{closure}()
 4 SYSTEMPATH\Common.php(1180): CodeIgniter\View\View->render('admin/v_document', [], true)
 5 APPPATH\Controllers\Admin\DocsAdminController.php(37): view('admin/v_document', [...])
 6 SYSTEMPATH\CodeIgniter.php(932): App\Controllers\Admin\DocsAdminController->index()
 7 SYSTEMPATH\CodeIgniter.php(497): CodeIgniter\CodeIgniter->runController(Object(App\Controllers\Admin\DocsAdminController))
 8 SYSTEMPATH\CodeIgniter.php(366): CodeIgniter\CodeIgniter->handleRequest(null, Object(Config\Cache), false)
 9 FCPATH\index.php(67): CodeIgniter\CodeIgniter->run()
10 SYSTEMPATH\Commands\Server\rewrite.php(47): require_once('D:\\Codeigniter\\lppmi-unusia\\public\\index.php')
ERROR - 2023-08-09 21:04:19 --> Error connecting to the database: mysqli_sql_exception: No connection could be made because the target machine actively refused it.
 in D:\Codeigniter\lppmi-unusia\vendor\codeigniter4\framework\system\Database\MySQLi\Connection.php:174
Stack trace:
#0 D:\Codeigniter\lppmi-unusia\vendor\codeigniter4\framework\system\Database\MySQLi\Connection.php(174): mysqli->real_connect('localhost', 'root', '', 'unusia_lppmi', 3306, '', 0)
#1 D:\Codeigniter\lppmi-unusia\vendor\codeigniter4\framework\system\Database\BaseConnection.php(391): CodeIgniter\Database\MySQLi\Connection->connect(false)
#2 D:\Codeigniter\lppmi-unusia\vendor\codeigniter4\framework\system\Database\BaseConnection.php(574): CodeIgniter\Database\BaseConnection->initialize()
#3 D:\Codeigniter\lppmi-unusia\app\Models\VisitorModel.php(15): CodeIgniter\Database\BaseConnection->query('SELECT * FROM t...')
#4 D:\Codeigniter\lppmi-unusia\app\Controllers\BaseController.php(67): App\Models\VisitorModel->count_visitor('::1', 'Chrome 115.0.0....')
#5 D:\Codeigniter\lppmi-unusia\vendor\codeigniter4\framework\system\CodeIgniter.php(905): App\Controllers\BaseController->initController(Object(CodeIgniter\HTTP\IncomingRequest), Object(CodeIgniter\HTTP\Response), Object(CodeIgniter\Log\Logger))
#6 D:\Codeigniter\lppmi-unusia\vendor\codeigniter4\framework\system\CodeIgniter.php(488): CodeIgniter\CodeIgniter->createController()
#7 D:\Codeigniter\lppmi-unusia\vendor\codeigniter4\framework\system\CodeIgniter.php(366): CodeIgniter\CodeIgniter->handleRequest(NULL, Object(Config\Cache), false)
#8 D:\Codeigniter\lppmi-unusia\public\index.php(67): CodeIgniter\CodeIgniter->run()
#9 D:\Codeigniter\lppmi-unusia\vendor\codeigniter4\framework\system\Commands\Server\rewrite.php(47): require_once('D:\\Codeigniter\\...')
#10 {main}

Next CodeIgniter\Database\Exceptions\DatabaseException: No connection could be made because the target machine actively refused it.
 in D:\Codeigniter\lppmi-unusia\vendor\codeigniter4\framework\system\Database\MySQLi\Connection.php:218
Stack trace:
#0 D:\Codeigniter\lppmi-unusia\vendor\codeigniter4\framework\system\Database\BaseConnection.php(391): CodeIgniter\Database\MySQLi\Connection->connect(false)
#1 D:\Codeigniter\lppmi-unusia\vendor\codeigniter4\framework\system\Database\BaseConnection.php(574): CodeIgniter\Database\BaseConnection->initialize()
#2 D:\Codeigniter\lppmi-unusia\app\Models\VisitorModel.php(15): CodeIgniter\Database\BaseConnection->query('SELECT * FROM t...')
#3 D:\Codeigniter\lppmi-unusia\app\Controllers\BaseController.php(67): App\Models\VisitorModel->count_visitor('::1', 'Chrome 115.0.0....')
#4 D:\Codeigniter\lppmi-unusia\vendor\codeigniter4\framework\system\CodeIgniter.php(905): App\Controllers\BaseController->initController(Object(CodeIgniter\HTTP\IncomingRequest), Object(CodeIgniter\HTTP\Response), Object(CodeIgniter\Log\Logger))
#5 D:\Codeigniter\lppmi-unusia\vendor\codeigniter4\framework\system\CodeIgniter.php(488): CodeIgniter\CodeIgniter->createController()
#6 D:\Codeigniter\lppmi-unusia\vendor\codeigniter4\framework\system\CodeIgniter.php(366): CodeIgniter\CodeIgniter->handleRequest(NULL, Object(Config\Cache), false)
#7 D:\Codeigniter\lppmi-unusia\public\index.php(67): CodeIgniter\CodeIgniter->run()
#8 D:\Codeigniter\lppmi-unusia\vendor\codeigniter4\framework\system\Commands\Server\rewrite.php(47): require_once('D:\\Codeigniter\\...')
#9 {main}
CRITICAL - 2023-08-09 21:04:19 --> Unable to connect to the database.
Main connection [MySQLi]: No connection could be made because the target machine actively refused it.

in SYSTEMPATH\Database\BaseConnection.php on line 427.
 1 SYSTEMPATH\Database\BaseConnection.php(574): CodeIgniter\Database\BaseConnection->initialize()
 2 APPPATH\Models\VisitorModel.php(15): CodeIgniter\Database\BaseConnection->query('SELECT * FROM tbl_visitors WHERE visit_ip=\'::1\' AND DATE(visit_date)=CURDATE()')
 3 APPPATH\Controllers\BaseController.php(67): App\Models\VisitorModel->count_visitor('::1', 'Chrome 115.0.0.0')
 4 SYSTEMPATH\CodeIgniter.php(905): App\Controllers\BaseController->initController(Object(CodeIgniter\HTTP\IncomingRequest), Object(CodeIgniter\HTTP\Response), Object(CodeIgniter\Log\Logger))
 5 SYSTEMPATH\CodeIgniter.php(488): CodeIgniter\CodeIgniter->createController()
 6 SYSTEMPATH\CodeIgniter.php(366): CodeIgniter\CodeIgniter->handleRequest(null, Object(Config\Cache), false)
 7 FCPATH\index.php(67): CodeIgniter\CodeIgniter->run()
 8 SYSTEMPATH\Commands\Server\rewrite.php(47): require_once('D:\\Codeigniter\\lppmi-unusia\\public\\index.php')
CRITICAL - 2023-08-09 22:35:01 --> Undefined variable: cetegory
in APPPATH\Controllers\Admin\DocsAdminController.php on line 126.
 1 APPPATH\Controllers\Admin\DocsAdminController.php(126): CodeIgniter\Debug\Exceptions->errorHandler(8, 'Undefined variable: cetegory', 'D:\\Codeigniter\\lppmi-unusia\\app\\Controllers\\Admin\\DocsAdminController.php', 126, [...])
 2 SYSTEMPATH\CodeIgniter.php(932): App\Controllers\Admin\DocsAdminController->update()
 3 SYSTEMPATH\CodeIgniter.php(497): CodeIgniter\CodeIgniter->runController(Object(App\Controllers\Admin\DocsAdminController))
 4 SYSTEMPATH\CodeIgniter.php(366): CodeIgniter\CodeIgniter->handleRequest(null, Object(Config\Cache), false)
 5 FCPATH\index.php(67): CodeIgniter\CodeIgniter->run()
 6 SYSTEMPATH\Commands\Server\rewrite.php(47): require_once('D:\\Codeigniter\\lppmi-unusia\\public\\index.php')
