CRITICAL - 2024-05-08 08:52:15 --> Undefined property: App\Controllers\PostController::$categoryModel
in APPPATH\Controllers\PostController.php on line 59.
 1 APPPATH\Controllers\PostController.php(59): CodeIgniter\Debug\Exceptions->errorHandler(8, 'Undefined property: App\\Controllers\\PostController::$categoryModel', 'D:\\Codeigniter\\inf-dev\\app\\Controllers\\PostController.php', 59, [...])
 2 SYSTEMPATH\CodeIgniter.php(932): App\Controllers\PostController->index('fokus-mutu--lppmi-unusia-undang-pakar-spmi-bekali-auditor')
 3 SYSTEMPATH\CodeIgniter.php(497): CodeIgniter\CodeIgniter->runController(Object(App\Controllers\PostController))
 4 SYSTEMPATH\CodeIgniter.php(366): CodeIgniter\CodeIgniter->handleRequest(null, Object(Config\Cache), false)
 5 FCPATH\index.php(67): CodeIgniter\CodeIgniter->run()
 6 SYSTEMPATH\Commands\Server\rewrite.php(47): require_once('D:\\Codeigniter\\inf-dev\\public\\index.php')
CRITICAL - 2024-05-08 08:52:43 --> Undefined property: App\Controllers\PostController::$categoryModel
in APPPATH\Controllers\PostController.php on line 59.
 1 APPPATH\Controllers\PostController.php(59): CodeIgniter\Debug\Exceptions->errorHandler(8, 'Undefined property: App\\Controllers\\PostController::$categoryModel', 'D:\\Codeigniter\\inf-dev\\app\\Controllers\\PostController.php', 59, [...])
 2 SYSTEMPATH\CodeIgniter.php(932): App\Controllers\PostController->index('fokus-mutu--lppmi-unusia-undang-pakar-spmi-bekali-auditor')
 3 SYSTEMPATH\CodeIgniter.php(497): CodeIgniter\CodeIgniter->runController(Object(App\Controllers\PostController))
 4 SYSTEMPATH\CodeIgniter.php(366): CodeIgniter\CodeIgniter->handleRequest(null, Object(Config\Cache), false)
 5 FCPATH\index.php(67): CodeIgniter\CodeIgniter->run()
 6 SYSTEMPATH\Commands\Server\rewrite.php(47): require_once('D:\\Codeigniter\\inf-dev\\public\\index.php')
CRITICAL - 2024-05-08 09:58:54 --> Invalid file: "home_titan.php"
in SYSTEMPATH\Exceptions\FrameworkException.php on line 33.
 1 SYSTEMPATH\View\View.php(212): CodeIgniter\Exceptions\FrameworkException::forInvalidFile('home_titan.php')
 2 SYSTEMPATH\Common.php(1180): CodeIgniter\View\View->render('home_titan', [], true)
 3 APPPATH\Controllers\HomeController.php(41): view('home_titan', [...])
 4 SYSTEMPATH\CodeIgniter.php(932): App\Controllers\HomeController->index()
 5 SYSTEMPATH\CodeIgniter.php(497): CodeIgniter\CodeIgniter->runController(Object(App\Controllers\HomeController))
 6 SYSTEMPATH\CodeIgniter.php(366): CodeIgniter\CodeIgniter->handleRequest(null, Object(Config\Cache), false)
 7 FCPATH\index.php(67): CodeIgniter\CodeIgniter->run()
 8 SYSTEMPATH\Commands\Server\rewrite.php(47): require_once('D:\\Codeigniter\\inf-dev\\public\\index.php')
