CRITICAL - 2023-08-24 21:42:43 --> Invalid argument supplied for foreach()
in APPPATH\Views\document_view.php on line 34.
 1 APPPATH\Views\document_view.php(34): CodeIgniter\Debug\Exceptions->errorHandler(2, 'Invalid argument supplied for foreach()', 'D:\\Codeigniter\\lppmi-unusia\\app\\Views\\document_view.php', 34, [...])
 2 SYSTEMPATH\View\View.php(224): include('D:\\Codeigniter\\lppmi-unusia\\app\\Views\\document_view.php')
 3 SYSTEMPATH\View\View.php(227): CodeIgniter\View\View->CodeIgniter\View\{closure}()
 4 SYSTEMPATH\Common.php(1180): CodeIgniter\View\View->render('document_view', [], true)
 5 APPPATH\Controllers\AboutController.php(32): view('document_view', [...])
 6 SYSTEMPATH\CodeIgniter.php(932): App\Controllers\AboutController->index()
 7 SYSTEMPATH\CodeIgniter.php(497): CodeIgniter\CodeIgniter->runController(Object(App\Controllers\AboutController))
 8 SYSTEMPATH\CodeIgniter.php(366): CodeIgniter\CodeIgniter->handleRequest(null, Object(Config\Cache), false)
 9 FCPATH\index.php(67): CodeIgniter\CodeIgniter->run()
10 SYSTEMPATH\Commands\Server\rewrite.php(47): require_once('D:\\Codeigniter\\lppmi-unusia\\public\\index.php')
CRITICAL - 2023-08-24 21:42:46 --> Invalid argument supplied for foreach()
in APPPATH\Views\document_view.php on line 34.
 1 APPPATH\Views\document_view.php(34): CodeIgniter\Debug\Exceptions->errorHandler(2, 'Invalid argument supplied for foreach()', 'D:\\Codeigniter\\lppmi-unusia\\app\\Views\\document_view.php', 34, [...])
 2 SYSTEMPATH\View\View.php(224): include('D:\\Codeigniter\\lppmi-unusia\\app\\Views\\document_view.php')
 3 SYSTEMPATH\View\View.php(227): CodeIgniter\View\View->CodeIgniter\View\{closure}()
 4 SYSTEMPATH\Common.php(1180): CodeIgniter\View\View->render('document_view', [], true)
 5 APPPATH\Controllers\AboutController.php(32): view('document_view', [...])
 6 SYSTEMPATH\CodeIgniter.php(932): App\Controllers\AboutController->index()
 7 SYSTEMPATH\CodeIgniter.php(497): CodeIgniter\CodeIgniter->runController(Object(App\Controllers\AboutController))
 8 SYSTEMPATH\CodeIgniter.php(366): CodeIgniter\CodeIgniter->handleRequest(null, Object(Config\Cache), false)
 9 FCPATH\index.php(67): CodeIgniter\CodeIgniter->run()
10 SYSTEMPATH\Commands\Server\rewrite.php(47): require_once('D:\\Codeigniter\\lppmi-unusia\\public\\index.php')
