<<<<<<< HEAD
CRITICAL - 2025-02-27 00:15:17 --> Undefined variable: all_post_views
in APPPATH/Views/admin/v_dashboard.php on line 71.
 1 APPPATH/Views/admin/v_dashboard.php(71): CodeIgniter\Debug\Exceptions->errorHandler(8, 'Undefined variable: all_post_views', '/Users/irchamali/Projects/ci/yayasan/app/Views/admin/v_dashboard.php', 71, [...])
 2 SYSTEMPATH/View/View.php(224): include('/Users/irchamali/Projects/ci/yayasan/app/Views/admin/v_dashboard.php')
 3 SYSTEMPATH/View/View.php(227): CodeIgniter\View\View->CodeIgniter\View\{closure}()
 4 SYSTEMPATH/Common.php(1180): CodeIgniter\View\View->render('admin/v_dashboard', [], true)
 5 APPPATH/Controllers/Admin/AdminController.php(79): view('admin/v_dashboard', [...])
 6 SYSTEMPATH/CodeIgniter.php(932): App\Controllers\Admin\AdminController->index()
 7 SYSTEMPATH/CodeIgniter.php(497): CodeIgniter\CodeIgniter->runController(Object(App\Controllers\Admin\AdminController))
 8 SYSTEMPATH/CodeIgniter.php(366): CodeIgniter\CodeIgniter->handleRequest(null, Object(Config\Cache), false)
 9 FCPATH/index.php(67): CodeIgniter\CodeIgniter->run()
10 SYSTEMPATH/Commands/Server/rewrite.php(47): require_once('/Users/irchamali/Projects/ci/yayasan/public/index.php')
CRITICAL - 2025-02-27 00:16:07 --> Undefined variable: all_post_views
in APPPATH/Views/admin/v_dashboard.php on line 71.
 1 APPPATH/Views/admin/v_dashboard.php(71): CodeIgniter\Debug\Exceptions->errorHandler(8, 'Undefined variable: all_post_views', '/Users/irchamali/Projects/ci/yayasan/app/Views/admin/v_dashboard.php', 71, [...])
 2 SYSTEMPATH/View/View.php(224): include('/Users/irchamali/Projects/ci/yayasan/app/Views/admin/v_dashboard.php')
 3 SYSTEMPATH/View/View.php(227): CodeIgniter\View\View->CodeIgniter\View\{closure}()
 4 SYSTEMPATH/Common.php(1180): CodeIgniter\View\View->render('admin/v_dashboard', [], true)
 5 APPPATH/Controllers/Admin/AdminController.php(79): view('admin/v_dashboard', [...])
 6 SYSTEMPATH/CodeIgniter.php(932): App\Controllers\Admin\AdminController->index()
 7 SYSTEMPATH/CodeIgniter.php(497): CodeIgniter\CodeIgniter->runController(Object(App\Controllers\Admin\AdminController))
 8 SYSTEMPATH/CodeIgniter.php(366): CodeIgniter\CodeIgniter->handleRequest(null, Object(Config\Cache), false)
 9 FCPATH/index.php(67): CodeIgniter\CodeIgniter->run()
10 SYSTEMPATH/Commands/Server/rewrite.php(47): require_once('/Users/irchamali/Projects/ci/yayasan/public/index.php')
CRITICAL - 2025-02-27 00:16:29 --> Undefined variable: all_posts
in APPPATH/Views/admin/v_dashboard.php on line 90.
 1 APPPATH/Views/admin/v_dashboard.php(90): CodeIgniter\Debug\Exceptions->errorHandler(8, 'Undefined variable: all_posts', '/Users/irchamali/Projects/ci/yayasan/app/Views/admin/v_dashboard.php', 90, [...])
 2 SYSTEMPATH/View/View.php(224): include('/Users/irchamali/Projects/ci/yayasan/app/Views/admin/v_dashboard.php')
 3 SYSTEMPATH/View/View.php(227): CodeIgniter\View\View->CodeIgniter\View\{closure}()
 4 SYSTEMPATH/Common.php(1180): CodeIgniter\View\View->render('admin/v_dashboard', [], true)
 5 APPPATH/Controllers/Admin/AdminController.php(79): view('admin/v_dashboard', [...])
 6 SYSTEMPATH/CodeIgniter.php(932): App\Controllers\Admin\AdminController->index()
 7 SYSTEMPATH/CodeIgniter.php(497): CodeIgniter\CodeIgniter->runController(Object(App\Controllers\Admin\AdminController))
 8 SYSTEMPATH/CodeIgniter.php(366): CodeIgniter\CodeIgniter->handleRequest(null, Object(Config\Cache), false)
 9 FCPATH/index.php(67): CodeIgniter\CodeIgniter->run()
10 SYSTEMPATH/Commands/Server/rewrite.php(47): require_once('/Users/irchamali/Projects/ci/yayasan/public/index.php')
CRITICAL - 2025-02-27 00:22:14 --> Undefined variable: all_post_views
in APPPATH/Views/admin/v_dashboard.php on line 37.
 1 APPPATH/Views/admin/v_dashboard.php(37): CodeIgniter\Debug\Exceptions->errorHandler(8, 'Undefined variable: all_post_views', '/Users/irchamali/Projects/ci/yayasan/app/Views/admin/v_dashboard.php', 37, [...])
 2 SYSTEMPATH/View/View.php(224): include('/Users/irchamali/Projects/ci/yayasan/app/Views/admin/v_dashboard.php')
 3 SYSTEMPATH/View/View.php(227): CodeIgniter\View\View->CodeIgniter\View\{closure}()
 4 SYSTEMPATH/Common.php(1180): CodeIgniter\View\View->render('admin/v_dashboard', [], true)
 5 APPPATH/Controllers/Admin/AdminController.php(79): view('admin/v_dashboard', [...])
 6 SYSTEMPATH/CodeIgniter.php(932): App\Controllers\Admin\AdminController->index()
 7 SYSTEMPATH/CodeIgniter.php(497): CodeIgniter\CodeIgniter->runController(Object(App\Controllers\Admin\AdminController))
 8 SYSTEMPATH/CodeIgniter.php(366): CodeIgniter\CodeIgniter->handleRequest(null, Object(Config\Cache), false)
 9 FCPATH/index.php(67): CodeIgniter\CodeIgniter->run()
10 SYSTEMPATH/Commands/Server/rewrite.php(47): require_once('/Users/irchamali/Projects/ci/yayasan/public/index.php')
=======
ERROR - 2025-02-27 22:00:29 --> Error connecting to the database: mysqli_sql_exception: Access denied for user 'root'@'localhost' (using password: YES) in D:\Codeigniter\yayasan\vendor\codeigniter4\framework\system\Database\MySQLi\Connection.php:174
Stack trace:
#0 D:\Codeigniter\yayasan\vendor\codeigniter4\framework\system\Database\MySQLi\Connection.php(174): mysqli->real_connect('localhost', 'root', 'root', 'project_ysgj', 3306, '', 0)
#1 D:\Codeigniter\yayasan\vendor\codeigniter4\framework\system\Database\BaseConnection.php(391): CodeIgniter\Database\MySQLi\Connection->connect(false)
#2 D:\Codeigniter\yayasan\vendor\codeigniter4\framework\system\Database\BaseConnection.php(574): CodeIgniter\Database\BaseConnection->initialize()
#3 D:\Codeigniter\yayasan\app\Models\VisitorModel.php(15): CodeIgniter\Database\BaseConnection->query('SELECT * FROM t...')
#4 D:\Codeigniter\yayasan\app\Controllers\BaseController.php(67): App\Models\VisitorModel->count_visitor('::1', 'Chrome 133.0.0....')
#5 D:\Codeigniter\yayasan\vendor\codeigniter4\framework\system\CodeIgniter.php(905): App\Controllers\BaseController->initController(Object(CodeIgniter\HTTP\IncomingRequest), Object(CodeIgniter\HTTP\Response), Object(CodeIgniter\Log\Logger))
#6 D:\Codeigniter\yayasan\vendor\codeigniter4\framework\system\CodeIgniter.php(488): CodeIgniter\CodeIgniter->createController()
#7 D:\Codeigniter\yayasan\vendor\codeigniter4\framework\system\CodeIgniter.php(366): CodeIgniter\CodeIgniter->handleRequest(NULL, Object(Config\Cache), false)
#8 D:\Codeigniter\yayasan\public\index.php(67): CodeIgniter\CodeIgniter->run()
#9 D:\Codeigniter\yayasan\vendor\codeigniter4\framework\system\Commands\Server\rewrite.php(47): require_once('D:\\Codeigniter\\...')
#10 {main}

Next CodeIgniter\Database\Exceptions\DatabaseException: Access denied for user '****'@'localhost' (using password: YES) in D:\Codeigniter\yayasan\vendor\codeigniter4\framework\system\Database\MySQLi\Connection.php:218
Stack trace:
#0 D:\Codeigniter\yayasan\vendor\codeigniter4\framework\system\Database\BaseConnection.php(391): CodeIgniter\Database\MySQLi\Connection->connect(false)
#1 D:\Codeigniter\yayasan\vendor\codeigniter4\framework\system\Database\BaseConnection.php(574): CodeIgniter\Database\BaseConnection->initialize()
#2 D:\Codeigniter\yayasan\app\Models\VisitorModel.php(15): CodeIgniter\Database\BaseConnection->query('SELECT * FROM t...')
#3 D:\Codeigniter\yayasan\app\Controllers\BaseController.php(67): App\Models\VisitorModel->count_visitor('::1', 'Chrome 133.0.0....')
#4 D:\Codeigniter\yayasan\vendor\codeigniter4\framework\system\CodeIgniter.php(905): App\Controllers\BaseController->initController(Object(CodeIgniter\HTTP\IncomingRequest), Object(CodeIgniter\HTTP\Response), Object(CodeIgniter\Log\Logger))
#5 D:\Codeigniter\yayasan\vendor\codeigniter4\framework\system\CodeIgniter.php(488): CodeIgniter\CodeIgniter->createController()
#6 D:\Codeigniter\yayasan\vendor\codeigniter4\framework\system\CodeIgniter.php(366): CodeIgniter\CodeIgniter->handleRequest(NULL, Object(Config\Cache), false)
#7 D:\Codeigniter\yayasan\public\index.php(67): CodeIgniter\CodeIgniter->run()
#8 D:\Codeigniter\yayasan\vendor\codeigniter4\framework\system\Commands\Server\rewrite.php(47): require_once('D:\\Codeigniter\\...')
#9 {main}
CRITICAL - 2025-02-27 22:00:29 --> Unable to connect to the database.
Main connection [MySQLi]: Access denied for user '****'@'localhost' (using password: YES)
in SYSTEMPATH\Database\BaseConnection.php on line 427.
 1 SYSTEMPATH\Database\BaseConnection.php(574): CodeIgniter\Database\BaseConnection->initialize()
 2 APPPATH\Models\VisitorModel.php(15): CodeIgniter\Database\BaseConnection->query('SELECT * FROM tbl_visitors WHERE visit_ip=\'::1\' AND DATE(visit_date)=CURDATE()')
 3 APPPATH\Controllers\BaseController.php(67): App\Models\VisitorModel->count_visitor('::1', 'Chrome 133.0.0.0')
 4 SYSTEMPATH\CodeIgniter.php(905): App\Controllers\BaseController->initController(Object(CodeIgniter\HTTP\IncomingRequest), Object(CodeIgniter\HTTP\Response), Object(CodeIgniter\Log\Logger))
 5 SYSTEMPATH\CodeIgniter.php(488): CodeIgniter\CodeIgniter->createController()
 6 SYSTEMPATH\CodeIgniter.php(366): CodeIgniter\CodeIgniter->handleRequest(null, Object(Config\Cache), false)
 7 FCPATH\index.php(67): CodeIgniter\CodeIgniter->run()
 8 SYSTEMPATH\Commands\Server\rewrite.php(47): require_once('D:\\Codeigniter\\yayasan\\public\\index.php')
>>>>>>> 7dc986bc946fd170b1780c2e13d2b15d29c11174
