ERROR - 2025-02-04 21:57:25 --> mysqli_sql_exception: The user specified as a definer ('unusia'@'localhost') does not exist in /Users/irchamali/Projects/ysgj/vendor/codeigniter4/framework/system/Database/MySQLi/Connection.php:295
Stack trace:
#0 /Users/irchamali/Projects/ysgj/vendor/codeigniter4/framework/system/Database/MySQLi/Connection.php(295): mysqli->query('SELECT COUNT(*)...', 0)
#1 /Users/irchamali/Projects/ysgj/vendor/codeigniter4/framework/system/Database/BaseConnection.php(692): CodeIgniter\Database\MySQLi\Connection->execute('SELECT COUNT(*)...')
#2 /Users/irchamali/Projects/ysgj/vendor/codeigniter4/framework/system/Database/BaseConnection.php(606): CodeIgniter\Database\BaseConnection->simpleQuery('SELECT COUNT(*)...')
#3 /Users/irchamali/Projects/ysgj/vendor/codeigniter4/framework/system/Database/BaseBuilder.php(1700): CodeIgniter\Database\BaseConnection->query('SELECT COUNT(*)...', Array, false)
#4 /Users/irchamali/Projects/ysgj/vendor/codeigniter4/framework/system/Model.php(606): CodeIgniter\Database\BaseBuilder->countAllResults(false)
#5 /Users/irchamali/Projects/ysgj/vendor/codeigniter4/framework/system/BaseModel.php(1188): CodeIgniter\Model->countAllResults(false)
#6 /Users/irchamali/Projects/ysgj/app/Models/PostviewModel.php(50): CodeIgniter\BaseModel->paginate(4, 'posts')
#7 /Users/irchamali/Projects/ysgj/app/Controllers/HomeController.php(34): App\Models\PostviewModel->getLatestPosts()
#8 /Users/irchamali/Projects/ysgj/vendor/codeigniter4/framework/system/CodeIgniter.php(932): App\Controllers\HomeController->index()
#9 /Users/irchamali/Projects/ysgj/vendor/codeigniter4/framework/system/CodeIgniter.php(497): CodeIgniter\CodeIgniter->runController(Object(App\Controllers\HomeController))
#10 /Users/irchamali/Projects/ysgj/vendor/codeigniter4/framework/system/CodeIgniter.php(366): CodeIgniter\CodeIgniter->handleRequest(NULL, Object(Config\Cache), false)
#11 /Users/irchamali/Projects/ysgj/public/index.php(67): CodeIgniter\CodeIgniter->run()
#12 /Users/irchamali/Projects/ysgj/vendor/codeigniter4/framework/system/Commands/Server/rewrite.php(47): require_once('/Users/irchamal...')
#13 {main}
ERROR - 2025-02-04 21:57:25 --> mysqli_sql_exception: The user specified as a definer ('unusia'@'localhost') does not exist in /Users/irchamali/Projects/ysgj/vendor/codeigniter4/framework/system/Database/MySQLi/Connection.php:295
Stack trace:
#0 /Users/irchamali/Projects/ysgj/vendor/codeigniter4/framework/system/Database/MySQLi/Connection.php(295): mysqli->query('SELECT *\nFROM `...', 0)
#1 /Users/irchamali/Projects/ysgj/vendor/codeigniter4/framework/system/Database/BaseConnection.php(692): CodeIgniter\Database\MySQLi\Connection->execute('SELECT *\nFROM `...')
#2 /Users/irchamali/Projects/ysgj/vendor/codeigniter4/framework/system/Database/BaseConnection.php(606): CodeIgniter\Database\BaseConnection->simpleQuery('SELECT *\nFROM `...')
#3 /Users/irchamali/Projects/ysgj/vendor/codeigniter4/framework/system/Database/BaseBuilder.php(1616): CodeIgniter\Database\BaseConnection->query('SELECT *\nFROM `...', Array, false)
#4 /Users/irchamali/Projects/ysgj/vendor/codeigniter4/framework/system/Model.php(241): CodeIgniter\Database\BaseBuilder->get()
#5 /Users/irchamali/Projects/ysgj/vendor/codeigniter4/framework/system/BaseModel.php(618): CodeIgniter\Model->doFindAll(4, 0)
#6 /Users/irchamali/Projects/ysgj/vendor/codeigniter4/framework/system/BaseModel.php(1192): CodeIgniter\BaseModel->findAll(4, 0)
#7 /Users/irchamali/Projects/ysgj/app/Models/PostviewModel.php(50): CodeIgniter\BaseModel->paginate(4, 'posts')
#8 /Users/irchamali/Projects/ysgj/app/Controllers/HomeController.php(34): App\Models\PostviewModel->getLatestPosts()
#9 /Users/irchamali/Projects/ysgj/vendor/codeigniter4/framework/system/CodeIgniter.php(932): App\Controllers\HomeController->index()
#10 /Users/irchamali/Projects/ysgj/vendor/codeigniter4/framework/system/CodeIgniter.php(497): CodeIgniter\CodeIgniter->runController(Object(App\Controllers\HomeController))
#11 /Users/irchamali/Projects/ysgj/vendor/codeigniter4/framework/system/CodeIgniter.php(366): CodeIgniter\CodeIgniter->handleRequest(NULL, Object(Config\Cache), false)
#12 /Users/irchamali/Projects/ysgj/public/index.php(67): CodeIgniter\CodeIgniter->run()
#13 /Users/irchamali/Projects/ysgj/vendor/codeigniter4/framework/system/Commands/Server/rewrite.php(47): require_once('/Users/irchamal...')
#14 {main}
CRITICAL - 2025-02-04 21:57:25 --> Call to a member function getResult() on bool
in SYSTEMPATH/Model.php on line 242.
 1 SYSTEMPATH/BaseModel.php(618): CodeIgniter\Model->doFindAll(4, 0)
 2 SYSTEMPATH/BaseModel.php(1192): CodeIgniter\BaseModel->findAll(4, 0)
 3 APPPATH/Models/PostviewModel.php(50): CodeIgniter\BaseModel->paginate(4, 'posts')
 4 APPPATH/Controllers/HomeController.php(34): App\Models\PostviewModel->getLatestPosts()
 5 SYSTEMPATH/CodeIgniter.php(932): App\Controllers\HomeController->index()
 6 SYSTEMPATH/CodeIgniter.php(497): CodeIgniter\CodeIgniter->runController(Object(App\Controllers\HomeController))
 7 SYSTEMPATH/CodeIgniter.php(366): CodeIgniter\CodeIgniter->handleRequest(null, Object(Config\Cache), false)
 8 FCPATH/index.php(67): CodeIgniter\CodeIgniter->run()
 9 SYSTEMPATH/Commands/Server/rewrite.php(47): require_once('/Users/irchamali/Projects/ysgj/public/index.php')
ERROR - 2025-02-04 22:00:12 --> mysqli_sql_exception: The user specified as a definer ('unusia'@'localhost') does not exist in /Users/irchamali/Projects/ysgj/vendor/codeigniter4/framework/system/Database/MySQLi/Connection.php:295
Stack trace:
#0 /Users/irchamali/Projects/ysgj/vendor/codeigniter4/framework/system/Database/MySQLi/Connection.php(295): mysqli->query('SELECT COUNT(*)...', 0)
#1 /Users/irchamali/Projects/ysgj/vendor/codeigniter4/framework/system/Database/BaseConnection.php(692): CodeIgniter\Database\MySQLi\Connection->execute('SELECT COUNT(*)...')
#2 /Users/irchamali/Projects/ysgj/vendor/codeigniter4/framework/system/Database/BaseConnection.php(606): CodeIgniter\Database\BaseConnection->simpleQuery('SELECT COUNT(*)...')
#3 /Users/irchamali/Projects/ysgj/vendor/codeigniter4/framework/system/Database/BaseBuilder.php(1700): CodeIgniter\Database\BaseConnection->query('SELECT COUNT(*)...', Array, false)
#4 /Users/irchamali/Projects/ysgj/vendor/codeigniter4/framework/system/Model.php(606): CodeIgniter\Database\BaseBuilder->countAllResults(false)
#5 /Users/irchamali/Projects/ysgj/vendor/codeigniter4/framework/system/BaseModel.php(1188): CodeIgniter\Model->countAllResults(false)
#6 /Users/irchamali/Projects/ysgj/app/Models/PostviewModel.php(50): CodeIgniter\BaseModel->paginate(4, 'posts')
#7 /Users/irchamali/Projects/ysgj/app/Controllers/HomeController.php(34): App\Models\PostviewModel->getLatestPosts()
#8 /Users/irchamali/Projects/ysgj/vendor/codeigniter4/framework/system/CodeIgniter.php(932): App\Controllers\HomeController->index()
#9 /Users/irchamali/Projects/ysgj/vendor/codeigniter4/framework/system/CodeIgniter.php(497): CodeIgniter\CodeIgniter->runController(Object(App\Controllers\HomeController))
#10 /Users/irchamali/Projects/ysgj/vendor/codeigniter4/framework/system/CodeIgniter.php(366): CodeIgniter\CodeIgniter->handleRequest(NULL, Object(Config\Cache), false)
#11 /Users/irchamali/Projects/ysgj/public/index.php(67): CodeIgniter\CodeIgniter->run()
#12 /Users/irchamali/Projects/ysgj/vendor/codeigniter4/framework/system/Commands/Server/rewrite.php(47): require_once('/Users/irchamal...')
#13 {main}
ERROR - 2025-02-04 22:00:12 --> mysqli_sql_exception: The user specified as a definer ('unusia'@'localhost') does not exist in /Users/irchamali/Projects/ysgj/vendor/codeigniter4/framework/system/Database/MySQLi/Connection.php:295
Stack trace:
#0 /Users/irchamali/Projects/ysgj/vendor/codeigniter4/framework/system/Database/MySQLi/Connection.php(295): mysqli->query('SELECT *\nFROM `...', 0)
#1 /Users/irchamali/Projects/ysgj/vendor/codeigniter4/framework/system/Database/BaseConnection.php(692): CodeIgniter\Database\MySQLi\Connection->execute('SELECT *\nFROM `...')
#2 /Users/irchamali/Projects/ysgj/vendor/codeigniter4/framework/system/Database/BaseConnection.php(606): CodeIgniter\Database\BaseConnection->simpleQuery('SELECT *\nFROM `...')
#3 /Users/irchamali/Projects/ysgj/vendor/codeigniter4/framework/system/Database/BaseBuilder.php(1616): CodeIgniter\Database\BaseConnection->query('SELECT *\nFROM `...', Array, false)
#4 /Users/irchamali/Projects/ysgj/vendor/codeigniter4/framework/system/Model.php(241): CodeIgniter\Database\BaseBuilder->get()
#5 /Users/irchamali/Projects/ysgj/vendor/codeigniter4/framework/system/BaseModel.php(618): CodeIgniter\Model->doFindAll(4, 0)
#6 /Users/irchamali/Projects/ysgj/vendor/codeigniter4/framework/system/BaseModel.php(1192): CodeIgniter\BaseModel->findAll(4, 0)
#7 /Users/irchamali/Projects/ysgj/app/Models/PostviewModel.php(50): CodeIgniter\BaseModel->paginate(4, 'posts')
#8 /Users/irchamali/Projects/ysgj/app/Controllers/HomeController.php(34): App\Models\PostviewModel->getLatestPosts()
#9 /Users/irchamali/Projects/ysgj/vendor/codeigniter4/framework/system/CodeIgniter.php(932): App\Controllers\HomeController->index()
#10 /Users/irchamali/Projects/ysgj/vendor/codeigniter4/framework/system/CodeIgniter.php(497): CodeIgniter\CodeIgniter->runController(Object(App\Controllers\HomeController))
#11 /Users/irchamali/Projects/ysgj/vendor/codeigniter4/framework/system/CodeIgniter.php(366): CodeIgniter\CodeIgniter->handleRequest(NULL, Object(Config\Cache), false)
#12 /Users/irchamali/Projects/ysgj/public/index.php(67): CodeIgniter\CodeIgniter->run()
#13 /Users/irchamali/Projects/ysgj/vendor/codeigniter4/framework/system/Commands/Server/rewrite.php(47): require_once('/Users/irchamal...')
#14 {main}
CRITICAL - 2025-02-04 22:00:12 --> Call to a member function getResult() on bool
in SYSTEMPATH/Model.php on line 242.
 1 SYSTEMPATH/BaseModel.php(618): CodeIgniter\Model->doFindAll(4, 0)
 2 SYSTEMPATH/BaseModel.php(1192): CodeIgniter\BaseModel->findAll(4, 0)
 3 APPPATH/Models/PostviewModel.php(50): CodeIgniter\BaseModel->paginate(4, 'posts')
 4 APPPATH/Controllers/HomeController.php(34): App\Models\PostviewModel->getLatestPosts()
 5 SYSTEMPATH/CodeIgniter.php(932): App\Controllers\HomeController->index()
 6 SYSTEMPATH/CodeIgniter.php(497): CodeIgniter\CodeIgniter->runController(Object(App\Controllers\HomeController))
 7 SYSTEMPATH/CodeIgniter.php(366): CodeIgniter\CodeIgniter->handleRequest(null, Object(Config\Cache), false)
 8 FCPATH/index.php(67): CodeIgniter\CodeIgniter->run()
 9 SYSTEMPATH/Commands/Server/rewrite.php(47): require_once('/Users/irchamali/Projects/ysgj/public/index.php')
