CRITICAL - 2023-08-06 02:05:06 --> Undefined property: App\Controllers\Admin\SliderAdminController::$active
in APPPATH\Controllers\Admin\SliderAdminController.php on line 25.
 1 APPPATH\Controllers\Admin\SliderAdminController.php(25): CodeIgniter\Debug\Exceptions->errorHandler(8, 'Undefined property: App\\Controllers\\Admin\\SliderAdminController::$active', 'D:\\Codeigniter\\lppmi-unusia\\app\\Controllers\\Admin\\SliderAdminController.php', 25, [])
 2 SYSTEMPATH\CodeIgniter.php(932): App\Controllers\Admin\SliderAdminController->index()
 3 SYSTEMPATH\CodeIgniter.php(497): CodeIgniter\CodeIgniter->runController(Object(App\Controllers\Admin\SliderAdminController))
 4 SYSTEMPATH\CodeIgniter.php(366): CodeIgniter\CodeIgniter->handleRequest(null, Object(Config\Cache), false)
 5 FCPATH\index.php(67): CodeIgniter\CodeIgniter->run()
 6 SYSTEMPATH\Commands\Server\rewrite.php(47): require_once('D:\\Codeigniter\\lppmi-unusia\\public\\index.php')
CRITICAL - 2023-08-06 02:07:46 --> Undefined variable: active
in APPPATH\Views\layout\sidebar-dashboard.php on line 135.
 1 APPPATH\Views\layout\sidebar-dashboard.php(135): CodeIgniter\Debug\Exceptions->errorHandler(8, 'Undefined variable: active', 'D:\\Codeigniter\\lppmi-unusia\\app\\Views\\layout\\sidebar-dashboard.php', 135, [...])
 2 SYSTEMPATH\View\View.php(224): include('D:\\Codeigniter\\lppmi-unusia\\app\\Views\\layout\\sidebar-dashboard.php')
 3 SYSTEMPATH\View\View.php(227): CodeIgniter\View\View->CodeIgniter\View\{closure}()
 4 SYSTEMPATH\View\View.php(452): CodeIgniter\View\View->render('layout/sidebar-dashboard', null, true)
 5 APPPATH\Views\admin\v_slider.php(47): CodeIgniter\View\View->include('layout/sidebar-dashboard')
 6 SYSTEMPATH\View\View.php(224): include('D:\\Codeigniter\\lppmi-unusia\\app\\Views\\admin\\v_slider.php')
 7 SYSTEMPATH\View\View.php(227): CodeIgniter\View\View->CodeIgniter\View\{closure}()
 8 SYSTEMPATH\Common.php(1180): CodeIgniter\View\View->render('admin/v_slider', [], true)
 9 APPPATH\Controllers\Admin\SliderAdminController.php(36): view('admin/v_slider', [...])
10 SYSTEMPATH\CodeIgniter.php(932): App\Controllers\Admin\SliderAdminController->index()
11 SYSTEMPATH\CodeIgniter.php(497): CodeIgniter\CodeIgniter->runController(Object(App\Controllers\Admin\SliderAdminController))
12 SYSTEMPATH\CodeIgniter.php(366): CodeIgniter\CodeIgniter->handleRequest(null, Object(Config\Cache), false)
13 FCPATH\index.php(67): CodeIgniter\CodeIgniter->run()
14 SYSTEMPATH\Commands\Server\rewrite.php(47): require_once('D:\\Codeigniter\\lppmi-unusia\\public\\index.php')
CRITICAL - 2023-08-06 02:08:47 --> Undefined property: App\Controllers\Admin\SliderAdminController::$active
in APPPATH\Controllers\Admin\SliderAdminController.php on line 25.
 1 APPPATH\Controllers\Admin\SliderAdminController.php(25): CodeIgniter\Debug\Exceptions->errorHandler(8, 'Undefined property: App\\Controllers\\Admin\\SliderAdminController::$active', 'D:\\Codeigniter\\lppmi-unusia\\app\\Controllers\\Admin\\SliderAdminController.php', 25, [])
 2 SYSTEMPATH\CodeIgniter.php(932): App\Controllers\Admin\SliderAdminController->index()
 3 SYSTEMPATH\CodeIgniter.php(497): CodeIgniter\CodeIgniter->runController(Object(App\Controllers\Admin\SliderAdminController))
 4 SYSTEMPATH\CodeIgniter.php(366): CodeIgniter\CodeIgniter->handleRequest(null, Object(Config\Cache), false)
 5 FCPATH\index.php(67): CodeIgniter\CodeIgniter->run()
 6 SYSTEMPATH\Commands\Server\rewrite.php(47): require_once('D:\\Codeigniter\\lppmi-unusia\\public\\index.php')
CRITICAL - 2023-08-06 02:12:23 --> Undefined property: App\Controllers\Admin\SliderAdminController::$active
in APPPATH\Controllers\Admin\SliderAdminController.php on line 25.
 1 APPPATH\Controllers\Admin\SliderAdminController.php(25): CodeIgniter\Debug\Exceptions->errorHandler(8, 'Undefined property: App\\Controllers\\Admin\\SliderAdminController::$active', 'D:\\Codeigniter\\lppmi-unusia\\app\\Controllers\\Admin\\SliderAdminController.php', 25, [])
 2 SYSTEMPATH\CodeIgniter.php(932): App\Controllers\Admin\SliderAdminController->index()
 3 SYSTEMPATH\CodeIgniter.php(497): CodeIgniter\CodeIgniter->runController(Object(App\Controllers\Admin\SliderAdminController))
 4 SYSTEMPATH\CodeIgniter.php(366): CodeIgniter\CodeIgniter->handleRequest(null, Object(Config\Cache), false)
 5 FCPATH\index.php(67): CodeIgniter\CodeIgniter->run()
 6 SYSTEMPATH\Commands\Server\rewrite.php(47): require_once('D:\\Codeigniter\\lppmi-unusia\\public\\index.php')
CRITICAL - 2023-08-06 02:14:07 --> Undefined property: App\Controllers\Admin\SliderAdminController::$active
in APPPATH\Controllers\Admin\SliderAdminController.php on line 25.
 1 APPPATH\Controllers\Admin\SliderAdminController.php(25): CodeIgniter\Debug\Exceptions->errorHandler(8, 'Undefined property: App\\Controllers\\Admin\\SliderAdminController::$active', 'D:\\Codeigniter\\lppmi-unusia\\app\\Controllers\\Admin\\SliderAdminController.php', 25, [])
 2 SYSTEMPATH\CodeIgniter.php(932): App\Controllers\Admin\SliderAdminController->index()
 3 SYSTEMPATH\CodeIgniter.php(497): CodeIgniter\CodeIgniter->runController(Object(App\Controllers\Admin\SliderAdminController))
 4 SYSTEMPATH\CodeIgniter.php(366): CodeIgniter\CodeIgniter->handleRequest(null, Object(Config\Cache), false)
 5 FCPATH\index.php(67): CodeIgniter\CodeIgniter->run()
 6 SYSTEMPATH\Commands\Server\rewrite.php(47): require_once('D:\\Codeigniter\\lppmi-unusia\\public\\index.php')
CRITICAL - 2023-08-06 02:17:50 --> Undefined property: App\Controllers\Admin\SliderAdminController::$load
in APPPATH\Controllers\Admin\SliderAdminController.php on line 16.
 1 APPPATH\Controllers\Admin\SliderAdminController.php(16): CodeIgniter\Debug\Exceptions->errorHandler(8, 'Undefined property: App\\Controllers\\Admin\\SliderAdminController::$load', 'D:\\Codeigniter\\lppmi-unusia\\app\\Controllers\\Admin\\SliderAdminController.php', 16, [])
 2 SYSTEMPATH\CodeIgniter.php(904): App\Controllers\Admin\SliderAdminController->__construct()
 3 SYSTEMPATH\CodeIgniter.php(488): CodeIgniter\CodeIgniter->createController()
 4 SYSTEMPATH\CodeIgniter.php(366): CodeIgniter\CodeIgniter->handleRequest(null, Object(Config\Cache), false)
 5 FCPATH\index.php(67): CodeIgniter\CodeIgniter->run()
 6 SYSTEMPATH\Commands\Server\rewrite.php(47): require_once('D:\\Codeigniter\\lppmi-unusia\\public\\index.php')
CRITICAL - 2023-08-06 02:19:26 --> Undefined property: App\Controllers\Admin\SliderAdminController::$active
in APPPATH\Controllers\Admin\SliderAdminController.php on line 25.
 1 APPPATH\Controllers\Admin\SliderAdminController.php(25): CodeIgniter\Debug\Exceptions->errorHandler(8, 'Undefined property: App\\Controllers\\Admin\\SliderAdminController::$active', 'D:\\Codeigniter\\lppmi-unusia\\app\\Controllers\\Admin\\SliderAdminController.php', 25, [])
 2 SYSTEMPATH\CodeIgniter.php(932): App\Controllers\Admin\SliderAdminController->index()
 3 SYSTEMPATH\CodeIgniter.php(497): CodeIgniter\CodeIgniter->runController(Object(App\Controllers\Admin\SliderAdminController))
 4 SYSTEMPATH\CodeIgniter.php(366): CodeIgniter\CodeIgniter->handleRequest(null, Object(Config\Cache), false)
 5 FCPATH\index.php(67): CodeIgniter\CodeIgniter->run()
 6 SYSTEMPATH\Commands\Server\rewrite.php(47): require_once('D:\\Codeigniter\\lppmi-unusia\\public\\index.php')
CRITICAL - 2023-08-06 09:44:00 --> Undefined variable: unit
in APPPATH\Controllers\Admin\DocsAdminController.php on line 76.
 1 APPPATH\Controllers\Admin\DocsAdminController.php(76): CodeIgniter\Debug\Exceptions->errorHandler(8, 'Undefined variable: unit', 'D:\\Codeigniter\\lppmi-unusia\\app\\Controllers\\Admin\\DocsAdminController.php', 76, [...])
 2 SYSTEMPATH\CodeIgniter.php(932): App\Controllers\Admin\DocsAdminController->insert()
 3 SYSTEMPATH\CodeIgniter.php(497): CodeIgniter\CodeIgniter->runController(Object(App\Controllers\Admin\DocsAdminController))
 4 SYSTEMPATH\CodeIgniter.php(366): CodeIgniter\CodeIgniter->handleRequest(null, Object(Config\Cache), false)
 5 FCPATH\index.php(67): CodeIgniter\CodeIgniter->run()
 6 SYSTEMPATH\Commands\Server\rewrite.php(47): require_once('D:\\Codeigniter\\lppmi-unusia\\public\\index.php')
ERROR - 2023-08-06 09:58:14 --> mysqli_sql_exception: Unknown column 'docs_category' in 'field list' in D:\Codeigniter\lppmi-unusia\vendor\codeigniter4\framework\system\Database\MySQLi\Connection.php:295
Stack trace:
#0 D:\Codeigniter\lppmi-unusia\vendor\codeigniter4\framework\system\Database\MySQLi\Connection.php(295): mysqli->query('INSERT INTO `tb...', 0)
#1 D:\Codeigniter\lppmi-unusia\vendor\codeigniter4\framework\system\Database\BaseConnection.php(692): CodeIgniter\Database\MySQLi\Connection->execute('INSERT INTO `tb...')
#2 D:\Codeigniter\lppmi-unusia\vendor\codeigniter4\framework\system\Database\BaseConnection.php(606): CodeIgniter\Database\BaseConnection->simpleQuery('INSERT INTO `tb...')
#3 D:\Codeigniter\lppmi-unusia\vendor\codeigniter4\framework\system\Database\BaseBuilder.php(2309): CodeIgniter\Database\BaseConnection->query('INSERT INTO `tb...', Array, false)
#4 D:\Codeigniter\lppmi-unusia\vendor\codeigniter4\framework\system\Model.php(330): CodeIgniter\Database\BaseBuilder->insert()
#5 D:\Codeigniter\lppmi-unusia\vendor\codeigniter4\framework\system\BaseModel.php(782): CodeIgniter\Model->doInsert(Array)
#6 D:\Codeigniter\lppmi-unusia\vendor\codeigniter4\framework\system\Model.php(730): CodeIgniter\BaseModel->insert(Array, false)
#7 D:\Codeigniter\lppmi-unusia\vendor\codeigniter4\framework\system\BaseModel.php(692): CodeIgniter\Model->insert(Array, false)
#8 D:\Codeigniter\lppmi-unusia\app\Controllers\Admin\DocsAdminController.php(79): CodeIgniter\BaseModel->save(Array)
#9 D:\Codeigniter\lppmi-unusia\vendor\codeigniter4\framework\system\CodeIgniter.php(932): App\Controllers\Admin\DocsAdminController->insert()
#10 D:\Codeigniter\lppmi-unusia\vendor\codeigniter4\framework\system\CodeIgniter.php(497): CodeIgniter\CodeIgniter->runController(Object(App\Controllers\Admin\DocsAdminController))
#11 D:\Codeigniter\lppmi-unusia\vendor\codeigniter4\framework\system\CodeIgniter.php(366): CodeIgniter\CodeIgniter->handleRequest(NULL, Object(Config\Cache), false)
#12 D:\Codeigniter\lppmi-unusia\public\index.php(67): CodeIgniter\CodeIgniter->run()
#13 D:\Codeigniter\lppmi-unusia\vendor\codeigniter4\framework\system\Commands\Server\rewrite.php(47): require_once('D:\\Codeigniter\\...')
#14 {main}
CRITICAL - 2023-08-06 09:58:14 --> Unknown column 'docs_category' in 'field list'
in SYSTEMPATH\Database\MySQLi\Connection.php on line 295.
 1 SYSTEMPATH\Database\MySQLi\Connection.php(295): mysqli->query('INSERT INTO `tbl_document` (`docs_name`, `docs_unit`, `docs_link`, `docs_category`, `slider_created_at`, `slider_updated_at`) VALUES (\'SPMI Buku 1: Kebijakan Standar Penjaminan Mutu Internal \', \'LPM UNUSIA\', \'https://drive.google.com/file/d/1v5wyh0GqE4Xi-DHL8I7xIZOUthhsq6Bv/view?usp=sharing\', \'1\', \'2023-08-06 09:58:14\', \'2023-08-06 09:58:14\')', 0)
 2 SYSTEMPATH\Database\BaseConnection.php(692): CodeIgniter\Database\MySQLi\Connection->execute('INSERT INTO `tbl_document` (`docs_name`, `docs_unit`, `docs_link`, `docs_category`, `slider_created_at`, `slider_updated_at`) VALUES (\'SPMI Buku 1: Kebijakan Standar Penjaminan Mutu Internal \', \'LPM UNUSIA\', \'https://drive.google.com/file/d/1v5wyh0GqE4Xi-DHL8I7xIZOUthhsq6Bv/view?usp=sharing\', \'1\', \'2023-08-06 09:58:14\', \'2023-08-06 09:58:14\')')
 3 SYSTEMPATH\Database\BaseConnection.php(606): CodeIgniter\Database\BaseConnection->simpleQuery('INSERT INTO `tbl_document` (`docs_name`, `docs_unit`, `docs_link`, `docs_category`, `slider_created_at`, `slider_updated_at`) VALUES (\'SPMI Buku 1: Kebijakan Standar Penjaminan Mutu Internal \', \'LPM UNUSIA\', \'https://drive.google.com/file/d/1v5wyh0GqE4Xi-DHL8I7xIZOUthhsq6Bv/view?usp=sharing\', \'1\', \'2023-08-06 09:58:14\', \'2023-08-06 09:58:14\')')
 4 SYSTEMPATH\Database\BaseBuilder.php(2309): CodeIgniter\Database\BaseConnection->query('INSERT INTO `tbl_document` (`docs_name`, `docs_unit`, `docs_link`, `docs_category`, `slider_created_at`, `slider_updated_at`) VALUES (:docs_name:, :docs_unit:, :docs_link:, :docs_category:, :slider_created_at:, :slider_updated_at:)', [...], false)
 5 SYSTEMPATH\Model.php(330): CodeIgniter\Database\BaseBuilder->insert()
 6 SYSTEMPATH\BaseModel.php(782): CodeIgniter\Model->doInsert([...])
 7 SYSTEMPATH\Model.php(730): CodeIgniter\BaseModel->insert([...], false)
 8 SYSTEMPATH\BaseModel.php(692): CodeIgniter\Model->insert([...], false)
 9 APPPATH\Controllers\Admin\DocsAdminController.php(79): CodeIgniter\BaseModel->save([...])
10 SYSTEMPATH\CodeIgniter.php(932): App\Controllers\Admin\DocsAdminController->insert()
11 SYSTEMPATH\CodeIgniter.php(497): CodeIgniter\CodeIgniter->runController(Object(App\Controllers\Admin\DocsAdminController))
12 SYSTEMPATH\CodeIgniter.php(366): CodeIgniter\CodeIgniter->handleRequest(null, Object(Config\Cache), false)
13 FCPATH\index.php(67): CodeIgniter\CodeIgniter->run()
14 SYSTEMPATH\Commands\Server\rewrite.php(47): require_once('D:\\Codeigniter\\lppmi-unusia\\public\\index.php')
ERROR - 2023-08-06 09:59:55 --> mysqli_sql_exception: Unknown column 'docs_category' in 'field list' in D:\Codeigniter\lppmi-unusia\vendor\codeigniter4\framework\system\Database\MySQLi\Connection.php:295
Stack trace:
#0 D:\Codeigniter\lppmi-unusia\vendor\codeigniter4\framework\system\Database\MySQLi\Connection.php(295): mysqli->query('INSERT INTO `tb...', 0)
#1 D:\Codeigniter\lppmi-unusia\vendor\codeigniter4\framework\system\Database\BaseConnection.php(692): CodeIgniter\Database\MySQLi\Connection->execute('INSERT INTO `tb...')
#2 D:\Codeigniter\lppmi-unusia\vendor\codeigniter4\framework\system\Database\BaseConnection.php(606): CodeIgniter\Database\BaseConnection->simpleQuery('INSERT INTO `tb...')
#3 D:\Codeigniter\lppmi-unusia\vendor\codeigniter4\framework\system\Database\BaseBuilder.php(2309): CodeIgniter\Database\BaseConnection->query('INSERT INTO `tb...', Array, false)
#4 D:\Codeigniter\lppmi-unusia\vendor\codeigniter4\framework\system\Model.php(330): CodeIgniter\Database\BaseBuilder->insert()
#5 D:\Codeigniter\lppmi-unusia\vendor\codeigniter4\framework\system\BaseModel.php(782): CodeIgniter\Model->doInsert(Array)
#6 D:\Codeigniter\lppmi-unusia\vendor\codeigniter4\framework\system\Model.php(730): CodeIgniter\BaseModel->insert(Array, false)
#7 D:\Codeigniter\lppmi-unusia\vendor\codeigniter4\framework\system\BaseModel.php(692): CodeIgniter\Model->insert(Array, false)
#8 D:\Codeigniter\lppmi-unusia\app\Controllers\Admin\DocsAdminController.php(79): CodeIgniter\BaseModel->save(Array)
#9 D:\Codeigniter\lppmi-unusia\vendor\codeigniter4\framework\system\CodeIgniter.php(932): App\Controllers\Admin\DocsAdminController->insert()
#10 D:\Codeigniter\lppmi-unusia\vendor\codeigniter4\framework\system\CodeIgniter.php(497): CodeIgniter\CodeIgniter->runController(Object(App\Controllers\Admin\DocsAdminController))
#11 D:\Codeigniter\lppmi-unusia\vendor\codeigniter4\framework\system\CodeIgniter.php(366): CodeIgniter\CodeIgniter->handleRequest(NULL, Object(Config\Cache), false)
#12 D:\Codeigniter\lppmi-unusia\public\index.php(67): CodeIgniter\CodeIgniter->run()
#13 D:\Codeigniter\lppmi-unusia\vendor\codeigniter4\framework\system\Commands\Server\rewrite.php(47): require_once('D:\\Codeigniter\\...')
#14 {main}
CRITICAL - 2023-08-06 09:59:55 --> Unknown column 'docs_category' in 'field list'
in SYSTEMPATH\Database\MySQLi\Connection.php on line 295.
 1 SYSTEMPATH\Database\MySQLi\Connection.php(295): mysqli->query('INSERT INTO `tbl_document` (`docs_name`, `docs_unit`, `docs_link`, `docs_category`, `slider_created_at`, `slider_updated_at`) VALUES (\'SPMI Buku 1: Kebijakan Standar Penjaminan Mutu Internal \', \'LPM UNUSIA\', \'https://drive.google.com/file/d/1v5wyh0GqE4Xi-DHL8I7xIZOUthhsq6Bv/view?usp=sharing\', \'ok\', \'2023-08-06 09:59:55\', \'2023-08-06 09:59:55\')', 0)
 2 SYSTEMPATH\Database\BaseConnection.php(692): CodeIgniter\Database\MySQLi\Connection->execute('INSERT INTO `tbl_document` (`docs_name`, `docs_unit`, `docs_link`, `docs_category`, `slider_created_at`, `slider_updated_at`) VALUES (\'SPMI Buku 1: Kebijakan Standar Penjaminan Mutu Internal \', \'LPM UNUSIA\', \'https://drive.google.com/file/d/1v5wyh0GqE4Xi-DHL8I7xIZOUthhsq6Bv/view?usp=sharing\', \'ok\', \'2023-08-06 09:59:55\', \'2023-08-06 09:59:55\')')
 3 SYSTEMPATH\Database\BaseConnection.php(606): CodeIgniter\Database\BaseConnection->simpleQuery('INSERT INTO `tbl_document` (`docs_name`, `docs_unit`, `docs_link`, `docs_category`, `slider_created_at`, `slider_updated_at`) VALUES (\'SPMI Buku 1: Kebijakan Standar Penjaminan Mutu Internal \', \'LPM UNUSIA\', \'https://drive.google.com/file/d/1v5wyh0GqE4Xi-DHL8I7xIZOUthhsq6Bv/view?usp=sharing\', \'ok\', \'2023-08-06 09:59:55\', \'2023-08-06 09:59:55\')')
 4 SYSTEMPATH\Database\BaseBuilder.php(2309): CodeIgniter\Database\BaseConnection->query('INSERT INTO `tbl_document` (`docs_name`, `docs_unit`, `docs_link`, `docs_category`, `slider_created_at`, `slider_updated_at`) VALUES (:docs_name:, :docs_unit:, :docs_link:, :docs_category:, :slider_created_at:, :slider_updated_at:)', [...], false)
 5 SYSTEMPATH\Model.php(330): CodeIgniter\Database\BaseBuilder->insert()
 6 SYSTEMPATH\BaseModel.php(782): CodeIgniter\Model->doInsert([...])
 7 SYSTEMPATH\Model.php(730): CodeIgniter\BaseModel->insert([...], false)
 8 SYSTEMPATH\BaseModel.php(692): CodeIgniter\Model->insert([...], false)
 9 APPPATH\Controllers\Admin\DocsAdminController.php(79): CodeIgniter\BaseModel->save([...])
10 SYSTEMPATH\CodeIgniter.php(932): App\Controllers\Admin\DocsAdminController->insert()
11 SYSTEMPATH\CodeIgniter.php(497): CodeIgniter\CodeIgniter->runController(Object(App\Controllers\Admin\DocsAdminController))
12 SYSTEMPATH\CodeIgniter.php(366): CodeIgniter\CodeIgniter->handleRequest(null, Object(Config\Cache), false)
13 FCPATH\index.php(67): CodeIgniter\CodeIgniter->run()
14 SYSTEMPATH\Commands\Server\rewrite.php(47): require_once('D:\\Codeigniter\\lppmi-unusia\\public\\index.php')
ERROR - 2023-08-06 10:01:52 --> mysqli_sql_exception: Unknown column 'slider_created_at' in 'field list' in D:\Codeigniter\lppmi-unusia\vendor\codeigniter4\framework\system\Database\MySQLi\Connection.php:295
Stack trace:
#0 D:\Codeigniter\lppmi-unusia\vendor\codeigniter4\framework\system\Database\MySQLi\Connection.php(295): mysqli->query('INSERT INTO `tb...', 0)
#1 D:\Codeigniter\lppmi-unusia\vendor\codeigniter4\framework\system\Database\BaseConnection.php(692): CodeIgniter\Database\MySQLi\Connection->execute('INSERT INTO `tb...')
#2 D:\Codeigniter\lppmi-unusia\vendor\codeigniter4\framework\system\Database\BaseConnection.php(606): CodeIgniter\Database\BaseConnection->simpleQuery('INSERT INTO `tb...')
#3 D:\Codeigniter\lppmi-unusia\vendor\codeigniter4\framework\system\Database\BaseBuilder.php(2309): CodeIgniter\Database\BaseConnection->query('INSERT INTO `tb...', Array, false)
#4 D:\Codeigniter\lppmi-unusia\vendor\codeigniter4\framework\system\Model.php(330): CodeIgniter\Database\BaseBuilder->insert()
#5 D:\Codeigniter\lppmi-unusia\vendor\codeigniter4\framework\system\BaseModel.php(782): CodeIgniter\Model->doInsert(Array)
#6 D:\Codeigniter\lppmi-unusia\vendor\codeigniter4\framework\system\Model.php(730): CodeIgniter\BaseModel->insert(Array, false)
#7 D:\Codeigniter\lppmi-unusia\vendor\codeigniter4\framework\system\BaseModel.php(692): CodeIgniter\Model->insert(Array, false)
#8 D:\Codeigniter\lppmi-unusia\app\Controllers\Admin\DocsAdminController.php(79): CodeIgniter\BaseModel->save(Array)
#9 D:\Codeigniter\lppmi-unusia\vendor\codeigniter4\framework\system\CodeIgniter.php(932): App\Controllers\Admin\DocsAdminController->insert()
#10 D:\Codeigniter\lppmi-unusia\vendor\codeigniter4\framework\system\CodeIgniter.php(497): CodeIgniter\CodeIgniter->runController(Object(App\Controllers\Admin\DocsAdminController))
#11 D:\Codeigniter\lppmi-unusia\vendor\codeigniter4\framework\system\CodeIgniter.php(366): CodeIgniter\CodeIgniter->handleRequest(NULL, Object(Config\Cache), false)
#12 D:\Codeigniter\lppmi-unusia\public\index.php(67): CodeIgniter\CodeIgniter->run()
#13 D:\Codeigniter\lppmi-unusia\vendor\codeigniter4\framework\system\Commands\Server\rewrite.php(47): require_once('D:\\Codeigniter\\...')
#14 {main}
CRITICAL - 2023-08-06 10:01:53 --> Unknown column 'slider_created_at' in 'field list'
in SYSTEMPATH\Database\MySQLi\Connection.php on line 295.
 1 SYSTEMPATH\Database\MySQLi\Connection.php(295): mysqli->query('INSERT INTO `tbl_document` (`docs_name`, `docs_unit`, `docs_link`, `docs_category_id`, `slider_created_at`, `slider_updated_at`) VALUES (\'SPMI Buku 1: Kebijakan Standar Penjaminan Mutu Internal \', \'LPM UNUSIA\', \'https://drive.google.com/file/d/1v5wyh0GqE4Xi-DHL8I7xIZOUthhsq6Bv/view?usp=sharing\', \'ok\', \'2023-08-06 10:01:52\', \'2023-08-06 10:01:52\')', 0)
 2 SYSTEMPATH\Database\BaseConnection.php(692): CodeIgniter\Database\MySQLi\Connection->execute('INSERT INTO `tbl_document` (`docs_name`, `docs_unit`, `docs_link`, `docs_category_id`, `slider_created_at`, `slider_updated_at`) VALUES (\'SPMI Buku 1: Kebijakan Standar Penjaminan Mutu Internal \', \'LPM UNUSIA\', \'https://drive.google.com/file/d/1v5wyh0GqE4Xi-DHL8I7xIZOUthhsq6Bv/view?usp=sharing\', \'ok\', \'2023-08-06 10:01:52\', \'2023-08-06 10:01:52\')')
 3 SYSTEMPATH\Database\BaseConnection.php(606): CodeIgniter\Database\BaseConnection->simpleQuery('INSERT INTO `tbl_document` (`docs_name`, `docs_unit`, `docs_link`, `docs_category_id`, `slider_created_at`, `slider_updated_at`) VALUES (\'SPMI Buku 1: Kebijakan Standar Penjaminan Mutu Internal \', \'LPM UNUSIA\', \'https://drive.google.com/file/d/1v5wyh0GqE4Xi-DHL8I7xIZOUthhsq6Bv/view?usp=sharing\', \'ok\', \'2023-08-06 10:01:52\', \'2023-08-06 10:01:52\')')
 4 SYSTEMPATH\Database\BaseBuilder.php(2309): CodeIgniter\Database\BaseConnection->query('INSERT INTO `tbl_document` (`docs_name`, `docs_unit`, `docs_link`, `docs_category_id`, `slider_created_at`, `slider_updated_at`) VALUES (:docs_name:, :docs_unit:, :docs_link:, :docs_category_id:, :slider_created_at:, :slider_updated_at:)', [...], false)
 5 SYSTEMPATH\Model.php(330): CodeIgniter\Database\BaseBuilder->insert()
 6 SYSTEMPATH\BaseModel.php(782): CodeIgniter\Model->doInsert([...])
 7 SYSTEMPATH\Model.php(730): CodeIgniter\BaseModel->insert([...], false)
 8 SYSTEMPATH\BaseModel.php(692): CodeIgniter\Model->insert([...], false)
 9 APPPATH\Controllers\Admin\DocsAdminController.php(79): CodeIgniter\BaseModel->save([...])
10 SYSTEMPATH\CodeIgniter.php(932): App\Controllers\Admin\DocsAdminController->insert()
11 SYSTEMPATH\CodeIgniter.php(497): CodeIgniter\CodeIgniter->runController(Object(App\Controllers\Admin\DocsAdminController))
12 SYSTEMPATH\CodeIgniter.php(366): CodeIgniter\CodeIgniter->handleRequest(null, Object(Config\Cache), false)
13 FCPATH\index.php(67): CodeIgniter\CodeIgniter->run()
14 SYSTEMPATH\Commands\Server\rewrite.php(47): require_once('D:\\Codeigniter\\lppmi-unusia\\public\\index.php')
CRITICAL - 2023-08-06 10:02:27 --> Undefined index: docs_category
in APPPATH\Views\admin\v_document.php on line 84.
 1 APPPATH\Views\admin\v_document.php(84): CodeIgniter\Debug\Exceptions->errorHandler(8, 'Undefined index: docs_category', 'D:\\Codeigniter\\lppmi-unusia\\app\\Views\\admin\\v_document.php', 84, [...])
 2 SYSTEMPATH\View\View.php(224): include('D:\\Codeigniter\\lppmi-unusia\\app\\Views\\admin\\v_document.php')
 3 SYSTEMPATH\View\View.php(227): CodeIgniter\View\View->CodeIgniter\View\{closure}()
 4 SYSTEMPATH\Common.php(1180): CodeIgniter\View\View->render('admin/v_document', [], true)
 5 APPPATH\Controllers\Admin\DocsAdminController.php(36): view('admin/v_document', [...])
 6 SYSTEMPATH\CodeIgniter.php(932): App\Controllers\Admin\DocsAdminController->index()
 7 SYSTEMPATH\CodeIgniter.php(497): CodeIgniter\CodeIgniter->runController(Object(App\Controllers\Admin\DocsAdminController))
 8 SYSTEMPATH\CodeIgniter.php(366): CodeIgniter\CodeIgniter->handleRequest(null, Object(Config\Cache), false)
 9 FCPATH\index.php(67): CodeIgniter\CodeIgniter->run()
10 SYSTEMPATH\Commands\Server\rewrite.php(47): require_once('D:\\Codeigniter\\lppmi-unusia\\public\\index.php')
