CRITICAL - 2026-04-02 07:38:03 --> ini_set(): Session ini settings cannot be changed after headers have already been sent
in SYSTEMPATH/Session/Handlers/FileHandler.php on line 72.
 1 [internal function]: CodeIgniter\Debug\Exceptions->errorHandler(2, 'ini_set(): Session ini settings cannot be changed after headers have already been sent', '/Users/irchamali/Projects/ci/yayasan/vendor/codeigniter4/framework/system/Session/Handlers/FileHandler.php', 72)
 2 SYSTEMPATH/Session/Handlers/FileHandler.php(72): ini_set('session.save_path', '/Users/irchamali/Projects/ci/yayasan/writable/session')
 3 SYSTEMPATH/Config/Services.php(667): CodeIgniter\Session\Handlers\FileHandler->__construct(Object(Config\App), '::1')
 4 SYSTEMPATH/Config/BaseService.php(252): CodeIgniter\Config\Services::session(Object(Config\App), false)
 5 SYSTEMPATH/Config/BaseService.php(193): CodeIgniter\Config\BaseService::__callStatic('session', [...])
 6 SYSTEMPATH/Config/Services.php(641): CodeIgniter\Config\BaseService::getSharedInstance('session', null)
 7 SYSTEMPATH/Config/BaseService.php(252): CodeIgniter\Config\Services::session()
 8 SYSTEMPATH/Common.php(984): CodeIgniter\Config\BaseService::__callStatic('session', [])
 9 APPPATH/Filters/LogedIn.php(28): session('role')
10 SYSTEMPATH/Filters/Filters.php(173): App\Filters\LogedIn->before(Object(CodeIgniter\HTTP\IncomingRequest), null)
11 SYSTEMPATH/CodeIgniter.php(471): CodeIgniter\Filters\Filters->run('/', 'before')
12 SYSTEMPATH/CodeIgniter.php(366): CodeIgniter\CodeIgniter->handleRequest(null, Object(Config\Cache), false)
13 FCPATH/index.php(67): CodeIgniter\CodeIgniter->run()
14 SYSTEMPATH/Commands/Server/rewrite.php(47): require_once('/Users/irchamali/Projects/ci/yayasan/public/index.php')
CRITICAL - 2026-04-02 07:48:50 --> ini_set(): Session ini settings cannot be changed after headers have already been sent
in SYSTEMPATH/Session/Handlers/FileHandler.php on line 72.
 1 [internal function]: CodeIgniter\Debug\Exceptions->errorHandler(2, 'ini_set(): Session ini settings cannot be changed after headers have already been sent', '/Users/irchamali/Projects/ci/yayasan/vendor/codeigniter4/framework/system/Session/Handlers/FileHandler.php', 72)
 2 SYSTEMPATH/Session/Handlers/FileHandler.php(72): ini_set('session.save_path', '/Users/irchamali/Projects/ci/yayasan/writable/session')
 3 SYSTEMPATH/Config/Services.php(667): CodeIgniter\Session\Handlers\FileHandler->__construct(Object(Config\App), '::1')
 4 SYSTEMPATH/Config/BaseService.php(252): CodeIgniter\Config\Services::session(Object(Config\App), false)
 5 SYSTEMPATH/Config/BaseService.php(193): CodeIgniter\Config\BaseService::__callStatic('session', [...])
 6 SYSTEMPATH/Config/Services.php(641): CodeIgniter\Config\BaseService::getSharedInstance('session', null)
 7 SYSTEMPATH/Config/BaseService.php(252): CodeIgniter\Config\Services::session()
 8 SYSTEMPATH/Common.php(984): CodeIgniter\Config\BaseService::__callStatic('session', [])
 9 APPPATH/Filters/LogedIn.php(28): session('role')
10 SYSTEMPATH/Filters/Filters.php(173): App\Filters\LogedIn->before(Object(CodeIgniter\HTTP\IncomingRequest), null)
11 SYSTEMPATH/CodeIgniter.php(471): CodeIgniter\Filters\Filters->run('/', 'before')
12 SYSTEMPATH/CodeIgniter.php(366): CodeIgniter\CodeIgniter->handleRequest(null, Object(Config\Cache), false)
13 FCPATH/index.php(67): CodeIgniter\CodeIgniter->run()
14 SYSTEMPATH/Commands/Server/rewrite.php(47): require_once('/Users/irchamali/Projects/ci/yayasan/public/index.php')
CRITICAL - 2026-04-02 07:48:54 --> ini_set(): Session ini settings cannot be changed after headers have already been sent
in SYSTEMPATH/Session/Handlers/FileHandler.php on line 72.
 1 [internal function]: CodeIgniter\Debug\Exceptions->errorHandler(2, 'ini_set(): Session ini settings cannot be changed after headers have already been sent', '/Users/irchamali/Projects/ci/yayasan/vendor/codeigniter4/framework/system/Session/Handlers/FileHandler.php', 72)
 2 SYSTEMPATH/Session/Handlers/FileHandler.php(72): ini_set('session.save_path', '/Users/irchamali/Projects/ci/yayasan/writable/session')
 3 SYSTEMPATH/Config/Services.php(667): CodeIgniter\Session\Handlers\FileHandler->__construct(Object(Config\App), '::1')
 4 SYSTEMPATH/Config/BaseService.php(252): CodeIgniter\Config\Services::session(Object(Config\App), false)
 5 SYSTEMPATH/Config/BaseService.php(193): CodeIgniter\Config\BaseService::__callStatic('session', [...])
 6 SYSTEMPATH/Config/Services.php(641): CodeIgniter\Config\BaseService::getSharedInstance('session', null)
 7 SYSTEMPATH/Config/BaseService.php(252): CodeIgniter\Config\Services::session()
 8 SYSTEMPATH/Common.php(984): CodeIgniter\Config\BaseService::__callStatic('session', [])
 9 APPPATH/Filters/LogedIn.php(28): session('role')
10 SYSTEMPATH/Filters/Filters.php(173): App\Filters\LogedIn->before(Object(CodeIgniter\HTTP\IncomingRequest), null)
11 SYSTEMPATH/CodeIgniter.php(471): CodeIgniter\Filters\Filters->run('/', 'before')
12 SYSTEMPATH/CodeIgniter.php(366): CodeIgniter\CodeIgniter->handleRequest(null, Object(Config\Cache), false)
13 FCPATH/index.php(67): CodeIgniter\CodeIgniter->run()
14 SYSTEMPATH/Commands/Server/rewrite.php(47): require_once('/Users/irchamali/Projects/ci/yayasan/public/index.php')
CRITICAL - 2026-04-02 07:53:31 --> Error: Access to undeclared static property Kint\Kint::$depth_limit
in SYSTEMPATH/CodeIgniter.php on line 301.
 1 SYSTEMPATH/CodeIgniter.php(265): CodeIgniter\CodeIgniter->configureKint()
 2 SYSTEMPATH/CodeIgniter.php(223): CodeIgniter\CodeIgniter->initializeKint()
 3 ROOTPATH/spark(88): CodeIgniter\CodeIgniter->initialize()
CRITICAL - 2026-04-02 07:55:42 --> TypeError: CodeIgniter\Router\RouteCollection::__construct(): Argument #3 ($routing) must be of type Config\Routing, null given, called in /Users/irchamali/Projects/ci/yayasan/vendor/codeigniter4/framework/system/Config/Services.php on line 618
in SYSTEMPATH/Router/RouteCollection.php on line 286.
 1 SYSTEMPATH/Config/Services.php(618): CodeIgniter\Router\RouteCollection->__construct(Object(CodeIgniter\Autoloader\FileLocator), Object(Config\Modules), null)
 2 SYSTEMPATH/Config/BaseService.php(258): CodeIgniter\Config\Services::routes(false)
 3 SYSTEMPATH/Config/BaseService.php(199): CodeIgniter\Config\BaseService::__callStatic('routes', [...])
 4 SYSTEMPATH/Config/Services.php(615): CodeIgniter\Config\BaseService::getSharedInstance('routes')
 5 SYSTEMPATH/Config/BaseService.php(258): CodeIgniter\Config\Services::routes()
 6 SYSTEMPATH/CLI/Console.php(39): CodeIgniter\Config\BaseService::__callStatic('routes', [])
 7 ROOTPATH/spark(103): CodeIgniter\CLI\Console->run()
CRITICAL - 2026-04-02 07:58:41 --> ErrorException: Undefined property: Config\App::$allowedHostnames
in SYSTEMPATH/HTTP/SiteURIFactory.php on line 248.
 1 SYSTEMPATH/HTTP/SiteURIFactory.php(248): CodeIgniter\Debug\Exceptions->errorHandler(2, 'Undefined property: Config\\App::$allowedHostnames', '/Users/irchamali/Projects/ci/yayasan/vendor/codeigniter4/framework/system/HTTP/SiteURIFactory.php', 248)
 2 SYSTEMPATH/HTTP/SiteURIFactory.php(237): CodeIgniter\HTTP\SiteURIFactory->getValidHost('localhost')
 3 SYSTEMPATH/HTTP/SiteURIFactory.php(224): CodeIgniter\HTTP\SiteURIFactory->getHost()
 4 SYSTEMPATH/HTTP/SiteURIFactory.php(45): CodeIgniter\HTTP\SiteURIFactory->createURIFromRoutePath('/')
 5 SYSTEMPATH/Config/Services.php(805): CodeIgniter\HTTP\SiteURIFactory->createFromGlobals()
 6 SYSTEMPATH/Config/BaseService.php(258): CodeIgniter\Config\Services::uri(null, false)
 7 SYSTEMPATH/Config/BaseService.php(199): CodeIgniter\Config\BaseService::__callStatic('uri', [...])
 8 SYSTEMPATH/Config/Services.php(798): CodeIgniter\Config\BaseService::getSharedInstance('uri', null)
 9 SYSTEMPATH/Config/BaseService.php(258): CodeIgniter\Config\Services::uri()
10 SYSTEMPATH/Config/Services.php(566): CodeIgniter\Config\BaseService::__callStatic('uri', [])
11 SYSTEMPATH/Config/BaseService.php(258): CodeIgniter\Config\Services::incomingrequest(Object(Config\App), false)
12 SYSTEMPATH/Config/Services.php(524): CodeIgniter\Config\BaseService::__callStatic('incomingrequest', [...])
13 SYSTEMPATH/Config/BaseService.php(258): CodeIgniter\Config\Services::request(Object(Config\App), false)
14 SYSTEMPATH/Config/BaseService.php(199): CodeIgniter\Config\BaseService::__callStatic('request', [...])
15 SYSTEMPATH/Config/Services.php(559): CodeIgniter\Config\BaseService::getSharedInstance('request', Object(Config\App))
16 SYSTEMPATH/Config/BaseService.php(258): CodeIgniter\Config\Services::incomingrequest(Object(Config\App))
17 SYSTEMPATH/Config/Services.php(539): CodeIgniter\Config\BaseService::__callStatic('incomingrequest', [...])
18 SYSTEMPATH/Config/BaseService.php(258): CodeIgniter\Config\Services::createRequest(Object(Config\App))
19 SYSTEMPATH/CodeIgniter.php(666): CodeIgniter\Config\BaseService::__callStatic('createRequest', [...])
20 SYSTEMPATH/CodeIgniter.php(365): CodeIgniter\CodeIgniter->getRequestObject()
21 FCPATH/index.php(72): CodeIgniter\CodeIgniter->run()
22 SYSTEMPATH/Commands/Server/rewrite.php(47): require_once('/Users/irchamali/Projects/ci/yayasan/public/index.php')
CRITICAL - 2026-04-02 07:58:41 --> ErrorException: Uncaught ErrorException: Undefined property: Config\App::$allowedHostnames in /Users/irchamali/Projects/ci/yayasan/vendor/codeigniter4/framework/system/HTTP/SiteURIFactory.php:248
Stack trace:
#0 /Users/irchamali/Projects/ci/yayasan/vendor/codeigniter4/framework/system/HTTP/SiteURIFactory.php(248): CodeIgniter\Debug\Exceptions->errorHandler(2, 'Undefined prope...', '/Users/irchamal...', 248)
#1 /Users/irchamali/Projects/ci/yayasan/vendor/codeigniter4/framework/system/HTTP/SiteURIFactory.php(237): CodeIgniter\HTTP\SiteURIFactory->getValidHost('localhost')
#2 /Users/irchamali/Projects/ci/yayasan/vendor/codeigniter4/framework/system/HTTP/SiteURIFactory.php(224): CodeIgniter\HTTP\SiteURIFactory->getHost()
#3 /Users/irchamali/Projects/ci/yayasan/vendor/codeigniter4/framework/system/HTTP/SiteURIFactory.php(45): CodeIgniter\HTTP\SiteURIFactory->createURIFromRoutePath('/')
#4 /Users/irchamali/Projects/ci/yayasan/vendor/codeigniter4/framework/system/Config/Services.php(805): CodeIgniter\HTTP\SiteURIFactory->createFromGlobals()
#5 /Users/irchamali/Projects/ci/yayasan/vendor/codeigniter4/framework/system/Config/BaseService.php(258): CodeIgniter\Config\Services::uri(NULL, false)
#6 /Users/irchamali/Projects/ci/yayasan/vendor/codeigniter4/framework/system/Config/BaseService.php(199): CodeIgniter\Config\BaseService::__callStatic('uri', Array)
#7 /Users/irchamali/Projects/ci/yayasan/vendor/codeigniter4/framework/system/Config/Services.php(798): CodeIgniter\Config\BaseService::getSharedInstance('uri', NULL)
#8 /Users/irchamali/Projects/ci/yayasan/vendor/codeigniter4/framework/system/Config/BaseService.php(258): CodeIgniter\Config\Services::uri()
#9 /Users/irchamali/Projects/ci/yayasan/vendor/codeigniter4/framework/system/Config/Services.php(566): CodeIgniter\Config\BaseService::__callStatic('uri', Array)
#10 /Users/irchamali/Projects/ci/yayasan/vendor/codeigniter4/framework/system/Config/BaseService.php(258): CodeIgniter\Config\Services::incomingrequest(Object(Config\App), false)
#11 /Users/irchamali/Projects/ci/yayasan/vendor/codeigniter4/framework/system/Config/Services.php(524): CodeIgniter\Config\BaseService::__callStatic('incomingrequest', Array)
#12 /Users/irchamali/Projects/ci/yayasan/vendor/codeigniter4/framework/system/Config/BaseService.php(258): CodeIgniter\Config\Services::request(NULL, false)
#13 /Users/irchamali/Projects/ci/yayasan/vendor/codeigniter4/framework/system/Config/BaseService.php(199): CodeIgniter\Config\BaseService::__callStatic('request', Array)
#14 /Users/irchamali/Projects/ci/yayasan/vendor/codeigniter4/framework/system/Config/Services.php(520): CodeIgniter\Config\BaseService::getSharedInstance('request', NULL)
#15 /Users/irchamali/Projects/ci/yayasan/vendor/codeigniter4/framework/system/Config/BaseService.php(258): CodeIgniter\Config\Services::request()
#16 /Users/irchamali/Projects/ci/yayasan/vendor/codeigniter4/framework/system/Debug/Exceptions.php(150): CodeIgniter\Config\BaseService::__callStatic('request', Array)
#17 [internal function]: CodeIgniter\Debug\Exceptions->exceptionHandler(Object(ErrorException))
#18 {main}
  thrown
【Previous Exception】
ErrorException
Undefined property: Config\App::$allowedHostnames
#0 /Users/irchamali/Projects/ci/yayasan/vendor/codeigniter4/framework/system/HTTP/SiteURIFactory.php(248): CodeIgniter\Debug\Exceptions->errorHandler(2, 'Undefined prope...', '/Users/irchamal...', 248)
#1 /Users/irchamali/Projects/ci/yayasan/vendor/codeigniter4/framework/system/HTTP/SiteURIFactory.php(237): CodeIgniter\HTTP\SiteURIFactory->getValidHost('localhost')
#2 /Users/irchamali/Projects/ci/yayasan/vendor/codeigniter4/framework/system/HTTP/SiteURIFactory.php(224): CodeIgniter\HTTP\SiteURIFactory->getHost()
#3 /Users/irchamali/Projects/ci/yayasan/vendor/codeigniter4/framework/system/HTTP/SiteURIFactory.php(45): CodeIgniter\HTTP\SiteURIFactory->createURIFromRoutePath('/')
#4 /Users/irchamali/Projects/ci/yayasan/vendor/codeigniter4/framework/system/Config/Services.php(805): CodeIgniter\HTTP\SiteURIFactory->createFromGlobals()
#5 /Users/irchamali/Projects/ci/yayasan/vendor/codeigniter4/framework/system/Config/BaseService.php(258): CodeIgniter\Config\Services::uri(NULL, false)
#6 /Users/irchamali/Projects/ci/yayasan/vendor/codeigniter4/framework/system/Config/BaseService.php(199): CodeIgniter\Config\BaseService::__callStatic('uri', Array)
#7 /Users/irchamali/Projects/ci/yayasan/vendor/codeigniter4/framework/system/Config/Services.php(798): CodeIgniter\Config\BaseService::getSharedInstance('uri', NULL)
#8 /Users/irchamali/Projects/ci/yayasan/vendor/codeigniter4/framework/system/Config/BaseService.php(258): CodeIgniter\Config\Services::uri()
#9 /Users/irchamali/Projects/ci/yayasan/vendor/codeigniter4/framework/system/Config/Services.php(566): CodeIgniter\Config\BaseService::__callStatic('uri', Array)
#10 /Users/irchamali/Projects/ci/yayasan/vendor/codeigniter4/framework/system/Config/BaseService.php(258): CodeIgniter\Config\Services::incomingrequest(Object(Config\App), false)
#11 /Users/irchamali/Projects/ci/yayasan/vendor/codeigniter4/framework/system/Config/Services.php(524): CodeIgniter\Config\BaseService::__callStatic('incomingrequest', Array)
#12 /Users/irchamali/Projects/ci/yayasan/vendor/codeigniter4/framework/system/Config/BaseService.php(258): CodeIgniter\Config\Services::request(Object(Config\App), false)
#13 /Users/irchamali/Projects/ci/yayasan/vendor/codeigniter4/framework/system/Config/BaseService.php(199): CodeIgniter\Config\BaseService::__callStatic('request', Array)
#14 /Users/irchamali/Projects/ci/yayasan/vendor/codeigniter4/framework/system/Config/Services.php(559): CodeIgniter\Config\BaseService::getSharedInstance('request', Object(Config\App))
#15 /Users/irchamali/Projects/ci/yayasan/vendor/codeigniter4/framework/system/Config/BaseService.php(258): CodeIgniter\Config\Services::incomingrequest(Object(Config\App))
#16 /Users/irchamali/Projects/ci/yayasan/vendor/codeigniter4/framework/system/Config/Services.php(539): CodeIgniter\Config\BaseService::__callStatic('incomingrequest', Array)
#17 /Users/irchamali/Projects/ci/yayasan/vendor/codeigniter4/framework/system/Config/BaseService.php(258): CodeIgniter\Config\Services::createRequest(Object(Config\App))
#18 /Users/irchamali/Projects/ci/yayasan/vendor/codeigniter4/framework/system/CodeIgniter.php(666): CodeIgniter\Config\BaseService::__callStatic('createRequest', Array)
#19 /Users/irchamali/Projects/ci/yayasan/vendor/codeigniter4/framework/system/CodeIgniter.php(365): CodeIgniter\CodeIgniter->getRequestObject()
#20 /Users/irchamali/Projects/ci/yayasan/public/index.php(72): CodeIgniter\CodeIgniter->run()
#21 /Users/irchamali/Projects/ci/yayasan/vendor/codeigniter4/framework/system/Commands/Server/rewrite.php(47): require_once('/Users/irchamal...')
#22 {main}
in SYSTEMPATH/HTTP/SiteURIFactory.php on line 248.
 1 [internal function]: CodeIgniter\Debug\Exceptions->shutdownHandler()
CRITICAL - 2026-04-02 13:12:35 --> Error: Access to undeclared static property Kint\Kint::$depth_limit
[Method: GET, Route: /]
in SYSTEMPATH/Autoloader/Autoloader.php on line 533.
 1 SYSTEMPATH/Autoloader/Autoloader.php(498): CodeIgniter\Autoloader\Autoloader->configureKint()
 2 SYSTEMPATH/Boot.php(385): CodeIgniter\Autoloader\Autoloader->initializeKint(true)
 3 SYSTEMPATH/Boot.php(160): CodeIgniter\Boot::initializeKint()
 4 ROOTPATH/spark(78): CodeIgniter\Boot::bootSpark(Object(Config\Paths))
CRITICAL - 2026-04-02 08:13:00 --> ErrorException: Undefined array key "REQUEST_URI"
[Method: CLI, Route: serve]
in SYSTEMPATH/rewrite.php on line 25.
 1 SYSTEMPATH/rewrite.php(25): CodeIgniter\Debug\Exceptions->errorHandler(2, 'Undefined array key "REQUEST_URI"', '/Users/irchamali/Projects/ci/yayasan/vendor/codeigniter4/framework/system/rewrite.php', 25)
 2 SYSTEMPATH/Commands/Server/rewrite.php(6): require_once('/Users/irchamali/Projects/ci/yayasan/vendor/codeigniter4/framework/system/rewrite.php')
 3 VENDORPATH/composer/ClassLoader.php(576): include('/Users/irchamali/Projects/ci/yayasan/vendor/codeigniter4/framework/system/Commands/Server/rewrite.php')
 4 VENDORPATH/composer/ClassLoader.php(427): Composer\Autoload\{closure}('/Users/irchamali/Projects/ci/yayasan/vendor/composer/../codeigniter4/framework/system/Commands/Server/rewrite.php')
 5 [internal function]: Composer\Autoload\ClassLoader->loadClass('CodeIgniter\\Commands\\Server\\rewrite')
 6 SYSTEMPATH/Autoloader/FileLocator.php(306): class_exists('CodeIgniter\\Commands\\Server\\rewrite')
 7 SYSTEMPATH/CLI/Commands.php(117): CodeIgniter\Autoloader\FileLocator->findQualifiedNameFromPath('/Users/irchamali/Projects/ci/yayasan/vendor/codeigniter4/framework/system/Commands/Server/rewrite.php')
 8 SYSTEMPATH/CLI/Commands.php(51): CodeIgniter\CLI\Commands->discoverCommands()
 9 SYSTEMPATH/Config/Services.php(178): CodeIgniter\CLI\Commands->__construct()
10 SYSTEMPATH/Config/BaseService.php(325): CodeIgniter\Config\Services::commands(false)
11 SYSTEMPATH/Config/BaseService.php(264): CodeIgniter\Config\BaseService::__callStatic('commands', [...])
12 SYSTEMPATH/Config/Services.php(175): CodeIgniter\Config\BaseService::getSharedInstance('commands')
13 SYSTEMPATH/Config/BaseService.php(334): CodeIgniter\Config\Services::commands()
14 SYSTEMPATH/Config/BaseService.php(203): CodeIgniter\Config\BaseService::__callStatic('commands', [])
15 SYSTEMPATH/Common.php(1078): CodeIgniter\Config\BaseService::get('commands')
16 SYSTEMPATH/CLI/Console.php(47): service('commands')
17 SYSTEMPATH/Boot.php(442): CodeIgniter\CLI\Console->run()
18 SYSTEMPATH/Boot.php(166): CodeIgniter\Boot::runCommand(Object(CodeIgniter\CLI\Console))
19 ROOTPATH/spark(78): CodeIgniter\Boot::bootSpark(Object(Config\Paths))
CRITICAL - 2026-04-02 11:54:28 --> ErrorException: Attempt to read property "driver" on null
[Method: GET, Route: /]
in SYSTEMPATH/Config/Services.php on line 675.
 1 SYSTEMPATH/Config/Services.php(675): CodeIgniter\Debug\Exceptions->errorHandler(2, 'Attempt to read property "driver" on null', '/Users/irchamali/Projects/ci/yayasan/vendor/codeigniter4/framework/system/Config/Services.php', 675)
 2 SYSTEMPATH/Config/BaseService.php(325): CodeIgniter\Config\Services::session(null, false)
 3 SYSTEMPATH/Config/BaseService.php(264): CodeIgniter\Config\BaseService::__callStatic('session', [...])
 4 SYSTEMPATH/Config/Services.php(668): CodeIgniter\Config\BaseService::getSharedInstance('session', null)
 5 SYSTEMPATH/Config/BaseService.php(334): CodeIgniter\Config\Services::session()
 6 SYSTEMPATH/Config/BaseService.php(203): CodeIgniter\Config\BaseService::__callStatic('session', [])
 7 SYSTEMPATH/Common.php(1078): CodeIgniter\Config\BaseService::get('session')
 8 SYSTEMPATH/Common.php(1051): service('session')
 9 APPPATH/Filters/LogedIn.php(28): session('role')
10 SYSTEMPATH/Filters/Filters.php(241): App\Filters\LogedIn->before(Object(CodeIgniter\HTTP\IncomingRequest), null)
11 SYSTEMPATH/Filters/Filters.php(221): CodeIgniter\Filters\Filters->runBefore([...])
12 SYSTEMPATH/CodeIgniter.php(465): CodeIgniter\Filters\Filters->run('', 'before')
13 SYSTEMPATH/CodeIgniter.php(340): CodeIgniter\CodeIgniter->handleRequest(null, Object(Config\Cache), false)
14 SYSTEMPATH/Boot.php(417): CodeIgniter\CodeIgniter->run()
15 SYSTEMPATH/Boot.php(68): CodeIgniter\Boot::runCodeIgniter(Object(CodeIgniter\CodeIgniter))
16 FCPATH/index.php(59): CodeIgniter\Boot::bootWeb(Object(Config\Paths))
17 SYSTEMPATH/rewrite.php(44): require_once('/Users/irchamali/Projects/ci/yayasan/public/index.php')
CRITICAL - 2026-04-02 11:54:28 --> ErrorException: Uncaught ErrorException: foreach() argument must be of type array|object, string given in /Users/irchamali/Projects/ci/yayasan/vendor/codeigniter4/framework/system/HTTP/RequestTrait.php:89
Stack trace:
#0 /Users/irchamali/Projects/ci/yayasan/vendor/codeigniter4/framework/system/HTTP/RequestTrait.php(89): CodeIgniter\Debug\Exceptions->errorHandler(2, 'foreach() argum...', '/Users/irchamal...', 89)
#1 /Users/irchamali/Projects/ci/yayasan/app/Views/errors/html/error_exception.php(206): CodeIgniter\HTTP\Request->getIPAddress()
#2 /Users/irchamali/Projects/ci/yayasan/vendor/codeigniter4/framework/system/Debug/Exceptions.php(349): include('/Users/irchamal...')
#3 /Users/irchamali/Projects/ci/yayasan/vendor/codeigniter4/framework/system/Debug/Exceptions.php(352): CodeIgniter\Debug\Exceptions->CodeIgniter\Debug\{closure}()
#4 /Users/irchamali/Projects/ci/yayasan/vendor/codeigniter4/framework/system/Debug/Exceptions.php(183): CodeIgniter\Debug\Exceptions->render(Object(ErrorException), 500)
#5 [internal function]: CodeIgniter\Debug\Exceptions->exceptionHandler(Object(ErrorException))
#6 {main}
  thrown
【Previous Exception】
ErrorException
Attempt to read property "driver" on null
#0 /Users/irchamali/Projects/ci/yayasan/vendor/codeigniter4/framework/system/Config/Services.php(675): CodeIgniter\Debug\Exceptions->errorHandler(2, 'Attempt to read...', '/Users/irchamal...', 675)
#1 /Users/irchamali/Projects/ci/yayasan/vendor/codeigniter4/framework/system/Config/BaseService.php(325): CodeIgniter\Config\Services::session(NULL, false)
#2 /Users/irchamali/Projects/ci/yayasan/vendor/codeigniter4/framework/system/Config/BaseService.php(264): CodeIgniter\Config\BaseService::__callStatic('session', Array)
#3 /Users/irchamali/Projects/ci/yayasan/vendor/codeigniter4/framework/system/Config/Services.php(668): CodeIgniter\Config\BaseService::getSharedInstance('session', NULL)
#4 /Users/irchamali/Projects/ci/yayasan/vendor/codeigniter4/framework/system/Config/BaseService.php(334): CodeIgniter\Config\Services::session()
#5 /Users/irchamali/Projects/ci/yayasan/vendor/codeigniter4/framework/system/Config/BaseService.php(203): CodeIgniter\Config\BaseService::__callStatic('session', Array)
#6 /Users/irchamali/Projects/ci/yayasan/vendor/codeigniter4/framework/system/Common.php(1078): CodeIgniter\Config\BaseService::get('session')
#7 /Users/irchamali/Projects/ci/yayasan/vendor/codeigniter4/framework/system/Common.php(1051): service('session')
#8 /Users/irchamali/Projects/ci/yayasan/app/Filters/LogedIn.php(28): session('role')
#9 /Users/irchamali/Projects/ci/yayasan/vendor/codeigniter4/framework/system/Filters/Filters.php(241): App\Filters\LogedIn->before(Object(CodeIgniter\HTTP\IncomingRequest), NULL)
#10 /Users/irchamali/Projects/ci/yayasan/vendor/codeigniter4/framework/system/Filters/Filters.php(221): CodeIgniter\Filters\Filters->runBefore(Array)
#11 /Users/irchamali/Projects/ci/yayasan/vendor/codeigniter4/framework/system/CodeIgniter.php(465): CodeIgniter\Filters\Filters->run('', 'before')
#12 /Users/irchamali/Projects/ci/yayasan/vendor/codeigniter4/framework/system/CodeIgniter.php(340): CodeIgniter\CodeIgniter->handleRequest(NULL, Object(Config\Cache), false)
#13 /Users/irchamali/Projects/ci/yayasan/vendor/codeigniter4/framework/system/Boot.php(417): CodeIgniter\CodeIgniter->run()
#14 /Users/irchamali/Projects/ci/yayasan/vendor/codeigniter4/framework/system/Boot.php(68): CodeIgniter\Boot::runCodeIgniter(Object(CodeIgniter\CodeIgniter))
#15 /Users/irchamali/Projects/ci/yayasan/public/index.php(59): CodeIgniter\Boot::bootWeb(Object(Config\Paths))
#16 /Users/irchamali/Projects/ci/yayasan/vendor/codeigniter4/framework/system/rewrite.php(44): require_once('/Users/irchamal...')
#17 {main}
[Method: GET, Route: /]
in SYSTEMPATH/HTTP/RequestTrait.php on line 89.
 1 [internal function]: CodeIgniter\Debug\Exceptions->shutdownHandler()
CRITICAL - 2026-04-02 11:58:16 --> ErrorException: foreach() argument must be of type array|object, string given
[Method: GET, Route: /]
in SYSTEMPATH/HTTP/RequestTrait.php on line 89.
 1 SYSTEMPATH/HTTP/RequestTrait.php(89): CodeIgniter\Debug\Exceptions->errorHandler(2, 'foreach() argument must be of type array|object, string given', '/Users/irchamali/Projects/ci/yayasan/vendor/codeigniter4/framework/system/HTTP/RequestTrait.php', 89)
 2 SYSTEMPATH/Config/Services.php(702): CodeIgniter\HTTP\Request->getIPAddress()
 3 SYSTEMPATH/Config/BaseService.php(325): CodeIgniter\Config\Services::session(Object(Config\Session), false)
 4 SYSTEMPATH/Config/BaseService.php(264): CodeIgniter\Config\BaseService::__callStatic('session', [...])
 5 SYSTEMPATH/Config/Services.php(668): CodeIgniter\Config\BaseService::getSharedInstance('session', null)
 6 SYSTEMPATH/Config/BaseService.php(334): CodeIgniter\Config\Services::session()
 7 SYSTEMPATH/Config/BaseService.php(203): CodeIgniter\Config\BaseService::__callStatic('session', [])
 8 SYSTEMPATH/Common.php(1078): CodeIgniter\Config\BaseService::get('session')
 9 SYSTEMPATH/Common.php(1051): service('session')
10 APPPATH/Filters/LogedIn.php(28): session('role')
11 SYSTEMPATH/Filters/Filters.php(241): App\Filters\LogedIn->before(Object(CodeIgniter\HTTP\IncomingRequest), null)
12 SYSTEMPATH/Filters/Filters.php(221): CodeIgniter\Filters\Filters->runBefore([...])
13 SYSTEMPATH/CodeIgniter.php(465): CodeIgniter\Filters\Filters->run('', 'before')
14 SYSTEMPATH/CodeIgniter.php(340): CodeIgniter\CodeIgniter->handleRequest(null, Object(Config\Cache), false)
15 SYSTEMPATH/Boot.php(417): CodeIgniter\CodeIgniter->run()
16 SYSTEMPATH/Boot.php(68): CodeIgniter\Boot::runCodeIgniter(Object(CodeIgniter\CodeIgniter))
17 FCPATH/index.php(59): CodeIgniter\Boot::bootWeb(Object(Config\Paths))
18 SYSTEMPATH/rewrite.php(44): require_once('/Users/irchamali/Projects/ci/yayasan/public/index.php')
CRITICAL - 2026-04-02 12:02:12 --> ErrorException: Creation of dynamic property App\Controllers\HomeController::$homeModel is deprecated
[Method: GET, Route: /]
in APPPATH/Controllers/HomeController.php on line 17.
 1 APPPATH/Controllers/HomeController.php(17): CodeIgniter\Debug\Exceptions->errorHandler(8192, 'Creation of dynamic property App\\Controllers\\HomeController::$homeModel is deprecated', '/Users/irchamali/Projects/ci/yayasan/app/Controllers/HomeController.php', 17)
 2 SYSTEMPATH/CodeIgniter.php(921): App\Controllers\HomeController->__construct()
 3 SYSTEMPATH/CodeIgniter.php(488): CodeIgniter\CodeIgniter->createController()
 4 SYSTEMPATH/CodeIgniter.php(340): CodeIgniter\CodeIgniter->handleRequest(null, Object(Config\Cache), false)
 5 SYSTEMPATH/Boot.php(417): CodeIgniter\CodeIgniter->run()
 6 SYSTEMPATH/Boot.php(68): CodeIgniter\Boot::runCodeIgniter(Object(CodeIgniter\CodeIgniter))
 7 FCPATH/index.php(59): CodeIgniter\Boot::bootWeb(Object(Config\Paths))
 8 SYSTEMPATH/rewrite.php(44): require_once('/Users/irchamali/Projects/ci/yayasan/public/index.php')
CRITICAL - 2026-04-02 12:04:53 --> ErrorException: Creation of dynamic property App\Controllers\HomeController::$session is deprecated
[Method: GET, Route: /]
in APPPATH/Controllers/BaseController.php on line 52.
 1 APPPATH/Controllers/BaseController.php(52): CodeIgniter\Debug\Exceptions->errorHandler(8192, 'Creation of dynamic property App\\Controllers\\HomeController::$session is deprecated', '/Users/irchamali/Projects/ci/yayasan/app/Controllers/BaseController.php', 52)
 2 SYSTEMPATH/CodeIgniter.php(922): App\Controllers\BaseController->initController(Object(CodeIgniter\HTTP\IncomingRequest), Object(CodeIgniter\HTTP\Response), Object(CodeIgniter\Log\Logger))
 3 SYSTEMPATH/CodeIgniter.php(488): CodeIgniter\CodeIgniter->createController()
 4 SYSTEMPATH/CodeIgniter.php(340): CodeIgniter\CodeIgniter->handleRequest(null, Object(Config\Cache), false)
 5 SYSTEMPATH/Boot.php(417): CodeIgniter\CodeIgniter->run()
 6 SYSTEMPATH/Boot.php(68): CodeIgniter\Boot::runCodeIgniter(Object(CodeIgniter\CodeIgniter))
 7 FCPATH/index.php(59): CodeIgniter\Boot::bootWeb(Object(Config\Paths))
 8 SYSTEMPATH/rewrite.php(44): require_once('/Users/irchamali/Projects/ci/yayasan/public/index.php')
CRITICAL - 2026-04-02 12:07:57 --> ErrorException: strlen(): Passing null to parameter #1 ($string) of type string is deprecated
[Method: GET, Route: /]
in VENDORPATH/kint-php/kint/src/Renderer/RichRenderer.php on line 329.
 1 VENDORPATH/kint-php/kint/src/Renderer/RichRenderer.php(329): CodeIgniter\Debug\Exceptions->errorHandler(8192, 'strlen(): Passing null to parameter #1 ($string) of type string is deprecated', '/Users/irchamali/Projects/ci/yayasan/vendor/kint-php/kint/src/Renderer/RichRenderer.php', 329)
 2 VENDORPATH/kint-php/kint/src/Renderer/RichRenderer.php(223): Kint\Renderer\RichRenderer->renderChildren(Object(Kint\Object\BlobObject))
 3 VENDORPATH/kint-php/kint/src/Renderer/RichRenderer.php(545): Kint\Renderer\RichRenderer->render(Object(Kint\Object\BlobObject))
 4 VENDORPATH/kint-php/kint/src/Renderer/RichRenderer.php(328): Kint\Renderer\RichRenderer->renderTab(Object(Kint\Object\BasicObject), Object(Kint\Object\Representation\Representation))
 5 VENDORPATH/kint-php/kint/src/Renderer/RichRenderer.php(223): Kint\Renderer\RichRenderer->renderChildren(Object(Kint\Object\BasicObject))
 6 VENDORPATH/kint-php/kint/src/Kint.php(283): Kint\Renderer\RichRenderer->render(Object(Kint\Object\BasicObject))
 7 VENDORPATH/kint-php/kint/src/Kint.php(265): Kint\Kint->dumpVar([...], Object(Kint\Object\BasicObject))
 8 VENDORPATH/kint-php/kint/src/Kint.php(615): Kint\Kint->dumpAll([...], [...])
 9 SYSTEMPATH/Debug/Toolbar.php(112): Kint\Kint::dump([...])
10 SYSTEMPATH/Debug/Toolbar.php(392): CodeIgniter\Debug\Toolbar->run(1775149677.21374, 0.0714, Object(CodeIgniter\HTTP\IncomingRequest), Object(CodeIgniter\HTTP\Response))
11 SYSTEMPATH/Filters/DebugToolbar.php(44): CodeIgniter\Debug\Toolbar->prepare(Object(CodeIgniter\HTTP\IncomingRequest), Object(CodeIgniter\HTTP\Response))
12 SYSTEMPATH/Filters/Filters.php(278): CodeIgniter\Filters\DebugToolbar->after(Object(CodeIgniter\HTTP\IncomingRequest), Object(CodeIgniter\HTTP\Response), null)
13 SYSTEMPATH/Filters/Filters.php(225): CodeIgniter\Filters\Filters->runAfter([...])
14 SYSTEMPATH/CodeIgniter.php(515): CodeIgniter\Filters\Filters->run('', 'after')
15 SYSTEMPATH/CodeIgniter.php(340): CodeIgniter\CodeIgniter->handleRequest(null, Object(Config\Cache), false)
16 SYSTEMPATH/Boot.php(417): CodeIgniter\CodeIgniter->run()
17 SYSTEMPATH/Boot.php(68): CodeIgniter\Boot::runCodeIgniter(Object(CodeIgniter\CodeIgniter))
18 FCPATH/index.php(59): CodeIgniter\Boot::bootWeb(Object(Config\Paths))
19 SYSTEMPATH/rewrite.php(44): require_once('/Users/irchamali/Projects/ci/yayasan/public/index.php')
CRITICAL - 2026-04-02 12:09:43 --> ErrorException: strlen(): Passing null to parameter #1 ($string) of type string is deprecated
[Method: GET, Route: /]
in VENDORPATH/kint-php/kint/src/Renderer/RichRenderer.php on line 329.
 1 VENDORPATH/kint-php/kint/src/Renderer/RichRenderer.php(329): CodeIgniter\Debug\Exceptions->errorHandler(8192, 'strlen(): Passing null to parameter #1 ($string) of type string is deprecated', '/Users/irchamali/Projects/ci/yayasan/vendor/kint-php/kint/src/Renderer/RichRenderer.php', 329)
 2 VENDORPATH/kint-php/kint/src/Renderer/RichRenderer.php(223): Kint\Renderer\RichRenderer->renderChildren(Object(Kint\Object\BlobObject))
 3 VENDORPATH/kint-php/kint/src/Renderer/RichRenderer.php(545): Kint\Renderer\RichRenderer->render(Object(Kint\Object\BlobObject))
 4 VENDORPATH/kint-php/kint/src/Renderer/RichRenderer.php(328): Kint\Renderer\RichRenderer->renderTab(Object(Kint\Object\BasicObject), Object(Kint\Object\Representation\Representation))
 5 VENDORPATH/kint-php/kint/src/Renderer/RichRenderer.php(223): Kint\Renderer\RichRenderer->renderChildren(Object(Kint\Object\BasicObject))
 6 VENDORPATH/kint-php/kint/src/Kint.php(283): Kint\Renderer\RichRenderer->render(Object(Kint\Object\BasicObject))
 7 VENDORPATH/kint-php/kint/src/Kint.php(265): Kint\Kint->dumpVar([...], Object(Kint\Object\BasicObject))
 8 VENDORPATH/kint-php/kint/src/Kint.php(615): Kint\Kint->dumpAll([...], [...])
 9 SYSTEMPATH/Debug/Toolbar.php(112): Kint\Kint::dump([...])
10 SYSTEMPATH/Debug/Toolbar.php(392): CodeIgniter\Debug\Toolbar->run(1775149783.217421, 0.0605, Object(CodeIgniter\HTTP\IncomingRequest), Object(CodeIgniter\HTTP\Response))
11 SYSTEMPATH/Filters/DebugToolbar.php(44): CodeIgniter\Debug\Toolbar->prepare(Object(CodeIgniter\HTTP\IncomingRequest), Object(CodeIgniter\HTTP\Response))
12 SYSTEMPATH/Filters/Filters.php(278): CodeIgniter\Filters\DebugToolbar->after(Object(CodeIgniter\HTTP\IncomingRequest), Object(CodeIgniter\HTTP\Response), null)
13 SYSTEMPATH/Filters/Filters.php(364): CodeIgniter\Filters\Filters->runAfter([...])
14 SYSTEMPATH/CodeIgniter.php(393): CodeIgniter\Filters\Filters->runRequired('after')
15 SYSTEMPATH/CodeIgniter.php(354): CodeIgniter\CodeIgniter->runRequiredAfterFilters(Object(CodeIgniter\Filters\Filters))
16 SYSTEMPATH/Boot.php(417): CodeIgniter\CodeIgniter->run()
17 SYSTEMPATH/Boot.php(68): CodeIgniter\Boot::runCodeIgniter(Object(CodeIgniter\CodeIgniter))
18 FCPATH/index.php(59): CodeIgniter\Boot::bootWeb(Object(Config\Paths))
19 SYSTEMPATH/rewrite.php(44): require_once('/Users/irchamali/Projects/ci/yayasan/public/index.php')
CRITICAL - 2026-04-02 12:09:47 --> ErrorException: strlen(): Passing null to parameter #1 ($string) of type string is deprecated
[Method: GET, Route: /]
in VENDORPATH/kint-php/kint/src/Renderer/RichRenderer.php on line 329.
 1 VENDORPATH/kint-php/kint/src/Renderer/RichRenderer.php(329): CodeIgniter\Debug\Exceptions->errorHandler(8192, 'strlen(): Passing null to parameter #1 ($string) of type string is deprecated', '/Users/irchamali/Projects/ci/yayasan/vendor/kint-php/kint/src/Renderer/RichRenderer.php', 329)
 2 VENDORPATH/kint-php/kint/src/Renderer/RichRenderer.php(223): Kint\Renderer\RichRenderer->renderChildren(Object(Kint\Object\BlobObject))
 3 VENDORPATH/kint-php/kint/src/Renderer/RichRenderer.php(545): Kint\Renderer\RichRenderer->render(Object(Kint\Object\BlobObject))
 4 VENDORPATH/kint-php/kint/src/Renderer/RichRenderer.php(328): Kint\Renderer\RichRenderer->renderTab(Object(Kint\Object\BasicObject), Object(Kint\Object\Representation\Representation))
 5 VENDORPATH/kint-php/kint/src/Renderer/RichRenderer.php(223): Kint\Renderer\RichRenderer->renderChildren(Object(Kint\Object\BasicObject))
 6 VENDORPATH/kint-php/kint/src/Kint.php(283): Kint\Renderer\RichRenderer->render(Object(Kint\Object\BasicObject))
 7 VENDORPATH/kint-php/kint/src/Kint.php(265): Kint\Kint->dumpVar([...], Object(Kint\Object\BasicObject))
 8 VENDORPATH/kint-php/kint/src/Kint.php(615): Kint\Kint->dumpAll([...], [...])
 9 SYSTEMPATH/Debug/Toolbar.php(112): Kint\Kint::dump([...])
10 SYSTEMPATH/Debug/Toolbar.php(392): CodeIgniter\Debug\Toolbar->run(1775149787.620741, 0.0484, Object(CodeIgniter\HTTP\IncomingRequest), Object(CodeIgniter\HTTP\Response))
11 SYSTEMPATH/Filters/DebugToolbar.php(44): CodeIgniter\Debug\Toolbar->prepare(Object(CodeIgniter\HTTP\IncomingRequest), Object(CodeIgniter\HTTP\Response))
12 SYSTEMPATH/Filters/Filters.php(278): CodeIgniter\Filters\DebugToolbar->after(Object(CodeIgniter\HTTP\IncomingRequest), Object(CodeIgniter\HTTP\Response), null)
13 SYSTEMPATH/Filters/Filters.php(364): CodeIgniter\Filters\Filters->runAfter([...])
14 SYSTEMPATH/CodeIgniter.php(393): CodeIgniter\Filters\Filters->runRequired('after')
15 SYSTEMPATH/CodeIgniter.php(354): CodeIgniter\CodeIgniter->runRequiredAfterFilters(Object(CodeIgniter\Filters\Filters))
16 SYSTEMPATH/Boot.php(417): CodeIgniter\CodeIgniter->run()
17 SYSTEMPATH/Boot.php(68): CodeIgniter\Boot::runCodeIgniter(Object(CodeIgniter\CodeIgniter))
18 FCPATH/index.php(59): CodeIgniter\Boot::bootWeb(Object(Config\Paths))
19 SYSTEMPATH/rewrite.php(44): require_once('/Users/irchamali/Projects/ci/yayasan/public/index.php')
CRITICAL - 2026-04-02 12:10:05 --> ErrorException: strlen(): Passing null to parameter #1 ($string) of type string is deprecated
[Method: GET, Route: /]
in VENDORPATH/kint-php/kint/src/Renderer/RichRenderer.php on line 329.
 1 VENDORPATH/kint-php/kint/src/Renderer/RichRenderer.php(329): CodeIgniter\Debug\Exceptions->errorHandler(8192, 'strlen(): Passing null to parameter #1 ($string) of type string is deprecated', '/Users/irchamali/Projects/ci/yayasan/vendor/kint-php/kint/src/Renderer/RichRenderer.php', 329)
 2 VENDORPATH/kint-php/kint/src/Renderer/RichRenderer.php(223): Kint\Renderer\RichRenderer->renderChildren(Object(Kint\Object\BlobObject))
 3 VENDORPATH/kint-php/kint/src/Renderer/RichRenderer.php(545): Kint\Renderer\RichRenderer->render(Object(Kint\Object\BlobObject))
 4 VENDORPATH/kint-php/kint/src/Renderer/RichRenderer.php(328): Kint\Renderer\RichRenderer->renderTab(Object(Kint\Object\BasicObject), Object(Kint\Object\Representation\Representation))
 5 VENDORPATH/kint-php/kint/src/Renderer/RichRenderer.php(223): Kint\Renderer\RichRenderer->renderChildren(Object(Kint\Object\BasicObject))
 6 VENDORPATH/kint-php/kint/src/Kint.php(283): Kint\Renderer\RichRenderer->render(Object(Kint\Object\BasicObject))
 7 VENDORPATH/kint-php/kint/src/Kint.php(265): Kint\Kint->dumpVar([...], Object(Kint\Object\BasicObject))
 8 VENDORPATH/kint-php/kint/src/Kint.php(615): Kint\Kint->dumpAll([...], [...])
 9 SYSTEMPATH/Debug/Toolbar.php(112): Kint\Kint::dump([...])
10 SYSTEMPATH/Debug/Toolbar.php(392): CodeIgniter\Debug\Toolbar->run(1775149805.834038, 0.0497, Object(CodeIgniter\HTTP\IncomingRequest), Object(CodeIgniter\HTTP\Response))
11 SYSTEMPATH/Filters/DebugToolbar.php(44): CodeIgniter\Debug\Toolbar->prepare(Object(CodeIgniter\HTTP\IncomingRequest), Object(CodeIgniter\HTTP\Response))
12 SYSTEMPATH/Filters/Filters.php(278): CodeIgniter\Filters\DebugToolbar->after(Object(CodeIgniter\HTTP\IncomingRequest), Object(CodeIgniter\HTTP\Response), null)
13 SYSTEMPATH/Filters/Filters.php(364): CodeIgniter\Filters\Filters->runAfter([...])
14 SYSTEMPATH/CodeIgniter.php(393): CodeIgniter\Filters\Filters->runRequired('after')
15 SYSTEMPATH/CodeIgniter.php(354): CodeIgniter\CodeIgniter->runRequiredAfterFilters(Object(CodeIgniter\Filters\Filters))
16 SYSTEMPATH/Boot.php(417): CodeIgniter\CodeIgniter->run()
17 SYSTEMPATH/Boot.php(68): CodeIgniter\Boot::runCodeIgniter(Object(CodeIgniter\CodeIgniter))
18 FCPATH/index.php(59): CodeIgniter\Boot::bootWeb(Object(Config\Paths))
19 SYSTEMPATH/rewrite.php(44): require_once('/Users/irchamali/Projects/ci/yayasan/public/index.php')
CRITICAL - 2026-04-02 12:14:49 --> CodeIgniter\Filters\Exceptions\FilterException: "forcehttps" filter must have a matching alias defined.
[Method: GET, Route: /]
in SYSTEMPATH/Filters/Filters.php on line 402.
 1 SYSTEMPATH/Filters/Filters.php(402): CodeIgniter\Filters\Exceptions\FilterException::forNoAlias('forcehttps')
 2 SYSTEMPATH/Filters/Filters.php(319): CodeIgniter\Filters\Filters->getRequiredFilters('before')
 3 SYSTEMPATH/Filters/Filters.php(353): CodeIgniter\Filters\Filters->getRequiredClasses('before')
 4 SYSTEMPATH/CodeIgniter.php(373): CodeIgniter\Filters\Filters->runRequired('before')
 5 SYSTEMPATH/CodeIgniter.php(333): CodeIgniter\CodeIgniter->runRequiredBeforeFilters(Object(CodeIgniter\Filters\Filters))
 6 SYSTEMPATH/Boot.php(417): CodeIgniter\CodeIgniter->run()
 7 SYSTEMPATH/Boot.php(68): CodeIgniter\Boot::runCodeIgniter(Object(CodeIgniter\CodeIgniter))
 8 FCPATH/index.php(59): CodeIgniter\Boot::bootWeb(Object(Config\Paths))
 9 SYSTEMPATH/rewrite.php(44): require_once('/Users/irchamali/Projects/ci/yayasan/public/index.php')
CRITICAL - 2026-04-02 12:16:33 --> CodeIgniter\Filters\Exceptions\FilterException: "forcehttps" filter must have a matching alias defined.
[Method: GET, Route: /]
in SYSTEMPATH/Filters/Filters.php on line 402.
 1 SYSTEMPATH/Filters/Filters.php(402): CodeIgniter\Filters\Exceptions\FilterException::forNoAlias('forcehttps')
 2 SYSTEMPATH/Filters/Filters.php(319): CodeIgniter\Filters\Filters->getRequiredFilters('before')
 3 SYSTEMPATH/Filters/Filters.php(353): CodeIgniter\Filters\Filters->getRequiredClasses('before')
 4 SYSTEMPATH/CodeIgniter.php(373): CodeIgniter\Filters\Filters->runRequired('before')
 5 SYSTEMPATH/CodeIgniter.php(333): CodeIgniter\CodeIgniter->runRequiredBeforeFilters(Object(CodeIgniter\Filters\Filters))
 6 SYSTEMPATH/Boot.php(417): CodeIgniter\CodeIgniter->run()
 7 SYSTEMPATH/Boot.php(68): CodeIgniter\Boot::runCodeIgniter(Object(CodeIgniter\CodeIgniter))
 8 FCPATH/index.php(59): CodeIgniter\Boot::bootWeb(Object(Config\Paths))
 9 SYSTEMPATH/rewrite.php(44): require_once('/Users/irchamali/Projects/ci/yayasan/public/index.php')
CRITICAL - 2026-04-02 12:16:42 --> CodeIgniter\Filters\Exceptions\FilterException: "forcehttps" filter must have a matching alias defined.
[Method: GET, Route: /]
in SYSTEMPATH/Filters/Filters.php on line 402.
 1 SYSTEMPATH/Filters/Filters.php(402): CodeIgniter\Filters\Exceptions\FilterException::forNoAlias('forcehttps')
 2 SYSTEMPATH/Filters/Filters.php(319): CodeIgniter\Filters\Filters->getRequiredFilters('before')
 3 SYSTEMPATH/Filters/Filters.php(353): CodeIgniter\Filters\Filters->getRequiredClasses('before')
 4 SYSTEMPATH/CodeIgniter.php(373): CodeIgniter\Filters\Filters->runRequired('before')
 5 SYSTEMPATH/CodeIgniter.php(333): CodeIgniter\CodeIgniter->runRequiredBeforeFilters(Object(CodeIgniter\Filters\Filters))
 6 SYSTEMPATH/Boot.php(417): CodeIgniter\CodeIgniter->run()
 7 SYSTEMPATH/Boot.php(68): CodeIgniter\Boot::runCodeIgniter(Object(CodeIgniter\CodeIgniter))
 8 FCPATH/index.php(59): CodeIgniter\Boot::bootWeb(Object(Config\Paths))
 9 SYSTEMPATH/rewrite.php(44): require_once('/Users/irchamali/Projects/ci/yayasan/public/index.php')
CRITICAL - 2026-04-02 12:20:57 --> ErrorException: Creation of dynamic property App\Controllers\PartnershipController::$homeModel is deprecated
[Method: GET, Route: kerjasama]
in APPPATH/Controllers/PartnershipController.php on line 15.
 1 APPPATH/Controllers/PartnershipController.php(15): CodeIgniter\Debug\Exceptions->errorHandler(8192, 'Creation of dynamic property App\\Controllers\\PartnershipController::$homeModel is deprecated', '/Users/irchamali/Projects/ci/yayasan/app/Controllers/PartnershipController.php', 15)
 2 SYSTEMPATH/CodeIgniter.php(921): App\Controllers\PartnershipController->__construct()
 3 SYSTEMPATH/CodeIgniter.php(488): CodeIgniter\CodeIgniter->createController()
 4 SYSTEMPATH/CodeIgniter.php(340): CodeIgniter\CodeIgniter->handleRequest(null, Object(Config\Cache), false)
 5 SYSTEMPATH/Boot.php(417): CodeIgniter\CodeIgniter->run()
 6 SYSTEMPATH/Boot.php(68): CodeIgniter\Boot::runCodeIgniter(Object(CodeIgniter\CodeIgniter))
 7 FCPATH/index.php(59): CodeIgniter\Boot::bootWeb(Object(Config\Paths))
 8 SYSTEMPATH/rewrite.php(44): require_once('/Users/irchamali/Projects/ci/yayasan/public/index.php')
CRITICAL - 2026-04-02 12:21:15 --> ErrorException: Creation of dynamic property App\Controllers\TtgVmtsController::$homeModel is deprecated
[Method: GET, Route: visimisi]
in APPPATH/Controllers/TtgVmtsController.php on line 14.
 1 APPPATH/Controllers/TtgVmtsController.php(14): CodeIgniter\Debug\Exceptions->errorHandler(8192, 'Creation of dynamic property App\\Controllers\\TtgVmtsController::$homeModel is deprecated', '/Users/irchamali/Projects/ci/yayasan/app/Controllers/TtgVmtsController.php', 14)
 2 SYSTEMPATH/CodeIgniter.php(921): App\Controllers\TtgVmtsController->__construct()
 3 SYSTEMPATH/CodeIgniter.php(488): CodeIgniter\CodeIgniter->createController()
 4 SYSTEMPATH/CodeIgniter.php(340): CodeIgniter\CodeIgniter->handleRequest(null, Object(Config\Cache), false)
 5 SYSTEMPATH/Boot.php(417): CodeIgniter\CodeIgniter->run()
 6 SYSTEMPATH/Boot.php(68): CodeIgniter\Boot::runCodeIgniter(Object(CodeIgniter\CodeIgniter))
 7 FCPATH/index.php(59): CodeIgniter\Boot::bootWeb(Object(Config\Paths))
 8 SYSTEMPATH/rewrite.php(44): require_once('/Users/irchamali/Projects/ci/yayasan/public/index.php')
CRITICAL - 2026-04-02 12:22:20 --> ErrorException: Creation of dynamic property App\Controllers\PartnershipController::$homeModel is deprecated
[Method: GET, Route: kerjasama]
in APPPATH/Controllers/PartnershipController.php on line 15.
 1 APPPATH/Controllers/PartnershipController.php(15): CodeIgniter\Debug\Exceptions->errorHandler(8192, 'Creation of dynamic property App\\Controllers\\PartnershipController::$homeModel is deprecated', '/Users/irchamali/Projects/ci/yayasan/app/Controllers/PartnershipController.php', 15)
 2 SYSTEMPATH/CodeIgniter.php(921): App\Controllers\PartnershipController->__construct()
 3 SYSTEMPATH/CodeIgniter.php(488): CodeIgniter\CodeIgniter->createController()
 4 SYSTEMPATH/CodeIgniter.php(340): CodeIgniter\CodeIgniter->handleRequest(null, Object(Config\Cache), false)
 5 SYSTEMPATH/Boot.php(417): CodeIgniter\CodeIgniter->run()
 6 SYSTEMPATH/Boot.php(68): CodeIgniter\Boot::runCodeIgniter(Object(CodeIgniter\CodeIgniter))
 7 FCPATH/index.php(59): CodeIgniter\Boot::bootWeb(Object(Config\Paths))
 8 SYSTEMPATH/rewrite.php(44): require_once('/Users/irchamali/Projects/ci/yayasan/public/index.php')
CRITICAL - 2026-04-02 12:24:48 --> ErrorException: Creation of dynamic property App\Controllers\ContactController::$homeModel is deprecated
[Method: GET, Route: kontak]
in APPPATH/Controllers/ContactController.php on line 15.
 1 APPPATH/Controllers/ContactController.php(15): CodeIgniter\Debug\Exceptions->errorHandler(8192, 'Creation of dynamic property App\\Controllers\\ContactController::$homeModel is deprecated', '/Users/irchamali/Projects/ci/yayasan/app/Controllers/ContactController.php', 15)
 2 SYSTEMPATH/CodeIgniter.php(921): App\Controllers\ContactController->__construct()
 3 SYSTEMPATH/CodeIgniter.php(488): CodeIgniter\CodeIgniter->createController()
 4 SYSTEMPATH/CodeIgniter.php(340): CodeIgniter\CodeIgniter->handleRequest(null, Object(Config\Cache), false)
 5 SYSTEMPATH/Boot.php(417): CodeIgniter\CodeIgniter->run()
 6 SYSTEMPATH/Boot.php(68): CodeIgniter\Boot::runCodeIgniter(Object(CodeIgniter\CodeIgniter))
 7 FCPATH/index.php(59): CodeIgniter\Boot::bootWeb(Object(Config\Paths))
 8 SYSTEMPATH/rewrite.php(44): require_once('/Users/irchamali/Projects/ci/yayasan/public/index.php')
CRITICAL - 2026-04-02 12:25:13 --> ErrorException: Creation of dynamic property App\Controllers\ContactController::$inboxModel is deprecated
[Method: GET, Route: kontak]
in APPPATH/Controllers/ContactController.php on line 23.
 1 APPPATH/Controllers/ContactController.php(23): CodeIgniter\Debug\Exceptions->errorHandler(8192, 'Creation of dynamic property App\\Controllers\\ContactController::$inboxModel is deprecated', '/Users/irchamali/Projects/ci/yayasan/app/Controllers/ContactController.php', 23)
 2 SYSTEMPATH/CodeIgniter.php(921): App\Controllers\ContactController->__construct()
 3 SYSTEMPATH/CodeIgniter.php(488): CodeIgniter\CodeIgniter->createController()
 4 SYSTEMPATH/CodeIgniter.php(340): CodeIgniter\CodeIgniter->handleRequest(null, Object(Config\Cache), false)
 5 SYSTEMPATH/Boot.php(417): CodeIgniter\CodeIgniter->run()
 6 SYSTEMPATH/Boot.php(68): CodeIgniter\Boot::runCodeIgniter(Object(CodeIgniter\CodeIgniter))
 7 FCPATH/index.php(59): CodeIgniter\Boot::bootWeb(Object(Config\Paths))
 8 SYSTEMPATH/rewrite.php(44): require_once('/Users/irchamali/Projects/ci/yayasan/public/index.php')
CRITICAL - 2026-04-02 12:36:20 --> ErrorException: Creation of dynamic property App\Controllers\Admin\AdminController::$visitorModel is deprecated
[Method: GET, Route: admin]
in APPPATH/Controllers/Admin/AdminController.php on line 16.
 1 APPPATH/Controllers/Admin/AdminController.php(16): CodeIgniter\Debug\Exceptions->errorHandler(8192, 'Creation of dynamic property App\\Controllers\\Admin\\AdminController::$visitorModel is deprecated', '/Users/irchamali/Projects/ci/yayasan/app/Controllers/Admin/AdminController.php', 16)
 2 SYSTEMPATH/CodeIgniter.php(921): App\Controllers\Admin\AdminController->__construct()
 3 SYSTEMPATH/CodeIgniter.php(488): CodeIgniter\CodeIgniter->createController()
 4 SYSTEMPATH/CodeIgniter.php(340): CodeIgniter\CodeIgniter->handleRequest(null, Object(Config\Cache), false)
 5 SYSTEMPATH/Boot.php(417): CodeIgniter\CodeIgniter->run()
 6 SYSTEMPATH/Boot.php(68): CodeIgniter\Boot::runCodeIgniter(Object(CodeIgniter\CodeIgniter))
 7 FCPATH/index.php(59): CodeIgniter\Boot::bootWeb(Object(Config\Paths))
 8 SYSTEMPATH/rewrite.php(44): require_once('/Users/irchamali/Projects/ci/yayasan/public/index.php')
CRITICAL - 2026-04-02 12:48:35 --> ErrorException: Creation of dynamic property App\Controllers\TtgVmtsController::$homeModel is deprecated
[Method: GET, Route: visimisi]
in APPPATH/Controllers/TtgVmtsController.php on line 14.
 1 APPPATH/Controllers/TtgVmtsController.php(14): CodeIgniter\Debug\Exceptions->errorHandler(8192, 'Creation of dynamic property App\\Controllers\\TtgVmtsController::$homeModel is deprecated', '/Users/irchamali/Projects/ci/yayasan/app/Controllers/TtgVmtsController.php', 14)
 2 SYSTEMPATH/CodeIgniter.php(921): App\Controllers\TtgVmtsController->__construct()
 3 SYSTEMPATH/CodeIgniter.php(488): CodeIgniter\CodeIgniter->createController()
 4 SYSTEMPATH/CodeIgniter.php(340): CodeIgniter\CodeIgniter->handleRequest(null, Object(Config\Cache), false)
 5 SYSTEMPATH/Boot.php(417): CodeIgniter\CodeIgniter->run()
 6 SYSTEMPATH/Boot.php(68): CodeIgniter\Boot::runCodeIgniter(Object(CodeIgniter\CodeIgniter))
 7 FCPATH/index.php(59): CodeIgniter\Boot::bootWeb(Object(Config\Paths))
 8 SYSTEMPATH/rewrite.php(44): require_once('/Users/irchamali/Projects/ci/yayasan/public/index.php')
ERROR - 2026-04-02 12:52:58 --> Error connecting to the database: mysqli_sql_exception: Access denied for user 'root'@'localhost' (using password: NO) in /Users/irchamali/Projects/ci/yayasan/vendor/codeigniter4/framework/system/Database/MySQLi/Connection.php:201
Stack trace:
#0 /Users/irchamali/Projects/ci/yayasan/vendor/codeigniter4/framework/system/Database/MySQLi/Connection.php(201): mysqli->real_connect('localhost', 'root', Object(SensitiveParameterValue), 'ysgj', 3306, '', 0)
#1 /Users/irchamali/Projects/ci/yayasan/vendor/codeigniter4/framework/system/Database/BaseConnection.php(555): CodeIgniter\Database\MySQLi\Connection->connect(false)
#2 /Users/irchamali/Projects/ci/yayasan/vendor/codeigniter4/framework/system/Database/BaseConnection.php(795): CodeIgniter\Database\BaseConnection->initialize()
#3 /Users/irchamali/Projects/ci/yayasan/vendor/codeigniter4/framework/system/Database/BaseBuilder.php(1733): CodeIgniter\Database\BaseConnection->query('SELECT COUNT(*)...', Array, false)
#4 /Users/irchamali/Projects/ci/yayasan/vendor/codeigniter4/framework/system/Model.php(523): CodeIgniter\Database\BaseBuilder->countAllResults(true)
#5 /Users/irchamali/Projects/ci/yayasan/app/Models/VisitorModel.php(18): CodeIgniter\Model->countAllResults()
#6 /Users/irchamali/Projects/ci/yayasan/app/Controllers/BaseController.php(76): App\Models\VisitorModel->count_visitor('::1', 'Chrome 146.0.0....')
#7 /Users/irchamali/Projects/ci/yayasan/vendor/codeigniter4/framework/system/CodeIgniter.php(922): App\Controllers\BaseController->initController(Object(CodeIgniter\HTTP\IncomingRequest), Object(CodeIgniter\HTTP\Response), Object(CodeIgniter\Log\Logger))
#8 /Users/irchamali/Projects/ci/yayasan/vendor/codeigniter4/framework/system/CodeIgniter.php(488): CodeIgniter\CodeIgniter->createController()
#9 /Users/irchamali/Projects/ci/yayasan/vendor/codeigniter4/framework/system/CodeIgniter.php(340): CodeIgniter\CodeIgniter->handleRequest(NULL, Object(Config\Cache), false)
#10 /Users/irchamali/Projects/ci/yayasan/vendor/codeigniter4/framework/system/Boot.php(417): CodeIgniter\CodeIgniter->run()
#11 /Users/irchamali/Projects/ci/yayasan/vendor/codeigniter4/framework/system/Boot.php(68): CodeIgniter\Boot::runCodeIgniter(Object(CodeIgniter\CodeIgniter))
#12 /Users/irchamali/Projects/ci/yayasan/public/index.php(59): CodeIgniter\Boot::bootWeb(Object(Config\Paths))
#13 /Users/irchamali/Projects/ci/yayasan/vendor/codeigniter4/framework/system/rewrite.php(44): require_once('/Users/irchamal...')
#14 {main}

Next CodeIgniter\Database\Exceptions\DatabaseException: Access denied for user '****'@'localhost' (using password: NO) in /Users/irchamali/Projects/ci/yayasan/vendor/codeigniter4/framework/system/Database/MySQLi/Connection.php:231
Stack trace:
#0 /Users/irchamali/Projects/ci/yayasan/vendor/codeigniter4/framework/system/Database/BaseConnection.php(555): CodeIgniter\Database\MySQLi\Connection->connect(false)
#1 /Users/irchamali/Projects/ci/yayasan/vendor/codeigniter4/framework/system/Database/BaseConnection.php(795): CodeIgniter\Database\BaseConnection->initialize()
#2 /Users/irchamali/Projects/ci/yayasan/vendor/codeigniter4/framework/system/Database/BaseBuilder.php(1733): CodeIgniter\Database\BaseConnection->query('SELECT COUNT(*)...', Array, false)
#3 /Users/irchamali/Projects/ci/yayasan/vendor/codeigniter4/framework/system/Model.php(523): CodeIgniter\Database\BaseBuilder->countAllResults(true)
#4 /Users/irchamali/Projects/ci/yayasan/app/Models/VisitorModel.php(18): CodeIgniter\Model->countAllResults()
#5 /Users/irchamali/Projects/ci/yayasan/app/Controllers/BaseController.php(76): App\Models\VisitorModel->count_visitor('::1', 'Chrome 146.0.0....')
#6 /Users/irchamali/Projects/ci/yayasan/vendor/codeigniter4/framework/system/CodeIgniter.php(922): App\Controllers\BaseController->initController(Object(CodeIgniter\HTTP\IncomingRequest), Object(CodeIgniter\HTTP\Response), Object(CodeIgniter\Log\Logger))
#7 /Users/irchamali/Projects/ci/yayasan/vendor/codeigniter4/framework/system/CodeIgniter.php(488): CodeIgniter\CodeIgniter->createController()
#8 /Users/irchamali/Projects/ci/yayasan/vendor/codeigniter4/framework/system/CodeIgniter.php(340): CodeIgniter\CodeIgniter->handleRequest(NULL, Object(Config\Cache), false)
#9 /Users/irchamali/Projects/ci/yayasan/vendor/codeigniter4/framework/system/Boot.php(417): CodeIgniter\CodeIgniter->run()
#10 /Users/irchamali/Projects/ci/yayasan/vendor/codeigniter4/framework/system/Boot.php(68): CodeIgniter\Boot::runCodeIgniter(Object(CodeIgniter\CodeIgniter))
#11 /Users/irchamali/Projects/ci/yayasan/public/index.php(59): CodeIgniter\Boot::bootWeb(Object(Config\Paths))
#12 /Users/irchamali/Projects/ci/yayasan/vendor/codeigniter4/framework/system/rewrite.php(44): require_once('/Users/irchamal...')
#13 {main}
CRITICAL - 2026-04-02 12:52:58 --> CodeIgniter\Database\Exceptions\DatabaseException: Unable to connect to the database.
Main connection [MySQLi]: Access denied for user '****'@'localhost' (using password: NO)
[Method: GET, Route: kontak]
in SYSTEMPATH/Database/BaseConnection.php on line 606.
 1 SYSTEMPATH/Database/BaseConnection.php(795): CodeIgniter\Database\BaseConnection->initialize()
 2 SYSTEMPATH/Database/BaseBuilder.php(1733): CodeIgniter\Database\BaseConnection->query('SELECT COUNT(*) AS `numrows`
FROM `tbl_visitors`
WHERE `visit_ip` = :visit_ip:
AND DATE(visit_date) = :DATE(visit_date):', [...], false)
 3 SYSTEMPATH/Model.php(523): CodeIgniter\Database\BaseBuilder->countAllResults(true)
 4 APPPATH/Models/VisitorModel.php(18): CodeIgniter\Model->countAllResults()
 5 APPPATH/Controllers/BaseController.php(76): App\Models\VisitorModel->count_visitor('::1', 'Chrome 146.0.0.0')
 6 SYSTEMPATH/CodeIgniter.php(922): App\Controllers\BaseController->initController(Object(CodeIgniter\HTTP\IncomingRequest), Object(CodeIgniter\HTTP\Response), Object(CodeIgniter\Log\Logger))
 7 SYSTEMPATH/CodeIgniter.php(488): CodeIgniter\CodeIgniter->createController()
 8 SYSTEMPATH/CodeIgniter.php(340): CodeIgniter\CodeIgniter->handleRequest(null, Object(Config\Cache), false)
 9 SYSTEMPATH/Boot.php(417): CodeIgniter\CodeIgniter->run()
10 SYSTEMPATH/Boot.php(68): CodeIgniter\Boot::runCodeIgniter(Object(CodeIgniter\CodeIgniter))
11 FCPATH/index.php(59): CodeIgniter\Boot::bootWeb(Object(Config\Paths))
12 SYSTEMPATH/rewrite.php(44): require_once('/Users/irchamali/Projects/ci/yayasan/public/index.php')
ERROR - 2026-04-02 12:53:20 --> Error connecting to the database: mysqli_sql_exception: Access denied for user 'root'@'localhost' (using password: NO) in /Users/irchamali/Projects/ci/yayasan/vendor/codeigniter4/framework/system/Database/MySQLi/Connection.php:201
Stack trace:
#0 /Users/irchamali/Projects/ci/yayasan/vendor/codeigniter4/framework/system/Database/MySQLi/Connection.php(201): mysqli->real_connect('localhost', 'root', Object(SensitiveParameterValue), 'ysgj', 3306, '', 0)
#1 /Users/irchamali/Projects/ci/yayasan/vendor/codeigniter4/framework/system/Database/BaseConnection.php(555): CodeIgniter\Database\MySQLi\Connection->connect(false)
#2 /Users/irchamali/Projects/ci/yayasan/vendor/codeigniter4/framework/system/Database/BaseConnection.php(795): CodeIgniter\Database\BaseConnection->initialize()
#3 /Users/irchamali/Projects/ci/yayasan/vendor/codeigniter4/framework/system/Database/BaseBuilder.php(1733): CodeIgniter\Database\BaseConnection->query('SELECT COUNT(*)...', Array, false)
#4 /Users/irchamali/Projects/ci/yayasan/vendor/codeigniter4/framework/system/Model.php(523): CodeIgniter\Database\BaseBuilder->countAllResults(true)
#5 /Users/irchamali/Projects/ci/yayasan/app/Models/VisitorModel.php(18): CodeIgniter\Model->countAllResults()
#6 /Users/irchamali/Projects/ci/yayasan/app/Controllers/BaseController.php(76): App\Models\VisitorModel->count_visitor('::1', 'Chrome 146.0.0....')
#7 /Users/irchamali/Projects/ci/yayasan/vendor/codeigniter4/framework/system/CodeIgniter.php(922): App\Controllers\BaseController->initController(Object(CodeIgniter\HTTP\IncomingRequest), Object(CodeIgniter\HTTP\Response), Object(CodeIgniter\Log\Logger))
#8 /Users/irchamali/Projects/ci/yayasan/vendor/codeigniter4/framework/system/CodeIgniter.php(488): CodeIgniter\CodeIgniter->createController()
#9 /Users/irchamali/Projects/ci/yayasan/vendor/codeigniter4/framework/system/CodeIgniter.php(340): CodeIgniter\CodeIgniter->handleRequest(NULL, Object(Config\Cache), false)
#10 /Users/irchamali/Projects/ci/yayasan/vendor/codeigniter4/framework/system/Boot.php(417): CodeIgniter\CodeIgniter->run()
#11 /Users/irchamali/Projects/ci/yayasan/vendor/codeigniter4/framework/system/Boot.php(68): CodeIgniter\Boot::runCodeIgniter(Object(CodeIgniter\CodeIgniter))
#12 /Users/irchamali/Projects/ci/yayasan/public/index.php(59): CodeIgniter\Boot::bootWeb(Object(Config\Paths))
#13 /Users/irchamali/Projects/ci/yayasan/vendor/codeigniter4/framework/system/rewrite.php(44): require_once('/Users/irchamal...')
#14 {main}

Next CodeIgniter\Database\Exceptions\DatabaseException: Access denied for user '****'@'localhost' (using password: NO) in /Users/irchamali/Projects/ci/yayasan/vendor/codeigniter4/framework/system/Database/MySQLi/Connection.php:231
Stack trace:
#0 /Users/irchamali/Projects/ci/yayasan/vendor/codeigniter4/framework/system/Database/BaseConnection.php(555): CodeIgniter\Database\MySQLi\Connection->connect(false)
#1 /Users/irchamali/Projects/ci/yayasan/vendor/codeigniter4/framework/system/Database/BaseConnection.php(795): CodeIgniter\Database\BaseConnection->initialize()
#2 /Users/irchamali/Projects/ci/yayasan/vendor/codeigniter4/framework/system/Database/BaseBuilder.php(1733): CodeIgniter\Database\BaseConnection->query('SELECT COUNT(*)...', Array, false)
#3 /Users/irchamali/Projects/ci/yayasan/vendor/codeigniter4/framework/system/Model.php(523): CodeIgniter\Database\BaseBuilder->countAllResults(true)
#4 /Users/irchamali/Projects/ci/yayasan/app/Models/VisitorModel.php(18): CodeIgniter\Model->countAllResults()
#5 /Users/irchamali/Projects/ci/yayasan/app/Controllers/BaseController.php(76): App\Models\VisitorModel->count_visitor('::1', 'Chrome 146.0.0....')
#6 /Users/irchamali/Projects/ci/yayasan/vendor/codeigniter4/framework/system/CodeIgniter.php(922): App\Controllers\BaseController->initController(Object(CodeIgniter\HTTP\IncomingRequest), Object(CodeIgniter\HTTP\Response), Object(CodeIgniter\Log\Logger))
#7 /Users/irchamali/Projects/ci/yayasan/vendor/codeigniter4/framework/system/CodeIgniter.php(488): CodeIgniter\CodeIgniter->createController()
#8 /Users/irchamali/Projects/ci/yayasan/vendor/codeigniter4/framework/system/CodeIgniter.php(340): CodeIgniter\CodeIgniter->handleRequest(NULL, Object(Config\Cache), false)
#9 /Users/irchamali/Projects/ci/yayasan/vendor/codeigniter4/framework/system/Boot.php(417): CodeIgniter\CodeIgniter->run()
#10 /Users/irchamali/Projects/ci/yayasan/vendor/codeigniter4/framework/system/Boot.php(68): CodeIgniter\Boot::runCodeIgniter(Object(CodeIgniter\CodeIgniter))
#11 /Users/irchamali/Projects/ci/yayasan/public/index.php(59): CodeIgniter\Boot::bootWeb(Object(Config\Paths))
#12 /Users/irchamali/Projects/ci/yayasan/vendor/codeigniter4/framework/system/rewrite.php(44): require_once('/Users/irchamal...')
#13 {main}
CRITICAL - 2026-04-02 12:53:20 --> CodeIgniter\Database\Exceptions\DatabaseException: Unable to connect to the database.
Main connection [MySQLi]: Access denied for user '****'@'localhost' (using password: NO)
[Method: GET, Route: /]
in SYSTEMPATH/Database/BaseConnection.php on line 606.
 1 SYSTEMPATH/Database/BaseConnection.php(795): CodeIgniter\Database\BaseConnection->initialize()
 2 SYSTEMPATH/Database/BaseBuilder.php(1733): CodeIgniter\Database\BaseConnection->query('SELECT COUNT(*) AS `numrows`
FROM `tbl_visitors`
WHERE `visit_ip` = :visit_ip:
AND DATE(visit_date) = :DATE(visit_date):', [...], false)
 3 SYSTEMPATH/Model.php(523): CodeIgniter\Database\BaseBuilder->countAllResults(true)
 4 APPPATH/Models/VisitorModel.php(18): CodeIgniter\Model->countAllResults()
 5 APPPATH/Controllers/BaseController.php(76): App\Models\VisitorModel->count_visitor('::1', 'Chrome 146.0.0.0')
 6 SYSTEMPATH/CodeIgniter.php(922): App\Controllers\BaseController->initController(Object(CodeIgniter\HTTP\IncomingRequest), Object(CodeIgniter\HTTP\Response), Object(CodeIgniter\Log\Logger))
 7 SYSTEMPATH/CodeIgniter.php(488): CodeIgniter\CodeIgniter->createController()
 8 SYSTEMPATH/CodeIgniter.php(340): CodeIgniter\CodeIgniter->handleRequest(null, Object(Config\Cache), false)
 9 SYSTEMPATH/Boot.php(417): CodeIgniter\CodeIgniter->run()
10 SYSTEMPATH/Boot.php(68): CodeIgniter\Boot::runCodeIgniter(Object(CodeIgniter\CodeIgniter))
11 FCPATH/index.php(59): CodeIgniter\Boot::bootWeb(Object(Config\Paths))
12 SYSTEMPATH/rewrite.php(44): require_once('/Users/irchamali/Projects/ci/yayasan/public/index.php')
ERROR - 2026-04-02 12:57:26 --> Error connecting to the database: mysqli_sql_exception: Unknown database 'ysgj' in /Users/irchamali/Projects/ci/yayasan/vendor/codeigniter4/framework/system/Database/MySQLi/Connection.php:201
Stack trace:
#0 /Users/irchamali/Projects/ci/yayasan/vendor/codeigniter4/framework/system/Database/MySQLi/Connection.php(201): mysqli->real_connect('localhost', 'root', Object(SensitiveParameterValue), 'ysgj', 3306, '', 0)
#1 /Users/irchamali/Projects/ci/yayasan/vendor/codeigniter4/framework/system/Database/BaseConnection.php(555): CodeIgniter\Database\MySQLi\Connection->connect(false)
#2 /Users/irchamali/Projects/ci/yayasan/vendor/codeigniter4/framework/system/Database/BaseConnection.php(795): CodeIgniter\Database\BaseConnection->initialize()
#3 /Users/irchamali/Projects/ci/yayasan/vendor/codeigniter4/framework/system/Database/BaseBuilder.php(1733): CodeIgniter\Database\BaseConnection->query('SELECT COUNT(*)...', Array, false)
#4 /Users/irchamali/Projects/ci/yayasan/vendor/codeigniter4/framework/system/Model.php(523): CodeIgniter\Database\BaseBuilder->countAllResults(true)
#5 /Users/irchamali/Projects/ci/yayasan/app/Models/VisitorModel.php(18): CodeIgniter\Model->countAllResults()
#6 /Users/irchamali/Projects/ci/yayasan/app/Controllers/BaseController.php(76): App\Models\VisitorModel->count_visitor('::1', 'Chrome 146.0.0....')
#7 /Users/irchamali/Projects/ci/yayasan/vendor/codeigniter4/framework/system/CodeIgniter.php(922): App\Controllers\BaseController->initController(Object(CodeIgniter\HTTP\IncomingRequest), Object(CodeIgniter\HTTP\Response), Object(CodeIgniter\Log\Logger))
#8 /Users/irchamali/Projects/ci/yayasan/vendor/codeigniter4/framework/system/CodeIgniter.php(488): CodeIgniter\CodeIgniter->createController()
#9 /Users/irchamali/Projects/ci/yayasan/vendor/codeigniter4/framework/system/CodeIgniter.php(340): CodeIgniter\CodeIgniter->handleRequest(NULL, Object(Config\Cache), false)
#10 /Users/irchamali/Projects/ci/yayasan/vendor/codeigniter4/framework/system/Boot.php(417): CodeIgniter\CodeIgniter->run()
#11 /Users/irchamali/Projects/ci/yayasan/vendor/codeigniter4/framework/system/Boot.php(68): CodeIgniter\Boot::runCodeIgniter(Object(CodeIgniter\CodeIgniter))
#12 /Users/irchamali/Projects/ci/yayasan/public/index.php(59): CodeIgniter\Boot::bootWeb(Object(Config\Paths))
#13 /Users/irchamali/Projects/ci/yayasan/vendor/codeigniter4/framework/system/rewrite.php(44): require_once('/Users/irchamal...')
#14 {main}

Next CodeIgniter\Database\Exceptions\DatabaseException: Unknown database 'ysgj' in /Users/irchamali/Projects/ci/yayasan/vendor/codeigniter4/framework/system/Database/MySQLi/Connection.php:231
Stack trace:
#0 /Users/irchamali/Projects/ci/yayasan/vendor/codeigniter4/framework/system/Database/BaseConnection.php(555): CodeIgniter\Database\MySQLi\Connection->connect(false)
#1 /Users/irchamali/Projects/ci/yayasan/vendor/codeigniter4/framework/system/Database/BaseConnection.php(795): CodeIgniter\Database\BaseConnection->initialize()
#2 /Users/irchamali/Projects/ci/yayasan/vendor/codeigniter4/framework/system/Database/BaseBuilder.php(1733): CodeIgniter\Database\BaseConnection->query('SELECT COUNT(*)...', Array, false)
#3 /Users/irchamali/Projects/ci/yayasan/vendor/codeigniter4/framework/system/Model.php(523): CodeIgniter\Database\BaseBuilder->countAllResults(true)
#4 /Users/irchamali/Projects/ci/yayasan/app/Models/VisitorModel.php(18): CodeIgniter\Model->countAllResults()
#5 /Users/irchamali/Projects/ci/yayasan/app/Controllers/BaseController.php(76): App\Models\VisitorModel->count_visitor('::1', 'Chrome 146.0.0....')
#6 /Users/irchamali/Projects/ci/yayasan/vendor/codeigniter4/framework/system/CodeIgniter.php(922): App\Controllers\BaseController->initController(Object(CodeIgniter\HTTP\IncomingRequest), Object(CodeIgniter\HTTP\Response), Object(CodeIgniter\Log\Logger))
#7 /Users/irchamali/Projects/ci/yayasan/vendor/codeigniter4/framework/system/CodeIgniter.php(488): CodeIgniter\CodeIgniter->createController()
#8 /Users/irchamali/Projects/ci/yayasan/vendor/codeigniter4/framework/system/CodeIgniter.php(340): CodeIgniter\CodeIgniter->handleRequest(NULL, Object(Config\Cache), false)
#9 /Users/irchamali/Projects/ci/yayasan/vendor/codeigniter4/framework/system/Boot.php(417): CodeIgniter\CodeIgniter->run()
#10 /Users/irchamali/Projects/ci/yayasan/vendor/codeigniter4/framework/system/Boot.php(68): CodeIgniter\Boot::runCodeIgniter(Object(CodeIgniter\CodeIgniter))
#11 /Users/irchamali/Projects/ci/yayasan/public/index.php(59): CodeIgniter\Boot::bootWeb(Object(Config\Paths))
#12 /Users/irchamali/Projects/ci/yayasan/vendor/codeigniter4/framework/system/rewrite.php(44): require_once('/Users/irchamal...')
#13 {main}
CRITICAL - 2026-04-02 12:57:26 --> CodeIgniter\Database\Exceptions\DatabaseException: Unable to connect to the database.
Main connection [MySQLi]: Unknown database 'ysgj'
[Method: GET, Route: /]
in SYSTEMPATH/Database/BaseConnection.php on line 606.
 1 SYSTEMPATH/Database/BaseConnection.php(795): CodeIgniter\Database\BaseConnection->initialize()
 2 SYSTEMPATH/Database/BaseBuilder.php(1733): CodeIgniter\Database\BaseConnection->query('SELECT COUNT(*) AS `numrows`
FROM `tbl_visitors`
WHERE `visit_ip` = :visit_ip:
AND DATE(visit_date) = :DATE(visit_date):', [...], false)
 3 SYSTEMPATH/Model.php(523): CodeIgniter\Database\BaseBuilder->countAllResults(true)
 4 APPPATH/Models/VisitorModel.php(18): CodeIgniter\Model->countAllResults()
 5 APPPATH/Controllers/BaseController.php(76): App\Models\VisitorModel->count_visitor('::1', 'Chrome 146.0.0.0')
 6 SYSTEMPATH/CodeIgniter.php(922): App\Controllers\BaseController->initController(Object(CodeIgniter\HTTP\IncomingRequest), Object(CodeIgniter\HTTP\Response), Object(CodeIgniter\Log\Logger))
 7 SYSTEMPATH/CodeIgniter.php(488): CodeIgniter\CodeIgniter->createController()
 8 SYSTEMPATH/CodeIgniter.php(340): CodeIgniter\CodeIgniter->handleRequest(null, Object(Config\Cache), false)
 9 SYSTEMPATH/Boot.php(417): CodeIgniter\CodeIgniter->run()
10 SYSTEMPATH/Boot.php(68): CodeIgniter\Boot::runCodeIgniter(Object(CodeIgniter\CodeIgniter))
11 FCPATH/index.php(59): CodeIgniter\Boot::bootWeb(Object(Config\Paths))
12 SYSTEMPATH/rewrite.php(44): require_once('/Users/irchamali/Projects/ci/yayasan/public/index.php')
ERROR - 2026-04-02 12:57:46 --> Error connecting to the database: mysqli_sql_exception: Unknown database 'ysgj' in /Users/irchamali/Projects/ci/yayasan/vendor/codeigniter4/framework/system/Database/MySQLi/Connection.php:201
Stack trace:
#0 /Users/irchamali/Projects/ci/yayasan/vendor/codeigniter4/framework/system/Database/MySQLi/Connection.php(201): mysqli->real_connect('localhost', 'root', Object(SensitiveParameterValue), 'ysgj', 3306, '', 0)
#1 /Users/irchamali/Projects/ci/yayasan/vendor/codeigniter4/framework/system/Database/BaseConnection.php(555): CodeIgniter\Database\MySQLi\Connection->connect(false)
#2 /Users/irchamali/Projects/ci/yayasan/vendor/codeigniter4/framework/system/Database/BaseConnection.php(795): CodeIgniter\Database\BaseConnection->initialize()
#3 /Users/irchamali/Projects/ci/yayasan/vendor/codeigniter4/framework/system/Database/BaseBuilder.php(1733): CodeIgniter\Database\BaseConnection->query('SELECT COUNT(*)...', Array, false)
#4 /Users/irchamali/Projects/ci/yayasan/vendor/codeigniter4/framework/system/Model.php(523): CodeIgniter\Database\BaseBuilder->countAllResults(true)
#5 /Users/irchamali/Projects/ci/yayasan/app/Models/VisitorModel.php(18): CodeIgniter\Model->countAllResults()
#6 /Users/irchamali/Projects/ci/yayasan/app/Controllers/BaseController.php(76): App\Models\VisitorModel->count_visitor('::1', 'Chrome 146.0.0....')
#7 /Users/irchamali/Projects/ci/yayasan/vendor/codeigniter4/framework/system/CodeIgniter.php(922): App\Controllers\BaseController->initController(Object(CodeIgniter\HTTP\IncomingRequest), Object(CodeIgniter\HTTP\Response), Object(CodeIgniter\Log\Logger))
#8 /Users/irchamali/Projects/ci/yayasan/vendor/codeigniter4/framework/system/CodeIgniter.php(488): CodeIgniter\CodeIgniter->createController()
#9 /Users/irchamali/Projects/ci/yayasan/vendor/codeigniter4/framework/system/CodeIgniter.php(340): CodeIgniter\CodeIgniter->handleRequest(NULL, Object(Config\Cache), false)
#10 /Users/irchamali/Projects/ci/yayasan/vendor/codeigniter4/framework/system/Boot.php(417): CodeIgniter\CodeIgniter->run()
#11 /Users/irchamali/Projects/ci/yayasan/vendor/codeigniter4/framework/system/Boot.php(68): CodeIgniter\Boot::runCodeIgniter(Object(CodeIgniter\CodeIgniter))
#12 /Users/irchamali/Projects/ci/yayasan/public/index.php(59): CodeIgniter\Boot::bootWeb(Object(Config\Paths))
#13 /Users/irchamali/Projects/ci/yayasan/vendor/codeigniter4/framework/system/rewrite.php(44): require_once('/Users/irchamal...')
#14 {main}

Next CodeIgniter\Database\Exceptions\DatabaseException: Unknown database 'ysgj' in /Users/irchamali/Projects/ci/yayasan/vendor/codeigniter4/framework/system/Database/MySQLi/Connection.php:231
Stack trace:
#0 /Users/irchamali/Projects/ci/yayasan/vendor/codeigniter4/framework/system/Database/BaseConnection.php(555): CodeIgniter\Database\MySQLi\Connection->connect(false)
#1 /Users/irchamali/Projects/ci/yayasan/vendor/codeigniter4/framework/system/Database/BaseConnection.php(795): CodeIgniter\Database\BaseConnection->initialize()
#2 /Users/irchamali/Projects/ci/yayasan/vendor/codeigniter4/framework/system/Database/BaseBuilder.php(1733): CodeIgniter\Database\BaseConnection->query('SELECT COUNT(*)...', Array, false)
#3 /Users/irchamali/Projects/ci/yayasan/vendor/codeigniter4/framework/system/Model.php(523): CodeIgniter\Database\BaseBuilder->countAllResults(true)
#4 /Users/irchamali/Projects/ci/yayasan/app/Models/VisitorModel.php(18): CodeIgniter\Model->countAllResults()
#5 /Users/irchamali/Projects/ci/yayasan/app/Controllers/BaseController.php(76): App\Models\VisitorModel->count_visitor('::1', 'Chrome 146.0.0....')
#6 /Users/irchamali/Projects/ci/yayasan/vendor/codeigniter4/framework/system/CodeIgniter.php(922): App\Controllers\BaseController->initController(Object(CodeIgniter\HTTP\IncomingRequest), Object(CodeIgniter\HTTP\Response), Object(CodeIgniter\Log\Logger))
#7 /Users/irchamali/Projects/ci/yayasan/vendor/codeigniter4/framework/system/CodeIgniter.php(488): CodeIgniter\CodeIgniter->createController()
#8 /Users/irchamali/Projects/ci/yayasan/vendor/codeigniter4/framework/system/CodeIgniter.php(340): CodeIgniter\CodeIgniter->handleRequest(NULL, Object(Config\Cache), false)
#9 /Users/irchamali/Projects/ci/yayasan/vendor/codeigniter4/framework/system/Boot.php(417): CodeIgniter\CodeIgniter->run()
#10 /Users/irchamali/Projects/ci/yayasan/vendor/codeigniter4/framework/system/Boot.php(68): CodeIgniter\Boot::runCodeIgniter(Object(CodeIgniter\CodeIgniter))
#11 /Users/irchamali/Projects/ci/yayasan/public/index.php(59): CodeIgniter\Boot::bootWeb(Object(Config\Paths))
#12 /Users/irchamali/Projects/ci/yayasan/vendor/codeigniter4/framework/system/rewrite.php(44): require_once('/Users/irchamal...')
#13 {main}
CRITICAL - 2026-04-02 12:57:46 --> CodeIgniter\Database\Exceptions\DatabaseException: Unable to connect to the database.
Main connection [MySQLi]: Unknown database 'ysgj'
[Method: GET, Route: /]
in SYSTEMPATH/Database/BaseConnection.php on line 606.
 1 SYSTEMPATH/Database/BaseConnection.php(795): CodeIgniter\Database\BaseConnection->initialize()
 2 SYSTEMPATH/Database/BaseBuilder.php(1733): CodeIgniter\Database\BaseConnection->query('SELECT COUNT(*) AS `numrows`
FROM `tbl_visitors`
WHERE `visit_ip` = :visit_ip:
AND DATE(visit_date) = :DATE(visit_date):', [...], false)
 3 SYSTEMPATH/Model.php(523): CodeIgniter\Database\BaseBuilder->countAllResults(true)
 4 APPPATH/Models/VisitorModel.php(18): CodeIgniter\Model->countAllResults()
 5 APPPATH/Controllers/BaseController.php(76): App\Models\VisitorModel->count_visitor('::1', 'Chrome 146.0.0.0')
 6 SYSTEMPATH/CodeIgniter.php(922): App\Controllers\BaseController->initController(Object(CodeIgniter\HTTP\IncomingRequest), Object(CodeIgniter\HTTP\Response), Object(CodeIgniter\Log\Logger))
 7 SYSTEMPATH/CodeIgniter.php(488): CodeIgniter\CodeIgniter->createController()
 8 SYSTEMPATH/CodeIgniter.php(340): CodeIgniter\CodeIgniter->handleRequest(null, Object(Config\Cache), false)
 9 SYSTEMPATH/Boot.php(417): CodeIgniter\CodeIgniter->run()
10 SYSTEMPATH/Boot.php(68): CodeIgniter\Boot::runCodeIgniter(Object(CodeIgniter\CodeIgniter))
11 FCPATH/index.php(59): CodeIgniter\Boot::bootWeb(Object(Config\Paths))
12 SYSTEMPATH/rewrite.php(44): require_once('/Users/irchamali/Projects/ci/yayasan/public/index.php')
CRITICAL - 2026-04-02 12:58:09 --> ErrorException: Creation of dynamic property App\Controllers\TtgVmtsController::$homeModel is deprecated
[Method: GET, Route: visimisi]
in APPPATH/Controllers/TtgVmtsController.php on line 14.
 1 APPPATH/Controllers/TtgVmtsController.php(14): CodeIgniter\Debug\Exceptions->errorHandler(8192, 'Creation of dynamic property App\\Controllers\\TtgVmtsController::$homeModel is deprecated', '/Users/irchamali/Projects/ci/yayasan/app/Controllers/TtgVmtsController.php', 14)
 2 SYSTEMPATH/CodeIgniter.php(921): App\Controllers\TtgVmtsController->__construct()
 3 SYSTEMPATH/CodeIgniter.php(488): CodeIgniter\CodeIgniter->createController()
 4 SYSTEMPATH/CodeIgniter.php(340): CodeIgniter\CodeIgniter->handleRequest(null, Object(Config\Cache), false)
 5 SYSTEMPATH/Boot.php(417): CodeIgniter\CodeIgniter->run()
 6 SYSTEMPATH/Boot.php(68): CodeIgniter\Boot::runCodeIgniter(Object(CodeIgniter\CodeIgniter))
 7 FCPATH/index.php(59): CodeIgniter\Boot::bootWeb(Object(Config\Paths))
 8 SYSTEMPATH/rewrite.php(44): require_once('/Users/irchamali/Projects/ci/yayasan/public/index.php')
CRITICAL - 2026-04-02 12:58:10 --> ErrorException: Creation of dynamic property App\Controllers\TtgVmtsController::$homeModel is deprecated
[Method: GET, Route: visimisi]
in APPPATH/Controllers/TtgVmtsController.php on line 14.
 1 APPPATH/Controllers/TtgVmtsController.php(14): CodeIgniter\Debug\Exceptions->errorHandler(8192, 'Creation of dynamic property App\\Controllers\\TtgVmtsController::$homeModel is deprecated', '/Users/irchamali/Projects/ci/yayasan/app/Controllers/TtgVmtsController.php', 14)
 2 SYSTEMPATH/CodeIgniter.php(921): App\Controllers\TtgVmtsController->__construct()
 3 SYSTEMPATH/CodeIgniter.php(488): CodeIgniter\CodeIgniter->createController()
 4 SYSTEMPATH/CodeIgniter.php(340): CodeIgniter\CodeIgniter->handleRequest(null, Object(Config\Cache), false)
 5 SYSTEMPATH/Boot.php(417): CodeIgniter\CodeIgniter->run()
 6 SYSTEMPATH/Boot.php(68): CodeIgniter\Boot::runCodeIgniter(Object(CodeIgniter\CodeIgniter))
 7 FCPATH/index.php(59): CodeIgniter\Boot::bootWeb(Object(Config\Paths))
 8 SYSTEMPATH/rewrite.php(44): require_once('/Users/irchamali/Projects/ci/yayasan/public/index.php')
