CRITICAL - 2023-07-21 01:27:46 --> Call to undefined function site()
in APPPATH\Views\layout\footer1.php on line 8.
 1 SYSTEMPATH\View\View.php(213): include()
 2 SYSTEMPATH\View\View.php(216): CodeIgniter\View\View->CodeIgniter\View\{closure}()
 3 SYSTEMPATH\View\View.php(431): CodeIgniter\View\View->render('layout/footer1', null, true)
 4 APPPATH\Views\layout\template-home.php(3): CodeIgniter\View\View->include('layout/footer1')
 5 SYSTEMPATH\View\View.php(213): include('APPPATH\\Views\\layout\\template-home.php')
 6 SYSTEMPATH\View\View.php(216): CodeIgniter\View\View->CodeIgniter\View\{closure}()
 7 SYSTEMPATH\View\View.php(229): CodeIgniter\View\View->render('layout/template-home', [], true)
 8 SYSTEMPATH\Common.php(1134): CodeIgniter\View\View->render('home_view1', [], true)
 9 APPPATH\Controllers\HomeController.php(30): view('home_view1', [...])
10 SYSTEMPATH\CodeIgniter.php(927): App\Controllers\HomeController->index()
11 SYSTEMPATH\CodeIgniter.php(482): CodeIgniter\CodeIgniter->runController(Object(App\Controllers\HomeController))
12 SYSTEMPATH\CodeIgniter.php(351): CodeIgniter\CodeIgniter->handleRequest(null, Object(Config\Cache), false)
13 FCPATH\index.php(67): CodeIgniter\CodeIgniter->run()
14 SYSTEMPATH\Commands\Server\rewrite.php(46): require_once('FCPATH\\index.php')
CRITICAL - 2023-07-21 02:17:19 --> Undefined array key "post_author"
in APPPATH\Views\post_view1.php on line 33.
 1 APPPATH\Views\post_view1.php(33): CodeIgniter\Debug\Exceptions->errorHandler(2, 'Undefined array key "post_author"', 'APPPATH\\Views\\post_view1.php', 33)
 2 SYSTEMPATH\View\View.php(213): include('APPPATH\\Views\\post_view1.php')
 3 SYSTEMPATH\View\View.php(216): CodeIgniter\View\View->CodeIgniter\View\{closure}()
 4 SYSTEMPATH\Common.php(1134): CodeIgniter\View\View->render('post_view1', [], true)
 5 APPPATH\Controllers\PostController.php(37): view('post_view1', [...])
 6 SYSTEMPATH\CodeIgniter.php(927): App\Controllers\PostController->index()
 7 SYSTEMPATH\CodeIgniter.php(482): CodeIgniter\CodeIgniter->runController(Object(App\Controllers\PostController))
 8 SYSTEMPATH\CodeIgniter.php(351): CodeIgniter\CodeIgniter->handleRequest(null, Object(Config\Cache), false)
 9 FCPATH\index.php(67): CodeIgniter\CodeIgniter->run()
10 SYSTEMPATH\Commands\Server\rewrite.php(46): require_once('FCPATH\\index.php')
CRITICAL - 2023-07-21 02:17:22 --> Undefined array key "post_author"
in APPPATH\Views\post_view1.php on line 33.
 1 APPPATH\Views\post_view1.php(33): CodeIgniter\Debug\Exceptions->errorHandler(2, 'Undefined array key "post_author"', 'APPPATH\\Views\\post_view1.php', 33)
 2 SYSTEMPATH\View\View.php(213): include('APPPATH\\Views\\post_view1.php')
 3 SYSTEMPATH\View\View.php(216): CodeIgniter\View\View->CodeIgniter\View\{closure}()
 4 SYSTEMPATH\Common.php(1134): CodeIgniter\View\View->render('post_view1', [], true)
 5 APPPATH\Controllers\PostController.php(37): view('post_view1', [...])
 6 SYSTEMPATH\CodeIgniter.php(927): App\Controllers\PostController->index()
 7 SYSTEMPATH\CodeIgniter.php(482): CodeIgniter\CodeIgniter->runController(Object(App\Controllers\PostController))
 8 SYSTEMPATH\CodeIgniter.php(351): CodeIgniter\CodeIgniter->handleRequest(null, Object(Config\Cache), false)
 9 FCPATH\index.php(67): CodeIgniter\CodeIgniter->run()
10 SYSTEMPATH\Commands\Server\rewrite.php(46): require_once('FCPATH\\index.php')
CRITICAL - 2023-07-21 02:18:47 --> Undefined array key "post_author"
in APPPATH\Views\post_view1.php on line 33.
 1 APPPATH\Views\post_view1.php(33): CodeIgniter\Debug\Exceptions->errorHandler(2, 'Undefined array key "post_author"', 'APPPATH\\Views\\post_view1.php', 33)
 2 SYSTEMPATH\View\View.php(213): include('APPPATH\\Views\\post_view1.php')
 3 SYSTEMPATH\View\View.php(216): CodeIgniter\View\View->CodeIgniter\View\{closure}()
 4 SYSTEMPATH\Common.php(1134): CodeIgniter\View\View->render('post_view1', [], true)
 5 APPPATH\Controllers\PostController.php(37): view('post_view1', [...])
 6 SYSTEMPATH\CodeIgniter.php(927): App\Controllers\PostController->index()
 7 SYSTEMPATH\CodeIgniter.php(482): CodeIgniter\CodeIgniter->runController(Object(App\Controllers\PostController))
 8 SYSTEMPATH\CodeIgniter.php(351): CodeIgniter\CodeIgniter->handleRequest(null, Object(Config\Cache), false)
 9 FCPATH\index.php(67): CodeIgniter\CodeIgniter->run()
10 SYSTEMPATH\Commands\Server\rewrite.php(46): require_once('FCPATH\\index.php')
CRITICAL - 2023-07-21 02:18:50 --> Undefined array key "post_author"
in APPPATH\Views\post_view1.php on line 33.
 1 APPPATH\Views\post_view1.php(33): CodeIgniter\Debug\Exceptions->errorHandler(2, 'Undefined array key "post_author"', 'APPPATH\\Views\\post_view1.php', 33)
 2 SYSTEMPATH\View\View.php(213): include('APPPATH\\Views\\post_view1.php')
 3 SYSTEMPATH\View\View.php(216): CodeIgniter\View\View->CodeIgniter\View\{closure}()
 4 SYSTEMPATH\Common.php(1134): CodeIgniter\View\View->render('post_view1', [], true)
 5 APPPATH\Controllers\PostController.php(37): view('post_view1', [...])
 6 SYSTEMPATH\CodeIgniter.php(927): App\Controllers\PostController->index()
 7 SYSTEMPATH\CodeIgniter.php(482): CodeIgniter\CodeIgniter->runController(Object(App\Controllers\PostController))
 8 SYSTEMPATH\CodeIgniter.php(351): CodeIgniter\CodeIgniter->handleRequest(null, Object(Config\Cache), false)
 9 FCPATH\index.php(67): CodeIgniter\CodeIgniter->run()
10 SYSTEMPATH\Commands\Server\rewrite.php(46): require_once('FCPATH\\index.php')
CRITICAL - 2023-07-21 02:18:50 --> Undefined array key "post_author"
in APPPATH\Views\post_view1.php on line 33.
 1 APPPATH\Views\post_view1.php(33): CodeIgniter\Debug\Exceptions->errorHandler(2, 'Undefined array key "post_author"', 'APPPATH\\Views\\post_view1.php', 33)
 2 SYSTEMPATH\View\View.php(213): include('APPPATH\\Views\\post_view1.php')
 3 SYSTEMPATH\View\View.php(216): CodeIgniter\View\View->CodeIgniter\View\{closure}()
 4 SYSTEMPATH\Common.php(1134): CodeIgniter\View\View->render('post_view1', [], true)
 5 APPPATH\Controllers\PostController.php(37): view('post_view1', [...])
 6 SYSTEMPATH\CodeIgniter.php(927): App\Controllers\PostController->index()
 7 SYSTEMPATH\CodeIgniter.php(482): CodeIgniter\CodeIgniter->runController(Object(App\Controllers\PostController))
 8 SYSTEMPATH\CodeIgniter.php(351): CodeIgniter\CodeIgniter->handleRequest(null, Object(Config\Cache), false)
 9 FCPATH\index.php(67): CodeIgniter\CodeIgniter->run()
10 SYSTEMPATH\Commands\Server\rewrite.php(46): require_once('FCPATH\\index.php')
CRITICAL - 2023-07-21 02:18:53 --> Undefined array key "post_author"
in APPPATH\Views\post_view1.php on line 33.
 1 APPPATH\Views\post_view1.php(33): CodeIgniter\Debug\Exceptions->errorHandler(2, 'Undefined array key "post_author"', 'APPPATH\\Views\\post_view1.php', 33)
 2 SYSTEMPATH\View\View.php(213): include('APPPATH\\Views\\post_view1.php')
 3 SYSTEMPATH\View\View.php(216): CodeIgniter\View\View->CodeIgniter\View\{closure}()
 4 SYSTEMPATH\Common.php(1134): CodeIgniter\View\View->render('post_view1', [], true)
 5 APPPATH\Controllers\PostController.php(37): view('post_view1', [...])
 6 SYSTEMPATH\CodeIgniter.php(927): App\Controllers\PostController->index()
 7 SYSTEMPATH\CodeIgniter.php(482): CodeIgniter\CodeIgniter->runController(Object(App\Controllers\PostController))
 8 SYSTEMPATH\CodeIgniter.php(351): CodeIgniter\CodeIgniter->handleRequest(null, Object(Config\Cache), false)
 9 FCPATH\index.php(67): CodeIgniter\CodeIgniter->run()
10 SYSTEMPATH\Commands\Server\rewrite.php(46): require_once('FCPATH\\index.php')
CRITICAL - 2023-07-21 04:33:08 --> Invalid file: gallery_view.php
in SYSTEMPATH\Exceptions\FrameworkException.php on line 33.
 1 SYSTEMPATH\View\View.php(201): CodeIgniter\Exceptions\FrameworkException::forInvalidFile('gallery_view.php')
 2 SYSTEMPATH\Common.php(1134): CodeIgniter\View\View->render('gallery_view', [], true)
 3 APPPATH\Controllers\GalleryController.php(30): view('gallery_view', [...])
 4 SYSTEMPATH\CodeIgniter.php(927): App\Controllers\GalleryController->index()
 5 SYSTEMPATH\CodeIgniter.php(482): CodeIgniter\CodeIgniter->runController(Object(App\Controllers\GalleryController))
 6 SYSTEMPATH\CodeIgniter.php(351): CodeIgniter\CodeIgniter->handleRequest(null, Object(Config\Cache), false)
 7 FCPATH\index.php(67): CodeIgniter\CodeIgniter->run()
 8 SYSTEMPATH\Commands\Server\rewrite.php(46): require_once('FCPATH\\index.php')
ERROR - 2023-07-21 11:22:54 --> Error connecting to the database: mysqli_sql_exception: No connection could be made because the target machine actively refused it in D:\Codeigniter\lppmi-unusia\vendor\codeigniter4\framework\system\Database\MySQLi\Connection.php:171
Stack trace:
#0 D:\Codeigniter\lppmi-unusia\vendor\codeigniter4\framework\system\Database\MySQLi\Connection.php(171): mysqli->real_connect('localhost', 'root', '', 'unusia_lppmi', 3306, '', 0)
#1 D:\Codeigniter\lppmi-unusia\vendor\codeigniter4\framework\system\Database\BaseConnection.php(382): CodeIgniter\Database\MySQLi\Connection->connect(false)
#2 D:\Codeigniter\lppmi-unusia\vendor\codeigniter4\framework\system\Database\BaseConnection.php(561): CodeIgniter\Database\BaseConnection->initialize()
#3 D:\Codeigniter\lppmi-unusia\app\Models\VisitorModel.php(15): CodeIgniter\Database\BaseConnection->query('SELECT * FROM t...')
#4 D:\Codeigniter\lppmi-unusia\app\Controllers\BaseController.php(67): App\Models\VisitorModel->count_visitor('::1', 'Chrome 115.0.0....')
#5 D:\Codeigniter\lppmi-unusia\vendor\codeigniter4\framework\system\CodeIgniter.php(890): App\Controllers\BaseController->initController(Object(CodeIgniter\HTTP\IncomingRequest), Object(CodeIgniter\HTTP\Response), Object(CodeIgniter\Log\Logger))
#6 D:\Codeigniter\lppmi-unusia\vendor\codeigniter4\framework\system\CodeIgniter.php(473): CodeIgniter\CodeIgniter->createController()
#7 D:\Codeigniter\lppmi-unusia\vendor\codeigniter4\framework\system\CodeIgniter.php(351): CodeIgniter\CodeIgniter->handleRequest(NULL, Object(Config\Cache), false)
#8 D:\Codeigniter\lppmi-unusia\public\index.php(67): CodeIgniter\CodeIgniter->run()
#9 D:\Codeigniter\lppmi-unusia\vendor\codeigniter4\framework\system\Commands\Server\rewrite.php(46): require_once('D:\\Codeigniter\\...')
#10 {main}

Next CodeIgniter\Database\Exceptions\DatabaseException: No connection could be made because the target machine actively refused it in D:\Codeigniter\lppmi-unusia\vendor\codeigniter4\framework\system\Database\MySQLi\Connection.php:215
Stack trace:
#0 D:\Codeigniter\lppmi-unusia\vendor\codeigniter4\framework\system\Database\BaseConnection.php(382): CodeIgniter\Database\MySQLi\Connection->connect(false)
#1 D:\Codeigniter\lppmi-unusia\vendor\codeigniter4\framework\system\Database\BaseConnection.php(561): CodeIgniter\Database\BaseConnection->initialize()
#2 D:\Codeigniter\lppmi-unusia\app\Models\VisitorModel.php(15): CodeIgniter\Database\BaseConnection->query('SELECT * FROM t...')
#3 D:\Codeigniter\lppmi-unusia\app\Controllers\BaseController.php(67): App\Models\VisitorModel->count_visitor('::1', 'Chrome 115.0.0....')
#4 D:\Codeigniter\lppmi-unusia\vendor\codeigniter4\framework\system\CodeIgniter.php(890): App\Controllers\BaseController->initController(Object(CodeIgniter\HTTP\IncomingRequest), Object(CodeIgniter\HTTP\Response), Object(CodeIgniter\Log\Logger))
#5 D:\Codeigniter\lppmi-unusia\vendor\codeigniter4\framework\system\CodeIgniter.php(473): CodeIgniter\CodeIgniter->createController()
#6 D:\Codeigniter\lppmi-unusia\vendor\codeigniter4\framework\system\CodeIgniter.php(351): CodeIgniter\CodeIgniter->handleRequest(NULL, Object(Config\Cache), false)
#7 D:\Codeigniter\lppmi-unusia\public\index.php(67): CodeIgniter\CodeIgniter->run()
#8 D:\Codeigniter\lppmi-unusia\vendor\codeigniter4\framework\system\Commands\Server\rewrite.php(46): require_once('D:\\Codeigniter\\...')
#9 {main}
CRITICAL - 2023-07-21 11:22:54 --> Unable to connect to the database.
Main connection [MySQLi]: No connection could be made because the target machine actively refused it
in SYSTEMPATH\Database\BaseConnection.php on line 418.
 1 SYSTEMPATH\Database\BaseConnection.php(561): CodeIgniter\Database\BaseConnection->initialize()
 2 APPPATH\Models\VisitorModel.php(15): CodeIgniter\Database\BaseConnection->query('SELECT * FROM tbl_visitors WHERE visit_ip=\'::1\' AND DATE(visit_date)=CURDATE()')
 3 APPPATH\Controllers\BaseController.php(67): App\Models\VisitorModel->count_visitor('::1', 'Chrome 115.0.0.0')
 4 SYSTEMPATH\CodeIgniter.php(890): App\Controllers\BaseController->initController(Object(CodeIgniter\HTTP\IncomingRequest), Object(CodeIgniter\HTTP\Response), Object(CodeIgniter\Log\Logger))
 5 SYSTEMPATH\CodeIgniter.php(473): CodeIgniter\CodeIgniter->createController()
 6 SYSTEMPATH\CodeIgniter.php(351): CodeIgniter\CodeIgniter->handleRequest(null, Object(Config\Cache), false)
 7 FCPATH\index.php(67): CodeIgniter\CodeIgniter->run()
 8 SYSTEMPATH\Commands\Server\rewrite.php(46): require_once('FCPATH\\index.php')
CRITICAL - 2023-07-21 11:33:24 --> Invalid file: layout/breadcrumbs1.php
in SYSTEMPATH\Exceptions\FrameworkException.php on line 33.
 1 SYSTEMPATH\View\View.php(201): CodeIgniter\Exceptions\FrameworkException::forInvalidFile('layout/breadcrumbs1.php')
 2 SYSTEMPATH\View\View.php(431): CodeIgniter\View\View->render('layout/breadcrumbs1', null, true)
 3 APPPATH\Views\post_view.php(7): CodeIgniter\View\View->include('layout/breadcrumbs1')
 4 SYSTEMPATH\View\View.php(213): include('APPPATH\\Views\\post_view.php')
 5 SYSTEMPATH\View\View.php(216): CodeIgniter\View\View->CodeIgniter\View\{closure}()
 6 SYSTEMPATH\Common.php(1134): CodeIgniter\View\View->render('post_view', [], true)
 7 APPPATH\Controllers\PostController.php(37): view('post_view', [...])
 8 SYSTEMPATH\CodeIgniter.php(927): App\Controllers\PostController->index()
 9 SYSTEMPATH\CodeIgniter.php(482): CodeIgniter\CodeIgniter->runController(Object(App\Controllers\PostController))
10 SYSTEMPATH\CodeIgniter.php(351): CodeIgniter\CodeIgniter->handleRequest(null, Object(Config\Cache), false)
11 FCPATH\index.php(67): CodeIgniter\CodeIgniter->run()
12 SYSTEMPATH\Commands\Server\rewrite.php(46): require_once('FCPATH\\index.php')
CRITICAL - 2023-07-21 11:34:31 --> Invalid file: layout/breadcrumbs1.php
in SYSTEMPATH\Exceptions\FrameworkException.php on line 33.
 1 SYSTEMPATH\View\View.php(201): CodeIgniter\Exceptions\FrameworkException::forInvalidFile('layout/breadcrumbs1.php')
 2 SYSTEMPATH\View\View.php(431): CodeIgniter\View\View->render('layout/breadcrumbs1', null, true)
 3 APPPATH\Views\post_detail.php(7): CodeIgniter\View\View->include('layout/breadcrumbs1')
 4 SYSTEMPATH\View\View.php(213): include('APPPATH\\Views\\post_detail.php')
 5 SYSTEMPATH\View\View.php(216): CodeIgniter\View\View->CodeIgniter\View\{closure}()
 6 SYSTEMPATH\Common.php(1134): CodeIgniter\View\View->render('post_detail', [], true)
 7 APPPATH\Controllers\PostController.php(63): view('post_detail', [...])
 8 SYSTEMPATH\CodeIgniter.php(927): App\Controllers\PostController->index('evaluasi-media-penerbitan--ciptakan-karya-gerakan-intelektual-pmii')
 9 SYSTEMPATH\CodeIgniter.php(482): CodeIgniter\CodeIgniter->runController(Object(App\Controllers\PostController))
10 SYSTEMPATH\CodeIgniter.php(351): CodeIgniter\CodeIgniter->handleRequest(null, Object(Config\Cache), false)
11 FCPATH\index.php(67): CodeIgniter\CodeIgniter->run()
12 SYSTEMPATH\Commands\Server\rewrite.php(46): require_once('FCPATH\\index.php')
CRITICAL - 2023-07-21 11:34:48 --> Invalid file: layout/sidebar1.php
in SYSTEMPATH\Exceptions\FrameworkException.php on line 33.
 1 SYSTEMPATH\View\View.php(201): CodeIgniter\Exceptions\FrameworkException::forInvalidFile('layout/sidebar1.php')
 2 SYSTEMPATH\View\View.php(431): CodeIgniter\View\View->render('layout/sidebar1', null, true)
 3 APPPATH\Views\post_detail.php(142): CodeIgniter\View\View->include('layout/sidebar1')
 4 SYSTEMPATH\View\View.php(213): include('APPPATH\\Views\\post_detail.php')
 5 SYSTEMPATH\View\View.php(216): CodeIgniter\View\View->CodeIgniter\View\{closure}()
 6 SYSTEMPATH\Common.php(1134): CodeIgniter\View\View->render('post_detail', [], true)
 7 APPPATH\Controllers\PostController.php(63): view('post_detail', [...])
 8 SYSTEMPATH\CodeIgniter.php(927): App\Controllers\PostController->index('evaluasi-media-penerbitan--ciptakan-karya-gerakan-intelektual-pmii')
 9 SYSTEMPATH\CodeIgniter.php(482): CodeIgniter\CodeIgniter->runController(Object(App\Controllers\PostController))
10 SYSTEMPATH\CodeIgniter.php(351): CodeIgniter\CodeIgniter->handleRequest(null, Object(Config\Cache), false)
11 FCPATH\index.php(67): CodeIgniter\CodeIgniter->run()
12 SYSTEMPATH\Commands\Server\rewrite.php(46): require_once('FCPATH\\index.php')
CRITICAL - 2023-07-21 11:34:49 --> Invalid file: layout/sidebar1.php
in SYSTEMPATH\Exceptions\FrameworkException.php on line 33.
 1 SYSTEMPATH\View\View.php(201): CodeIgniter\Exceptions\FrameworkException::forInvalidFile('layout/sidebar1.php')
 2 SYSTEMPATH\View\View.php(431): CodeIgniter\View\View->render('layout/sidebar1', null, true)
 3 APPPATH\Views\post_detail.php(142): CodeIgniter\View\View->include('layout/sidebar1')
 4 SYSTEMPATH\View\View.php(213): include('APPPATH\\Views\\post_detail.php')
 5 SYSTEMPATH\View\View.php(216): CodeIgniter\View\View->CodeIgniter\View\{closure}()
 6 SYSTEMPATH\Common.php(1134): CodeIgniter\View\View->render('post_detail', [], true)
 7 APPPATH\Controllers\PostController.php(63): view('post_detail', [...])
 8 SYSTEMPATH\CodeIgniter.php(927): App\Controllers\PostController->index('evaluasi-media-penerbitan--ciptakan-karya-gerakan-intelektual-pmii')
 9 SYSTEMPATH\CodeIgniter.php(482): CodeIgniter\CodeIgniter->runController(Object(App\Controllers\PostController))
10 SYSTEMPATH\CodeIgniter.php(351): CodeIgniter\CodeIgniter->handleRequest(null, Object(Config\Cache), false)
11 FCPATH\index.php(67): CodeIgniter\CodeIgniter->run()
12 SYSTEMPATH\Commands\Server\rewrite.php(46): require_once('FCPATH\\index.php')
CRITICAL - 2023-07-21 11:34:53 --> Invalid file: layout/sidebar1.php
in SYSTEMPATH\Exceptions\FrameworkException.php on line 33.
 1 SYSTEMPATH\View\View.php(201): CodeIgniter\Exceptions\FrameworkException::forInvalidFile('layout/sidebar1.php')
 2 SYSTEMPATH\View\View.php(431): CodeIgniter\View\View->render('layout/sidebar1', null, true)
 3 APPPATH\Views\post_detail.php(142): CodeIgniter\View\View->include('layout/sidebar1')
 4 SYSTEMPATH\View\View.php(213): include('APPPATH\\Views\\post_detail.php')
 5 SYSTEMPATH\View\View.php(216): CodeIgniter\View\View->CodeIgniter\View\{closure}()
 6 SYSTEMPATH\Common.php(1134): CodeIgniter\View\View->render('post_detail', [], true)
 7 APPPATH\Controllers\PostController.php(63): view('post_detail', [...])
 8 SYSTEMPATH\CodeIgniter.php(927): App\Controllers\PostController->index('evaluasi-media-penerbitan--ciptakan-karya-gerakan-intelektual-pmii')
 9 SYSTEMPATH\CodeIgniter.php(482): CodeIgniter\CodeIgniter->runController(Object(App\Controllers\PostController))
10 SYSTEMPATH\CodeIgniter.php(351): CodeIgniter\CodeIgniter->handleRequest(null, Object(Config\Cache), false)
11 FCPATH\index.php(67): CodeIgniter\CodeIgniter->run()
12 SYSTEMPATH\Commands\Server\rewrite.php(46): require_once('FCPATH\\index.php')
CRITICAL - 2023-07-21 11:39:12 --> Invalid file: layout/breadcrumbs1.php
in SYSTEMPATH\Exceptions\FrameworkException.php on line 33.
 1 SYSTEMPATH\View\View.php(201): CodeIgniter\Exceptions\FrameworkException::forInvalidFile('layout/breadcrumbs1.php')
 2 SYSTEMPATH\View\View.php(431): CodeIgniter\View\View->render('layout/breadcrumbs1', null, true)
 3 APPPATH\Views\team_view.php(7): CodeIgniter\View\View->include('layout/breadcrumbs1')
 4 SYSTEMPATH\View\View.php(213): include('APPPATH\\Views\\team_view.php')
 5 SYSTEMPATH\View\View.php(216): CodeIgniter\View\View->CodeIgniter\View\{closure}()
 6 SYSTEMPATH\Common.php(1134): CodeIgniter\View\View->render('team_view', [], true)
 7 APPPATH\Controllers\TeamController.php(32): view('team_view', [...])
 8 SYSTEMPATH\CodeIgniter.php(927): App\Controllers\TeamController->index()
 9 SYSTEMPATH\CodeIgniter.php(482): CodeIgniter\CodeIgniter->runController(Object(App\Controllers\TeamController))
10 SYSTEMPATH\CodeIgniter.php(351): CodeIgniter\CodeIgniter->handleRequest(null, Object(Config\Cache), false)
11 FCPATH\index.php(67): CodeIgniter\CodeIgniter->run()
12 SYSTEMPATH\Commands\Server\rewrite.php(46): require_once('FCPATH\\index.php')
CRITICAL - 2023-07-21 11:39:29 --> Invalid file: layout/breadcrumbs1.php
in SYSTEMPATH\Exceptions\FrameworkException.php on line 33.
 1 SYSTEMPATH\View\View.php(201): CodeIgniter\Exceptions\FrameworkException::forInvalidFile('layout/breadcrumbs1.php')
 2 SYSTEMPATH\View\View.php(431): CodeIgniter\View\View->render('layout/breadcrumbs1', null, true)
 3 APPPATH\Views\gallery_view.php(7): CodeIgniter\View\View->include('layout/breadcrumbs1')
 4 SYSTEMPATH\View\View.php(213): include('APPPATH\\Views\\gallery_view.php')
 5 SYSTEMPATH\View\View.php(216): CodeIgniter\View\View->CodeIgniter\View\{closure}()
 6 SYSTEMPATH\Common.php(1134): CodeIgniter\View\View->render('gallery_view', [], true)
 7 APPPATH\Controllers\GalleryController.php(30): view('gallery_view', [...])
 8 SYSTEMPATH\CodeIgniter.php(927): App\Controllers\GalleryController->index()
 9 SYSTEMPATH\CodeIgniter.php(482): CodeIgniter\CodeIgniter->runController(Object(App\Controllers\GalleryController))
10 SYSTEMPATH\CodeIgniter.php(351): CodeIgniter\CodeIgniter->handleRequest(null, Object(Config\Cache), false)
11 FCPATH\index.php(67): CodeIgniter\CodeIgniter->run()
12 SYSTEMPATH\Commands\Server\rewrite.php(46): require_once('FCPATH\\index.php')
CRITICAL - 2023-07-21 11:41:59 --> Invalid file: layout/breadcrumbs1.php
in SYSTEMPATH\Exceptions\FrameworkException.php on line 33.
 1 SYSTEMPATH\View\View.php(201): CodeIgniter\Exceptions\FrameworkException::forInvalidFile('layout/breadcrumbs1.php')
 2 SYSTEMPATH\View\View.php(431): CodeIgniter\View\View->render('layout/breadcrumbs1', null, true)
 3 APPPATH\Views\contact_view.php(7): CodeIgniter\View\View->include('layout/breadcrumbs1')
 4 SYSTEMPATH\View\View.php(213): include('APPPATH\\Views\\contact_view.php')
 5 SYSTEMPATH\View\View.php(216): CodeIgniter\View\View->CodeIgniter\View\{closure}()
 6 SYSTEMPATH\Common.php(1134): CodeIgniter\View\View->render('contact_view', [], true)
 7 APPPATH\Controllers\ContactController.php(29): view('contact_view', [...])
 8 SYSTEMPATH\CodeIgniter.php(927): App\Controllers\ContactController->index()
 9 SYSTEMPATH\CodeIgniter.php(482): CodeIgniter\CodeIgniter->runController(Object(App\Controllers\ContactController))
10 SYSTEMPATH\CodeIgniter.php(351): CodeIgniter\CodeIgniter->handleRequest(null, Object(Config\Cache), false)
11 FCPATH\index.php(67): CodeIgniter\CodeIgniter->run()
12 SYSTEMPATH\Commands\Server\rewrite.php(46): require_once('FCPATH\\index.php')
